[Thu, 11 Feb 16 06:38:08 +0000][INFO] SELECT IF(COUNT(*) > 0, 1, 0) FROM `INFORMATION_SCHEMA`.`TABLES` WHERE `TABLE_NAME` = 'hq_member_vip' AND `TABLE_SCHEMA` = DATABASE()
[Thu, 11 Feb 16 06:38:08 +0000][INFO] DESCRIBE `hq_member_vip`
[Thu, 11 Feb 16 06:38:08 +0000][INFO] SELECT `hq_member_vip`.`mv_id`, `hq_member_vip`.`mv_name`, `hq_member_vip`.`mv_secret`, `hq_member_vip`.`mv_nickname`, `hq_member_vip`.`mv_last_login`, `hq_member_vip`.`mv_permission` FROM `hq_member_vip` WHERE `hq_member_vip`.`mv_name` = :username LIMIT :APL0
[Thu, 11 Feb 16 06:39:08 +0000][INFO] SELECT IF(COUNT(*) > 0, 1, 0) FROM `INFORMATION_SCHEMA`.`TABLES` WHERE `TABLE_NAME` = 'hq_content_group' AND `TABLE_SCHEMA` = DATABASE()
[Thu, 11 Feb 16 06:39:08 +0000][INFO] DESCRIBE `hq_content_group`
[Thu, 11 Feb 16 06:39:08 +0000][INFO] SELECT `hq_content_group`.`hcg_id`, `hq_content_group`.`hcg_key`, `hq_content_group`.`hcg_main`, `hq_content_group`.`hcg_created_date`, `hq_content_group`.`hcg_position` FROM `hq_content_group` WHERE DATE(`hq_content_group`.`hcg_created_date`) >= :from_date
[Thu, 11 Feb 16 09:30:06 +0000][INFO] SELECT IF(COUNT(*) > 0, 1, 0) FROM `INFORMATION_SCHEMA`.`TABLES` WHERE `TABLE_NAME` = 'hq_content_group' AND `TABLE_SCHEMA` = DATABASE()
[Thu, 11 Feb 16 09:30:06 +0000][INFO] DESCRIBE `hq_content_group`
[Thu, 11 Feb 16 09:30:06 +0000][INFO] INSERT INTO `hq_content_group` (`hcg_key`, `hcg_main`, `hcg_created_date`, `hcg_position`) VALUES (?, ?, ?, ?)
[Thu, 11 Feb 16 09:30:28 +0000][INFO] SELECT IF(COUNT(*) > 0, 1, 0) FROM `INFORMATION_SCHEMA`.`TABLES` WHERE `TABLE_NAME` = 'hq_content_group' AND `TABLE_SCHEMA` = DATABASE()
[Thu, 11 Feb 16 09:30:28 +0000][INFO] DESCRIBE `hq_content_group`
[Thu, 11 Feb 16 09:30:28 +0000][INFO] INSERT INTO `hq_content_group` (`hcg_key`, `hcg_main`, `hcg_created_date`, `hcg_position`) VALUES (?, ?, ?, ?)
[Thu, 11 Feb 16 09:30:43 +0000][INFO] SELECT IF(COUNT(*) > 0, 1, 0) FROM `INFORMATION_SCHEMA`.`TABLES` WHERE `TABLE_NAME` = 'hq_content_group' AND `TABLE_SCHEMA` = DATABASE()
[Thu, 11 Feb 16 09:30:43 +0000][INFO] DESCRIBE `hq_content_group`
[Thu, 11 Feb 16 09:30:43 +0000][INFO] INSERT INTO `hq_content_group` (`hcg_key`, `hcg_main`, `hcg_created_date`, `hcg_position`) VALUES (?, ?, ?, ?)
[Thu, 11 Feb 16 09:30:59 +0000][INFO] SELECT IF(COUNT(*) > 0, 1, 0) FROM `INFORMATION_SCHEMA`.`TABLES` WHERE `TABLE_NAME` = 'hq_content_group' AND `TABLE_SCHEMA` = DATABASE()
[Thu, 11 Feb 16 09:30:59 +0000][INFO] DESCRIBE `hq_content_group`
[Thu, 11 Feb 16 09:30:59 +0000][INFO] SELECT `hq_content_group`.`hcg_id`, `hq_content_group`.`hcg_key`, `hq_content_group`.`hcg_main`, `hq_content_group`.`hcg_created_date`, `hq_content_group`.`hcg_position` FROM `hq_content_group` ORDER BY `hq_content_group`.`hcg_id` DESC
[Thu, 11 Feb 16 09:31:11 +0000][INFO] SELECT IF(COUNT(*) > 0, 1, 0) FROM `INFORMATION_SCHEMA`.`TABLES` WHERE `TABLE_NAME` = 'hq_content_group' AND `TABLE_SCHEMA` = DATABASE()
[Thu, 11 Feb 16 09:31:11 +0000][INFO] DESCRIBE `hq_content_group`
[Thu, 11 Feb 16 09:31:11 +0000][INFO] SELECT `hq_content_group`.`hcg_id`, `hq_content_group`.`hcg_key`, `hq_content_group`.`hcg_main`, `hq_content_group`.`hcg_created_date`, `hq_content_group`.`hcg_position` FROM `hq_content_group` ORDER BY `hq_content_group`.`hcg_id` DESC
[Thu, 11 Feb 16 09:31:39 +0000][INFO] SELECT IF(COUNT(*) > 0, 1, 0) FROM `INFORMATION_SCHEMA`.`TABLES` WHERE `TABLE_NAME` = 'hq_content_group' AND `TABLE_SCHEMA` = DATABASE()
[Thu, 11 Feb 16 09:31:39 +0000][INFO] DESCRIBE `hq_content_group`
[Thu, 11 Feb 16 09:31:39 +0000][INFO] SELECT `hq_content_group`.`hcg_id`, `hq_content_group`.`hcg_key`, `hq_content_group`.`hcg_main`, `hq_content_group`.`hcg_created_date`, `hq_content_group`.`hcg_position` FROM `hq_content_group` WHERE `hq_content_group`.`hcg_id` = :id LIMIT :APL0
[Thu, 11 Feb 16 09:31:39 +0000][INFO] SELECT IF(COUNT(*) > 0, 1, 0) FROM `INFORMATION_SCHEMA`.`TABLES` WHERE `TABLE_NAME` = 'hq_content' AND `TABLE_SCHEMA` = DATABASE()
[Thu, 11 Feb 16 09:31:39 +0000][INFO] DESCRIBE `hq_content`
[Thu, 11 Feb 16 09:31:39 +0000][INFO] INSERT INTO `hq_content` (`hc_hcg_id`, `hc_hcg_key`, `hc_description`, `hc_title`, `hc_created_date`) VALUES (?, ?, ?, ?, ?)
[Thu, 11 Feb 16 09:31:56 +0000][INFO] SELECT IF(COUNT(*) > 0, 1, 0) FROM `INFORMATION_SCHEMA`.`TABLES` WHERE `TABLE_NAME` = 'hq_content_group' AND `TABLE_SCHEMA` = DATABASE()
[Thu, 11 Feb 16 09:31:56 +0000][INFO] DESCRIBE `hq_content_group`
[Thu, 11 Feb 16 09:31:56 +0000][INFO] SELECT `hq_content_group`.`hcg_id`, `hq_content_group`.`hcg_key`, `hq_content_group`.`hcg_main`, `hq_content_group`.`hcg_created_date`, `hq_content_group`.`hcg_position` FROM `hq_content_group` WHERE `hq_content_group`.`hcg_id` = :id LIMIT :APL0
[Thu, 11 Feb 16 09:31:56 +0000][INFO] SELECT IF(COUNT(*) > 0, 1, 0) FROM `INFORMATION_SCHEMA`.`TABLES` WHERE `TABLE_NAME` = 'hq_content' AND `TABLE_SCHEMA` = DATABASE()
[Thu, 11 Feb 16 09:31:56 +0000][INFO] DESCRIBE `hq_content`
[Thu, 11 Feb 16 09:31:56 +0000][INFO] INSERT INTO `hq_content` (`hc_hcg_id`, `hc_hcg_key`, `hc_description`, `hc_title`, `hc_created_date`) VALUES (?, ?, ?, ?, ?)
[Thu, 11 Feb 16 09:32:09 +0000][INFO] SELECT IF(COUNT(*) > 0, 1, 0) FROM `INFORMATION_SCHEMA`.`TABLES` WHERE `TABLE_NAME` = 'hq_content_group' AND `TABLE_SCHEMA` = DATABASE()
[Thu, 11 Feb 16 09:32:09 +0000][INFO] DESCRIBE `hq_content_group`
[Thu, 11 Feb 16 09:32:09 +0000][INFO] SELECT `hq_content_group`.`hcg_id`, `hq_content_group`.`hcg_key`, `hq_content_group`.`hcg_main`, `hq_content_group`.`hcg_created_date`, `hq_content_group`.`hcg_position` FROM `hq_content_group` WHERE `hq_content_group`.`hcg_id` = :id LIMIT :APL0
[Thu, 11 Feb 16 09:32:09 +0000][INFO] SELECT IF(COUNT(*) > 0, 1, 0) FROM `INFORMATION_SCHEMA`.`TABLES` WHERE `TABLE_NAME` = 'hq_content' AND `TABLE_SCHEMA` = DATABASE()
[Thu, 11 Feb 16 09:32:09 +0000][INFO] DESCRIBE `hq_content`
[Thu, 11 Feb 16 09:32:09 +0000][INFO] INSERT INTO `hq_content` (`hc_hcg_id`, `hc_hcg_key`, `hc_description`, `hc_title`, `hc_created_date`) VALUES (?, ?, ?, ?, ?)
[Thu, 11 Feb 16 09:32:39 +0000][INFO] SELECT IF(COUNT(*) > 0, 1, 0) FROM `INFORMATION_SCHEMA`.`TABLES` WHERE `TABLE_NAME` = 'hq_content_group' AND `TABLE_SCHEMA` = DATABASE()
[Thu, 11 Feb 16 09:32:39 +0000][INFO] DESCRIBE `hq_content_group`
[Thu, 11 Feb 16 09:32:39 +0000][INFO] SELECT `hq_content_group`.`hcg_id`, `hq_content_group`.`hcg_key`, `hq_content_group`.`hcg_main`, `hq_content_group`.`hcg_created_date`, `hq_content_group`.`hcg_position` FROM `hq_content_group` WHERE `hq_content_group`.`hcg_id` = :id LIMIT :APL0
[Thu, 11 Feb 16 09:32:39 +0000][INFO] SELECT IF(COUNT(*) > 0, 1, 0) FROM `INFORMATION_SCHEMA`.`TABLES` WHERE `TABLE_NAME` = 'hq_content' AND `TABLE_SCHEMA` = DATABASE()
[Thu, 11 Feb 16 09:32:39 +0000][INFO] DESCRIBE `hq_content`
[Thu, 11 Feb 16 09:32:39 +0000][INFO] INSERT INTO `hq_content` (`hc_hcg_id`, `hc_hcg_key`, `hc_description`, `hc_title`, `hc_created_date`) VALUES (?, ?, ?, ?, ?)
[Thu, 11 Feb 16 09:32:54 +0000][INFO] SELECT IF(COUNT(*) > 0, 1, 0) FROM `INFORMATION_SCHEMA`.`TABLES` WHERE `TABLE_NAME` = 'hq_content_group' AND `TABLE_SCHEMA` = DATABASE()
[Thu, 11 Feb 16 09:32:54 +0000][INFO] DESCRIBE `hq_content_group`
[Thu, 11 Feb 16 09:32:54 +0000][INFO] SELECT `hq_content_group`.`hcg_id`, `hq_content_group`.`hcg_key`, `hq_content_group`.`hcg_main`, `hq_content_group`.`hcg_created_date`, `hq_content_group`.`hcg_position` FROM `hq_content_group` WHERE `hq_content_group`.`hcg_id` = :id LIMIT :APL0
[Thu, 11 Feb 16 09:32:54 +0000][INFO] SELECT IF(COUNT(*) > 0, 1, 0) FROM `INFORMATION_SCHEMA`.`TABLES` WHERE `TABLE_NAME` = 'hq_content' AND `TABLE_SCHEMA` = DATABASE()
[Thu, 11 Feb 16 09:32:54 +0000][INFO] DESCRIBE `hq_content`
[Thu, 11 Feb 16 09:32:54 +0000][INFO] INSERT INTO `hq_content` (`hc_hcg_id`, `hc_hcg_key`, `hc_description`, `hc_title`, `hc_created_date`) VALUES (?, ?, ?, ?, ?)
[Thu, 11 Feb 16 09:33:08 +0000][INFO] SELECT IF(COUNT(*) > 0, 1, 0) FROM `INFORMATION_SCHEMA`.`TABLES` WHERE `TABLE_NAME` = 'hq_content_group' AND `TABLE_SCHEMA` = DATABASE()
[Thu, 11 Feb 16 09:33:08 +0000][INFO] DESCRIBE `hq_content_group`
[Thu, 11 Feb 16 09:33:08 +0000][INFO] SELECT `hq_content_group`.`hcg_id`, `hq_content_group`.`hcg_key`, `hq_content_group`.`hcg_main`, `hq_content_group`.`hcg_created_date`, `hq_content_group`.`hcg_position` FROM `hq_content_group` WHERE `hq_content_group`.`hcg_id` = :id LIMIT :APL0
[Thu, 11 Feb 16 09:33:08 +0000][INFO] SELECT IF(COUNT(*) > 0, 1, 0) FROM `INFORMATION_SCHEMA`.`TABLES` WHERE `TABLE_NAME` = 'hq_content' AND `TABLE_SCHEMA` = DATABASE()
[Thu, 11 Feb 16 09:33:08 +0000][INFO] DESCRIBE `hq_content`
[Thu, 11 Feb 16 09:33:08 +0000][INFO] INSERT INTO `hq_content` (`hc_hcg_id`, `hc_hcg_key`, `hc_description`, `hc_title`, `hc_created_date`) VALUES (?, ?, ?, ?, ?)
[Thu, 11 Feb 16 09:33:35 +0000][INFO] SELECT IF(COUNT(*) > 0, 1, 0) FROM `INFORMATION_SCHEMA`.`TABLES` WHERE `TABLE_NAME` = 'hq_content_group' AND `TABLE_SCHEMA` = DATABASE()
[Thu, 11 Feb 16 09:33:35 +0000][INFO] DESCRIBE `hq_content_group`
[Thu, 11 Feb 16 09:33:35 +0000][INFO] SELECT `hq_content_group`.`hcg_id`, `hq_content_group`.`hcg_key`, `hq_content_group`.`hcg_main`, `hq_content_group`.`hcg_created_date`, `hq_content_group`.`hcg_position` FROM `hq_content_group` WHERE `hq_content_group`.`hcg_id` = :id LIMIT :APL0
[Thu, 11 Feb 16 09:33:35 +0000][INFO] SELECT IF(COUNT(*) > 0, 1, 0) FROM `INFORMATION_SCHEMA`.`TABLES` WHERE `TABLE_NAME` = 'hq_content' AND `TABLE_SCHEMA` = DATABASE()
[Thu, 11 Feb 16 09:33:35 +0000][INFO] DESCRIBE `hq_content`
[Thu, 11 Feb 16 09:33:35 +0000][INFO] INSERT INTO `hq_content` (`hc_hcg_id`, `hc_hcg_key`, `hc_description`, `hc_title`, `hc_created_date`) VALUES (?, ?, ?, ?, ?)
[Thu, 11 Feb 16 09:33:44 +0000][INFO] SELECT IF(COUNT(*) > 0, 1, 0) FROM `INFORMATION_SCHEMA`.`TABLES` WHERE `TABLE_NAME` = 'hq_content_group' AND `TABLE_SCHEMA` = DATABASE()
[Thu, 11 Feb 16 09:33:44 +0000][INFO] DESCRIBE `hq_content_group`
[Thu, 11 Feb 16 09:33:44 +0000][INFO] SELECT `hq_content_group`.`hcg_id`, `hq_content_group`.`hcg_key`, `hq_content_group`.`hcg_main`, `hq_content_group`.`hcg_created_date`, `hq_content_group`.`hcg_position` FROM `hq_content_group` WHERE `hq_content_group`.`hcg_id` = :id LIMIT :APL0
[Thu, 11 Feb 16 09:33:44 +0000][INFO] SELECT IF(COUNT(*) > 0, 1, 0) FROM `INFORMATION_SCHEMA`.`TABLES` WHERE `TABLE_NAME` = 'hq_content' AND `TABLE_SCHEMA` = DATABASE()
[Thu, 11 Feb 16 09:33:44 +0000][INFO] DESCRIBE `hq_content`
[Thu, 11 Feb 16 09:33:44 +0000][INFO] INSERT INTO `hq_content` (`hc_hcg_id`, `hc_hcg_key`, `hc_description`, `hc_title`, `hc_created_date`) VALUES (?, ?, ?, ?, ?)
[Thu, 11 Feb 16 09:33:56 +0000][INFO] SELECT IF(COUNT(*) > 0, 1, 0) FROM `INFORMATION_SCHEMA`.`TABLES` WHERE `TABLE_NAME` = 'hq_content_group' AND `TABLE_SCHEMA` = DATABASE()
[Thu, 11 Feb 16 09:33:56 +0000][INFO] DESCRIBE `hq_content_group`
[Thu, 11 Feb 16 09:33:56 +0000][INFO] SELECT `hq_content_group`.`hcg_id`, `hq_content_group`.`hcg_key`, `hq_content_group`.`hcg_main`, `hq_content_group`.`hcg_created_date`, `hq_content_group`.`hcg_position` FROM `hq_content_group` WHERE `hq_content_group`.`hcg_id` = :id LIMIT :APL0
[Thu, 11 Feb 16 09:33:56 +0000][INFO] SELECT IF(COUNT(*) > 0, 1, 0) FROM `INFORMATION_SCHEMA`.`TABLES` WHERE `TABLE_NAME` = 'hq_content' AND `TABLE_SCHEMA` = DATABASE()
[Thu, 11 Feb 16 09:33:56 +0000][INFO] DESCRIBE `hq_content`
[Thu, 11 Feb 16 09:33:56 +0000][INFO] INSERT INTO `hq_content` (`hc_hcg_id`, `hc_hcg_key`, `hc_description`, `hc_title`, `hc_created_date`) VALUES (?, ?, ?, ?, ?)
[Thu, 11 Feb 16 09:36:04 +0000][INFO] SELECT IF(COUNT(*) > 0, 1, 0) FROM `INFORMATION_SCHEMA`.`TABLES` WHERE `TABLE_NAME` = 'hq_content_group' AND `TABLE_SCHEMA` = DATABASE()
[Thu, 11 Feb 16 09:36:04 +0000][INFO] DESCRIBE `hq_content_group`
[Thu, 11 Feb 16 09:36:04 +0000][INFO] INSERT INTO `hq_content_group` (`hcg_key`, `hcg_main`, `hcg_created_date`, `hcg_position`) VALUES (?, ?, ?, ?)
[Thu, 11 Feb 16 09:36:25 +0000][INFO] SELECT IF(COUNT(*) > 0, 1, 0) FROM `INFORMATION_SCHEMA`.`TABLES` WHERE `TABLE_NAME` = 'hq_content_group' AND `TABLE_SCHEMA` = DATABASE()
[Thu, 11 Feb 16 09:36:25 +0000][INFO] DESCRIBE `hq_content_group`
[Thu, 11 Feb 16 09:36:25 +0000][INFO] INSERT INTO `hq_content_group` (`hcg_key`, `hcg_main`, `hcg_created_date`, `hcg_position`) VALUES (?, ?, ?, ?)
[Thu, 11 Feb 16 09:36:39 +0000][INFO] SELECT IF(COUNT(*) > 0, 1, 0) FROM `INFORMATION_SCHEMA`.`TABLES` WHERE `TABLE_NAME` = 'hq_content_group' AND `TABLE_SCHEMA` = DATABASE()
[Thu, 11 Feb 16 09:36:39 +0000][INFO] DESCRIBE `hq_content_group`
[Thu, 11 Feb 16 09:36:39 +0000][INFO] INSERT INTO `hq_content_group` (`hcg_key`, `hcg_main`, `hcg_created_date`, `hcg_position`) VALUES (?, ?, ?, ?)
[Thu, 11 Feb 16 09:40:56 +0000][INFO] SELECT IF(COUNT(*) > 0, 1, 0) FROM `INFORMATION_SCHEMA`.`TABLES` WHERE `TABLE_NAME` = 'hq_content_group' AND `TABLE_SCHEMA` = DATABASE()
[Thu, 11 Feb 16 09:40:56 +0000][INFO] DESCRIBE `hq_content_group`
[Thu, 11 Feb 16 09:40:56 +0000][INFO] SELECT `hq_content_group`.`hcg_id`, `hq_content_group`.`hcg_key`, `hq_content_group`.`hcg_main`, `hq_content_group`.`hcg_created_date`, `hq_content_group`.`hcg_position` FROM `hq_content_group` ORDER BY `hq_content_group`.`hcg_id` DESC
[Thu, 11 Feb 16 09:41:06 +0000][INFO] SELECT IF(COUNT(*) > 0, 1, 0) FROM `INFORMATION_SCHEMA`.`TABLES` WHERE `TABLE_NAME` = 'hq_content_group' AND `TABLE_SCHEMA` = DATABASE()
[Thu, 11 Feb 16 09:41:06 +0000][INFO] DESCRIBE `hq_content_group`
[Thu, 11 Feb 16 09:41:06 +0000][INFO] SELECT `hq_content_group`.`hcg_id`, `hq_content_group`.`hcg_key`, `hq_content_group`.`hcg_main`, `hq_content_group`.`hcg_created_date`, `hq_content_group`.`hcg_position` FROM `hq_content_group` ORDER BY `hq_content_group`.`hcg_id` DESC
[Thu, 11 Feb 16 09:41:39 +0000][INFO] SELECT IF(COUNT(*) > 0, 1, 0) FROM `INFORMATION_SCHEMA`.`TABLES` WHERE `TABLE_NAME` = 'hq_content_group' AND `TABLE_SCHEMA` = DATABASE()
[Thu, 11 Feb 16 09:41:39 +0000][INFO] DESCRIBE `hq_content_group`
[Thu, 11 Feb 16 09:41:39 +0000][INFO] SELECT `hq_content_group`.`hcg_id`, `hq_content_group`.`hcg_key`, `hq_content_group`.`hcg_main`, `hq_content_group`.`hcg_created_date`, `hq_content_group`.`hcg_position` FROM `hq_content_group` WHERE `hq_content_group`.`hcg_id` = :id LIMIT :APL0
[Thu, 11 Feb 16 09:41:39 +0000][INFO] SELECT IF(COUNT(*) > 0, 1, 0) FROM `INFORMATION_SCHEMA`.`TABLES` WHERE `TABLE_NAME` = 'hq_content' AND `TABLE_SCHEMA` = DATABASE()
[Thu, 11 Feb 16 09:41:39 +0000][INFO] DESCRIBE `hq_content`
[Thu, 11 Feb 16 09:41:39 +0000][INFO] INSERT INTO `hq_content` (`hc_hcg_id`, `hc_hcg_key`, `hc_description`, `hc_title`, `hc_created_date`) VALUES (?, ?, ?, ?, ?)
[Thu, 11 Feb 16 09:41:58 +0000][INFO] SELECT IF(COUNT(*) > 0, 1, 0) FROM `INFORMATION_SCHEMA`.`TABLES` WHERE `TABLE_NAME` = 'hq_content_group' AND `TABLE_SCHEMA` = DATABASE()
[Thu, 11 Feb 16 09:41:58 +0000][INFO] DESCRIBE `hq_content_group`
[Thu, 11 Feb 16 09:41:58 +0000][INFO] SELECT `hq_content_group`.`hcg_id`, `hq_content_group`.`hcg_key`, `hq_content_group`.`hcg_main`, `hq_content_group`.`hcg_created_date`, `hq_content_group`.`hcg_position` FROM `hq_content_group` WHERE `hq_content_group`.`hcg_id` = :id LIMIT :APL0
[Thu, 11 Feb 16 09:41:58 +0000][INFO] SELECT IF(COUNT(*) > 0, 1, 0) FROM `INFORMATION_SCHEMA`.`TABLES` WHERE `TABLE_NAME` = 'hq_content' AND `TABLE_SCHEMA` = DATABASE()
[Thu, 11 Feb 16 09:41:58 +0000][INFO] DESCRIBE `hq_content`
[Thu, 11 Feb 16 09:41:58 +0000][INFO] INSERT INTO `hq_content` (`hc_hcg_id`, `hc_hcg_key`, `hc_description`, `hc_title`, `hc_created_date`) VALUES (?, ?, ?, ?, ?)
[Thu, 11 Feb 16 09:42:13 +0000][INFO] SELECT IF(COUNT(*) > 0, 1, 0) FROM `INFORMATION_SCHEMA`.`TABLES` WHERE `TABLE_NAME` = 'hq_content_group' AND `TABLE_SCHEMA` = DATABASE()
[Thu, 11 Feb 16 09:42:13 +0000][INFO] DESCRIBE `hq_content_group`
[Thu, 11 Feb 16 09:42:13 +0000][INFO] SELECT `hq_content_group`.`hcg_id`, `hq_content_group`.`hcg_key`, `hq_content_group`.`hcg_main`, `hq_content_group`.`hcg_created_date`, `hq_content_group`.`hcg_position` FROM `hq_content_group` WHERE `hq_content_group`.`hcg_id` = :id LIMIT :APL0
[Thu, 11 Feb 16 09:42:13 +0000][INFO] SELECT IF(COUNT(*) > 0, 1, 0) FROM `INFORMATION_SCHEMA`.`TABLES` WHERE `TABLE_NAME` = 'hq_content' AND `TABLE_SCHEMA` = DATABASE()
[Thu, 11 Feb 16 09:42:13 +0000][INFO] DESCRIBE `hq_content`
[Thu, 11 Feb 16 09:42:13 +0000][INFO] INSERT INTO `hq_content` (`hc_hcg_id`, `hc_hcg_key`, `hc_description`, `hc_title`, `hc_created_date`) VALUES (?, ?, ?, ?, ?)
[Thu, 11 Feb 16 09:44:36 +0000][INFO] SELECT IF(COUNT(*) > 0, 1, 0) FROM `INFORMATION_SCHEMA`.`TABLES` WHERE `TABLE_NAME` = 'hq_content_group' AND `TABLE_SCHEMA` = DATABASE()
[Thu, 11 Feb 16 09:44:36 +0000][INFO] DESCRIBE `hq_content_group`
[Thu, 11 Feb 16 09:44:36 +0000][INFO] SELECT `hq_content_group`.`hcg_id`, `hq_content_group`.`hcg_key`, `hq_content_group`.`hcg_main`, `hq_content_group`.`hcg_created_date`, `hq_content_group`.`hcg_position` FROM `hq_content_group` WHERE `hq_content_group`.`hcg_id` = :id LIMIT :APL0
[Thu, 11 Feb 16 09:44:36 +0000][INFO] SELECT IF(COUNT(*) > 0, 1, 0) FROM `INFORMATION_SCHEMA`.`TABLES` WHERE `TABLE_NAME` = 'hq_content' AND `TABLE_SCHEMA` = DATABASE()
[Thu, 11 Feb 16 09:44:36 +0000][INFO] DESCRIBE `hq_content`
[Thu, 11 Feb 16 09:44:36 +0000][INFO] INSERT INTO `hq_content` (`hc_hcg_id`, `hc_hcg_key`, `hc_description`, `hc_title`, `hc_created_date`) VALUES (?, ?, ?, ?, ?)
[Thu, 11 Feb 16 09:45:10 +0000][INFO] SELECT IF(COUNT(*) > 0, 1, 0) FROM `INFORMATION_SCHEMA`.`TABLES` WHERE `TABLE_NAME` = 'hq_content_group' AND `TABLE_SCHEMA` = DATABASE()
[Thu, 11 Feb 16 09:45:10 +0000][INFO] DESCRIBE `hq_content_group`
[Thu, 11 Feb 16 09:45:10 +0000][INFO] SELECT `hq_content_group`.`hcg_id`, `hq_content_group`.`hcg_key`, `hq_content_group`.`hcg_main`, `hq_content_group`.`hcg_created_date`, `hq_content_group`.`hcg_position` FROM `hq_content_group` WHERE `hq_content_group`.`hcg_id` = :id LIMIT :APL0
[Thu, 11 Feb 16 09:45:10 +0000][INFO] SELECT IF(COUNT(*) > 0, 1, 0) FROM `INFORMATION_SCHEMA`.`TABLES` WHERE `TABLE_NAME` = 'hq_content' AND `TABLE_SCHEMA` = DATABASE()
[Thu, 11 Feb 16 09:45:10 +0000][INFO] DESCRIBE `hq_content`
[Thu, 11 Feb 16 09:45:10 +0000][INFO] INSERT INTO `hq_content` (`hc_hcg_id`, `hc_hcg_key`, `hc_description`, `hc_title`, `hc_created_date`) VALUES (?, ?, ?, ?, ?)
[Thu, 11 Feb 16 09:45:22 +0000][INFO] SELECT IF(COUNT(*) > 0, 1, 0) FROM `INFORMATION_SCHEMA`.`TABLES` WHERE `TABLE_NAME` = 'hq_content_group' AND `TABLE_SCHEMA` = DATABASE()
[Thu, 11 Feb 16 09:45:22 +0000][INFO] DESCRIBE `hq_content_group`
[Thu, 11 Feb 16 09:45:22 +0000][INFO] SELECT `hq_content_group`.`hcg_id`, `hq_content_group`.`hcg_key`, `hq_content_group`.`hcg_main`, `hq_content_group`.`hcg_created_date`, `hq_content_group`.`hcg_position` FROM `hq_content_group` WHERE `hq_content_group`.`hcg_id` = :id LIMIT :APL0
[Thu, 11 Feb 16 09:45:22 +0000][INFO] SELECT IF(COUNT(*) > 0, 1, 0) FROM `INFORMATION_SCHEMA`.`TABLES` WHERE `TABLE_NAME` = 'hq_content' AND `TABLE_SCHEMA` = DATABASE()
[Thu, 11 Feb 16 09:45:22 +0000][INFO] DESCRIBE `hq_content`
[Thu, 11 Feb 16 09:45:22 +0000][INFO] INSERT INTO `hq_content` (`hc_hcg_id`, `hc_hcg_key`, `hc_description`, `hc_title`, `hc_created_date`) VALUES (?, ?, ?, ?, ?)
[Thu, 11 Feb 16 09:45:55 +0000][INFO] SELECT IF(COUNT(*) > 0, 1, 0) FROM `INFORMATION_SCHEMA`.`TABLES` WHERE `TABLE_NAME` = 'hq_content_group' AND `TABLE_SCHEMA` = DATABASE()
[Thu, 11 Feb 16 09:45:55 +0000][INFO] DESCRIBE `hq_content_group`
[Thu, 11 Feb 16 09:45:55 +0000][INFO] SELECT `hq_content_group`.`hcg_id`, `hq_content_group`.`hcg_key`, `hq_content_group`.`hcg_main`, `hq_content_group`.`hcg_created_date`, `hq_content_group`.`hcg_position` FROM `hq_content_group` WHERE `hq_content_group`.`hcg_id` = :id LIMIT :APL0
[Thu, 11 Feb 16 09:45:55 +0000][INFO] SELECT IF(COUNT(*) > 0, 1, 0) FROM `INFORMATION_SCHEMA`.`TABLES` WHERE `TABLE_NAME` = 'hq_content' AND `TABLE_SCHEMA` = DATABASE()
[Thu, 11 Feb 16 09:45:55 +0000][INFO] DESCRIBE `hq_content`
[Thu, 11 Feb 16 09:45:55 +0000][INFO] INSERT INTO `hq_content` (`hc_hcg_id`, `hc_hcg_key`, `hc_description`, `hc_title`, `hc_created_date`) VALUES (?, ?, ?, ?, ?)
[Thu, 11 Feb 16 09:46:03 +0000][INFO] SELECT IF(COUNT(*) > 0, 1, 0) FROM `INFORMATION_SCHEMA`.`TABLES` WHERE `TABLE_NAME` = 'hq_content_group' AND `TABLE_SCHEMA` = DATABASE()
[Thu, 11 Feb 16 09:46:03 +0000][INFO] DESCRIBE `hq_content_group`
[Thu, 11 Feb 16 09:46:03 +0000][INFO] SELECT `hq_content_group`.`hcg_id`, `hq_content_group`.`hcg_key`, `hq_content_group`.`hcg_main`, `hq_content_group`.`hcg_created_date`, `hq_content_group`.`hcg_position` FROM `hq_content_group` WHERE `hq_content_group`.`hcg_id` = :id LIMIT :APL0
[Thu, 11 Feb 16 09:46:03 +0000][INFO] SELECT IF(COUNT(*) > 0, 1, 0) FROM `INFORMATION_SCHEMA`.`TABLES` WHERE `TABLE_NAME` = 'hq_content' AND `TABLE_SCHEMA` = DATABASE()
[Thu, 11 Feb 16 09:46:03 +0000][INFO] DESCRIBE `hq_content`
[Thu, 11 Feb 16 09:46:03 +0000][INFO] INSERT INTO `hq_content` (`hc_hcg_id`, `hc_hcg_key`, `hc_description`, `hc_title`, `hc_created_date`) VALUES (?, ?, ?, ?, ?)
[Thu, 11 Feb 16 09:46:17 +0000][INFO] SELECT IF(COUNT(*) > 0, 1, 0) FROM `INFORMATION_SCHEMA`.`TABLES` WHERE `TABLE_NAME` = 'hq_content_group' AND `TABLE_SCHEMA` = DATABASE()
[Thu, 11 Feb 16 09:46:17 +0000][INFO] DESCRIBE `hq_content_group`
[Thu, 11 Feb 16 09:46:17 +0000][INFO] SELECT `hq_content_group`.`hcg_id`, `hq_content_group`.`hcg_key`, `hq_content_group`.`hcg_main`, `hq_content_group`.`hcg_created_date`, `hq_content_group`.`hcg_position` FROM `hq_content_group` WHERE `hq_content_group`.`hcg_id` = :id LIMIT :APL0
[Thu, 11 Feb 16 09:46:17 +0000][INFO] SELECT IF(COUNT(*) > 0, 1, 0) FROM `INFORMATION_SCHEMA`.`TABLES` WHERE `TABLE_NAME` = 'hq_content' AND `TABLE_SCHEMA` = DATABASE()
[Thu, 11 Feb 16 09:46:17 +0000][INFO] DESCRIBE `hq_content`
[Thu, 11 Feb 16 09:46:17 +0000][INFO] INSERT INTO `hq_content` (`hc_hcg_id`, `hc_hcg_key`, `hc_description`, `hc_title`, `hc_created_date`) VALUES (?, ?, ?, ?, ?)
[Thu, 11 Feb 16 10:25:09 +0000][INFO] SELECT IF(COUNT(*) > 0, 1, 0) FROM `INFORMATION_SCHEMA`.`TABLES` WHERE `TABLE_NAME` = 'hq_content_group' AND `TABLE_SCHEMA` = DATABASE()
[Thu, 11 Feb 16 10:25:09 +0000][INFO] DESCRIBE `hq_content_group`
[Thu, 11 Feb 16 10:25:09 +0000][INFO] SELECT `hq_content_group`.`hcg_id`, `hq_content_group`.`hcg_key`, `hq_content_group`.`hcg_main`, `hq_content_group`.`hcg_created_date`, `hq_content_group`.`hcg_position` FROM `hq_content_group` ORDER BY `hq_content_group`.`hcg_id` DESC
[Thu, 11 Feb 16 10:25:50 +0000][INFO] SELECT IF(COUNT(*) > 0, 1, 0) FROM `INFORMATION_SCHEMA`.`TABLES` WHERE `TABLE_NAME` = 'hq_content_group' AND `TABLE_SCHEMA` = DATABASE()
[Thu, 11 Feb 16 10:25:50 +0000][INFO] DESCRIBE `hq_content_group`
[Thu, 11 Feb 16 10:25:50 +0000][INFO] INSERT INTO `hq_content_group` (`hcg_key`, `hcg_main`, `hcg_created_date`, `hcg_position`) VALUES (?, ?, ?, ?)
[Thu, 11 Feb 16 10:26:06 +0000][INFO] SELECT IF(COUNT(*) > 0, 1, 0) FROM `INFORMATION_SCHEMA`.`TABLES` WHERE `TABLE_NAME` = 'hq_content_group' AND `TABLE_SCHEMA` = DATABASE()
[Thu, 11 Feb 16 10:26:06 +0000][INFO] DESCRIBE `hq_content_group`
[Thu, 11 Feb 16 10:26:06 +0000][INFO] INSERT INTO `hq_content_group` (`hcg_key`, `hcg_main`, `hcg_created_date`, `hcg_position`) VALUES (?, ?, ?, ?)
[Thu, 11 Feb 16 10:26:20 +0000][INFO] SELECT IF(COUNT(*) > 0, 1, 0) FROM `INFORMATION_SCHEMA`.`TABLES` WHERE `TABLE_NAME` = 'hq_content_group' AND `TABLE_SCHEMA` = DATABASE()
[Thu, 11 Feb 16 10:26:20 +0000][INFO] DESCRIBE `hq_content_group`
[Thu, 11 Feb 16 10:26:20 +0000][INFO] INSERT INTO `hq_content_group` (`hcg_key`, `hcg_main`, `hcg_created_date`, `hcg_position`) VALUES (?, ?, ?, ?)
[Thu, 11 Feb 16 10:26:25 +0000][INFO] SELECT IF(COUNT(*) > 0, 1, 0) FROM `INFORMATION_SCHEMA`.`TABLES` WHERE `TABLE_NAME` = 'hq_content_group' AND `TABLE_SCHEMA` = DATABASE()
[Thu, 11 Feb 16 10:26:25 +0000][INFO] DESCRIBE `hq_content_group`
[Thu, 11 Feb 16 10:26:25 +0000][INFO] SELECT `hq_content_group`.`hcg_id`, `hq_content_group`.`hcg_key`, `hq_content_group`.`hcg_main`, `hq_content_group`.`hcg_created_date`, `hq_content_group`.`hcg_position` FROM `hq_content_group` ORDER BY `hq_content_group`.`hcg_id` DESC
[Thu, 11 Feb 16 10:26:39 +0000][INFO] SELECT IF(COUNT(*) > 0, 1, 0) FROM `INFORMATION_SCHEMA`.`TABLES` WHERE `TABLE_NAME` = 'hq_content_group' AND `TABLE_SCHEMA` = DATABASE()
[Thu, 11 Feb 16 10:26:39 +0000][INFO] DESCRIBE `hq_content_group`
[Thu, 11 Feb 16 10:26:39 +0000][INFO] SELECT `hq_content_group`.`hcg_id`, `hq_content_group`.`hcg_key`, `hq_content_group`.`hcg_main`, `hq_content_group`.`hcg_created_date`, `hq_content_group`.`hcg_position` FROM `hq_content_group` ORDER BY `hq_content_group`.`hcg_id` DESC
[Thu, 11 Feb 16 10:27:17 +0000][INFO] SELECT IF(COUNT(*) > 0, 1, 0) FROM `INFORMATION_SCHEMA`.`TABLES` WHERE `TABLE_NAME` = 'hq_content_group' AND `TABLE_SCHEMA` = DATABASE()
[Thu, 11 Feb 16 10:27:17 +0000][INFO] DESCRIBE `hq_content_group`
[Thu, 11 Feb 16 10:27:17 +0000][INFO] SELECT `hq_content_group`.`hcg_id`, `hq_content_group`.`hcg_key`, `hq_content_group`.`hcg_main`, `hq_content_group`.`hcg_created_date`, `hq_content_group`.`hcg_position` FROM `hq_content_group` WHERE `hq_content_group`.`hcg_id` = :id LIMIT :APL0
[Thu, 11 Feb 16 10:27:17 +0000][INFO] SELECT IF(COUNT(*) > 0, 1, 0) FROM `INFORMATION_SCHEMA`.`TABLES` WHERE `TABLE_NAME` = 'hq_content' AND `TABLE_SCHEMA` = DATABASE()
[Thu, 11 Feb 16 10:27:17 +0000][INFO] DESCRIBE `hq_content`
[Thu, 11 Feb 16 10:27:17 +0000][INFO] INSERT INTO `hq_content` (`hc_hcg_id`, `hc_hcg_key`, `hc_description`, `hc_title`, `hc_created_date`) VALUES (?, ?, ?, ?, ?)
[Thu, 11 Feb 16 10:27:34 +0000][INFO] SELECT IF(COUNT(*) > 0, 1, 0) FROM `INFORMATION_SCHEMA`.`TABLES` WHERE `TABLE_NAME` = 'hq_content_group' AND `TABLE_SCHEMA` = DATABASE()
[Thu, 11 Feb 16 10:27:34 +0000][INFO] DESCRIBE `hq_content_group`
[Thu, 11 Feb 16 10:27:34 +0000][INFO] SELECT `hq_content_group`.`hcg_id`, `hq_content_group`.`hcg_key`, `hq_content_group`.`hcg_main`, `hq_content_group`.`hcg_created_date`, `hq_content_group`.`hcg_position` FROM `hq_content_group` WHERE `hq_content_group`.`hcg_id` = :id LIMIT :APL0
[Thu, 11 Feb 16 10:27:34 +0000][INFO] SELECT IF(COUNT(*) > 0, 1, 0) FROM `INFORMATION_SCHEMA`.`TABLES` WHERE `TABLE_NAME` = 'hq_content' AND `TABLE_SCHEMA` = DATABASE()
[Thu, 11 Feb 16 10:27:34 +0000][INFO] DESCRIBE `hq_content`
[Thu, 11 Feb 16 10:27:34 +0000][INFO] INSERT INTO `hq_content` (`hc_hcg_id`, `hc_hcg_key`, `hc_description`, `hc_title`, `hc_created_date`) VALUES (?, ?, ?, ?, ?)
[Thu, 11 Feb 16 10:27:46 +0000][INFO] SELECT IF(COUNT(*) > 0, 1, 0) FROM `INFORMATION_SCHEMA`.`TABLES` WHERE `TABLE_NAME` = 'hq_content_group' AND `TABLE_SCHEMA` = DATABASE()
[Thu, 11 Feb 16 10:27:46 +0000][INFO] DESCRIBE `hq_content_group`
[Thu, 11 Feb 16 10:27:46 +0000][INFO] SELECT `hq_content_group`.`hcg_id`, `hq_content_group`.`hcg_key`, `hq_content_group`.`hcg_main`, `hq_content_group`.`hcg_created_date`, `hq_content_group`.`hcg_position` FROM `hq_content_group` WHERE `hq_content_group`.`hcg_id` = :id LIMIT :APL0
[Thu, 11 Feb 16 10:27:46 +0000][INFO] SELECT IF(COUNT(*) > 0, 1, 0) FROM `INFORMATION_SCHEMA`.`TABLES` WHERE `TABLE_NAME` = 'hq_content' AND `TABLE_SCHEMA` = DATABASE()
[Thu, 11 Feb 16 10:27:46 +0000][INFO] DESCRIBE `hq_content`
[Thu, 11 Feb 16 10:27:46 +0000][INFO] INSERT INTO `hq_content` (`hc_hcg_id`, `hc_hcg_key`, `hc_description`, `hc_title`, `hc_created_date`) VALUES (?, ?, ?, ?, ?)
[Thu, 11 Feb 16 10:28:17 +0000][INFO] SELECT IF(COUNT(*) > 0, 1, 0) FROM `INFORMATION_SCHEMA`.`TABLES` WHERE `TABLE_NAME` = 'hq_content_group' AND `TABLE_SCHEMA` = DATABASE()
[Thu, 11 Feb 16 10:28:17 +0000][INFO] DESCRIBE `hq_content_group`
[Thu, 11 Feb 16 10:28:17 +0000][INFO] SELECT `hq_content_group`.`hcg_id`, `hq_content_group`.`hcg_key`, `hq_content_group`.`hcg_main`, `hq_content_group`.`hcg_created_date`, `hq_content_group`.`hcg_position` FROM `hq_content_group` WHERE `hq_content_group`.`hcg_id` = :id LIMIT :APL0
[Thu, 11 Feb 16 10:28:17 +0000][INFO] SELECT IF(COUNT(*) > 0, 1, 0) FROM `INFORMATION_SCHEMA`.`TABLES` WHERE `TABLE_NAME` = 'hq_content' AND `TABLE_SCHEMA` = DATABASE()
[Thu, 11 Feb 16 10:28:17 +0000][INFO] DESCRIBE `hq_content`
[Thu, 11 Feb 16 10:28:17 +0000][INFO] INSERT INTO `hq_content` (`hc_hcg_id`, `hc_hcg_key`, `hc_description`, `hc_title`, `hc_created_date`) VALUES (?, ?, ?, ?, ?)
[Thu, 11 Feb 16 10:28:34 +0000][INFO] SELECT IF(COUNT(*) > 0, 1, 0) FROM `INFORMATION_SCHEMA`.`TABLES` WHERE `TABLE_NAME` = 'hq_content_group' AND `TABLE_SCHEMA` = DATABASE()
[Thu, 11 Feb 16 10:28:34 +0000][INFO] DESCRIBE `hq_content_group`
[Thu, 11 Feb 16 10:28:34 +0000][INFO] SELECT `hq_content_group`.`hcg_id`, `hq_content_group`.`hcg_key`, `hq_content_group`.`hcg_main`, `hq_content_group`.`hcg_created_date`, `hq_content_group`.`hcg_position` FROM `hq_content_group` WHERE `hq_content_group`.`hcg_id` = :id LIMIT :APL0
[Thu, 11 Feb 16 10:28:34 +0000][INFO] SELECT IF(COUNT(*) > 0, 1, 0) FROM `INFORMATION_SCHEMA`.`TABLES` WHERE `TABLE_NAME` = 'hq_content' AND `TABLE_SCHEMA` = DATABASE()
[Thu, 11 Feb 16 10:28:34 +0000][INFO] DESCRIBE `hq_content`
[Thu, 11 Feb 16 10:28:34 +0000][INFO] INSERT INTO `hq_content` (`hc_hcg_id`, `hc_hcg_key`, `hc_description`, `hc_title`, `hc_created_date`) VALUES (?, ?, ?, ?, ?)
[Thu, 11 Feb 16 10:28:51 +0000][INFO] SELECT IF(COUNT(*) > 0, 1, 0) FROM `INFORMATION_SCHEMA`.`TABLES` WHERE `TABLE_NAME` = 'hq_content_group' AND `TABLE_SCHEMA` = DATABASE()
[Thu, 11 Feb 16 10:28:51 +0000][INFO] DESCRIBE `hq_content_group`
[Thu, 11 Feb 16 10:28:51 +0000][INFO] SELECT `hq_content_group`.`hcg_id`, `hq_content_group`.`hcg_key`, `hq_content_group`.`hcg_main`, `hq_content_group`.`hcg_created_date`, `hq_content_group`.`hcg_position` FROM `hq_content_group` WHERE `hq_content_group`.`hcg_id` = :id LIMIT :APL0
[Thu, 11 Feb 16 10:28:51 +0000][INFO] SELECT IF(COUNT(*) > 0, 1, 0) FROM `INFORMATION_SCHEMA`.`TABLES` WHERE `TABLE_NAME` = 'hq_content' AND `TABLE_SCHEMA` = DATABASE()
[Thu, 11 Feb 16 10:28:51 +0000][INFO] DESCRIBE `hq_content`
[Thu, 11 Feb 16 10:28:51 +0000][INFO] INSERT INTO `hq_content` (`hc_hcg_id`, `hc_hcg_key`, `hc_description`, `hc_title`, `hc_created_date`) VALUES (?, ?, ?, ?, ?)
[Thu, 11 Feb 16 10:35:39 +0000][INFO] SELECT IF(COUNT(*) > 0, 1, 0) FROM `INFORMATION_SCHEMA`.`TABLES` WHERE `TABLE_NAME` = 'hq_content_group' AND `TABLE_SCHEMA` = DATABASE()
[Thu, 11 Feb 16 10:35:39 +0000][INFO] DESCRIBE `hq_content_group`
[Thu, 11 Feb 16 10:35:39 +0000][INFO] SELECT `hq_content_group`.`hcg_id`, `hq_content_group`.`hcg_key`, `hq_content_group`.`hcg_main`, `hq_content_group`.`hcg_created_date`, `hq_content_group`.`hcg_position` FROM `hq_content_group` WHERE `hq_content_group`.`hcg_id` = :id LIMIT :APL0
[Thu, 11 Feb 16 10:35:39 +0000][INFO] SELECT IF(COUNT(*) > 0, 1, 0) FROM `INFORMATION_SCHEMA`.`TABLES` WHERE `TABLE_NAME` = 'hq_content' AND `TABLE_SCHEMA` = DATABASE()
[Thu, 11 Feb 16 10:35:39 +0000][INFO] DESCRIBE `hq_content`
[Thu, 11 Feb 16 10:35:39 +0000][INFO] INSERT INTO `hq_content` (`hc_hcg_id`, `hc_hcg_key`, `hc_description`, `hc_title`, `hc_created_date`) VALUES (?, ?, ?, ?, ?)
[Thu, 11 Feb 16 10:36:19 +0000][INFO] SELECT IF(COUNT(*) > 0, 1, 0) FROM `INFORMATION_SCHEMA`.`TABLES` WHERE `TABLE_NAME` = 'hq_content_group' AND `TABLE_SCHEMA` = DATABASE()
[Thu, 11 Feb 16 10:36:19 +0000][INFO] DESCRIBE `hq_content_group`
[Thu, 11 Feb 16 10:36:19 +0000][INFO] SELECT `hq_content_group`.`hcg_id`, `hq_content_group`.`hcg_key`, `hq_content_group`.`hcg_main`, `hq_content_group`.`hcg_created_date`, `hq_content_group`.`hcg_position` FROM `hq_content_group` WHERE `hq_content_group`.`hcg_id` = :id LIMIT :APL0
[Thu, 11 Feb 16 10:36:19 +0000][INFO] SELECT IF(COUNT(*) > 0, 1, 0) FROM `INFORMATION_SCHEMA`.`TABLES` WHERE `TABLE_NAME` = 'hq_content' AND `TABLE_SCHEMA` = DATABASE()
[Thu, 11 Feb 16 10:36:19 +0000][INFO] DESCRIBE `hq_content`
[Thu, 11 Feb 16 10:36:19 +0000][INFO] INSERT INTO `hq_content` (`hc_hcg_id`, `hc_hcg_key`, `hc_description`, `hc_title`, `hc_created_date`) VALUES (?, ?, ?, ?, ?)
[Thu, 11 Feb 16 10:36:41 +0000][INFO] SELECT IF(COUNT(*) > 0, 1, 0) FROM `INFORMATION_SCHEMA`.`TABLES` WHERE `TABLE_NAME` = 'hq_content_group' AND `TABLE_SCHEMA` = DATABASE()
[Thu, 11 Feb 16 10:36:41 +0000][INFO] DESCRIBE `hq_content_group`
[Thu, 11 Feb 16 10:36:41 +0000][INFO] SELECT `hq_content_group`.`hcg_id`, `hq_content_group`.`hcg_key`, `hq_content_group`.`hcg_main`, `hq_content_group`.`hcg_created_date`, `hq_content_group`.`hcg_position` FROM `hq_content_group` WHERE `hq_content_group`.`hcg_id` = :id LIMIT :APL0
[Thu, 11 Feb 16 10:36:41 +0000][INFO] SELECT IF(COUNT(*) > 0, 1, 0) FROM `INFORMATION_SCHEMA`.`TABLES` WHERE `TABLE_NAME` = 'hq_content' AND `TABLE_SCHEMA` = DATABASE()
[Thu, 11 Feb 16 10:36:41 +0000][INFO] DESCRIBE `hq_content`
[Thu, 11 Feb 16 10:36:41 +0000][INFO] INSERT INTO `hq_content` (`hc_hcg_id`, `hc_hcg_key`, `hc_description`, `hc_title`, `hc_created_date`) VALUES (?, ?, ?, ?, ?)
[Thu, 11 Feb 16 10:38:39 +0000][INFO] SELECT IF(COUNT(*) > 0, 1, 0) FROM `INFORMATION_SCHEMA`.`TABLES` WHERE `TABLE_NAME` = 'hq_content_group' AND `TABLE_SCHEMA` = DATABASE()
[Thu, 11 Feb 16 10:38:39 +0000][INFO] DESCRIBE `hq_content_group`
[Thu, 11 Feb 16 10:38:39 +0000][INFO] INSERT INTO `hq_content_group` (`hcg_key`, `hcg_main`, `hcg_created_date`, `hcg_position`) VALUES (?, ?, ?, ?)
[Thu, 11 Feb 16 10:38:55 +0000][INFO] SELECT IF(COUNT(*) > 0, 1, 0) FROM `INFORMATION_SCHEMA`.`TABLES` WHERE `TABLE_NAME` = 'hq_content_group' AND `TABLE_SCHEMA` = DATABASE()
[Thu, 11 Feb 16 10:38:55 +0000][INFO] DESCRIBE `hq_content_group`
[Thu, 11 Feb 16 10:38:55 +0000][INFO] INSERT INTO `hq_content_group` (`hcg_key`, `hcg_main`, `hcg_created_date`, `hcg_position`) VALUES (?, ?, ?, ?)
[Thu, 11 Feb 16 10:39:08 +0000][INFO] SELECT IF(COUNT(*) > 0, 1, 0) FROM `INFORMATION_SCHEMA`.`TABLES` WHERE `TABLE_NAME` = 'hq_content_group' AND `TABLE_SCHEMA` = DATABASE()
[Thu, 11 Feb 16 10:39:08 +0000][INFO] DESCRIBE `hq_content_group`
[Thu, 11 Feb 16 10:39:08 +0000][INFO] INSERT INTO `hq_content_group` (`hcg_key`, `hcg_main`, `hcg_created_date`, `hcg_position`) VALUES (?, ?, ?, ?)
[Thu, 11 Feb 16 10:39:10 +0000][INFO] SELECT IF(COUNT(*) > 0, 1, 0) FROM `INFORMATION_SCHEMA`.`TABLES` WHERE `TABLE_NAME` = 'hq_content_group' AND `TABLE_SCHEMA` = DATABASE()
[Thu, 11 Feb 16 10:39:10 +0000][INFO] DESCRIBE `hq_content_group`
[Thu, 11 Feb 16 10:39:10 +0000][INFO] SELECT `hq_content_group`.`hcg_id`, `hq_content_group`.`hcg_key`, `hq_content_group`.`hcg_main`, `hq_content_group`.`hcg_created_date`, `hq_content_group`.`hcg_position` FROM `hq_content_group` ORDER BY `hq_content_group`.`hcg_id` DESC
[Thu, 11 Feb 16 10:39:15 +0000][INFO] SELECT IF(COUNT(*) > 0, 1, 0) FROM `INFORMATION_SCHEMA`.`TABLES` WHERE `TABLE_NAME` = 'hq_content_group' AND `TABLE_SCHEMA` = DATABASE()
[Thu, 11 Feb 16 10:39:15 +0000][INFO] DESCRIBE `hq_content_group`
[Thu, 11 Feb 16 10:39:15 +0000][INFO] SELECT `hq_content_group`.`hcg_id`, `hq_content_group`.`hcg_key`, `hq_content_group`.`hcg_main`, `hq_content_group`.`hcg_created_date`, `hq_content_group`.`hcg_position` FROM `hq_content_group` ORDER BY `hq_content_group`.`hcg_id` DESC
[Thu, 11 Feb 16 10:39:52 +0000][INFO] SELECT IF(COUNT(*) > 0, 1, 0) FROM `INFORMATION_SCHEMA`.`TABLES` WHERE `TABLE_NAME` = 'hq_content_group' AND `TABLE_SCHEMA` = DATABASE()
[Thu, 11 Feb 16 10:39:52 +0000][INFO] DESCRIBE `hq_content_group`
[Thu, 11 Feb 16 10:39:52 +0000][INFO] SELECT `hq_content_group`.`hcg_id`, `hq_content_group`.`hcg_key`, `hq_content_group`.`hcg_main`, `hq_content_group`.`hcg_created_date`, `hq_content_group`.`hcg_position` FROM `hq_content_group` WHERE `hq_content_group`.`hcg_id` = :id LIMIT :APL0
[Thu, 11 Feb 16 10:39:52 +0000][INFO] SELECT IF(COUNT(*) > 0, 1, 0) FROM `INFORMATION_SCHEMA`.`TABLES` WHERE `TABLE_NAME` = 'hq_content' AND `TABLE_SCHEMA` = DATABASE()
[Thu, 11 Feb 16 10:39:52 +0000][INFO] DESCRIBE `hq_content`
[Thu, 11 Feb 16 10:39:52 +0000][INFO] INSERT INTO `hq_content` (`hc_hcg_id`, `hc_hcg_key`, `hc_description`, `hc_title`, `hc_created_date`) VALUES (?, ?, ?, ?, ?)
[Thu, 11 Feb 16 10:40:04 +0000][INFO] SELECT IF(COUNT(*) > 0, 1, 0) FROM `INFORMATION_SCHEMA`.`TABLES` WHERE `TABLE_NAME` = 'hq_content_group' AND `TABLE_SCHEMA` = DATABASE()
[Thu, 11 Feb 16 10:40:04 +0000][INFO] DESCRIBE `hq_content_group`
[Thu, 11 Feb 16 10:40:04 +0000][INFO] SELECT `hq_content_group`.`hcg_id`, `hq_content_group`.`hcg_key`, `hq_content_group`.`hcg_main`, `hq_content_group`.`hcg_created_date`, `hq_content_group`.`hcg_position` FROM `hq_content_group` WHERE `hq_content_group`.`hcg_id` = :id LIMIT :APL0
[Thu, 11 Feb 16 10:40:04 +0000][INFO] SELECT IF(COUNT(*) > 0, 1, 0) FROM `INFORMATION_SCHEMA`.`TABLES` WHERE `TABLE_NAME` = 'hq_content' AND `TABLE_SCHEMA` = DATABASE()
[Thu, 11 Feb 16 10:40:04 +0000][INFO] DESCRIBE `hq_content`
[Thu, 11 Feb 16 10:40:04 +0000][INFO] INSERT INTO `hq_content` (`hc_hcg_id`, `hc_hcg_key`, `hc_description`, `hc_title`, `hc_created_date`) VALUES (?, ?, ?, ?, ?)
[Thu, 11 Feb 16 10:40:15 +0000][INFO] SELECT IF(COUNT(*) > 0, 1, 0) FROM `INFORMATION_SCHEMA`.`TABLES` WHERE `TABLE_NAME` = 'hq_content_group' AND `TABLE_SCHEMA` = DATABASE()
[Thu, 11 Feb 16 10:40:15 +0000][INFO] DESCRIBE `hq_content_group`
[Thu, 11 Feb 16 10:40:15 +0000][INFO] SELECT `hq_content_group`.`hcg_id`, `hq_content_group`.`hcg_key`, `hq_content_group`.`hcg_main`, `hq_content_group`.`hcg_created_date`, `hq_content_group`.`hcg_position` FROM `hq_content_group` WHERE `hq_content_group`.`hcg_id` = :id LIMIT :APL0
[Thu, 11 Feb 16 10:40:15 +0000][INFO] SELECT IF(COUNT(*) > 0, 1, 0) FROM `INFORMATION_SCHEMA`.`TABLES` WHERE `TABLE_NAME` = 'hq_content' AND `TABLE_SCHEMA` = DATABASE()
[Thu, 11 Feb 16 10:40:15 +0000][INFO] DESCRIBE `hq_content`
[Thu, 11 Feb 16 10:40:15 +0000][INFO] INSERT INTO `hq_content` (`hc_hcg_id`, `hc_hcg_key`, `hc_description`, `hc_title`, `hc_created_date`) VALUES (?, ?, ?, ?, ?)
[Thu, 11 Feb 16 10:40:42 +0000][INFO] SELECT IF(COUNT(*) > 0, 1, 0) FROM `INFORMATION_SCHEMA`.`TABLES` WHERE `TABLE_NAME` = 'hq_content_group' AND `TABLE_SCHEMA` = DATABASE()
[Thu, 11 Feb 16 10:40:42 +0000][INFO] DESCRIBE `hq_content_group`
[Thu, 11 Feb 16 10:40:42 +0000][INFO] SELECT `hq_content_group`.`hcg_id`, `hq_content_group`.`hcg_key`, `hq_content_group`.`hcg_main`, `hq_content_group`.`hcg_created_date`, `hq_content_group`.`hcg_position` FROM `hq_content_group` WHERE `hq_content_group`.`hcg_id` = :id LIMIT :APL0
[Thu, 11 Feb 16 10:40:42 +0000][INFO] SELECT IF(COUNT(*) > 0, 1, 0) FROM `INFORMATION_SCHEMA`.`TABLES` WHERE `TABLE_NAME` = 'hq_content' AND `TABLE_SCHEMA` = DATABASE()
[Thu, 11 Feb 16 10:40:42 +0000][INFO] DESCRIBE `hq_content`
[Thu, 11 Feb 16 10:40:42 +0000][INFO] INSERT INTO `hq_content` (`hc_hcg_id`, `hc_hcg_key`, `hc_description`, `hc_title`, `hc_created_date`) VALUES (?, ?, ?, ?, ?)
[Thu, 11 Feb 16 10:41:02 +0000][INFO] SELECT IF(COUNT(*) > 0, 1, 0) FROM `INFORMATION_SCHEMA`.`TABLES` WHERE `TABLE_NAME` = 'hq_content_group' AND `TABLE_SCHEMA` = DATABASE()
[Thu, 11 Feb 16 10:41:02 +0000][INFO] DESCRIBE `hq_content_group`
[Thu, 11 Feb 16 10:41:02 +0000][INFO] SELECT `hq_content_group`.`hcg_id`, `hq_content_group`.`hcg_key`, `hq_content_group`.`hcg_main`, `hq_content_group`.`hcg_created_date`, `hq_content_group`.`hcg_position` FROM `hq_content_group` WHERE `hq_content_group`.`hcg_id` = :id LIMIT :APL0
[Thu, 11 Feb 16 10:41:02 +0000][INFO] SELECT IF(COUNT(*) > 0, 1, 0) FROM `INFORMATION_SCHEMA`.`TABLES` WHERE `TABLE_NAME` = 'hq_content' AND `TABLE_SCHEMA` = DATABASE()
[Thu, 11 Feb 16 10:41:02 +0000][INFO] DESCRIBE `hq_content`
[Thu, 11 Feb 16 10:41:02 +0000][INFO] INSERT INTO `hq_content` (`hc_hcg_id`, `hc_hcg_key`, `hc_description`, `hc_title`, `hc_created_date`) VALUES (?, ?, ?, ?, ?)
[Thu, 11 Feb 16 10:41:35 +0000][INFO] SELECT IF(COUNT(*) > 0, 1, 0) FROM `INFORMATION_SCHEMA`.`TABLES` WHERE `TABLE_NAME` = 'hq_content_group' AND `TABLE_SCHEMA` = DATABASE()
[Thu, 11 Feb 16 10:41:35 +0000][INFO] DESCRIBE `hq_content_group`
[Thu, 11 Feb 16 10:41:35 +0000][INFO] SELECT `hq_content_group`.`hcg_id`, `hq_content_group`.`hcg_key`, `hq_content_group`.`hcg_main`, `hq_content_group`.`hcg_created_date`, `hq_content_group`.`hcg_position` FROM `hq_content_group` WHERE `hq_content_group`.`hcg_id` = :id LIMIT :APL0
[Thu, 11 Feb 16 10:41:35 +0000][INFO] SELECT IF(COUNT(*) > 0, 1, 0) FROM `INFORMATION_SCHEMA`.`TABLES` WHERE `TABLE_NAME` = 'hq_content' AND `TABLE_SCHEMA` = DATABASE()
[Thu, 11 Feb 16 10:41:35 +0000][INFO] DESCRIBE `hq_content`
[Thu, 11 Feb 16 10:41:35 +0000][INFO] INSERT INTO `hq_content` (`hc_hcg_id`, `hc_hcg_key`, `hc_description`, `hc_title`, `hc_created_date`) VALUES (?, ?, ?, ?, ?)
[Thu, 11 Feb 16 10:42:14 +0000][INFO] SELECT IF(COUNT(*) > 0, 1, 0) FROM `INFORMATION_SCHEMA`.`TABLES` WHERE `TABLE_NAME` = 'hq_content_group' AND `TABLE_SCHEMA` = DATABASE()
[Thu, 11 Feb 16 10:42:14 +0000][INFO] DESCRIBE `hq_content_group`
[Thu, 11 Feb 16 10:42:14 +0000][INFO] SELECT `hq_content_group`.`hcg_id`, `hq_content_group`.`hcg_key`, `hq_content_group`.`hcg_main`, `hq_content_group`.`hcg_created_date`, `hq_content_group`.`hcg_position` FROM `hq_content_group` WHERE `hq_content_group`.`hcg_id` = :id LIMIT :APL0
[Thu, 11 Feb 16 10:42:14 +0000][INFO] SELECT IF(COUNT(*) > 0, 1, 0) FROM `INFORMATION_SCHEMA`.`TABLES` WHERE `TABLE_NAME` = 'hq_content' AND `TABLE_SCHEMA` = DATABASE()
[Thu, 11 Feb 16 10:42:14 +0000][INFO] DESCRIBE `hq_content`
[Thu, 11 Feb 16 10:42:14 +0000][INFO] INSERT INTO `hq_content` (`hc_hcg_id`, `hc_hcg_key`, `hc_description`, `hc_title`, `hc_created_date`) VALUES (?, ?, ?, ?, ?)
[Thu, 11 Feb 16 10:42:30 +0000][INFO] SELECT IF(COUNT(*) > 0, 1, 0) FROM `INFORMATION_SCHEMA`.`TABLES` WHERE `TABLE_NAME` = 'hq_content_group' AND `TABLE_SCHEMA` = DATABASE()
[Thu, 11 Feb 16 10:42:30 +0000][INFO] DESCRIBE `hq_content_group`
[Thu, 11 Feb 16 10:42:30 +0000][INFO] SELECT `hq_content_group`.`hcg_id`, `hq_content_group`.`hcg_key`, `hq_content_group`.`hcg_main`, `hq_content_group`.`hcg_created_date`, `hq_content_group`.`hcg_position` FROM `hq_content_group` WHERE `hq_content_group`.`hcg_id` = :id LIMIT :APL0
[Thu, 11 Feb 16 10:42:30 +0000][INFO] SELECT IF(COUNT(*) > 0, 1, 0) FROM `INFORMATION_SCHEMA`.`TABLES` WHERE `TABLE_NAME` = 'hq_content' AND `TABLE_SCHEMA` = DATABASE()
[Thu, 11 Feb 16 10:42:30 +0000][INFO] DESCRIBE `hq_content`
[Thu, 11 Feb 16 10:42:30 +0000][INFO] INSERT INTO `hq_content` (`hc_hcg_id`, `hc_hcg_key`, `hc_description`, `hc_title`, `hc_created_date`) VALUES (?, ?, ?, ?, ?)
[Thu, 11 Feb 16 10:42:49 +0000][INFO] SELECT IF(COUNT(*) > 0, 1, 0) FROM `INFORMATION_SCHEMA`.`TABLES` WHERE `TABLE_NAME` = 'hq_content_group' AND `TABLE_SCHEMA` = DATABASE()
[Thu, 11 Feb 16 10:42:49 +0000][INFO] DESCRIBE `hq_content_group`
[Thu, 11 Feb 16 10:42:49 +0000][INFO] SELECT `hq_content_group`.`hcg_id`, `hq_content_group`.`hcg_key`, `hq_content_group`.`hcg_main`, `hq_content_group`.`hcg_created_date`, `hq_content_group`.`hcg_position` FROM `hq_content_group` WHERE `hq_content_group`.`hcg_id` = :id LIMIT :APL0
[Thu, 11 Feb 16 10:42:49 +0000][INFO] SELECT IF(COUNT(*) > 0, 1, 0) FROM `INFORMATION_SCHEMA`.`TABLES` WHERE `TABLE_NAME` = 'hq_content' AND `TABLE_SCHEMA` = DATABASE()
[Thu, 11 Feb 16 10:42:49 +0000][INFO] DESCRIBE `hq_content`
[Thu, 11 Feb 16 10:42:49 +0000][INFO] INSERT INTO `hq_content` (`hc_hcg_id`, `hc_hcg_key`, `hc_description`, `hc_title`, `hc_created_date`) VALUES (?, ?, ?, ?, ?)
[Thu, 11 Feb 16 10:42:55 +0000][INFO] SELECT IF(COUNT(*) > 0, 1, 0) FROM `INFORMATION_SCHEMA`.`TABLES` WHERE `TABLE_NAME` = 'hq_content' AND `TABLE_SCHEMA` = DATABASE()
[Thu, 11 Feb 16 10:42:55 +0000][INFO] DESCRIBE `hq_content`
[Thu, 11 Feb 16 10:42:55 +0000][INFO] SELECT `hq_content`.`hc_id`, `hq_content`.`hc_hcg_id`, `hq_content`.`hc_hcg_key`, `hq_content`.`hc_description`, `hq_content`.`hc_title`, `hq_content`.`hc_created_date` FROM `hq_content` WHERE DATE(`hq_content`.`hc_created_date`) >= :from_date
[Thu, 11 Feb 16 10:48:01 +0000][INFO] SELECT IF(COUNT(*) > 0, 1, 0) FROM `INFORMATION_SCHEMA`.`TABLES` WHERE `TABLE_NAME` = 'hq_content_group' AND `TABLE_SCHEMA` = DATABASE()
[Thu, 11 Feb 16 10:48:01 +0000][INFO] DESCRIBE `hq_content_group`
[Thu, 11 Feb 16 10:48:01 +0000][INFO] INSERT INTO `hq_content_group` (`hcg_key`, `hcg_main`, `hcg_created_date`, `hcg_position`) VALUES (?, ?, ?, ?)
[Thu, 11 Feb 16 10:48:19 +0000][INFO] SELECT IF(COUNT(*) > 0, 1, 0) FROM `INFORMATION_SCHEMA`.`TABLES` WHERE `TABLE_NAME` = 'hq_content_group' AND `TABLE_SCHEMA` = DATABASE()
[Thu, 11 Feb 16 10:48:19 +0000][INFO] DESCRIBE `hq_content_group`
[Thu, 11 Feb 16 10:48:19 +0000][INFO] INSERT INTO `hq_content_group` (`hcg_key`, `hcg_main`, `hcg_created_date`, `hcg_position`) VALUES (?, ?, ?, ?)
[Thu, 11 Feb 16 10:48:33 +0000][INFO] SELECT IF(COUNT(*) > 0, 1, 0) FROM `INFORMATION_SCHEMA`.`TABLES` WHERE `TABLE_NAME` = 'hq_content_group' AND `TABLE_SCHEMA` = DATABASE()
[Thu, 11 Feb 16 10:48:33 +0000][INFO] DESCRIBE `hq_content_group`
[Thu, 11 Feb 16 10:48:33 +0000][INFO] INSERT INTO `hq_content_group` (`hcg_key`, `hcg_main`, `hcg_created_date`, `hcg_position`) VALUES (?, ?, ?, ?)
[Thu, 11 Feb 16 10:48:38 +0000][INFO] SELECT IF(COUNT(*) > 0, 1, 0) FROM `INFORMATION_SCHEMA`.`TABLES` WHERE `TABLE_NAME` = 'hq_content_group' AND `TABLE_SCHEMA` = DATABASE()
[Thu, 11 Feb 16 10:48:38 +0000][INFO] DESCRIBE `hq_content_group`
[Thu, 11 Feb 16 10:48:38 +0000][INFO] SELECT `hq_content_group`.`hcg_id`, `hq_content_group`.`hcg_key`, `hq_content_group`.`hcg_main`, `hq_content_group`.`hcg_created_date`, `hq_content_group`.`hcg_position` FROM `hq_content_group` ORDER BY `hq_content_group`.`hcg_id` DESC
[Thu, 11 Feb 16 10:48:56 +0000][INFO] SELECT IF(COUNT(*) > 0, 1, 0) FROM `INFORMATION_SCHEMA`.`TABLES` WHERE `TABLE_NAME` = 'hq_content_group' AND `TABLE_SCHEMA` = DATABASE()
[Thu, 11 Feb 16 10:48:56 +0000][INFO] DESCRIBE `hq_content_group`
[Thu, 11 Feb 16 10:48:56 +0000][INFO] SELECT `hq_content_group`.`hcg_id`, `hq_content_group`.`hcg_key`, `hq_content_group`.`hcg_main`, `hq_content_group`.`hcg_created_date`, `hq_content_group`.`hcg_position` FROM `hq_content_group` ORDER BY `hq_content_group`.`hcg_id` DESC
[Thu, 11 Feb 16 10:49:29 +0000][INFO] SELECT IF(COUNT(*) > 0, 1, 0) FROM `INFORMATION_SCHEMA`.`TABLES` WHERE `TABLE_NAME` = 'hq_content_group' AND `TABLE_SCHEMA` = DATABASE()
[Thu, 11 Feb 16 10:49:29 +0000][INFO] DESCRIBE `hq_content_group`
[Thu, 11 Feb 16 10:49:29 +0000][INFO] SELECT `hq_content_group`.`hcg_id`, `hq_content_group`.`hcg_key`, `hq_content_group`.`hcg_main`, `hq_content_group`.`hcg_created_date`, `hq_content_group`.`hcg_position` FROM `hq_content_group` WHERE `hq_content_group`.`hcg_id` = :id LIMIT :APL0
[Thu, 11 Feb 16 10:49:29 +0000][INFO] SELECT IF(COUNT(*) > 0, 1, 0) FROM `INFORMATION_SCHEMA`.`TABLES` WHERE `TABLE_NAME` = 'hq_content' AND `TABLE_SCHEMA` = DATABASE()
[Thu, 11 Feb 16 10:49:29 +0000][INFO] DESCRIBE `hq_content`
[Thu, 11 Feb 16 10:49:29 +0000][INFO] INSERT INTO `hq_content` (`hc_hcg_id`, `hc_hcg_key`, `hc_description`, `hc_title`, `hc_created_date`) VALUES (?, ?, ?, ?, ?)
[Thu, 11 Feb 16 10:49:40 +0000][INFO] SELECT IF(COUNT(*) > 0, 1, 0) FROM `INFORMATION_SCHEMA`.`TABLES` WHERE `TABLE_NAME` = 'hq_content_group' AND `TABLE_SCHEMA` = DATABASE()
[Thu, 11 Feb 16 10:49:40 +0000][INFO] DESCRIBE `hq_content_group`
[Thu, 11 Feb 16 10:49:41 +0000][INFO] SELECT `hq_content_group`.`hcg_id`, `hq_content_group`.`hcg_key`, `hq_content_group`.`hcg_main`, `hq_content_group`.`hcg_created_date`, `hq_content_group`.`hcg_position` FROM `hq_content_group` WHERE `hq_content_group`.`hcg_id` = :id LIMIT :APL0
[Thu, 11 Feb 16 10:49:41 +0000][INFO] SELECT IF(COUNT(*) > 0, 1, 0) FROM `INFORMATION_SCHEMA`.`TABLES` WHERE `TABLE_NAME` = 'hq_content' AND `TABLE_SCHEMA` = DATABASE()
[Thu, 11 Feb 16 10:49:41 +0000][INFO] DESCRIBE `hq_content`
[Thu, 11 Feb 16 10:49:41 +0000][INFO] INSERT INTO `hq_content` (`hc_hcg_id`, `hc_hcg_key`, `hc_description`, `hc_title`, `hc_created_date`) VALUES (?, ?, ?, ?, ?)
[Thu, 11 Feb 16 10:49:51 +0000][INFO] SELECT IF(COUNT(*) > 0, 1, 0) FROM `INFORMATION_SCHEMA`.`TABLES` WHERE `TABLE_NAME` = 'hq_content_group' AND `TABLE_SCHEMA` = DATABASE()
[Thu, 11 Feb 16 10:49:51 +0000][INFO] DESCRIBE `hq_content_group`
[Thu, 11 Feb 16 10:49:51 +0000][INFO] SELECT `hq_content_group`.`hcg_id`, `hq_content_group`.`hcg_key`, `hq_content_group`.`hcg_main`, `hq_content_group`.`hcg_created_date`, `hq_content_group`.`hcg_position` FROM `hq_content_group` WHERE `hq_content_group`.`hcg_id` = :id LIMIT :APL0
[Thu, 11 Feb 16 10:49:51 +0000][INFO] SELECT IF(COUNT(*) > 0, 1, 0) FROM `INFORMATION_SCHEMA`.`TABLES` WHERE `TABLE_NAME` = 'hq_content' AND `TABLE_SCHEMA` = DATABASE()
[Thu, 11 Feb 16 10:49:51 +0000][INFO] DESCRIBE `hq_content`
[Thu, 11 Feb 16 10:49:51 +0000][INFO] INSERT INTO `hq_content` (`hc_hcg_id`, `hc_hcg_key`, `hc_description`, `hc_title`, `hc_created_date`) VALUES (?, ?, ?, ?, ?)
[Thu, 11 Feb 16 10:50:17 +0000][INFO] SELECT IF(COUNT(*) > 0, 1, 0) FROM `INFORMATION_SCHEMA`.`TABLES` WHERE `TABLE_NAME` = 'hq_content_group' AND `TABLE_SCHEMA` = DATABASE()
[Thu, 11 Feb 16 10:50:17 +0000][INFO] DESCRIBE `hq_content_group`
[Thu, 11 Feb 16 10:50:17 +0000][INFO] SELECT `hq_content_group`.`hcg_id`, `hq_content_group`.`hcg_key`, `hq_content_group`.`hcg_main`, `hq_content_group`.`hcg_created_date`, `hq_content_group`.`hcg_position` FROM `hq_content_group` WHERE `hq_content_group`.`hcg_id` = :id LIMIT :APL0
[Thu, 11 Feb 16 10:50:17 +0000][INFO] SELECT IF(COUNT(*) > 0, 1, 0) FROM `INFORMATION_SCHEMA`.`TABLES` WHERE `TABLE_NAME` = 'hq_content' AND `TABLE_SCHEMA` = DATABASE()
[Thu, 11 Feb 16 10:50:17 +0000][INFO] DESCRIBE `hq_content`
[Thu, 11 Feb 16 10:50:17 +0000][INFO] INSERT INTO `hq_content` (`hc_hcg_id`, `hc_hcg_key`, `hc_description`, `hc_title`, `hc_created_date`) VALUES (?, ?, ?, ?, ?)
[Thu, 11 Feb 16 10:50:50 +0000][INFO] SELECT IF(COUNT(*) > 0, 1, 0) FROM `INFORMATION_SCHEMA`.`TABLES` WHERE `TABLE_NAME` = 'hq_content_group' AND `TABLE_SCHEMA` = DATABASE()
[Thu, 11 Feb 16 10:50:50 +0000][INFO] DESCRIBE `hq_content_group`
[Thu, 11 Feb 16 10:50:50 +0000][INFO] SELECT `hq_content_group`.`hcg_id`, `hq_content_group`.`hcg_key`, `hq_content_group`.`hcg_main`, `hq_content_group`.`hcg_created_date`, `hq_content_group`.`hcg_position` FROM `hq_content_group` WHERE `hq_content_group`.`hcg_id` = :id LIMIT :APL0
[Thu, 11 Feb 16 10:50:50 +0000][INFO] SELECT IF(COUNT(*) > 0, 1, 0) FROM `INFORMATION_SCHEMA`.`TABLES` WHERE `TABLE_NAME` = 'hq_content' AND `TABLE_SCHEMA` = DATABASE()
[Thu, 11 Feb 16 10:50:50 +0000][INFO] DESCRIBE `hq_content`
[Thu, 11 Feb 16 10:50:50 +0000][INFO] INSERT INTO `hq_content` (`hc_hcg_id`, `hc_hcg_key`, `hc_description`, `hc_title`, `hc_created_date`) VALUES (?, ?, ?, ?, ?)
[Thu, 11 Feb 16 10:51:06 +0000][INFO] SELECT IF(COUNT(*) > 0, 1, 0) FROM `INFORMATION_SCHEMA`.`TABLES` WHERE `TABLE_NAME` = 'hq_content_group' AND `TABLE_SCHEMA` = DATABASE()
[Thu, 11 Feb 16 10:51:06 +0000][INFO] DESCRIBE `hq_content_group`
[Thu, 11 Feb 16 10:51:06 +0000][INFO] SELECT `hq_content_group`.`hcg_id`, `hq_content_group`.`hcg_key`, `hq_content_group`.`hcg_main`, `hq_content_group`.`hcg_created_date`, `hq_content_group`.`hcg_position` FROM `hq_content_group` WHERE `hq_content_group`.`hcg_id` = :id LIMIT :APL0
[Thu, 11 Feb 16 10:51:06 +0000][INFO] SELECT IF(COUNT(*) > 0, 1, 0) FROM `INFORMATION_SCHEMA`.`TABLES` WHERE `TABLE_NAME` = 'hq_content' AND `TABLE_SCHEMA` = DATABASE()
[Thu, 11 Feb 16 10:51:06 +0000][INFO] DESCRIBE `hq_content`
[Thu, 11 Feb 16 10:51:06 +0000][INFO] INSERT INTO `hq_content` (`hc_hcg_id`, `hc_hcg_key`, `hc_description`, `hc_title`, `hc_created_date`) VALUES (?, ?, ?, ?, ?)
[Thu, 11 Feb 16 10:53:09 +0000][INFO] SELECT IF(COUNT(*) > 0, 1, 0) FROM `INFORMATION_SCHEMA`.`TABLES` WHERE `TABLE_NAME` = 'hq_content_group' AND `TABLE_SCHEMA` = DATABASE()
[Thu, 11 Feb 16 10:53:09 +0000][INFO] DESCRIBE `hq_content_group`
[Thu, 11 Feb 16 10:53:09 +0000][INFO] SELECT `hq_content_group`.`hcg_id`, `hq_content_group`.`hcg_key`, `hq_content_group`.`hcg_main`, `hq_content_group`.`hcg_created_date`, `hq_content_group`.`hcg_position` FROM `hq_content_group` WHERE `hq_content_group`.`hcg_id` = :id LIMIT :APL0
[Thu, 11 Feb 16 10:53:09 +0000][INFO] SELECT IF(COUNT(*) > 0, 1, 0) FROM `INFORMATION_SCHEMA`.`TABLES` WHERE `TABLE_NAME` = 'hq_content' AND `TABLE_SCHEMA` = DATABASE()
[Thu, 11 Feb 16 10:53:09 +0000][INFO] DESCRIBE `hq_content`
[Thu, 11 Feb 16 10:53:09 +0000][INFO] INSERT INTO `hq_content` (`hc_hcg_id`, `hc_hcg_key`, `hc_description`, `hc_title`, `hc_created_date`) VALUES (?, ?, ?, ?, ?)
[Thu, 11 Feb 16 10:53:24 +0000][INFO] SELECT IF(COUNT(*) > 0, 1, 0) FROM `INFORMATION_SCHEMA`.`TABLES` WHERE `TABLE_NAME` = 'hq_content_group' AND `TABLE_SCHEMA` = DATABASE()
[Thu, 11 Feb 16 10:53:24 +0000][INFO] DESCRIBE `hq_content_group`
[Thu, 11 Feb 16 10:53:24 +0000][INFO] SELECT `hq_content_group`.`hcg_id`, `hq_content_group`.`hcg_key`, `hq_content_group`.`hcg_main`, `hq_content_group`.`hcg_created_date`, `hq_content_group`.`hcg_position` FROM `hq_content_group` WHERE `hq_content_group`.`hcg_id` = :id LIMIT :APL0
[Thu, 11 Feb 16 10:53:24 +0000][INFO] SELECT IF(COUNT(*) > 0, 1, 0) FROM `INFORMATION_SCHEMA`.`TABLES` WHERE `TABLE_NAME` = 'hq_content' AND `TABLE_SCHEMA` = DATABASE()
[Thu, 11 Feb 16 10:53:24 +0000][INFO] DESCRIBE `hq_content`
[Thu, 11 Feb 16 10:53:24 +0000][INFO] INSERT INTO `hq_content` (`hc_hcg_id`, `hc_hcg_key`, `hc_description`, `hc_title`, `hc_created_date`) VALUES (?, ?, ?, ?, ?)
[Thu, 11 Feb 16 10:53:40 +0000][INFO] SELECT IF(COUNT(*) > 0, 1, 0) FROM `INFORMATION_SCHEMA`.`TABLES` WHERE `TABLE_NAME` = 'hq_content_group' AND `TABLE_SCHEMA` = DATABASE()
[Thu, 11 Feb 16 10:53:40 +0000][INFO] DESCRIBE `hq_content_group`
[Thu, 11 Feb 16 10:53:40 +0000][INFO] SELECT `hq_content_group`.`hcg_id`, `hq_content_group`.`hcg_key`, `hq_content_group`.`hcg_main`, `hq_content_group`.`hcg_created_date`, `hq_content_group`.`hcg_position` FROM `hq_content_group` WHERE `hq_content_group`.`hcg_id` = :id LIMIT :APL0
[Thu, 11 Feb 16 10:53:40 +0000][INFO] SELECT IF(COUNT(*) > 0, 1, 0) FROM `INFORMATION_SCHEMA`.`TABLES` WHERE `TABLE_NAME` = 'hq_content' AND `TABLE_SCHEMA` = DATABASE()
[Thu, 11 Feb 16 10:53:40 +0000][INFO] DESCRIBE `hq_content`
[Thu, 11 Feb 16 10:53:40 +0000][INFO] INSERT INTO `hq_content` (`hc_hcg_id`, `hc_hcg_key`, `hc_description`, `hc_title`, `hc_created_date`) VALUES (?, ?, ?, ?, ?)
[Thu, 11 Feb 16 10:56:35 +0000][INFO] SELECT IF(COUNT(*) > 0, 1, 0) FROM `INFORMATION_SCHEMA`.`TABLES` WHERE `TABLE_NAME` = 'hq_content_group' AND `TABLE_SCHEMA` = DATABASE()
[Thu, 11 Feb 16 10:56:35 +0000][INFO] DESCRIBE `hq_content_group`
[Thu, 11 Feb 16 10:56:35 +0000][INFO] INSERT INTO `hq_content_group` (`hcg_key`, `hcg_main`, `hcg_created_date`, `hcg_position`) VALUES (?, ?, ?, ?)
[Thu, 11 Feb 16 10:56:50 +0000][INFO] SELECT IF(COUNT(*) > 0, 1, 0) FROM `INFORMATION_SCHEMA`.`TABLES` WHERE `TABLE_NAME` = 'hq_content_group' AND `TABLE_SCHEMA` = DATABASE()
[Thu, 11 Feb 16 10:56:50 +0000][INFO] DESCRIBE `hq_content_group`
[Thu, 11 Feb 16 10:56:50 +0000][INFO] INSERT INTO `hq_content_group` (`hcg_key`, `hcg_main`, `hcg_created_date`, `hcg_position`) VALUES (?, ?, ?, ?)
[Thu, 11 Feb 16 10:57:03 +0000][INFO] SELECT IF(COUNT(*) > 0, 1, 0) FROM `INFORMATION_SCHEMA`.`TABLES` WHERE `TABLE_NAME` = 'hq_content_group' AND `TABLE_SCHEMA` = DATABASE()
[Thu, 11 Feb 16 10:57:03 +0000][INFO] DESCRIBE `hq_content_group`
[Thu, 11 Feb 16 10:57:03 +0000][INFO] INSERT INTO `hq_content_group` (`hcg_key`, `hcg_main`, `hcg_created_date`, `hcg_position`) VALUES (?, ?, ?, ?)
[Thu, 11 Feb 16 10:57:10 +0000][INFO] SELECT IF(COUNT(*) > 0, 1, 0) FROM `INFORMATION_SCHEMA`.`TABLES` WHERE `TABLE_NAME` = 'hq_content_group' AND `TABLE_SCHEMA` = DATABASE()
[Thu, 11 Feb 16 10:57:10 +0000][INFO] DESCRIBE `hq_content_group`
[Thu, 11 Feb 16 10:57:10 +0000][INFO] SELECT `hq_content_group`.`hcg_id`, `hq_content_group`.`hcg_key`, `hq_content_group`.`hcg_main`, `hq_content_group`.`hcg_created_date`, `hq_content_group`.`hcg_position` FROM `hq_content_group` ORDER BY `hq_content_group`.`hcg_id` DESC
[Thu, 11 Feb 16 10:57:12 +0000][INFO] SELECT IF(COUNT(*) > 0, 1, 0) FROM `INFORMATION_SCHEMA`.`TABLES` WHERE `TABLE_NAME` = 'hq_content_group' AND `TABLE_SCHEMA` = DATABASE()
[Thu, 11 Feb 16 10:57:12 +0000][INFO] DESCRIBE `hq_content_group`
[Thu, 11 Feb 16 10:57:12 +0000][INFO] SELECT `hq_content_group`.`hcg_id`, `hq_content_group`.`hcg_key`, `hq_content_group`.`hcg_main`, `hq_content_group`.`hcg_created_date`, `hq_content_group`.`hcg_position` FROM `hq_content_group` ORDER BY `hq_content_group`.`hcg_id` DESC
[Thu, 11 Feb 16 10:57:56 +0000][INFO] SELECT IF(COUNT(*) > 0, 1, 0) FROM `INFORMATION_SCHEMA`.`TABLES` WHERE `TABLE_NAME` = 'hq_content_group' AND `TABLE_SCHEMA` = DATABASE()
[Thu, 11 Feb 16 10:57:56 +0000][INFO] DESCRIBE `hq_content_group`
[Thu, 11 Feb 16 10:57:56 +0000][INFO] SELECT `hq_content_group`.`hcg_id`, `hq_content_group`.`hcg_key`, `hq_content_group`.`hcg_main`, `hq_content_group`.`hcg_created_date`, `hq_content_group`.`hcg_position` FROM `hq_content_group` WHERE `hq_content_group`.`hcg_id` = :id LIMIT :APL0
[Thu, 11 Feb 16 10:57:56 +0000][INFO] SELECT IF(COUNT(*) > 0, 1, 0) FROM `INFORMATION_SCHEMA`.`TABLES` WHERE `TABLE_NAME` = 'hq_content' AND `TABLE_SCHEMA` = DATABASE()
[Thu, 11 Feb 16 10:57:56 +0000][INFO] DESCRIBE `hq_content`
[Thu, 11 Feb 16 10:57:56 +0000][INFO] INSERT INTO `hq_content` (`hc_hcg_id`, `hc_hcg_key`, `hc_description`, `hc_title`, `hc_created_date`) VALUES (?, ?, ?, ?, ?)
[Thu, 11 Feb 16 10:58:09 +0000][INFO] SELECT IF(COUNT(*) > 0, 1, 0) FROM `INFORMATION_SCHEMA`.`TABLES` WHERE `TABLE_NAME` = 'hq_content_group' AND `TABLE_SCHEMA` = DATABASE()
[Thu, 11 Feb 16 10:58:09 +0000][INFO] DESCRIBE `hq_content_group`
[Thu, 11 Feb 16 10:58:09 +0000][INFO] SELECT `hq_content_group`.`hcg_id`, `hq_content_group`.`hcg_key`, `hq_content_group`.`hcg_main`, `hq_content_group`.`hcg_created_date`, `hq_content_group`.`hcg_position` FROM `hq_content_group` WHERE `hq_content_group`.`hcg_id` = :id LIMIT :APL0
[Thu, 11 Feb 16 10:58:09 +0000][INFO] SELECT IF(COUNT(*) > 0, 1, 0) FROM `INFORMATION_SCHEMA`.`TABLES` WHERE `TABLE_NAME` = 'hq_content' AND `TABLE_SCHEMA` = DATABASE()
[Thu, 11 Feb 16 10:58:09 +0000][INFO] DESCRIBE `hq_content`
[Thu, 11 Feb 16 10:58:09 +0000][INFO] INSERT INTO `hq_content` (`hc_hcg_id`, `hc_hcg_key`, `hc_description`, `hc_title`, `hc_created_date`) VALUES (?, ?, ?, ?, ?)
[Thu, 11 Feb 16 10:58:25 +0000][INFO] SELECT IF(COUNT(*) > 0, 1, 0) FROM `INFORMATION_SCHEMA`.`TABLES` WHERE `TABLE_NAME` = 'hq_content_group' AND `TABLE_SCHEMA` = DATABASE()
[Thu, 11 Feb 16 10:58:25 +0000][INFO] DESCRIBE `hq_content_group`
[Thu, 11 Feb 16 10:58:25 +0000][INFO] SELECT `hq_content_group`.`hcg_id`, `hq_content_group`.`hcg_key`, `hq_content_group`.`hcg_main`, `hq_content_group`.`hcg_created_date`, `hq_content_group`.`hcg_position` FROM `hq_content_group` WHERE `hq_content_group`.`hcg_id` = :id LIMIT :APL0
[Thu, 11 Feb 16 10:58:25 +0000][INFO] SELECT IF(COUNT(*) > 0, 1, 0) FROM `INFORMATION_SCHEMA`.`TABLES` WHERE `TABLE_NAME` = 'hq_content' AND `TABLE_SCHEMA` = DATABASE()
[Thu, 11 Feb 16 10:58:25 +0000][INFO] DESCRIBE `hq_content`
[Thu, 11 Feb 16 10:58:25 +0000][INFO] INSERT INTO `hq_content` (`hc_hcg_id`, `hc_hcg_key`, `hc_description`, `hc_title`, `hc_created_date`) VALUES (?, ?, ?, ?, ?)
[Thu, 11 Feb 16 10:58:54 +0000][INFO] SELECT IF(COUNT(*) > 0, 1, 0) FROM `INFORMATION_SCHEMA`.`TABLES` WHERE `TABLE_NAME` = 'hq_content_group' AND `TABLE_SCHEMA` = DATABASE()
[Thu, 11 Feb 16 10:58:54 +0000][INFO] DESCRIBE `hq_content_group`
[Thu, 11 Feb 16 10:58:54 +0000][INFO] SELECT `hq_content_group`.`hcg_id`, `hq_content_group`.`hcg_key`, `hq_content_group`.`hcg_main`, `hq_content_group`.`hcg_created_date`, `hq_content_group`.`hcg_position` FROM `hq_content_group` WHERE `hq_content_group`.`hcg_id` = :id LIMIT :APL0
[Thu, 11 Feb 16 10:58:54 +0000][INFO] SELECT IF(COUNT(*) > 0, 1, 0) FROM `INFORMATION_SCHEMA`.`TABLES` WHERE `TABLE_NAME` = 'hq_content' AND `TABLE_SCHEMA` = DATABASE()
[Thu, 11 Feb 16 10:58:54 +0000][INFO] DESCRIBE `hq_content`
[Thu, 11 Feb 16 10:58:54 +0000][INFO] INSERT INTO `hq_content` (`hc_hcg_id`, `hc_hcg_key`, `hc_description`, `hc_title`, `hc_created_date`) VALUES (?, ?, ?, ?, ?)
[Thu, 11 Feb 16 10:59:05 +0000][INFO] SELECT IF(COUNT(*) > 0, 1, 0) FROM `INFORMATION_SCHEMA`.`TABLES` WHERE `TABLE_NAME` = 'hq_content_group' AND `TABLE_SCHEMA` = DATABASE()
[Thu, 11 Feb 16 10:59:05 +0000][INFO] DESCRIBE `hq_content_group`
[Thu, 11 Feb 16 10:59:05 +0000][INFO] SELECT `hq_content_group`.`hcg_id`, `hq_content_group`.`hcg_key`, `hq_content_group`.`hcg_main`, `hq_content_group`.`hcg_created_date`, `hq_content_group`.`hcg_position` FROM `hq_content_group` WHERE `hq_content_group`.`hcg_id` = :id LIMIT :APL0
[Thu, 11 Feb 16 10:59:05 +0000][INFO] SELECT IF(COUNT(*) > 0, 1, 0) FROM `INFORMATION_SCHEMA`.`TABLES` WHERE `TABLE_NAME` = 'hq_content' AND `TABLE_SCHEMA` = DATABASE()
[Thu, 11 Feb 16 10:59:05 +0000][INFO] DESCRIBE `hq_content`
[Thu, 11 Feb 16 10:59:05 +0000][INFO] INSERT INTO `hq_content` (`hc_hcg_id`, `hc_hcg_key`, `hc_description`, `hc_title`, `hc_created_date`) VALUES (?, ?, ?, ?, ?)
[Thu, 11 Feb 16 10:59:20 +0000][INFO] SELECT IF(COUNT(*) > 0, 1, 0) FROM `INFORMATION_SCHEMA`.`TABLES` WHERE `TABLE_NAME` = 'hq_content_group' AND `TABLE_SCHEMA` = DATABASE()
[Thu, 11 Feb 16 10:59:20 +0000][INFO] DESCRIBE `hq_content_group`
[Thu, 11 Feb 16 10:59:20 +0000][INFO] SELECT `hq_content_group`.`hcg_id`, `hq_content_group`.`hcg_key`, `hq_content_group`.`hcg_main`, `hq_content_group`.`hcg_created_date`, `hq_content_group`.`hcg_position` FROM `hq_content_group` WHERE `hq_content_group`.`hcg_id` = :id LIMIT :APL0
[Thu, 11 Feb 16 10:59:20 +0000][INFO] SELECT IF(COUNT(*) > 0, 1, 0) FROM `INFORMATION_SCHEMA`.`TABLES` WHERE `TABLE_NAME` = 'hq_content' AND `TABLE_SCHEMA` = DATABASE()
[Thu, 11 Feb 16 10:59:20 +0000][INFO] DESCRIBE `hq_content`
[Thu, 11 Feb 16 10:59:20 +0000][INFO] INSERT INTO `hq_content` (`hc_hcg_id`, `hc_hcg_key`, `hc_description`, `hc_title`, `hc_created_date`) VALUES (?, ?, ?, ?, ?)
[Thu, 11 Feb 16 11:00:01 +0000][INFO] SELECT IF(COUNT(*) > 0, 1, 0) FROM `INFORMATION_SCHEMA`.`TABLES` WHERE `TABLE_NAME` = 'hq_content_group' AND `TABLE_SCHEMA` = DATABASE()
[Thu, 11 Feb 16 11:00:01 +0000][INFO] DESCRIBE `hq_content_group`
[Thu, 11 Feb 16 11:00:01 +0000][INFO] SELECT `hq_content_group`.`hcg_id`, `hq_content_group`.`hcg_key`, `hq_content_group`.`hcg_main`, `hq_content_group`.`hcg_created_date`, `hq_content_group`.`hcg_position` FROM `hq_content_group` WHERE `hq_content_group`.`hcg_id` = :id LIMIT :APL0
[Thu, 11 Feb 16 11:00:01 +0000][INFO] SELECT IF(COUNT(*) > 0, 1, 0) FROM `INFORMATION_SCHEMA`.`TABLES` WHERE `TABLE_NAME` = 'hq_content' AND `TABLE_SCHEMA` = DATABASE()
[Thu, 11 Feb 16 11:00:01 +0000][INFO] DESCRIBE `hq_content`
[Thu, 11 Feb 16 11:00:01 +0000][INFO] INSERT INTO `hq_content` (`hc_hcg_id`, `hc_hcg_key`, `hc_description`, `hc_title`, `hc_created_date`) VALUES (?, ?, ?, ?, ?)
[Thu, 11 Feb 16 11:00:24 +0000][INFO] SELECT IF(COUNT(*) > 0, 1, 0) FROM `INFORMATION_SCHEMA`.`TABLES` WHERE `TABLE_NAME` = 'hq_content_group' AND `TABLE_SCHEMA` = DATABASE()
[Thu, 11 Feb 16 11:00:24 +0000][INFO] DESCRIBE `hq_content_group`
[Thu, 11 Feb 16 11:00:24 +0000][INFO] SELECT `hq_content_group`.`hcg_id`, `hq_content_group`.`hcg_key`, `hq_content_group`.`hcg_main`, `hq_content_group`.`hcg_created_date`, `hq_content_group`.`hcg_position` FROM `hq_content_group` WHERE `hq_content_group`.`hcg_id` = :id LIMIT :APL0
[Thu, 11 Feb 16 11:00:24 +0000][INFO] SELECT IF(COUNT(*) > 0, 1, 0) FROM `INFORMATION_SCHEMA`.`TABLES` WHERE `TABLE_NAME` = 'hq_content' AND `TABLE_SCHEMA` = DATABASE()
[Thu, 11 Feb 16 11:00:24 +0000][INFO] DESCRIBE `hq_content`
[Thu, 11 Feb 16 11:00:24 +0000][INFO] INSERT INTO `hq_content` (`hc_hcg_id`, `hc_hcg_key`, `hc_description`, `hc_title`, `hc_created_date`) VALUES (?, ?, ?, ?, ?)
[Thu, 11 Feb 16 11:00:49 +0000][INFO] SELECT IF(COUNT(*) > 0, 1, 0) FROM `INFORMATION_SCHEMA`.`TABLES` WHERE `TABLE_NAME` = 'hq_content_group' AND `TABLE_SCHEMA` = DATABASE()
[Thu, 11 Feb 16 11:00:49 +0000][INFO] DESCRIBE `hq_content_group`
[Thu, 11 Feb 16 11:00:49 +0000][INFO] SELECT `hq_content_group`.`hcg_id`, `hq_content_group`.`hcg_key`, `hq_content_group`.`hcg_main`, `hq_content_group`.`hcg_created_date`, `hq_content_group`.`hcg_position` FROM `hq_content_group` WHERE `hq_content_group`.`hcg_id` = :id LIMIT :APL0
[Thu, 11 Feb 16 11:00:49 +0000][INFO] SELECT IF(COUNT(*) > 0, 1, 0) FROM `INFORMATION_SCHEMA`.`TABLES` WHERE `TABLE_NAME` = 'hq_content' AND `TABLE_SCHEMA` = DATABASE()
[Thu, 11 Feb 16 11:00:49 +0000][INFO] DESCRIBE `hq_content`
[Thu, 11 Feb 16 11:00:49 +0000][INFO] INSERT INTO `hq_content` (`hc_hcg_id`, `hc_hcg_key`, `hc_description`, `hc_title`, `hc_created_date`) VALUES (?, ?, ?, ?, ?)
