[Wed, 27 Jan 16 09:35:35 +0000][INFO] SELECT IF(COUNT(*) > 0, 1, 0) FROM `INFORMATION_SCHEMA`.`TABLES` WHERE `TABLE_NAME` = 'hq_admin_role' AND `TABLE_SCHEMA` = DATABASE()
[Wed, 27 Jan 16 09:35:35 +0000][INFO] DESCRIBE `hq_admin_role`
[Wed, 27 Jan 16 09:35:35 +0000][INFO] SELECT IF(COUNT(*) > 0, 1, 0) FROM `INFORMATION_SCHEMA`.`TABLES` WHERE `TABLE_NAME` = 'hq_admin_role' AND `TABLE_SCHEMA` = DATABASE()
[Wed, 27 Jan 16 09:35:35 +0000][INFO] DESCRIBE `hq_admin_role`
[Wed, 27 Jan 16 09:35:35 +0000][INFO] SELECT IF(COUNT(*) > 0, 1, 0) FROM `INFORMATION_SCHEMA`.`TABLES` WHERE `TABLE_NAME` = 'hq_admin_role' AND `TABLE_SCHEMA` = DATABASE()
[Wed, 27 Jan 16 09:35:35 +0000][INFO] DESCRIBE `hq_admin_role`
[Wed, 27 Jan 16 09:35:35 +0000][INFO] SELECT `hq_admin_role`.`role_name` AS `role_name`, `hq_admin_role`.`role_ar_user` AS `role_ar_user` FROM `hq_admin_role`
[Wed, 27 Jan 16 10:09:27 +0000][INFO] SELECT IF(COUNT(*) > 0, 1, 0) FROM `INFORMATION_SCHEMA`.`TABLES` WHERE `TABLE_NAME` = 'hq_admin_role' AND `TABLE_SCHEMA` = DATABASE()
[Wed, 27 Jan 16 10:09:27 +0000][INFO] DESCRIBE `hq_admin_role`
[Wed, 27 Jan 16 10:09:27 +0000][INFO] SELECT IF(COUNT(*) > 0, 1, 0) FROM `INFORMATION_SCHEMA`.`TABLES` WHERE `TABLE_NAME` = 'hq_admin_role' AND `TABLE_SCHEMA` = DATABASE()
[Wed, 27 Jan 16 10:09:27 +0000][INFO] DESCRIBE `hq_admin_role`
[Wed, 27 Jan 16 10:09:27 +0000][INFO] SELECT IF(COUNT(*) > 0, 1, 0) FROM `INFORMATION_SCHEMA`.`TABLES` WHERE `TABLE_NAME` = 'hq_admin_role' AND `TABLE_SCHEMA` = DATABASE()
[Wed, 27 Jan 16 10:09:27 +0000][INFO] DESCRIBE `hq_admin_role`
[Wed, 27 Jan 16 10:09:27 +0000][INFO] SELECT `hq_admin_role`.`role_name` AS `role_name`, `hq_admin_role`.`role_ar_user` AS `role_ar_user` FROM `hq_admin_role`
[Wed, 27 Jan 16 10:09:35 +0000][INFO] SELECT IF(COUNT(*) > 0, 1, 0) FROM `INFORMATION_SCHEMA`.`TABLES` WHERE `TABLE_NAME` = 'hq_admin_role' AND `TABLE_SCHEMA` = DATABASE()
[Wed, 27 Jan 16 10:09:35 +0000][INFO] DESCRIBE `hq_admin_role`
[Wed, 27 Jan 16 10:09:35 +0000][INFO] SELECT IF(COUNT(*) > 0, 1, 0) FROM `INFORMATION_SCHEMA`.`TABLES` WHERE `TABLE_NAME` = 'hq_admin_role' AND `TABLE_SCHEMA` = DATABASE()
[Wed, 27 Jan 16 10:09:35 +0000][INFO] DESCRIBE `hq_admin_role`
[Wed, 27 Jan 16 10:09:35 +0000][INFO] SELECT IF(COUNT(*) > 0, 1, 0) FROM `INFORMATION_SCHEMA`.`TABLES` WHERE `TABLE_NAME` = 'hq_admin_role' AND `TABLE_SCHEMA` = DATABASE()
[Wed, 27 Jan 16 10:09:35 +0000][INFO] DESCRIBE `hq_admin_role`
[Wed, 27 Jan 16 10:09:35 +0000][INFO] SELECT `hq_admin_role`.`role_name` AS `role_name`, `hq_admin_role`.`role_ar_user` AS `role_ar_user` FROM `hq_admin_role`
[Wed, 27 Jan 16 10:09:35 +0000][INFO] SELECT IF(COUNT(*) > 0, 1, 0) FROM `INFORMATION_SCHEMA`.`TABLES` WHERE `TABLE_NAME` = 'hq_user_admin' AND `TABLE_SCHEMA` = DATABASE()
[Wed, 27 Jan 16 10:09:35 +0000][INFO] DESCRIBE `hq_user_admin`
[Wed, 27 Jan 16 10:09:35 +0000][INFO] SELECT IF(COUNT(*) > 0, 1, 0) FROM `INFORMATION_SCHEMA`.`TABLES` WHERE `TABLE_NAME` = 'hq_user_admin' AND `TABLE_SCHEMA` = DATABASE()
[Wed, 27 Jan 16 10:09:35 +0000][INFO] DESCRIBE `hq_user_admin`
[Wed, 27 Jan 16 10:09:35 +0000][INFO] SELECT IF(COUNT(*) > 0, 1, 0) FROM `INFORMATION_SCHEMA`.`TABLES` WHERE `TABLE_NAME` = 'hq_user_admin' AND `TABLE_SCHEMA` = DATABASE()
[Wed, 27 Jan 16 10:09:35 +0000][INFO] DESCRIBE `hq_user_admin`
[Wed, 27 Jan 16 10:09:35 +0000][INFO] SELECT `hq_user_admin`.`usa_id`, `hq_user_admin`.`usa_username`, `hq_user_admin`.`usa_email`, `hq_user_admin`.`usa_password`, `hq_user_admin`.`usa_last_login`, `hq_user_admin`.`usa_create_date` FROM `hq_user_admin` WHERE `hq_user_admin`.`usa_username` = :userEmail AND `hq_user_admin`.`usa_password` = :userPassword LIMIT :APL0
[Wed, 27 Jan 16 10:09:35 +0000][INFO] UPDATE `hq_user_admin` SET `usa_username` = ?, `usa_email` = ?, `usa_password` = ?, `usa_last_login` = ?, `usa_create_date` = ? WHERE `usa_id` = ?
[Wed, 27 Jan 16 10:09:37 +0000][INFO] SELECT IF(COUNT(*) > 0, 1, 0) FROM `INFORMATION_SCHEMA`.`TABLES` WHERE `TABLE_NAME` = 'hq_admin_role' AND `TABLE_SCHEMA` = DATABASE()
[Wed, 27 Jan 16 10:09:37 +0000][INFO] DESCRIBE `hq_admin_role`
[Wed, 27 Jan 16 10:09:37 +0000][INFO] SELECT IF(COUNT(*) > 0, 1, 0) FROM `INFORMATION_SCHEMA`.`TABLES` WHERE `TABLE_NAME` = 'hq_admin_role' AND `TABLE_SCHEMA` = DATABASE()
[Wed, 27 Jan 16 10:09:37 +0000][INFO] DESCRIBE `hq_admin_role`
[Wed, 27 Jan 16 10:09:37 +0000][INFO] SELECT IF(COUNT(*) > 0, 1, 0) FROM `INFORMATION_SCHEMA`.`TABLES` WHERE `TABLE_NAME` = 'hq_admin_role' AND `TABLE_SCHEMA` = DATABASE()
[Wed, 27 Jan 16 10:09:37 +0000][INFO] DESCRIBE `hq_admin_role`
[Wed, 27 Jan 16 10:09:37 +0000][INFO] SELECT `hq_admin_role`.`role_name` AS `role_name`, `hq_admin_role`.`role_ar_user` AS `role_ar_user` FROM `hq_admin_role`
[Wed, 27 Jan 16 10:09:42 +0000][INFO] SELECT IF(COUNT(*) > 0, 1, 0) FROM `INFORMATION_SCHEMA`.`TABLES` WHERE `TABLE_NAME` = 'hq_admin_role' AND `TABLE_SCHEMA` = DATABASE()
[Wed, 27 Jan 16 10:09:42 +0000][INFO] DESCRIBE `hq_admin_role`
[Wed, 27 Jan 16 10:09:42 +0000][INFO] SELECT IF(COUNT(*) > 0, 1, 0) FROM `INFORMATION_SCHEMA`.`TABLES` WHERE `TABLE_NAME` = 'hq_admin_role' AND `TABLE_SCHEMA` = DATABASE()
[Wed, 27 Jan 16 10:09:42 +0000][INFO] DESCRIBE `hq_admin_role`
[Wed, 27 Jan 16 10:09:42 +0000][INFO] SELECT IF(COUNT(*) > 0, 1, 0) FROM `INFORMATION_SCHEMA`.`TABLES` WHERE `TABLE_NAME` = 'hq_admin_role' AND `TABLE_SCHEMA` = DATABASE()
[Wed, 27 Jan 16 10:09:42 +0000][INFO] DESCRIBE `hq_admin_role`
[Wed, 27 Jan 16 10:09:42 +0000][INFO] SELECT `hq_admin_role`.`role_name` AS `role_name`, `hq_admin_role`.`role_ar_user` AS `role_ar_user` FROM `hq_admin_role`
[Wed, 27 Jan 16 10:09:42 +0000][INFO] SELECT IF(COUNT(*) > 0, 1, 0) FROM `INFORMATION_SCHEMA`.`TABLES` WHERE `TABLE_NAME` = 'hq_building' AND `TABLE_SCHEMA` = DATABASE()
[Wed, 27 Jan 16 10:09:42 +0000][INFO] DESCRIBE `hq_building`
[Wed, 27 Jan 16 10:09:42 +0000][INFO] SELECT IF(COUNT(*) > 0, 1, 0) FROM `INFORMATION_SCHEMA`.`TABLES` WHERE `TABLE_NAME` = 'hq_category_building' AND `TABLE_SCHEMA` = DATABASE()
[Wed, 27 Jan 16 10:09:42 +0000][INFO] DESCRIBE `hq_category_building`
[Wed, 27 Jan 16 10:09:42 +0000][INFO] SELECT IF(COUNT(*) > 0, 1, 0) FROM `INFORMATION_SCHEMA`.`TABLES` WHERE `TABLE_NAME` = 'hq_building' AND `TABLE_SCHEMA` = DATABASE()
[Wed, 27 Jan 16 10:09:42 +0000][INFO] DESCRIBE `hq_building`
[Wed, 27 Jan 16 10:09:42 +0000][INFO] SELECT IF(COUNT(*) > 0, 1, 0) FROM `INFORMATION_SCHEMA`.`TABLES` WHERE `TABLE_NAME` = 'hq_building' AND `TABLE_SCHEMA` = DATABASE()
[Wed, 27 Jan 16 10:09:42 +0000][INFO] DESCRIBE `hq_building`
[Wed, 27 Jan 16 10:09:42 +0000][INFO] SELECT `hq_building`.`bd_id`, `hq_building`.`cb_id`, `hq_building`.`bd_name`, `hq_building`.`bd_description`, `hq_building`.`bd_width`, `hq_building`.`bd_height`, `hq_building`.`bd_svg`, `hq_building`.`bd_create_date` FROM `hq_building`
[Wed, 27 Jan 16 10:09:42 +0000][INFO] SELECT IF(COUNT(*) > 0, 1, 0) FROM `INFORMATION_SCHEMA`.`TABLES` WHERE `TABLE_NAME` = 'hq_category_building' AND `TABLE_SCHEMA` = DATABASE()
[Wed, 27 Jan 16 10:09:42 +0000][INFO] DESCRIBE `hq_category_building`
[Wed, 27 Jan 16 10:09:42 +0000][INFO] SELECT IF(COUNT(*) > 0, 1, 0) FROM `INFORMATION_SCHEMA`.`TABLES` WHERE `TABLE_NAME` = 'hq_category_building' AND `TABLE_SCHEMA` = DATABASE()
[Wed, 27 Jan 16 10:09:42 +0000][INFO] DESCRIBE `hq_category_building`
[Wed, 27 Jan 16 10:09:42 +0000][INFO] SELECT `hq_category_building`.`cb_id`, `hq_category_building`.`cb_name` FROM `hq_category_building`
[Wed, 27 Jan 16 10:09:42 +0000][INFO] SELECT IF(COUNT(*) > 0, 1, 0) FROM `INFORMATION_SCHEMA`.`TABLES` WHERE `TABLE_NAME` = 'hq_category_building' AND `TABLE_SCHEMA` = DATABASE()
[Wed, 27 Jan 16 10:09:42 +0000][INFO] DESCRIBE `hq_category_building`
[Wed, 27 Jan 16 10:09:42 +0000][INFO] SELECT IF(COUNT(*) > 0, 1, 0) FROM `INFORMATION_SCHEMA`.`TABLES` WHERE `TABLE_NAME` = 'hq_category_building' AND `TABLE_SCHEMA` = DATABASE()
[Wed, 27 Jan 16 10:09:42 +0000][INFO] DESCRIBE `hq_category_building`
[Wed, 27 Jan 16 10:09:42 +0000][INFO] SELECT `hq_category_building`.`cb_id`, `hq_category_building`.`cb_name` FROM `hq_category_building` WHERE `hq_category_building`.`cb_id` = :APR0 LIMIT :APL0
[Wed, 27 Jan 16 10:09:42 +0000][INFO] SELECT IF(COUNT(*) > 0, 1, 0) FROM `INFORMATION_SCHEMA`.`TABLES` WHERE `TABLE_NAME` = 'hq_category_building' AND `TABLE_SCHEMA` = DATABASE()
[Wed, 27 Jan 16 10:09:42 +0000][INFO] DESCRIBE `hq_category_building`
[Wed, 27 Jan 16 10:09:42 +0000][INFO] SELECT IF(COUNT(*) > 0, 1, 0) FROM `INFORMATION_SCHEMA`.`TABLES` WHERE `TABLE_NAME` = 'hq_category_building' AND `TABLE_SCHEMA` = DATABASE()
[Wed, 27 Jan 16 10:09:42 +0000][INFO] DESCRIBE `hq_category_building`
[Wed, 27 Jan 16 10:09:42 +0000][INFO] SELECT `hq_category_building`.`cb_id`, `hq_category_building`.`cb_name` FROM `hq_category_building` WHERE `hq_category_building`.`cb_id` = :APR0 LIMIT :APL0
[Wed, 27 Jan 16 10:09:42 +0000][INFO] SELECT IF(COUNT(*) > 0, 1, 0) FROM `INFORMATION_SCHEMA`.`TABLES` WHERE `TABLE_NAME` = 'hq_category_building' AND `TABLE_SCHEMA` = DATABASE()
[Wed, 27 Jan 16 10:09:42 +0000][INFO] DESCRIBE `hq_category_building`
[Wed, 27 Jan 16 10:09:42 +0000][INFO] SELECT IF(COUNT(*) > 0, 1, 0) FROM `INFORMATION_SCHEMA`.`TABLES` WHERE `TABLE_NAME` = 'hq_category_building' AND `TABLE_SCHEMA` = DATABASE()
[Wed, 27 Jan 16 10:09:42 +0000][INFO] DESCRIBE `hq_category_building`
[Wed, 27 Jan 16 10:09:42 +0000][INFO] SELECT `hq_category_building`.`cb_id`, `hq_category_building`.`cb_name` FROM `hq_category_building` WHERE `hq_category_building`.`cb_id` = :APR0 LIMIT :APL0
[Wed, 27 Jan 16 10:09:42 +0000][INFO] SELECT IF(COUNT(*) > 0, 1, 0) FROM `INFORMATION_SCHEMA`.`TABLES` WHERE `TABLE_NAME` = 'hq_category_building' AND `TABLE_SCHEMA` = DATABASE()
[Wed, 27 Jan 16 10:09:42 +0000][INFO] DESCRIBE `hq_category_building`
[Wed, 27 Jan 16 10:09:42 +0000][INFO] SELECT IF(COUNT(*) > 0, 1, 0) FROM `INFORMATION_SCHEMA`.`TABLES` WHERE `TABLE_NAME` = 'hq_category_building' AND `TABLE_SCHEMA` = DATABASE()
[Wed, 27 Jan 16 10:09:42 +0000][INFO] DESCRIBE `hq_category_building`
[Wed, 27 Jan 16 10:09:42 +0000][INFO] SELECT `hq_category_building`.`cb_id`, `hq_category_building`.`cb_name` FROM `hq_category_building` WHERE `hq_category_building`.`cb_id` = :APR0 LIMIT :APL0
[Wed, 27 Jan 16 10:09:42 +0000][INFO] SELECT IF(COUNT(*) > 0, 1, 0) FROM `INFORMATION_SCHEMA`.`TABLES` WHERE `TABLE_NAME` = 'hq_category_building' AND `TABLE_SCHEMA` = DATABASE()
[Wed, 27 Jan 16 10:09:42 +0000][INFO] DESCRIBE `hq_category_building`
[Wed, 27 Jan 16 10:09:42 +0000][INFO] SELECT IF(COUNT(*) > 0, 1, 0) FROM `INFORMATION_SCHEMA`.`TABLES` WHERE `TABLE_NAME` = 'hq_category_building' AND `TABLE_SCHEMA` = DATABASE()
[Wed, 27 Jan 16 10:09:42 +0000][INFO] DESCRIBE `hq_category_building`
[Wed, 27 Jan 16 10:09:42 +0000][INFO] SELECT `hq_category_building`.`cb_id`, `hq_category_building`.`cb_name` FROM `hq_category_building` WHERE `hq_category_building`.`cb_id` = :APR0 LIMIT :APL0
[Wed, 27 Jan 16 10:09:42 +0000][INFO] SELECT IF(COUNT(*) > 0, 1, 0) FROM `INFORMATION_SCHEMA`.`TABLES` WHERE `TABLE_NAME` = 'hq_category_building' AND `TABLE_SCHEMA` = DATABASE()
[Wed, 27 Jan 16 10:09:42 +0000][INFO] DESCRIBE `hq_category_building`
[Wed, 27 Jan 16 10:09:42 +0000][INFO] SELECT IF(COUNT(*) > 0, 1, 0) FROM `INFORMATION_SCHEMA`.`TABLES` WHERE `TABLE_NAME` = 'hq_category_building' AND `TABLE_SCHEMA` = DATABASE()
[Wed, 27 Jan 16 10:09:42 +0000][INFO] DESCRIBE `hq_category_building`
[Wed, 27 Jan 16 10:09:42 +0000][INFO] SELECT `hq_category_building`.`cb_id`, `hq_category_building`.`cb_name` FROM `hq_category_building` WHERE `hq_category_building`.`cb_id` = :APR0 LIMIT :APL0
[Wed, 27 Jan 16 10:09:42 +0000][INFO] SELECT IF(COUNT(*) > 0, 1, 0) FROM `INFORMATION_SCHEMA`.`TABLES` WHERE `TABLE_NAME` = 'hq_category_building' AND `TABLE_SCHEMA` = DATABASE()
[Wed, 27 Jan 16 10:09:42 +0000][INFO] DESCRIBE `hq_category_building`
[Wed, 27 Jan 16 10:09:42 +0000][INFO] SELECT IF(COUNT(*) > 0, 1, 0) FROM `INFORMATION_SCHEMA`.`TABLES` WHERE `TABLE_NAME` = 'hq_category_building' AND `TABLE_SCHEMA` = DATABASE()
[Wed, 27 Jan 16 10:09:42 +0000][INFO] DESCRIBE `hq_category_building`
[Wed, 27 Jan 16 10:09:42 +0000][INFO] SELECT `hq_category_building`.`cb_id`, `hq_category_building`.`cb_name` FROM `hq_category_building` WHERE `hq_category_building`.`cb_id` = :APR0 LIMIT :APL0
[Wed, 27 Jan 16 10:09:42 +0000][INFO] SELECT IF(COUNT(*) > 0, 1, 0) FROM `INFORMATION_SCHEMA`.`TABLES` WHERE `TABLE_NAME` = 'hq_category_building' AND `TABLE_SCHEMA` = DATABASE()
[Wed, 27 Jan 16 10:09:42 +0000][INFO] DESCRIBE `hq_category_building`
[Wed, 27 Jan 16 10:09:42 +0000][INFO] SELECT IF(COUNT(*) > 0, 1, 0) FROM `INFORMATION_SCHEMA`.`TABLES` WHERE `TABLE_NAME` = 'hq_category_building' AND `TABLE_SCHEMA` = DATABASE()
[Wed, 27 Jan 16 10:09:42 +0000][INFO] DESCRIBE `hq_category_building`
[Wed, 27 Jan 16 10:09:42 +0000][INFO] SELECT `hq_category_building`.`cb_id`, `hq_category_building`.`cb_name` FROM `hq_category_building` WHERE `hq_category_building`.`cb_id` = :APR0 LIMIT :APL0
[Wed, 27 Jan 16 10:09:42 +0000][INFO] SELECT IF(COUNT(*) > 0, 1, 0) FROM `INFORMATION_SCHEMA`.`TABLES` WHERE `TABLE_NAME` = 'hq_category_building' AND `TABLE_SCHEMA` = DATABASE()
[Wed, 27 Jan 16 10:09:42 +0000][INFO] DESCRIBE `hq_category_building`
[Wed, 27 Jan 16 10:09:42 +0000][INFO] SELECT IF(COUNT(*) > 0, 1, 0) FROM `INFORMATION_SCHEMA`.`TABLES` WHERE `TABLE_NAME` = 'hq_category_building' AND `TABLE_SCHEMA` = DATABASE()
[Wed, 27 Jan 16 10:09:42 +0000][INFO] DESCRIBE `hq_category_building`
[Wed, 27 Jan 16 10:09:42 +0000][INFO] SELECT `hq_category_building`.`cb_id`, `hq_category_building`.`cb_name` FROM `hq_category_building` WHERE `hq_category_building`.`cb_id` = :APR0 LIMIT :APL0
[Wed, 27 Jan 16 10:09:42 +0000][INFO] SELECT IF(COUNT(*) > 0, 1, 0) FROM `INFORMATION_SCHEMA`.`TABLES` WHERE `TABLE_NAME` = 'hq_category_building' AND `TABLE_SCHEMA` = DATABASE()
[Wed, 27 Jan 16 10:09:42 +0000][INFO] DESCRIBE `hq_category_building`
[Wed, 27 Jan 16 10:09:42 +0000][INFO] SELECT IF(COUNT(*) > 0, 1, 0) FROM `INFORMATION_SCHEMA`.`TABLES` WHERE `TABLE_NAME` = 'hq_category_building' AND `TABLE_SCHEMA` = DATABASE()
[Wed, 27 Jan 16 10:09:42 +0000][INFO] DESCRIBE `hq_category_building`
[Wed, 27 Jan 16 10:09:42 +0000][INFO] SELECT `hq_category_building`.`cb_id`, `hq_category_building`.`cb_name` FROM `hq_category_building` WHERE `hq_category_building`.`cb_id` = :APR0 LIMIT :APL0
[Wed, 27 Jan 16 10:09:42 +0000][INFO] SELECT IF(COUNT(*) > 0, 1, 0) FROM `INFORMATION_SCHEMA`.`TABLES` WHERE `TABLE_NAME` = 'hq_category_building' AND `TABLE_SCHEMA` = DATABASE()
[Wed, 27 Jan 16 10:09:42 +0000][INFO] DESCRIBE `hq_category_building`
[Wed, 27 Jan 16 10:09:42 +0000][INFO] SELECT IF(COUNT(*) > 0, 1, 0) FROM `INFORMATION_SCHEMA`.`TABLES` WHERE `TABLE_NAME` = 'hq_category_building' AND `TABLE_SCHEMA` = DATABASE()
[Wed, 27 Jan 16 10:09:42 +0000][INFO] DESCRIBE `hq_category_building`
[Wed, 27 Jan 16 10:09:42 +0000][INFO] SELECT `hq_category_building`.`cb_id`, `hq_category_building`.`cb_name` FROM `hq_category_building` WHERE `hq_category_building`.`cb_id` = :APR0 LIMIT :APL0
[Wed, 27 Jan 16 10:09:42 +0000][INFO] SELECT IF(COUNT(*) > 0, 1, 0) FROM `INFORMATION_SCHEMA`.`TABLES` WHERE `TABLE_NAME` = 'hq_category_building' AND `TABLE_SCHEMA` = DATABASE()
[Wed, 27 Jan 16 10:09:42 +0000][INFO] DESCRIBE `hq_category_building`
[Wed, 27 Jan 16 10:09:42 +0000][INFO] SELECT IF(COUNT(*) > 0, 1, 0) FROM `INFORMATION_SCHEMA`.`TABLES` WHERE `TABLE_NAME` = 'hq_category_building' AND `TABLE_SCHEMA` = DATABASE()
[Wed, 27 Jan 16 10:09:42 +0000][INFO] DESCRIBE `hq_category_building`
[Wed, 27 Jan 16 10:09:42 +0000][INFO] SELECT `hq_category_building`.`cb_id`, `hq_category_building`.`cb_name` FROM `hq_category_building` WHERE `hq_category_building`.`cb_id` = :APR0 LIMIT :APL0
[Wed, 27 Jan 16 10:09:42 +0000][INFO] SELECT IF(COUNT(*) > 0, 1, 0) FROM `INFORMATION_SCHEMA`.`TABLES` WHERE `TABLE_NAME` = 'hq_category_building' AND `TABLE_SCHEMA` = DATABASE()
[Wed, 27 Jan 16 10:09:42 +0000][INFO] DESCRIBE `hq_category_building`
[Wed, 27 Jan 16 10:09:42 +0000][INFO] SELECT IF(COUNT(*) > 0, 1, 0) FROM `INFORMATION_SCHEMA`.`TABLES` WHERE `TABLE_NAME` = 'hq_category_building' AND `TABLE_SCHEMA` = DATABASE()
[Wed, 27 Jan 16 10:09:42 +0000][INFO] DESCRIBE `hq_category_building`
[Wed, 27 Jan 16 10:09:42 +0000][INFO] SELECT `hq_category_building`.`cb_id`, `hq_category_building`.`cb_name` FROM `hq_category_building` WHERE `hq_category_building`.`cb_id` = :APR0 LIMIT :APL0
[Wed, 27 Jan 16 10:09:42 +0000][INFO] SELECT IF(COUNT(*) > 0, 1, 0) FROM `INFORMATION_SCHEMA`.`TABLES` WHERE `TABLE_NAME` = 'hq_category_building' AND `TABLE_SCHEMA` = DATABASE()
[Wed, 27 Jan 16 10:09:42 +0000][INFO] DESCRIBE `hq_category_building`
[Wed, 27 Jan 16 10:09:42 +0000][INFO] SELECT IF(COUNT(*) > 0, 1, 0) FROM `INFORMATION_SCHEMA`.`TABLES` WHERE `TABLE_NAME` = 'hq_category_building' AND `TABLE_SCHEMA` = DATABASE()
[Wed, 27 Jan 16 10:09:42 +0000][INFO] DESCRIBE `hq_category_building`
[Wed, 27 Jan 16 10:09:42 +0000][INFO] SELECT `hq_category_building`.`cb_id`, `hq_category_building`.`cb_name` FROM `hq_category_building` WHERE `hq_category_building`.`cb_id` = :APR0 LIMIT :APL0
