[Mon, 25 Jan 16 04:58:15 +0000][INFO] SELECT IF(COUNT(*) > 0, 1, 0) FROM `INFORMATION_SCHEMA`.`TABLES` WHERE `TABLE_NAME` = 'hq_member_vip' AND `TABLE_SCHEMA` = DATABASE()
[Mon, 25 Jan 16 04:58:15 +0000][INFO] DESCRIBE `hq_member_vip`
[Mon, 25 Jan 16 04:58:15 +0000][INFO] SELECT `hq_member_vip`.`mv_id`, `hq_member_vip`.`mv_name`, `hq_member_vip`.`mv_secret`, `hq_member_vip`.`mv_nickname`, `hq_member_vip`.`mv_last_login`, `hq_member_vip`.`mv_permission` FROM `hq_member_vip` WHERE `hq_member_vip`.`mv_name` = :username LIMIT :APL0
[Mon, 25 Jan 16 04:58:18 +0000][INFO] SELECT IF(COUNT(*) > 0, 1, 0) FROM `INFORMATION_SCHEMA`.`TABLES` WHERE `TABLE_NAME` = 'hq_content_group' AND `TABLE_SCHEMA` = DATABASE()
[Mon, 25 Jan 16 04:58:18 +0000][INFO] DESCRIBE `hq_content_group`
[Mon, 25 Jan 16 04:58:18 +0000][INFO] SELECT `hq_content_group`.`hcg_id`, `hq_content_group`.`hcg_key`, `hq_content_group`.`hcg_main`, `hq_content_group`.`hcg_created_date`, `hq_content_group`.`hcg_position` FROM `hq_content_group` ORDER BY `hq_content_group`.`hcg_id` DESC
[Mon, 25 Jan 16 05:05:34 +0000][INFO] SELECT IF(COUNT(*) > 0, 1, 0) FROM `INFORMATION_SCHEMA`.`TABLES` WHERE `TABLE_NAME` = 'hq_content_group' AND `TABLE_SCHEMA` = DATABASE()
[Mon, 25 Jan 16 05:05:34 +0000][INFO] DESCRIBE `hq_content_group`
[Mon, 25 Jan 16 05:05:34 +0000][INFO] INSERT INTO `hq_content_group` (`hcg_key`, `hcg_main`, `hcg_created_date`, `hcg_position`) VALUES (?, ?, ?, ?)
[Mon, 25 Jan 16 05:05:37 +0000][INFO] SELECT IF(COUNT(*) > 0, 1, 0) FROM `INFORMATION_SCHEMA`.`TABLES` WHERE `TABLE_NAME` = 'hq_content_group' AND `TABLE_SCHEMA` = DATABASE()
[Mon, 25 Jan 16 05:05:37 +0000][INFO] DESCRIBE `hq_content_group`
[Mon, 25 Jan 16 05:05:37 +0000][INFO] SELECT `hq_content_group`.`hcg_id`, `hq_content_group`.`hcg_key`, `hq_content_group`.`hcg_main`, `hq_content_group`.`hcg_created_date`, `hq_content_group`.`hcg_position` FROM `hq_content_group` ORDER BY `hq_content_group`.`hcg_id` DESC
[Mon, 25 Jan 16 05:05:42 +0000][INFO] SELECT IF(COUNT(*) > 0, 1, 0) FROM `INFORMATION_SCHEMA`.`TABLES` WHERE `TABLE_NAME` = 'hq_content_group' AND `TABLE_SCHEMA` = DATABASE()
[Mon, 25 Jan 16 05:05:42 +0000][INFO] DESCRIBE `hq_content_group`
[Mon, 25 Jan 16 05:05:42 +0000][INFO] SELECT `hq_content_group`.`hcg_id`, `hq_content_group`.`hcg_key`, `hq_content_group`.`hcg_main`, `hq_content_group`.`hcg_created_date`, `hq_content_group`.`hcg_position` FROM `hq_content_group` ORDER BY `hq_content_group`.`hcg_id` DESC
[Mon, 25 Jan 16 05:06:33 +0000][INFO] SELECT IF(COUNT(*) > 0, 1, 0) FROM `INFORMATION_SCHEMA`.`TABLES` WHERE `TABLE_NAME` = 'hq_content_group' AND `TABLE_SCHEMA` = DATABASE()
[Mon, 25 Jan 16 05:06:33 +0000][INFO] DESCRIBE `hq_content_group`
[Mon, 25 Jan 16 05:06:33 +0000][INFO] SELECT `hq_content_group`.`hcg_id`, `hq_content_group`.`hcg_key`, `hq_content_group`.`hcg_main`, `hq_content_group`.`hcg_created_date`, `hq_content_group`.`hcg_position` FROM `hq_content_group` WHERE `hq_content_group`.`hcg_id` = :id LIMIT :APL0
[Mon, 25 Jan 16 05:06:33 +0000][INFO] SELECT IF(COUNT(*) > 0, 1, 0) FROM `INFORMATION_SCHEMA`.`TABLES` WHERE `TABLE_NAME` = 'hq_content' AND `TABLE_SCHEMA` = DATABASE()
[Mon, 25 Jan 16 05:06:33 +0000][INFO] DESCRIBE `hq_content`
[Mon, 25 Jan 16 05:06:44 +0000][INFO] SELECT IF(COUNT(*) > 0, 1, 0) FROM `INFORMATION_SCHEMA`.`TABLES` WHERE `TABLE_NAME` = 'hq_content_group' AND `TABLE_SCHEMA` = DATABASE()
[Mon, 25 Jan 16 05:06:44 +0000][INFO] DESCRIBE `hq_content_group`
[Mon, 25 Jan 16 05:06:44 +0000][INFO] SELECT `hq_content_group`.`hcg_id`, `hq_content_group`.`hcg_key`, `hq_content_group`.`hcg_main`, `hq_content_group`.`hcg_created_date`, `hq_content_group`.`hcg_position` FROM `hq_content_group` WHERE `hq_content_group`.`hcg_id` = :id LIMIT :APL0
[Mon, 25 Jan 16 05:06:44 +0000][INFO] SELECT IF(COUNT(*) > 0, 1, 0) FROM `INFORMATION_SCHEMA`.`TABLES` WHERE `TABLE_NAME` = 'hq_content' AND `TABLE_SCHEMA` = DATABASE()
[Mon, 25 Jan 16 05:06:44 +0000][INFO] DESCRIBE `hq_content`
[Mon, 25 Jan 16 05:06:44 +0000][INFO] INSERT INTO `hq_content` (`hc_hcg_id`, `hc_hcg_key`, `hc_description`, `hc_title`, `hc_created_date`) VALUES (?, ?, ?, ?, ?)
[Mon, 25 Jan 16 05:06:51 +0000][INFO] SELECT IF(COUNT(*) > 0, 1, 0) FROM `INFORMATION_SCHEMA`.`TABLES` WHERE `TABLE_NAME` = 'hq_content_group' AND `TABLE_SCHEMA` = DATABASE()
[Mon, 25 Jan 16 05:06:51 +0000][INFO] DESCRIBE `hq_content_group`
[Mon, 25 Jan 16 05:06:51 +0000][INFO] SELECT `hq_content_group`.`hcg_id`, `hq_content_group`.`hcg_key`, `hq_content_group`.`hcg_main`, `hq_content_group`.`hcg_created_date`, `hq_content_group`.`hcg_position` FROM `hq_content_group` WHERE `hq_content_group`.`hcg_position` = 1 ORDER BY `hq_content_group`.`hcg_id` DESC
[Mon, 25 Jan 16 05:06:51 +0000][INFO] SELECT `hq_content_group`.`hcg_id`, `hq_content_group`.`hcg_key`, `hq_content_group`.`hcg_main`, `hq_content_group`.`hcg_created_date`, `hq_content_group`.`hcg_position` FROM `hq_content_group` WHERE `hq_content_group`.`hcg_position` = 2 ORDER BY `hq_content_group`.`hcg_id` DESC
[Mon, 25 Jan 16 05:06:51 +0000][INFO] SELECT `hq_content_group`.`hcg_id`, `hq_content_group`.`hcg_key`, `hq_content_group`.`hcg_main`, `hq_content_group`.`hcg_created_date`, `hq_content_group`.`hcg_position` FROM `hq_content_group` WHERE `hq_content_group`.`hcg_position` = 3 ORDER BY `hq_content_group`.`hcg_id` DESC
[Mon, 25 Jan 16 05:07:15 +0000][INFO] SELECT IF(COUNT(*) > 0, 1, 0) FROM `INFORMATION_SCHEMA`.`TABLES` WHERE `TABLE_NAME` = 'hq_content_group' AND `TABLE_SCHEMA` = DATABASE()
[Mon, 25 Jan 16 05:07:15 +0000][INFO] DESCRIBE `hq_content_group`
[Mon, 25 Jan 16 05:07:15 +0000][INFO] SELECT `hq_content_group`.`hcg_id`, `hq_content_group`.`hcg_key`, `hq_content_group`.`hcg_main`, `hq_content_group`.`hcg_created_date`, `hq_content_group`.`hcg_position` FROM `hq_content_group` WHERE `hq_content_group`.`hcg_position` = 1 ORDER BY `hq_content_group`.`hcg_id` DESC
[Mon, 25 Jan 16 05:07:15 +0000][INFO] SELECT `hq_content_group`.`hcg_id`, `hq_content_group`.`hcg_key`, `hq_content_group`.`hcg_main`, `hq_content_group`.`hcg_created_date`, `hq_content_group`.`hcg_position` FROM `hq_content_group` WHERE `hq_content_group`.`hcg_position` = 2 ORDER BY `hq_content_group`.`hcg_id` DESC
[Mon, 25 Jan 16 05:07:15 +0000][INFO] SELECT `hq_content_group`.`hcg_id`, `hq_content_group`.`hcg_key`, `hq_content_group`.`hcg_main`, `hq_content_group`.`hcg_created_date`, `hq_content_group`.`hcg_position` FROM `hq_content_group` WHERE `hq_content_group`.`hcg_position` = 3 ORDER BY `hq_content_group`.`hcg_id` DESC
[Mon, 25 Jan 16 05:08:44 +0000][INFO] SELECT IF(COUNT(*) > 0, 1, 0) FROM `INFORMATION_SCHEMA`.`TABLES` WHERE `TABLE_NAME` = 'hq_content' AND `TABLE_SCHEMA` = DATABASE()
[Mon, 25 Jan 16 05:08:44 +0000][INFO] DESCRIBE `hq_content`
[Mon, 25 Jan 16 05:08:44 +0000][INFO] SELECT `hq_content`.`hc_id`, `hq_content`.`hc_hcg_id`, `hq_content`.`hc_hcg_key`, `hq_content`.`hc_description`, `hq_content`.`hc_title`, `hq_content`.`hc_created_date` FROM `hq_content` WHERE `hq_content`.`hc_hcg_id` = :id
[Mon, 25 Jan 16 05:08:44 +0000][INFO] SELECT `hq_content`.`hc_id`, `hq_content`.`hc_hcg_id`, `hq_content`.`hc_hcg_key`, `hq_content`.`hc_description`, `hq_content`.`hc_title`, `hq_content`.`hc_created_date` FROM `hq_content` WHERE `hq_content`.`hc_hcg_id` = :id
[Mon, 25 Jan 16 05:08:44 +0000][INFO] SELECT `hq_content`.`hc_id`, `hq_content`.`hc_hcg_id`, `hq_content`.`hc_hcg_key`, `hq_content`.`hc_description`, `hq_content`.`hc_title`, `hq_content`.`hc_created_date` FROM `hq_content` WHERE `hq_content`.`hc_hcg_id` = :id
[Mon, 25 Jan 16 05:08:44 +0000][INFO] SELECT IF(COUNT(*) > 0, 1, 0) FROM `INFORMATION_SCHEMA`.`TABLES` WHERE `TABLE_NAME` = 'hq_post' AND `TABLE_SCHEMA` = DATABASE()
[Mon, 25 Jan 16 05:08:44 +0000][INFO] DESCRIBE `hq_post`
[Mon, 25 Jan 16 05:09:50 +0000][INFO] SELECT IF(COUNT(*) > 0, 1, 0) FROM `INFORMATION_SCHEMA`.`TABLES` WHERE `TABLE_NAME` = 'hq_post' AND `TABLE_SCHEMA` = DATABASE()
[Mon, 25 Jan 16 05:09:50 +0000][INFO] DESCRIBE `hq_post`
[Mon, 25 Jan 16 05:09:50 +0000][INFO] SELECT `hq_post`.`hp_id`, `hq_post`.`hp_title`, `hq_post`.`hp_spin_1`, `hq_post`.`hp_image_1`, `hq_post`.`hp_spin_2`, `hq_post`.`hp_image_2`, `hq_post`.`hp_spin_3`, `hq_post`.`hp_created_date`, `hq_post`.`hp_number_post` FROM `hq_post` WHERE `hq_post`.`hp_spin_1` = :group_1 AND `hq_post`.`hp_created_date` >= :from_date AND `hq_post`.`hp_created_date` <= :to_date
[Mon, 25 Jan 16 05:09:56 +0000][INFO] SELECT IF(COUNT(*) > 0, 1, 0) FROM `INFORMATION_SCHEMA`.`TABLES` WHERE `TABLE_NAME` = 'hq_post' AND `TABLE_SCHEMA` = DATABASE()
[Mon, 25 Jan 16 05:09:56 +0000][INFO] DESCRIBE `hq_post`
[Mon, 25 Jan 16 05:09:56 +0000][INFO] SELECT `hq_post`.`hp_id`, `hq_post`.`hp_title`, `hq_post`.`hp_spin_1`, `hq_post`.`hp_image_1`, `hq_post`.`hp_spin_2`, `hq_post`.`hp_image_2`, `hq_post`.`hp_spin_3`, `hq_post`.`hp_created_date`, `hq_post`.`hp_number_post` FROM `hq_post` WHERE `hq_post`.`hp_created_date` >= :from_date AND `hq_post`.`hp_created_date` <= :to_date
[Mon, 25 Jan 16 05:09:59 +0000][INFO] SELECT IF(COUNT(*) > 0, 1, 0) FROM `INFORMATION_SCHEMA`.`TABLES` WHERE `TABLE_NAME` = 'hq_post' AND `TABLE_SCHEMA` = DATABASE()
[Mon, 25 Jan 16 05:09:59 +0000][INFO] DESCRIBE `hq_post`
[Mon, 25 Jan 16 05:09:59 +0000][INFO] SELECT `hq_post`.`hp_id`, `hq_post`.`hp_title`, `hq_post`.`hp_spin_1`, `hq_post`.`hp_image_1`, `hq_post`.`hp_spin_2`, `hq_post`.`hp_image_2`, `hq_post`.`hp_spin_3`, `hq_post`.`hp_created_date`, `hq_post`.`hp_number_post` FROM `hq_post` WHERE `hq_post`.`hp_id` = :id LIMIT :APL0
[Mon, 25 Jan 16 05:09:59 +0000][INFO] SELECT IF(COUNT(*) > 0, 1, 0) FROM `INFORMATION_SCHEMA`.`TABLES` WHERE `TABLE_NAME` = 'hq_content_group' AND `TABLE_SCHEMA` = DATABASE()
[Mon, 25 Jan 16 05:09:59 +0000][INFO] DESCRIBE `hq_content_group`
[Mon, 25 Jan 16 05:09:59 +0000][INFO] SELECT `hq_content_group`.`hcg_id`, `hq_content_group`.`hcg_key`, `hq_content_group`.`hcg_main`, `hq_content_group`.`hcg_created_date`, `hq_content_group`.`hcg_position` FROM `hq_content_group` WHERE `hq_content_group`.`hcg_position` = 1 ORDER BY `hq_content_group`.`hcg_id` DESC
[Mon, 25 Jan 16 05:09:59 +0000][INFO] SELECT `hq_content_group`.`hcg_id`, `hq_content_group`.`hcg_key`, `hq_content_group`.`hcg_main`, `hq_content_group`.`hcg_created_date`, `hq_content_group`.`hcg_position` FROM `hq_content_group` WHERE `hq_content_group`.`hcg_position` = 2 ORDER BY `hq_content_group`.`hcg_id` DESC
[Mon, 25 Jan 16 05:09:59 +0000][INFO] SELECT `hq_content_group`.`hcg_id`, `hq_content_group`.`hcg_key`, `hq_content_group`.`hcg_main`, `hq_content_group`.`hcg_created_date`, `hq_content_group`.`hcg_position` FROM `hq_content_group` WHERE `hq_content_group`.`hcg_position` = 3 ORDER BY `hq_content_group`.`hcg_id` DESC
[Mon, 25 Jan 16 05:10:09 +0000][INFO] SELECT IF(COUNT(*) > 0, 1, 0) FROM `INFORMATION_SCHEMA`.`TABLES` WHERE `TABLE_NAME` = 'hq_content' AND `TABLE_SCHEMA` = DATABASE()
[Mon, 25 Jan 16 05:10:09 +0000][INFO] DESCRIBE `hq_content`
[Mon, 25 Jan 16 05:10:09 +0000][INFO] SELECT `hq_content`.`hc_id`, `hq_content`.`hc_hcg_id`, `hq_content`.`hc_hcg_key`, `hq_content`.`hc_description`, `hq_content`.`hc_title`, `hq_content`.`hc_created_date` FROM `hq_content` WHERE `hq_content`.`hc_hcg_id` = :id
[Mon, 25 Jan 16 05:10:09 +0000][INFO] SELECT `hq_content`.`hc_id`, `hq_content`.`hc_hcg_id`, `hq_content`.`hc_hcg_key`, `hq_content`.`hc_description`, `hq_content`.`hc_title`, `hq_content`.`hc_created_date` FROM `hq_content` WHERE `hq_content`.`hc_hcg_id` = :id
[Mon, 25 Jan 16 05:10:09 +0000][INFO] SELECT `hq_content`.`hc_id`, `hq_content`.`hc_hcg_id`, `hq_content`.`hc_hcg_key`, `hq_content`.`hc_description`, `hq_content`.`hc_title`, `hq_content`.`hc_created_date` FROM `hq_content` WHERE `hq_content`.`hc_hcg_id` = :id
[Mon, 25 Jan 16 05:10:09 +0000][INFO] UPDATE `hq_post` SET `hp_title` = ?, `hp_spin_1` = ?, `hp_image_1` = ?, `hp_spin_2` = ?, `hp_image_2` = ?, `hp_spin_3` = ?, `hp_number_post` = ? WHERE hp_id='1'
[Mon, 25 Jan 16 05:10:27 +0000][INFO] SELECT IF(COUNT(*) > 0, 1, 0) FROM `INFORMATION_SCHEMA`.`TABLES` WHERE `TABLE_NAME` = 'hq_content_group' AND `TABLE_SCHEMA` = DATABASE()
[Mon, 25 Jan 16 05:10:27 +0000][INFO] DESCRIBE `hq_content_group`
[Mon, 25 Jan 16 05:10:27 +0000][INFO] SELECT `hq_content_group`.`hcg_id`, `hq_content_group`.`hcg_key`, `hq_content_group`.`hcg_main`, `hq_content_group`.`hcg_created_date`, `hq_content_group`.`hcg_position` FROM `hq_content_group` ORDER BY `hq_content_group`.`hcg_id` DESC
[Mon, 25 Jan 16 06:50:54 +0000][INFO] SELECT IF(COUNT(*) > 0, 1, 0) FROM `INFORMATION_SCHEMA`.`TABLES` WHERE `TABLE_NAME` = 'hq_member_vip' AND `TABLE_SCHEMA` = DATABASE()
[Mon, 25 Jan 16 06:50:54 +0000][INFO] DESCRIBE `hq_member_vip`
[Mon, 25 Jan 16 06:50:54 +0000][INFO] SELECT `hq_member_vip`.`mv_id`, `hq_member_vip`.`mv_name`, `hq_member_vip`.`mv_secret`, `hq_member_vip`.`mv_nickname`, `hq_member_vip`.`mv_last_login`, `hq_member_vip`.`mv_permission` FROM `hq_member_vip` WHERE `hq_member_vip`.`mv_name` = :username LIMIT :APL0
[Mon, 25 Jan 16 06:56:23 +0000][INFO] SELECT IF(COUNT(*) > 0, 1, 0) FROM `INFORMATION_SCHEMA`.`TABLES` WHERE `TABLE_NAME` = 'hq_content_group' AND `TABLE_SCHEMA` = DATABASE()
[Mon, 25 Jan 16 06:56:24 +0000][INFO] DESCRIBE `hq_content_group`
[Mon, 25 Jan 16 06:56:24 +0000][INFO] INSERT INTO `hq_content_group` (`hcg_key`, `hcg_main`, `hcg_created_date`, `hcg_position`) VALUES (?, ?, ?, ?)
[Mon, 25 Jan 16 06:56:49 +0000][INFO] SELECT IF(COUNT(*) > 0, 1, 0) FROM `INFORMATION_SCHEMA`.`TABLES` WHERE `TABLE_NAME` = 'hq_content_group' AND `TABLE_SCHEMA` = DATABASE()
[Mon, 25 Jan 16 06:56:49 +0000][INFO] DESCRIBE `hq_content_group`
[Mon, 25 Jan 16 06:56:49 +0000][INFO] INSERT INTO `hq_content_group` (`hcg_key`, `hcg_main`, `hcg_created_date`, `hcg_position`) VALUES (?, ?, ?, ?)
[Mon, 25 Jan 16 06:57:37 +0000][INFO] SELECT IF(COUNT(*) > 0, 1, 0) FROM `INFORMATION_SCHEMA`.`TABLES` WHERE `TABLE_NAME` = 'hq_content_group' AND `TABLE_SCHEMA` = DATABASE()
[Mon, 25 Jan 16 06:57:37 +0000][INFO] DESCRIBE `hq_content_group`
[Mon, 25 Jan 16 06:57:37 +0000][INFO] SELECT `hq_content_group`.`hcg_id`, `hq_content_group`.`hcg_key`, `hq_content_group`.`hcg_main`, `hq_content_group`.`hcg_created_date`, `hq_content_group`.`hcg_position` FROM `hq_content_group` ORDER BY `hq_content_group`.`hcg_id` DESC
[Mon, 25 Jan 16 06:57:41 +0000][INFO] SELECT IF(COUNT(*) > 0, 1, 0) FROM `INFORMATION_SCHEMA`.`TABLES` WHERE `TABLE_NAME` = 'hq_content_group' AND `TABLE_SCHEMA` = DATABASE()
[Mon, 25 Jan 16 06:57:41 +0000][INFO] DESCRIBE `hq_content_group`
[Mon, 25 Jan 16 06:57:41 +0000][INFO] SELECT `hq_content_group`.`hcg_id`, `hq_content_group`.`hcg_key`, `hq_content_group`.`hcg_main`, `hq_content_group`.`hcg_created_date`, `hq_content_group`.`hcg_position` FROM `hq_content_group` ORDER BY `hq_content_group`.`hcg_id` DESC
[Mon, 25 Jan 16 06:58:24 +0000][INFO] SELECT IF(COUNT(*) > 0, 1, 0) FROM `INFORMATION_SCHEMA`.`TABLES` WHERE `TABLE_NAME` = 'hq_content_group' AND `TABLE_SCHEMA` = DATABASE()
[Mon, 25 Jan 16 06:58:24 +0000][INFO] DESCRIBE `hq_content_group`
[Mon, 25 Jan 16 06:58:24 +0000][INFO] SELECT `hq_content_group`.`hcg_id`, `hq_content_group`.`hcg_key`, `hq_content_group`.`hcg_main`, `hq_content_group`.`hcg_created_date`, `hq_content_group`.`hcg_position` FROM `hq_content_group` ORDER BY `hq_content_group`.`hcg_id` DESC
[Mon, 25 Jan 16 06:58:30 +0000][INFO] SELECT IF(COUNT(*) > 0, 1, 0) FROM `INFORMATION_SCHEMA`.`TABLES` WHERE `TABLE_NAME` = 'hq_content_group' AND `TABLE_SCHEMA` = DATABASE()
[Mon, 25 Jan 16 06:58:30 +0000][INFO] DESCRIBE `hq_content_group`
[Mon, 25 Jan 16 06:58:30 +0000][INFO] SELECT `hq_content_group`.`hcg_id`, `hq_content_group`.`hcg_key`, `hq_content_group`.`hcg_main`, `hq_content_group`.`hcg_created_date`, `hq_content_group`.`hcg_position` FROM `hq_content_group` ORDER BY `hq_content_group`.`hcg_id` DESC
[Mon, 25 Jan 16 07:00:06 +0000][INFO] SELECT IF(COUNT(*) > 0, 1, 0) FROM `INFORMATION_SCHEMA`.`TABLES` WHERE `TABLE_NAME` = 'hq_content_group' AND `TABLE_SCHEMA` = DATABASE()
[Mon, 25 Jan 16 07:00:06 +0000][INFO] DESCRIBE `hq_content_group`
[Mon, 25 Jan 16 07:00:06 +0000][INFO] SELECT `hq_content_group`.`hcg_id`, `hq_content_group`.`hcg_key`, `hq_content_group`.`hcg_main`, `hq_content_group`.`hcg_created_date`, `hq_content_group`.`hcg_position` FROM `hq_content_group` WHERE `hq_content_group`.`hcg_id` = :id LIMIT :APL0
[Mon, 25 Jan 16 07:00:06 +0000][INFO] SELECT IF(COUNT(*) > 0, 1, 0) FROM `INFORMATION_SCHEMA`.`TABLES` WHERE `TABLE_NAME` = 'hq_content' AND `TABLE_SCHEMA` = DATABASE()
[Mon, 25 Jan 16 07:00:06 +0000][INFO] DESCRIBE `hq_content`
[Mon, 25 Jan 16 07:00:06 +0000][INFO] INSERT INTO `hq_content` (`hc_hcg_id`, `hc_hcg_key`, `hc_description`, `hc_title`, `hc_created_date`) VALUES (?, ?, ?, ?, ?)
[Mon, 25 Jan 16 07:00:12 +0000][INFO] SELECT IF(COUNT(*) > 0, 1, 0) FROM `INFORMATION_SCHEMA`.`TABLES` WHERE `TABLE_NAME` = 'hq_content_group' AND `TABLE_SCHEMA` = DATABASE()
[Mon, 25 Jan 16 07:00:12 +0000][INFO] DESCRIBE `hq_content_group`
[Mon, 25 Jan 16 07:00:12 +0000][INFO] SELECT `hq_content_group`.`hcg_id`, `hq_content_group`.`hcg_key`, `hq_content_group`.`hcg_main`, `hq_content_group`.`hcg_created_date`, `hq_content_group`.`hcg_position` FROM `hq_content_group` WHERE `hq_content_group`.`hcg_position` = 1 ORDER BY `hq_content_group`.`hcg_id` DESC
[Mon, 25 Jan 16 07:00:12 +0000][INFO] SELECT `hq_content_group`.`hcg_id`, `hq_content_group`.`hcg_key`, `hq_content_group`.`hcg_main`, `hq_content_group`.`hcg_created_date`, `hq_content_group`.`hcg_position` FROM `hq_content_group` WHERE `hq_content_group`.`hcg_position` = 2 ORDER BY `hq_content_group`.`hcg_id` DESC
[Mon, 25 Jan 16 07:00:12 +0000][INFO] SELECT `hq_content_group`.`hcg_id`, `hq_content_group`.`hcg_key`, `hq_content_group`.`hcg_main`, `hq_content_group`.`hcg_created_date`, `hq_content_group`.`hcg_position` FROM `hq_content_group` WHERE `hq_content_group`.`hcg_position` = 3 ORDER BY `hq_content_group`.`hcg_id` DESC
[Mon, 25 Jan 16 07:00:16 +0000][INFO] SELECT IF(COUNT(*) > 0, 1, 0) FROM `INFORMATION_SCHEMA`.`TABLES` WHERE `TABLE_NAME` = 'hq_content_group' AND `TABLE_SCHEMA` = DATABASE()
[Mon, 25 Jan 16 07:00:16 +0000][INFO] DESCRIBE `hq_content_group`
[Mon, 25 Jan 16 07:00:16 +0000][INFO] SELECT `hq_content_group`.`hcg_id`, `hq_content_group`.`hcg_key`, `hq_content_group`.`hcg_main`, `hq_content_group`.`hcg_created_date`, `hq_content_group`.`hcg_position` FROM `hq_content_group` WHERE `hq_content_group`.`hcg_position` = 1 ORDER BY `hq_content_group`.`hcg_id` DESC
[Mon, 25 Jan 16 07:00:16 +0000][INFO] SELECT `hq_content_group`.`hcg_id`, `hq_content_group`.`hcg_key`, `hq_content_group`.`hcg_main`, `hq_content_group`.`hcg_created_date`, `hq_content_group`.`hcg_position` FROM `hq_content_group` WHERE `hq_content_group`.`hcg_position` = 2 ORDER BY `hq_content_group`.`hcg_id` DESC
[Mon, 25 Jan 16 07:00:16 +0000][INFO] SELECT `hq_content_group`.`hcg_id`, `hq_content_group`.`hcg_key`, `hq_content_group`.`hcg_main`, `hq_content_group`.`hcg_created_date`, `hq_content_group`.`hcg_position` FROM `hq_content_group` WHERE `hq_content_group`.`hcg_position` = 3 ORDER BY `hq_content_group`.`hcg_id` DESC
[Mon, 25 Jan 16 07:00:47 +0000][INFO] SELECT IF(COUNT(*) > 0, 1, 0) FROM `INFORMATION_SCHEMA`.`TABLES` WHERE `TABLE_NAME` = 'hq_content_group' AND `TABLE_SCHEMA` = DATABASE()
[Mon, 25 Jan 16 07:00:47 +0000][INFO] DESCRIBE `hq_content_group`
[Mon, 25 Jan 16 07:00:47 +0000][INFO] SELECT `hq_content_group`.`hcg_id`, `hq_content_group`.`hcg_key`, `hq_content_group`.`hcg_main`, `hq_content_group`.`hcg_created_date`, `hq_content_group`.`hcg_position` FROM `hq_content_group` WHERE `hq_content_group`.`hcg_position` = 1 ORDER BY `hq_content_group`.`hcg_id` DESC
[Mon, 25 Jan 16 07:00:47 +0000][INFO] SELECT `hq_content_group`.`hcg_id`, `hq_content_group`.`hcg_key`, `hq_content_group`.`hcg_main`, `hq_content_group`.`hcg_created_date`, `hq_content_group`.`hcg_position` FROM `hq_content_group` WHERE `hq_content_group`.`hcg_position` = 2 ORDER BY `hq_content_group`.`hcg_id` DESC
[Mon, 25 Jan 16 07:00:47 +0000][INFO] SELECT `hq_content_group`.`hcg_id`, `hq_content_group`.`hcg_key`, `hq_content_group`.`hcg_main`, `hq_content_group`.`hcg_created_date`, `hq_content_group`.`hcg_position` FROM `hq_content_group` WHERE `hq_content_group`.`hcg_position` = 3 ORDER BY `hq_content_group`.`hcg_id` DESC
[Mon, 25 Jan 16 07:00:54 +0000][INFO] SELECT IF(COUNT(*) > 0, 1, 0) FROM `INFORMATION_SCHEMA`.`TABLES` WHERE `TABLE_NAME` = 'hq_content_group' AND `TABLE_SCHEMA` = DATABASE()
[Mon, 25 Jan 16 07:00:54 +0000][INFO] DESCRIBE `hq_content_group`
[Mon, 25 Jan 16 07:00:54 +0000][INFO] SELECT `hq_content_group`.`hcg_id`, `hq_content_group`.`hcg_key`, `hq_content_group`.`hcg_main`, `hq_content_group`.`hcg_created_date`, `hq_content_group`.`hcg_position` FROM `hq_content_group` WHERE `hq_content_group`.`hcg_position` = 1 ORDER BY `hq_content_group`.`hcg_id` DESC
[Mon, 25 Jan 16 07:00:54 +0000][INFO] SELECT `hq_content_group`.`hcg_id`, `hq_content_group`.`hcg_key`, `hq_content_group`.`hcg_main`, `hq_content_group`.`hcg_created_date`, `hq_content_group`.`hcg_position` FROM `hq_content_group` WHERE `hq_content_group`.`hcg_position` = 2 ORDER BY `hq_content_group`.`hcg_id` DESC
[Mon, 25 Jan 16 07:00:54 +0000][INFO] SELECT `hq_content_group`.`hcg_id`, `hq_content_group`.`hcg_key`, `hq_content_group`.`hcg_main`, `hq_content_group`.`hcg_created_date`, `hq_content_group`.`hcg_position` FROM `hq_content_group` WHERE `hq_content_group`.`hcg_position` = 3 ORDER BY `hq_content_group`.`hcg_id` DESC
[Mon, 25 Jan 16 07:50:05 +0000][INFO] SELECT IF(COUNT(*) > 0, 1, 0) FROM `INFORMATION_SCHEMA`.`TABLES` WHERE `TABLE_NAME` = 'hq_content_group' AND `TABLE_SCHEMA` = DATABASE()
[Mon, 25 Jan 16 07:50:05 +0000][INFO] DESCRIBE `hq_content_group`
[Mon, 25 Jan 16 07:50:05 +0000][INFO] INSERT INTO `hq_content_group` (`hcg_key`, `hcg_main`, `hcg_created_date`, `hcg_position`) VALUES (?, ?, ?, ?)
[Mon, 25 Jan 16 07:51:21 +0000][INFO] SELECT IF(COUNT(*) > 0, 1, 0) FROM `INFORMATION_SCHEMA`.`TABLES` WHERE `TABLE_NAME` = 'hq_content_group' AND `TABLE_SCHEMA` = DATABASE()
[Mon, 25 Jan 16 07:51:21 +0000][INFO] DESCRIBE `hq_content_group`
[Mon, 25 Jan 16 07:51:21 +0000][INFO] INSERT INTO `hq_content_group` (`hcg_key`, `hcg_main`, `hcg_created_date`, `hcg_position`) VALUES (?, ?, ?, ?)
[Mon, 25 Jan 16 07:52:05 +0000][INFO] SELECT IF(COUNT(*) > 0, 1, 0) FROM `INFORMATION_SCHEMA`.`TABLES` WHERE `TABLE_NAME` = 'hq_content_group' AND `TABLE_SCHEMA` = DATABASE()
[Mon, 25 Jan 16 07:52:05 +0000][INFO] DESCRIBE `hq_content_group`
[Mon, 25 Jan 16 07:52:05 +0000][INFO] INSERT INTO `hq_content_group` (`hcg_key`, `hcg_main`, `hcg_created_date`, `hcg_position`) VALUES (?, ?, ?, ?)
[Mon, 25 Jan 16 07:54:26 +0000][INFO] SELECT IF(COUNT(*) > 0, 1, 0) FROM `INFORMATION_SCHEMA`.`TABLES` WHERE `TABLE_NAME` = 'hq_content_group' AND `TABLE_SCHEMA` = DATABASE()
[Mon, 25 Jan 16 07:54:26 +0000][INFO] DESCRIBE `hq_content_group`
[Mon, 25 Jan 16 07:54:26 +0000][INFO] INSERT INTO `hq_content_group` (`hcg_key`, `hcg_main`, `hcg_created_date`, `hcg_position`) VALUES (?, ?, ?, ?)
[Mon, 25 Jan 16 07:54:37 +0000][INFO] SELECT IF(COUNT(*) > 0, 1, 0) FROM `INFORMATION_SCHEMA`.`TABLES` WHERE `TABLE_NAME` = 'hq_content_group' AND `TABLE_SCHEMA` = DATABASE()
[Mon, 25 Jan 16 07:54:37 +0000][INFO] DESCRIBE `hq_content_group`
[Mon, 25 Jan 16 07:54:37 +0000][INFO] INSERT INTO `hq_content_group` (`hcg_key`, `hcg_main`, `hcg_created_date`, `hcg_position`) VALUES (?, ?, ?, ?)
[Mon, 25 Jan 16 07:55:12 +0000][INFO] SELECT IF(COUNT(*) > 0, 1, 0) FROM `INFORMATION_SCHEMA`.`TABLES` WHERE `TABLE_NAME` = 'hq_content_group' AND `TABLE_SCHEMA` = DATABASE()
[Mon, 25 Jan 16 07:55:12 +0000][INFO] DESCRIBE `hq_content_group`
[Mon, 25 Jan 16 07:55:12 +0000][INFO] INSERT INTO `hq_content_group` (`hcg_key`, `hcg_main`, `hcg_created_date`, `hcg_position`) VALUES (?, ?, ?, ?)
[Mon, 25 Jan 16 07:56:58 +0000][INFO] SELECT IF(COUNT(*) > 0, 1, 0) FROM `INFORMATION_SCHEMA`.`TABLES` WHERE `TABLE_NAME` = 'hq_content_group' AND `TABLE_SCHEMA` = DATABASE()
[Mon, 25 Jan 16 07:56:58 +0000][INFO] DESCRIBE `hq_content_group`
[Mon, 25 Jan 16 07:56:58 +0000][INFO] INSERT INTO `hq_content_group` (`hcg_key`, `hcg_main`, `hcg_created_date`, `hcg_position`) VALUES (?, ?, ?, ?)
[Mon, 25 Jan 16 07:58:29 +0000][INFO] SELECT IF(COUNT(*) > 0, 1, 0) FROM `INFORMATION_SCHEMA`.`TABLES` WHERE `TABLE_NAME` = 'hq_content_group' AND `TABLE_SCHEMA` = DATABASE()
[Mon, 25 Jan 16 07:58:29 +0000][INFO] DESCRIBE `hq_content_group`
[Mon, 25 Jan 16 07:58:29 +0000][INFO] INSERT INTO `hq_content_group` (`hcg_key`, `hcg_main`, `hcg_created_date`, `hcg_position`) VALUES (?, ?, ?, ?)
[Mon, 25 Jan 16 07:59:03 +0000][INFO] SELECT IF(COUNT(*) > 0, 1, 0) FROM `INFORMATION_SCHEMA`.`TABLES` WHERE `TABLE_NAME` = 'hq_content_group' AND `TABLE_SCHEMA` = DATABASE()
[Mon, 25 Jan 16 07:59:03 +0000][INFO] DESCRIBE `hq_content_group`
[Mon, 25 Jan 16 07:59:03 +0000][INFO] INSERT INTO `hq_content_group` (`hcg_key`, `hcg_main`, `hcg_created_date`, `hcg_position`) VALUES (?, ?, ?, ?)
[Mon, 25 Jan 16 07:59:18 +0000][INFO] SELECT IF(COUNT(*) > 0, 1, 0) FROM `INFORMATION_SCHEMA`.`TABLES` WHERE `TABLE_NAME` = 'hq_content_group' AND `TABLE_SCHEMA` = DATABASE()
[Mon, 25 Jan 16 07:59:18 +0000][INFO] DESCRIBE `hq_content_group`
[Mon, 25 Jan 16 07:59:18 +0000][INFO] INSERT INTO `hq_content_group` (`hcg_key`, `hcg_main`, `hcg_created_date`, `hcg_position`) VALUES (?, ?, ?, ?)
[Mon, 25 Jan 16 08:00:42 +0000][INFO] SELECT IF(COUNT(*) > 0, 1, 0) FROM `INFORMATION_SCHEMA`.`TABLES` WHERE `TABLE_NAME` = 'hq_content_group' AND `TABLE_SCHEMA` = DATABASE()
[Mon, 25 Jan 16 08:00:42 +0000][INFO] DESCRIBE `hq_content_group`
[Mon, 25 Jan 16 08:00:42 +0000][INFO] INSERT INTO `hq_content_group` (`hcg_key`, `hcg_main`, `hcg_created_date`, `hcg_position`) VALUES (?, ?, ?, ?)
[Mon, 25 Jan 16 08:01:56 +0000][INFO] SELECT IF(COUNT(*) > 0, 1, 0) FROM `INFORMATION_SCHEMA`.`TABLES` WHERE `TABLE_NAME` = 'hq_content_group' AND `TABLE_SCHEMA` = DATABASE()
[Mon, 25 Jan 16 08:01:56 +0000][INFO] DESCRIBE `hq_content_group`
[Mon, 25 Jan 16 08:01:56 +0000][INFO] SELECT `hq_content_group`.`hcg_id`, `hq_content_group`.`hcg_key`, `hq_content_group`.`hcg_main`, `hq_content_group`.`hcg_created_date`, `hq_content_group`.`hcg_position` FROM `hq_content_group` WHERE `hq_content_group`.`hcg_position` = 1 ORDER BY `hq_content_group`.`hcg_id` DESC
[Mon, 25 Jan 16 08:01:56 +0000][INFO] SELECT `hq_content_group`.`hcg_id`, `hq_content_group`.`hcg_key`, `hq_content_group`.`hcg_main`, `hq_content_group`.`hcg_created_date`, `hq_content_group`.`hcg_position` FROM `hq_content_group` WHERE `hq_content_group`.`hcg_position` = 2 ORDER BY `hq_content_group`.`hcg_id` DESC
[Mon, 25 Jan 16 08:01:56 +0000][INFO] SELECT `hq_content_group`.`hcg_id`, `hq_content_group`.`hcg_key`, `hq_content_group`.`hcg_main`, `hq_content_group`.`hcg_created_date`, `hq_content_group`.`hcg_position` FROM `hq_content_group` WHERE `hq_content_group`.`hcg_position` = 3 ORDER BY `hq_content_group`.`hcg_id` DESC
[Mon, 25 Jan 16 08:01:56 +0000][INFO] SELECT IF(COUNT(*) > 0, 1, 0) FROM `INFORMATION_SCHEMA`.`TABLES` WHERE `TABLE_NAME` = 'hq_content_group' AND `TABLE_SCHEMA` = DATABASE()
[Mon, 25 Jan 16 08:01:56 +0000][INFO] DESCRIBE `hq_content_group`
[Mon, 25 Jan 16 08:01:56 +0000][INFO] SELECT `hq_content_group`.`hcg_id`, `hq_content_group`.`hcg_key`, `hq_content_group`.`hcg_main`, `hq_content_group`.`hcg_created_date`, `hq_content_group`.`hcg_position` FROM `hq_content_group` WHERE `hq_content_group`.`hcg_position` = 1 ORDER BY `hq_content_group`.`hcg_id` DESC
[Mon, 25 Jan 16 08:01:56 +0000][INFO] SELECT `hq_content_group`.`hcg_id`, `hq_content_group`.`hcg_key`, `hq_content_group`.`hcg_main`, `hq_content_group`.`hcg_created_date`, `hq_content_group`.`hcg_position` FROM `hq_content_group` WHERE `hq_content_group`.`hcg_position` = 2 ORDER BY `hq_content_group`.`hcg_id` DESC
[Mon, 25 Jan 16 08:01:56 +0000][INFO] SELECT `hq_content_group`.`hcg_id`, `hq_content_group`.`hcg_key`, `hq_content_group`.`hcg_main`, `hq_content_group`.`hcg_created_date`, `hq_content_group`.`hcg_position` FROM `hq_content_group` WHERE `hq_content_group`.`hcg_position` = 3 ORDER BY `hq_content_group`.`hcg_id` DESC
[Mon, 25 Jan 16 08:02:03 +0000][INFO] SELECT IF(COUNT(*) > 0, 1, 0) FROM `INFORMATION_SCHEMA`.`TABLES` WHERE `TABLE_NAME` = 'hq_content_group' AND `TABLE_SCHEMA` = DATABASE()
[Mon, 25 Jan 16 08:02:03 +0000][INFO] DESCRIBE `hq_content_group`
[Mon, 25 Jan 16 08:02:03 +0000][INFO] SELECT `hq_content_group`.`hcg_id`, `hq_content_group`.`hcg_key`, `hq_content_group`.`hcg_main`, `hq_content_group`.`hcg_created_date`, `hq_content_group`.`hcg_position` FROM `hq_content_group` WHERE `hq_content_group`.`hcg_position` = 1 ORDER BY `hq_content_group`.`hcg_id` DESC
[Mon, 25 Jan 16 08:02:03 +0000][INFO] SELECT `hq_content_group`.`hcg_id`, `hq_content_group`.`hcg_key`, `hq_content_group`.`hcg_main`, `hq_content_group`.`hcg_created_date`, `hq_content_group`.`hcg_position` FROM `hq_content_group` WHERE `hq_content_group`.`hcg_position` = 2 ORDER BY `hq_content_group`.`hcg_id` DESC
[Mon, 25 Jan 16 08:02:03 +0000][INFO] SELECT `hq_content_group`.`hcg_id`, `hq_content_group`.`hcg_key`, `hq_content_group`.`hcg_main`, `hq_content_group`.`hcg_created_date`, `hq_content_group`.`hcg_position` FROM `hq_content_group` WHERE `hq_content_group`.`hcg_position` = 3 ORDER BY `hq_content_group`.`hcg_id` DESC
[Mon, 25 Jan 16 08:04:48 +0000][INFO] SELECT IF(COUNT(*) > 0, 1, 0) FROM `INFORMATION_SCHEMA`.`TABLES` WHERE `TABLE_NAME` = 'hq_content_group' AND `TABLE_SCHEMA` = DATABASE()
[Mon, 25 Jan 16 08:04:48 +0000][INFO] DESCRIBE `hq_content_group`
[Mon, 25 Jan 16 08:04:48 +0000][INFO] INSERT INTO `hq_content_group` (`hcg_key`, `hcg_main`, `hcg_created_date`, `hcg_position`) VALUES (?, ?, ?, ?)
[Mon, 25 Jan 16 08:05:46 +0000][INFO] SELECT IF(COUNT(*) > 0, 1, 0) FROM `INFORMATION_SCHEMA`.`TABLES` WHERE `TABLE_NAME` = 'hq_content_group' AND `TABLE_SCHEMA` = DATABASE()
[Mon, 25 Jan 16 08:05:46 +0000][INFO] DESCRIBE `hq_content_group`
[Mon, 25 Jan 16 08:05:46 +0000][INFO] INSERT INTO `hq_content_group` (`hcg_key`, `hcg_main`, `hcg_created_date`, `hcg_position`) VALUES (?, ?, ?, ?)
[Mon, 25 Jan 16 08:06:37 +0000][INFO] SELECT IF(COUNT(*) > 0, 1, 0) FROM `INFORMATION_SCHEMA`.`TABLES` WHERE `TABLE_NAME` = 'hq_content_group' AND `TABLE_SCHEMA` = DATABASE()
[Mon, 25 Jan 16 08:06:37 +0000][INFO] DESCRIBE `hq_content_group`
[Mon, 25 Jan 16 08:06:37 +0000][INFO] INSERT INTO `hq_content_group` (`hcg_key`, `hcg_main`, `hcg_created_date`, `hcg_position`) VALUES (?, ?, ?, ?)
[Mon, 25 Jan 16 08:17:21 +0000][INFO] SELECT IF(COUNT(*) > 0, 1, 0) FROM `INFORMATION_SCHEMA`.`TABLES` WHERE `TABLE_NAME` = 'hq_content_group' AND `TABLE_SCHEMA` = DATABASE()
[Mon, 25 Jan 16 08:17:21 +0000][INFO] DESCRIBE `hq_content_group`
[Mon, 25 Jan 16 08:17:21 +0000][INFO] INSERT INTO `hq_content_group` (`hcg_key`, `hcg_main`, `hcg_created_date`, `hcg_position`) VALUES (?, ?, ?, ?)
[Mon, 25 Jan 16 08:17:31 +0000][INFO] SELECT IF(COUNT(*) > 0, 1, 0) FROM `INFORMATION_SCHEMA`.`TABLES` WHERE `TABLE_NAME` = 'hq_content_group' AND `TABLE_SCHEMA` = DATABASE()
[Mon, 25 Jan 16 08:17:31 +0000][INFO] DESCRIBE `hq_content_group`
[Mon, 25 Jan 16 08:17:31 +0000][INFO] INSERT INTO `hq_content_group` (`hcg_key`, `hcg_main`, `hcg_created_date`, `hcg_position`) VALUES (?, ?, ?, ?)
[Mon, 25 Jan 16 08:18:05 +0000][INFO] SELECT IF(COUNT(*) > 0, 1, 0) FROM `INFORMATION_SCHEMA`.`TABLES` WHERE `TABLE_NAME` = 'hq_content_group' AND `TABLE_SCHEMA` = DATABASE()
[Mon, 25 Jan 16 08:18:05 +0000][INFO] DESCRIBE `hq_content_group`
[Mon, 25 Jan 16 08:18:05 +0000][INFO] INSERT INTO `hq_content_group` (`hcg_key`, `hcg_main`, `hcg_created_date`, `hcg_position`) VALUES (?, ?, ?, ?)
[Mon, 25 Jan 16 08:21:48 +0000][INFO] SELECT IF(COUNT(*) > 0, 1, 0) FROM `INFORMATION_SCHEMA`.`TABLES` WHERE `TABLE_NAME` = 'hq_content_group' AND `TABLE_SCHEMA` = DATABASE()
[Mon, 25 Jan 16 08:21:48 +0000][INFO] DESCRIBE `hq_content_group`
[Mon, 25 Jan 16 08:21:48 +0000][INFO] INSERT INTO `hq_content_group` (`hcg_key`, `hcg_main`, `hcg_created_date`, `hcg_position`) VALUES (?, ?, ?, ?)
[Mon, 25 Jan 16 08:24:52 +0000][INFO] SELECT IF(COUNT(*) > 0, 1, 0) FROM `INFORMATION_SCHEMA`.`TABLES` WHERE `TABLE_NAME` = 'hq_content_group' AND `TABLE_SCHEMA` = DATABASE()
[Mon, 25 Jan 16 08:24:52 +0000][INFO] DESCRIBE `hq_content_group`
[Mon, 25 Jan 16 08:24:52 +0000][INFO] INSERT INTO `hq_content_group` (`hcg_key`, `hcg_main`, `hcg_created_date`, `hcg_position`) VALUES (?, ?, ?, ?)
[Mon, 25 Jan 16 08:25:58 +0000][INFO] SELECT IF(COUNT(*) > 0, 1, 0) FROM `INFORMATION_SCHEMA`.`TABLES` WHERE `TABLE_NAME` = 'hq_content_group' AND `TABLE_SCHEMA` = DATABASE()
[Mon, 25 Jan 16 08:25:58 +0000][INFO] DESCRIBE `hq_content_group`
[Mon, 25 Jan 16 08:25:58 +0000][INFO] INSERT INTO `hq_content_group` (`hcg_key`, `hcg_main`, `hcg_created_date`, `hcg_position`) VALUES (?, ?, ?, ?)
[Mon, 25 Jan 16 08:26:49 +0000][INFO] SELECT IF(COUNT(*) > 0, 1, 0) FROM `INFORMATION_SCHEMA`.`TABLES` WHERE `TABLE_NAME` = 'hq_content_group' AND `TABLE_SCHEMA` = DATABASE()
[Mon, 25 Jan 16 08:26:49 +0000][INFO] DESCRIBE `hq_content_group`
[Mon, 25 Jan 16 08:26:49 +0000][INFO] INSERT INTO `hq_content_group` (`hcg_key`, `hcg_main`, `hcg_created_date`, `hcg_position`) VALUES (?, ?, ?, ?)
[Mon, 25 Jan 16 08:27:30 +0000][INFO] SELECT IF(COUNT(*) > 0, 1, 0) FROM `INFORMATION_SCHEMA`.`TABLES` WHERE `TABLE_NAME` = 'hq_content_group' AND `TABLE_SCHEMA` = DATABASE()
[Mon, 25 Jan 16 08:27:30 +0000][INFO] DESCRIBE `hq_content_group`
[Mon, 25 Jan 16 08:27:30 +0000][INFO] INSERT INTO `hq_content_group` (`hcg_key`, `hcg_main`, `hcg_created_date`, `hcg_position`) VALUES (?, ?, ?, ?)
[Mon, 25 Jan 16 08:29:09 +0000][INFO] SELECT IF(COUNT(*) > 0, 1, 0) FROM `INFORMATION_SCHEMA`.`TABLES` WHERE `TABLE_NAME` = 'hq_content_group' AND `TABLE_SCHEMA` = DATABASE()
[Mon, 25 Jan 16 08:29:09 +0000][INFO] DESCRIBE `hq_content_group`
[Mon, 25 Jan 16 08:29:09 +0000][INFO] INSERT INTO `hq_content_group` (`hcg_key`, `hcg_main`, `hcg_created_date`, `hcg_position`) VALUES (?, ?, ?, ?)
[Mon, 25 Jan 16 08:30:22 +0000][INFO] SELECT IF(COUNT(*) > 0, 1, 0) FROM `INFORMATION_SCHEMA`.`TABLES` WHERE `TABLE_NAME` = 'hq_content_group' AND `TABLE_SCHEMA` = DATABASE()
[Mon, 25 Jan 16 08:30:22 +0000][INFO] DESCRIBE `hq_content_group`
[Mon, 25 Jan 16 08:30:22 +0000][INFO] INSERT INTO `hq_content_group` (`hcg_key`, `hcg_main`, `hcg_created_date`, `hcg_position`) VALUES (?, ?, ?, ?)
[Mon, 25 Jan 16 08:31:04 +0000][INFO] SELECT IF(COUNT(*) > 0, 1, 0) FROM `INFORMATION_SCHEMA`.`TABLES` WHERE `TABLE_NAME` = 'hq_content_group' AND `TABLE_SCHEMA` = DATABASE()
[Mon, 25 Jan 16 08:31:04 +0000][INFO] DESCRIBE `hq_content_group`
[Mon, 25 Jan 16 08:31:04 +0000][INFO] INSERT INTO `hq_content_group` (`hcg_key`, `hcg_main`, `hcg_created_date`, `hcg_position`) VALUES (?, ?, ?, ?)
[Mon, 25 Jan 16 08:32:46 +0000][INFO] SELECT IF(COUNT(*) > 0, 1, 0) FROM `INFORMATION_SCHEMA`.`TABLES` WHERE `TABLE_NAME` = 'hq_content_group' AND `TABLE_SCHEMA` = DATABASE()
[Mon, 25 Jan 16 08:32:46 +0000][INFO] DESCRIBE `hq_content_group`
[Mon, 25 Jan 16 08:32:46 +0000][INFO] INSERT INTO `hq_content_group` (`hcg_key`, `hcg_main`, `hcg_created_date`, `hcg_position`) VALUES (?, ?, ?, ?)
[Mon, 25 Jan 16 08:33:37 +0000][INFO] SELECT IF(COUNT(*) > 0, 1, 0) FROM `INFORMATION_SCHEMA`.`TABLES` WHERE `TABLE_NAME` = 'hq_content_group' AND `TABLE_SCHEMA` = DATABASE()
[Mon, 25 Jan 16 08:33:37 +0000][INFO] DESCRIBE `hq_content_group`
[Mon, 25 Jan 16 08:33:37 +0000][INFO] INSERT INTO `hq_content_group` (`hcg_key`, `hcg_main`, `hcg_created_date`, `hcg_position`) VALUES (?, ?, ?, ?)
[Mon, 25 Jan 16 08:33:59 +0000][INFO] SELECT IF(COUNT(*) > 0, 1, 0) FROM `INFORMATION_SCHEMA`.`TABLES` WHERE `TABLE_NAME` = 'hq_content_group' AND `TABLE_SCHEMA` = DATABASE()
[Mon, 25 Jan 16 08:33:59 +0000][INFO] DESCRIBE `hq_content_group`
[Mon, 25 Jan 16 08:33:59 +0000][INFO] INSERT INTO `hq_content_group` (`hcg_key`, `hcg_main`, `hcg_created_date`, `hcg_position`) VALUES (?, ?, ?, ?)
[Mon, 25 Jan 16 08:34:48 +0000][INFO] SELECT IF(COUNT(*) > 0, 1, 0) FROM `INFORMATION_SCHEMA`.`TABLES` WHERE `TABLE_NAME` = 'hq_content_group' AND `TABLE_SCHEMA` = DATABASE()
[Mon, 25 Jan 16 08:34:48 +0000][INFO] DESCRIBE `hq_content_group`
[Mon, 25 Jan 16 08:34:48 +0000][INFO] INSERT INTO `hq_content_group` (`hcg_key`, `hcg_main`, `hcg_created_date`, `hcg_position`) VALUES (?, ?, ?, ?)
[Mon, 25 Jan 16 08:35:19 +0000][INFO] SELECT IF(COUNT(*) > 0, 1, 0) FROM `INFORMATION_SCHEMA`.`TABLES` WHERE `TABLE_NAME` = 'hq_content_group' AND `TABLE_SCHEMA` = DATABASE()
[Mon, 25 Jan 16 08:35:19 +0000][INFO] DESCRIBE `hq_content_group`
[Mon, 25 Jan 16 08:35:19 +0000][INFO] INSERT INTO `hq_content_group` (`hcg_key`, `hcg_main`, `hcg_created_date`, `hcg_position`) VALUES (?, ?, ?, ?)
[Mon, 25 Jan 16 08:36:24 +0000][INFO] SELECT IF(COUNT(*) > 0, 1, 0) FROM `INFORMATION_SCHEMA`.`TABLES` WHERE `TABLE_NAME` = 'hq_content_group' AND `TABLE_SCHEMA` = DATABASE()
[Mon, 25 Jan 16 08:36:24 +0000][INFO] DESCRIBE `hq_content_group`
[Mon, 25 Jan 16 08:36:24 +0000][INFO] INSERT INTO `hq_content_group` (`hcg_key`, `hcg_main`, `hcg_created_date`, `hcg_position`) VALUES (?, ?, ?, ?)
[Mon, 25 Jan 16 08:37:36 +0000][INFO] SELECT IF(COUNT(*) > 0, 1, 0) FROM `INFORMATION_SCHEMA`.`TABLES` WHERE `TABLE_NAME` = 'hq_content_group' AND `TABLE_SCHEMA` = DATABASE()
[Mon, 25 Jan 16 08:37:36 +0000][INFO] DESCRIBE `hq_content_group`
[Mon, 25 Jan 16 08:37:36 +0000][INFO] INSERT INTO `hq_content_group` (`hcg_key`, `hcg_main`, `hcg_created_date`, `hcg_position`) VALUES (?, ?, ?, ?)
[Mon, 25 Jan 16 08:38:31 +0000][INFO] SELECT IF(COUNT(*) > 0, 1, 0) FROM `INFORMATION_SCHEMA`.`TABLES` WHERE `TABLE_NAME` = 'hq_content_group' AND `TABLE_SCHEMA` = DATABASE()
[Mon, 25 Jan 16 08:38:31 +0000][INFO] DESCRIBE `hq_content_group`
[Mon, 25 Jan 16 08:38:31 +0000][INFO] INSERT INTO `hq_content_group` (`hcg_key`, `hcg_main`, `hcg_created_date`, `hcg_position`) VALUES (?, ?, ?, ?)
[Mon, 25 Jan 16 08:39:42 +0000][INFO] SELECT IF(COUNT(*) > 0, 1, 0) FROM `INFORMATION_SCHEMA`.`TABLES` WHERE `TABLE_NAME` = 'hq_content_group' AND `TABLE_SCHEMA` = DATABASE()
[Mon, 25 Jan 16 08:39:42 +0000][INFO] DESCRIBE `hq_content_group`
[Mon, 25 Jan 16 08:39:42 +0000][INFO] INSERT INTO `hq_content_group` (`hcg_key`, `hcg_main`, `hcg_created_date`, `hcg_position`) VALUES (?, ?, ?, ?)
[Mon, 25 Jan 16 08:43:42 +0000][INFO] SELECT IF(COUNT(*) > 0, 1, 0) FROM `INFORMATION_SCHEMA`.`TABLES` WHERE `TABLE_NAME` = 'hq_content_group' AND `TABLE_SCHEMA` = DATABASE()
[Mon, 25 Jan 16 08:43:42 +0000][INFO] DESCRIBE `hq_content_group`
[Mon, 25 Jan 16 08:43:42 +0000][INFO] INSERT INTO `hq_content_group` (`hcg_key`, `hcg_main`, `hcg_created_date`, `hcg_position`) VALUES (?, ?, ?, ?)
[Mon, 25 Jan 16 08:44:51 +0000][INFO] SELECT IF(COUNT(*) > 0, 1, 0) FROM `INFORMATION_SCHEMA`.`TABLES` WHERE `TABLE_NAME` = 'hq_content_group' AND `TABLE_SCHEMA` = DATABASE()
[Mon, 25 Jan 16 08:44:51 +0000][INFO] DESCRIBE `hq_content_group`
[Mon, 25 Jan 16 08:44:51 +0000][INFO] INSERT INTO `hq_content_group` (`hcg_key`, `hcg_main`, `hcg_created_date`, `hcg_position`) VALUES (?, ?, ?, ?)
[Mon, 25 Jan 16 08:45:49 +0000][INFO] SELECT IF(COUNT(*) > 0, 1, 0) FROM `INFORMATION_SCHEMA`.`TABLES` WHERE `TABLE_NAME` = 'hq_content_group' AND `TABLE_SCHEMA` = DATABASE()
[Mon, 25 Jan 16 08:45:49 +0000][INFO] DESCRIBE `hq_content_group`
[Mon, 25 Jan 16 08:45:49 +0000][INFO] INSERT INTO `hq_content_group` (`hcg_key`, `hcg_main`, `hcg_created_date`, `hcg_position`) VALUES (?, ?, ?, ?)
[Mon, 25 Jan 16 08:47:49 +0000][INFO] SELECT IF(COUNT(*) > 0, 1, 0) FROM `INFORMATION_SCHEMA`.`TABLES` WHERE `TABLE_NAME` = 'hq_content_group' AND `TABLE_SCHEMA` = DATABASE()
[Mon, 25 Jan 16 08:47:49 +0000][INFO] DESCRIBE `hq_content_group`
[Mon, 25 Jan 16 08:47:49 +0000][INFO] INSERT INTO `hq_content_group` (`hcg_key`, `hcg_main`, `hcg_created_date`, `hcg_position`) VALUES (?, ?, ?, ?)
[Mon, 25 Jan 16 08:48:58 +0000][INFO] SELECT IF(COUNT(*) > 0, 1, 0) FROM `INFORMATION_SCHEMA`.`TABLES` WHERE `TABLE_NAME` = 'hq_content_group' AND `TABLE_SCHEMA` = DATABASE()
[Mon, 25 Jan 16 08:48:58 +0000][INFO] DESCRIBE `hq_content_group`
[Mon, 25 Jan 16 08:48:58 +0000][INFO] INSERT INTO `hq_content_group` (`hcg_key`, `hcg_main`, `hcg_created_date`, `hcg_position`) VALUES (?, ?, ?, ?)
[Mon, 25 Jan 16 08:50:36 +0000][INFO] SELECT IF(COUNT(*) > 0, 1, 0) FROM `INFORMATION_SCHEMA`.`TABLES` WHERE `TABLE_NAME` = 'hq_content_group' AND `TABLE_SCHEMA` = DATABASE()
[Mon, 25 Jan 16 08:50:36 +0000][INFO] DESCRIBE `hq_content_group`
[Mon, 25 Jan 16 08:50:36 +0000][INFO] INSERT INTO `hq_content_group` (`hcg_key`, `hcg_main`, `hcg_created_date`, `hcg_position`) VALUES (?, ?, ?, ?)
[Mon, 25 Jan 16 08:50:41 +0000][INFO] SELECT IF(COUNT(*) > 0, 1, 0) FROM `INFORMATION_SCHEMA`.`TABLES` WHERE `TABLE_NAME` = 'hq_content_group' AND `TABLE_SCHEMA` = DATABASE()
[Mon, 25 Jan 16 08:50:41 +0000][INFO] DESCRIBE `hq_content_group`
[Mon, 25 Jan 16 08:50:41 +0000][INFO] INSERT INTO `hq_content_group` (`hcg_key`, `hcg_main`, `hcg_created_date`, `hcg_position`) VALUES (?, ?, ?, ?)
[Mon, 25 Jan 16 08:51:47 +0000][INFO] SELECT IF(COUNT(*) > 0, 1, 0) FROM `INFORMATION_SCHEMA`.`TABLES` WHERE `TABLE_NAME` = 'hq_content_group' AND `TABLE_SCHEMA` = DATABASE()
[Mon, 25 Jan 16 08:51:47 +0000][INFO] DESCRIBE `hq_content_group`
[Mon, 25 Jan 16 08:51:47 +0000][INFO] INSERT INTO `hq_content_group` (`hcg_key`, `hcg_main`, `hcg_created_date`, `hcg_position`) VALUES (?, ?, ?, ?)
[Mon, 25 Jan 16 08:52:41 +0000][INFO] SELECT IF(COUNT(*) > 0, 1, 0) FROM `INFORMATION_SCHEMA`.`TABLES` WHERE `TABLE_NAME` = 'hq_content_group' AND `TABLE_SCHEMA` = DATABASE()
[Mon, 25 Jan 16 08:52:41 +0000][INFO] DESCRIBE `hq_content_group`
[Mon, 25 Jan 16 08:52:41 +0000][INFO] INSERT INTO `hq_content_group` (`hcg_key`, `hcg_main`, `hcg_created_date`, `hcg_position`) VALUES (?, ?, ?, ?)
[Mon, 25 Jan 16 08:53:19 +0000][INFO] SELECT IF(COUNT(*) > 0, 1, 0) FROM `INFORMATION_SCHEMA`.`TABLES` WHERE `TABLE_NAME` = 'hq_content_group' AND `TABLE_SCHEMA` = DATABASE()
[Mon, 25 Jan 16 08:53:19 +0000][INFO] DESCRIBE `hq_content_group`
[Mon, 25 Jan 16 08:53:19 +0000][INFO] INSERT INTO `hq_content_group` (`hcg_key`, `hcg_main`, `hcg_created_date`, `hcg_position`) VALUES (?, ?, ?, ?)
[Mon, 25 Jan 16 08:55:22 +0000][INFO] SELECT IF(COUNT(*) > 0, 1, 0) FROM `INFORMATION_SCHEMA`.`TABLES` WHERE `TABLE_NAME` = 'hq_content_group' AND `TABLE_SCHEMA` = DATABASE()
[Mon, 25 Jan 16 08:55:22 +0000][INFO] DESCRIBE `hq_content_group`
[Mon, 25 Jan 16 08:55:23 +0000][INFO] INSERT INTO `hq_content_group` (`hcg_key`, `hcg_main`, `hcg_created_date`, `hcg_position`) VALUES (?, ?, ?, ?)
[Mon, 25 Jan 16 08:56:43 +0000][INFO] SELECT IF(COUNT(*) > 0, 1, 0) FROM `INFORMATION_SCHEMA`.`TABLES` WHERE `TABLE_NAME` = 'hq_content_group' AND `TABLE_SCHEMA` = DATABASE()
[Mon, 25 Jan 16 08:56:43 +0000][INFO] DESCRIBE `hq_content_group`
[Mon, 25 Jan 16 08:56:43 +0000][INFO] INSERT INTO `hq_content_group` (`hcg_key`, `hcg_main`, `hcg_created_date`, `hcg_position`) VALUES (?, ?, ?, ?)
[Mon, 25 Jan 16 08:57:58 +0000][INFO] SELECT IF(COUNT(*) > 0, 1, 0) FROM `INFORMATION_SCHEMA`.`TABLES` WHERE `TABLE_NAME` = 'hq_content_group' AND `TABLE_SCHEMA` = DATABASE()
[Mon, 25 Jan 16 08:57:58 +0000][INFO] DESCRIBE `hq_content_group`
[Mon, 25 Jan 16 08:57:58 +0000][INFO] INSERT INTO `hq_content_group` (`hcg_key`, `hcg_main`, `hcg_created_date`, `hcg_position`) VALUES (?, ?, ?, ?)
[Mon, 25 Jan 16 08:59:02 +0000][INFO] SELECT IF(COUNT(*) > 0, 1, 0) FROM `INFORMATION_SCHEMA`.`TABLES` WHERE `TABLE_NAME` = 'hq_content_group' AND `TABLE_SCHEMA` = DATABASE()
[Mon, 25 Jan 16 08:59:02 +0000][INFO] DESCRIBE `hq_content_group`
[Mon, 25 Jan 16 08:59:02 +0000][INFO] INSERT INTO `hq_content_group` (`hcg_key`, `hcg_main`, `hcg_created_date`, `hcg_position`) VALUES (?, ?, ?, ?)
[Mon, 25 Jan 16 08:59:58 +0000][INFO] SELECT IF(COUNT(*) > 0, 1, 0) FROM `INFORMATION_SCHEMA`.`TABLES` WHERE `TABLE_NAME` = 'hq_content_group' AND `TABLE_SCHEMA` = DATABASE()
[Mon, 25 Jan 16 08:59:58 +0000][INFO] DESCRIBE `hq_content_group`
[Mon, 25 Jan 16 08:59:58 +0000][INFO] INSERT INTO `hq_content_group` (`hcg_key`, `hcg_main`, `hcg_created_date`, `hcg_position`) VALUES (?, ?, ?, ?)
[Mon, 25 Jan 16 09:01:54 +0000][INFO] SELECT IF(COUNT(*) > 0, 1, 0) FROM `INFORMATION_SCHEMA`.`TABLES` WHERE `TABLE_NAME` = 'hq_content_group' AND `TABLE_SCHEMA` = DATABASE()
[Mon, 25 Jan 16 09:01:54 +0000][INFO] DESCRIBE `hq_content_group`
[Mon, 25 Jan 16 09:01:54 +0000][INFO] INSERT INTO `hq_content_group` (`hcg_key`, `hcg_main`, `hcg_created_date`, `hcg_position`) VALUES (?, ?, ?, ?)
[Mon, 25 Jan 16 09:02:34 +0000][INFO] SELECT IF(COUNT(*) > 0, 1, 0) FROM `INFORMATION_SCHEMA`.`TABLES` WHERE `TABLE_NAME` = 'hq_content_group' AND `TABLE_SCHEMA` = DATABASE()
[Mon, 25 Jan 16 09:02:34 +0000][INFO] DESCRIBE `hq_content_group`
[Mon, 25 Jan 16 09:02:34 +0000][INFO] INSERT INTO `hq_content_group` (`hcg_key`, `hcg_main`, `hcg_created_date`, `hcg_position`) VALUES (?, ?, ?, ?)
[Mon, 25 Jan 16 09:03:25 +0000][INFO] SELECT IF(COUNT(*) > 0, 1, 0) FROM `INFORMATION_SCHEMA`.`TABLES` WHERE `TABLE_NAME` = 'hq_content_group' AND `TABLE_SCHEMA` = DATABASE()
[Mon, 25 Jan 16 09:03:25 +0000][INFO] DESCRIBE `hq_content_group`
[Mon, 25 Jan 16 09:03:25 +0000][INFO] INSERT INTO `hq_content_group` (`hcg_key`, `hcg_main`, `hcg_created_date`, `hcg_position`) VALUES (?, ?, ?, ?)
[Mon, 25 Jan 16 09:16:15 +0000][INFO] SELECT IF(COUNT(*) > 0, 1, 0) FROM `INFORMATION_SCHEMA`.`TABLES` WHERE `TABLE_NAME` = 'hq_content_group' AND `TABLE_SCHEMA` = DATABASE()
[Mon, 25 Jan 16 09:16:15 +0000][INFO] DESCRIBE `hq_content_group`
[Mon, 25 Jan 16 09:16:15 +0000][INFO] INSERT INTO `hq_content_group` (`hcg_key`, `hcg_main`, `hcg_created_date`, `hcg_position`) VALUES (?, ?, ?, ?)
[Mon, 25 Jan 16 09:16:42 +0000][INFO] SELECT IF(COUNT(*) > 0, 1, 0) FROM `INFORMATION_SCHEMA`.`TABLES` WHERE `TABLE_NAME` = 'hq_content_group' AND `TABLE_SCHEMA` = DATABASE()
[Mon, 25 Jan 16 09:16:42 +0000][INFO] DESCRIBE `hq_content_group`
[Mon, 25 Jan 16 09:16:42 +0000][INFO] INSERT INTO `hq_content_group` (`hcg_key`, `hcg_main`, `hcg_created_date`, `hcg_position`) VALUES (?, ?, ?, ?)
[Mon, 25 Jan 16 09:17:12 +0000][INFO] SELECT IF(COUNT(*) > 0, 1, 0) FROM `INFORMATION_SCHEMA`.`TABLES` WHERE `TABLE_NAME` = 'hq_content_group' AND `TABLE_SCHEMA` = DATABASE()
[Mon, 25 Jan 16 09:17:12 +0000][INFO] DESCRIBE `hq_content_group`
[Mon, 25 Jan 16 09:17:12 +0000][INFO] INSERT INTO `hq_content_group` (`hcg_key`, `hcg_main`, `hcg_created_date`, `hcg_position`) VALUES (?, ?, ?, ?)
[Mon, 25 Jan 16 09:17:52 +0000][INFO] SELECT IF(COUNT(*) > 0, 1, 0) FROM `INFORMATION_SCHEMA`.`TABLES` WHERE `TABLE_NAME` = 'hq_content_group' AND `TABLE_SCHEMA` = DATABASE()
[Mon, 25 Jan 16 09:17:52 +0000][INFO] DESCRIBE `hq_content_group`
[Mon, 25 Jan 16 09:17:52 +0000][INFO] INSERT INTO `hq_content_group` (`hcg_key`, `hcg_main`, `hcg_created_date`, `hcg_position`) VALUES (?, ?, ?, ?)
[Mon, 25 Jan 16 09:18:02 +0000][INFO] SELECT IF(COUNT(*) > 0, 1, 0) FROM `INFORMATION_SCHEMA`.`TABLES` WHERE `TABLE_NAME` = 'hq_content_group' AND `TABLE_SCHEMA` = DATABASE()
[Mon, 25 Jan 16 09:18:02 +0000][INFO] DESCRIBE `hq_content_group`
[Mon, 25 Jan 16 09:18:02 +0000][INFO] INSERT INTO `hq_content_group` (`hcg_key`, `hcg_main`, `hcg_created_date`, `hcg_position`) VALUES (?, ?, ?, ?)
[Mon, 25 Jan 16 09:18:29 +0000][INFO] SELECT IF(COUNT(*) > 0, 1, 0) FROM `INFORMATION_SCHEMA`.`TABLES` WHERE `TABLE_NAME` = 'hq_content_group' AND `TABLE_SCHEMA` = DATABASE()
[Mon, 25 Jan 16 09:18:29 +0000][INFO] DESCRIBE `hq_content_group`
[Mon, 25 Jan 16 09:18:29 +0000][INFO] INSERT INTO `hq_content_group` (`hcg_key`, `hcg_main`, `hcg_created_date`, `hcg_position`) VALUES (?, ?, ?, ?)
[Mon, 25 Jan 16 09:18:50 +0000][INFO] SELECT IF(COUNT(*) > 0, 1, 0) FROM `INFORMATION_SCHEMA`.`TABLES` WHERE `TABLE_NAME` = 'hq_content_group' AND `TABLE_SCHEMA` = DATABASE()
[Mon, 25 Jan 16 09:18:50 +0000][INFO] DESCRIBE `hq_content_group`
[Mon, 25 Jan 16 09:18:50 +0000][INFO] INSERT INTO `hq_content_group` (`hcg_key`, `hcg_main`, `hcg_created_date`, `hcg_position`) VALUES (?, ?, ?, ?)
[Mon, 25 Jan 16 09:19:52 +0000][INFO] SELECT IF(COUNT(*) > 0, 1, 0) FROM `INFORMATION_SCHEMA`.`TABLES` WHERE `TABLE_NAME` = 'hq_content_group' AND `TABLE_SCHEMA` = DATABASE()
[Mon, 25 Jan 16 09:19:52 +0000][INFO] DESCRIBE `hq_content_group`
[Mon, 25 Jan 16 09:19:52 +0000][INFO] INSERT INTO `hq_content_group` (`hcg_key`, `hcg_main`, `hcg_created_date`, `hcg_position`) VALUES (?, ?, ?, ?)
[Mon, 25 Jan 16 09:20:17 +0000][INFO] SELECT IF(COUNT(*) > 0, 1, 0) FROM `INFORMATION_SCHEMA`.`TABLES` WHERE `TABLE_NAME` = 'hq_content_group' AND `TABLE_SCHEMA` = DATABASE()
[Mon, 25 Jan 16 09:20:18 +0000][INFO] DESCRIBE `hq_content_group`
[Mon, 25 Jan 16 09:20:18 +0000][INFO] INSERT INTO `hq_content_group` (`hcg_key`, `hcg_main`, `hcg_created_date`, `hcg_position`) VALUES (?, ?, ?, ?)
[Mon, 25 Jan 16 09:20:36 +0000][INFO] SELECT IF(COUNT(*) > 0, 1, 0) FROM `INFORMATION_SCHEMA`.`TABLES` WHERE `TABLE_NAME` = 'hq_content_group' AND `TABLE_SCHEMA` = DATABASE()
[Mon, 25 Jan 16 09:20:36 +0000][INFO] DESCRIBE `hq_content_group`
[Mon, 25 Jan 16 09:20:36 +0000][INFO] INSERT INTO `hq_content_group` (`hcg_key`, `hcg_main`, `hcg_created_date`, `hcg_position`) VALUES (?, ?, ?, ?)
[Mon, 25 Jan 16 09:20:45 +0000][INFO] SELECT IF(COUNT(*) > 0, 1, 0) FROM `INFORMATION_SCHEMA`.`TABLES` WHERE `TABLE_NAME` = 'hq_member_vip' AND `TABLE_SCHEMA` = DATABASE()
[Mon, 25 Jan 16 09:20:45 +0000][INFO] DESCRIBE `hq_member_vip`
[Mon, 25 Jan 16 09:20:45 +0000][INFO] SELECT `hq_member_vip`.`mv_id`, `hq_member_vip`.`mv_name`, `hq_member_vip`.`mv_secret`, `hq_member_vip`.`mv_nickname`, `hq_member_vip`.`mv_last_login`, `hq_member_vip`.`mv_permission` FROM `hq_member_vip` WHERE `hq_member_vip`.`mv_name` = :username LIMIT :APL0
[Mon, 25 Jan 16 09:21:34 +0000][INFO] SELECT IF(COUNT(*) > 0, 1, 0) FROM `INFORMATION_SCHEMA`.`TABLES` WHERE `TABLE_NAME` = 'hq_content_group' AND `TABLE_SCHEMA` = DATABASE()
[Mon, 25 Jan 16 09:21:34 +0000][INFO] DESCRIBE `hq_content_group`
[Mon, 25 Jan 16 09:21:34 +0000][INFO] INSERT INTO `hq_content_group` (`hcg_key`, `hcg_main`, `hcg_created_date`, `hcg_position`) VALUES (?, ?, ?, ?)
[Mon, 25 Jan 16 09:22:08 +0000][INFO] SELECT IF(COUNT(*) > 0, 1, 0) FROM `INFORMATION_SCHEMA`.`TABLES` WHERE `TABLE_NAME` = 'hq_content_group' AND `TABLE_SCHEMA` = DATABASE()
[Mon, 25 Jan 16 09:22:08 +0000][INFO] DESCRIBE `hq_content_group`
[Mon, 25 Jan 16 09:22:08 +0000][INFO] INSERT INTO `hq_content_group` (`hcg_key`, `hcg_main`, `hcg_created_date`, `hcg_position`) VALUES (?, ?, ?, ?)
[Mon, 25 Jan 16 09:22:29 +0000][INFO] SELECT IF(COUNT(*) > 0, 1, 0) FROM `INFORMATION_SCHEMA`.`TABLES` WHERE `TABLE_NAME` = 'hq_content_group' AND `TABLE_SCHEMA` = DATABASE()
[Mon, 25 Jan 16 09:22:29 +0000][INFO] DESCRIBE `hq_content_group`
[Mon, 25 Jan 16 09:22:29 +0000][INFO] INSERT INTO `hq_content_group` (`hcg_key`, `hcg_main`, `hcg_created_date`, `hcg_position`) VALUES (?, ?, ?, ?)
[Mon, 25 Jan 16 09:23:18 +0000][INFO] SELECT IF(COUNT(*) > 0, 1, 0) FROM `INFORMATION_SCHEMA`.`TABLES` WHERE `TABLE_NAME` = 'hq_content_group' AND `TABLE_SCHEMA` = DATABASE()
[Mon, 25 Jan 16 09:23:18 +0000][INFO] DESCRIBE `hq_content_group`
[Mon, 25 Jan 16 09:23:18 +0000][INFO] INSERT INTO `hq_content_group` (`hcg_key`, `hcg_main`, `hcg_created_date`, `hcg_position`) VALUES (?, ?, ?, ?)
[Mon, 25 Jan 16 09:23:42 +0000][INFO] SELECT IF(COUNT(*) > 0, 1, 0) FROM `INFORMATION_SCHEMA`.`TABLES` WHERE `TABLE_NAME` = 'hq_content_group' AND `TABLE_SCHEMA` = DATABASE()
[Mon, 25 Jan 16 09:23:42 +0000][INFO] DESCRIBE `hq_content_group`
[Mon, 25 Jan 16 09:23:42 +0000][INFO] INSERT INTO `hq_content_group` (`hcg_key`, `hcg_main`, `hcg_created_date`, `hcg_position`) VALUES (?, ?, ?, ?)
[Mon, 25 Jan 16 09:24:07 +0000][INFO] SELECT IF(COUNT(*) > 0, 1, 0) FROM `INFORMATION_SCHEMA`.`TABLES` WHERE `TABLE_NAME` = 'hq_content_group' AND `TABLE_SCHEMA` = DATABASE()
[Mon, 25 Jan 16 09:24:07 +0000][INFO] DESCRIBE `hq_content_group`
[Mon, 25 Jan 16 09:24:07 +0000][INFO] INSERT INTO `hq_content_group` (`hcg_key`, `hcg_main`, `hcg_created_date`, `hcg_position`) VALUES (?, ?, ?, ?)
[Mon, 25 Jan 16 09:25:39 +0000][INFO] SELECT IF(COUNT(*) > 0, 1, 0) FROM `INFORMATION_SCHEMA`.`TABLES` WHERE `TABLE_NAME` = 'hq_content_group' AND `TABLE_SCHEMA` = DATABASE()
[Mon, 25 Jan 16 09:25:39 +0000][INFO] DESCRIBE `hq_content_group`
[Mon, 25 Jan 16 09:25:39 +0000][INFO] SELECT `hq_content_group`.`hcg_id`, `hq_content_group`.`hcg_key`, `hq_content_group`.`hcg_main`, `hq_content_group`.`hcg_created_date`, `hq_content_group`.`hcg_position` FROM `hq_content_group` ORDER BY `hq_content_group`.`hcg_id` DESC
[Mon, 25 Jan 16 09:27:09 +0000][INFO] SELECT IF(COUNT(*) > 0, 1, 0) FROM `INFORMATION_SCHEMA`.`TABLES` WHERE `TABLE_NAME` = 'hq_content_group' AND `TABLE_SCHEMA` = DATABASE()
[Mon, 25 Jan 16 09:27:09 +0000][INFO] DESCRIBE `hq_content_group`
[Mon, 25 Jan 16 09:27:09 +0000][INFO] SELECT `hq_content_group`.`hcg_id`, `hq_content_group`.`hcg_key`, `hq_content_group`.`hcg_main`, `hq_content_group`.`hcg_created_date`, `hq_content_group`.`hcg_position` FROM `hq_content_group` WHERE `hq_content_group`.`hcg_created_date` >= :from_date AND `hq_content_group`.`hcg_created_date` <= :to_date
[Mon, 25 Jan 16 09:27:17 +0000][INFO] SELECT IF(COUNT(*) > 0, 1, 0) FROM `INFORMATION_SCHEMA`.`TABLES` WHERE `TABLE_NAME` = 'hq_content_group' AND `TABLE_SCHEMA` = DATABASE()
[Mon, 25 Jan 16 09:27:17 +0000][INFO] DESCRIBE `hq_content_group`
[Mon, 25 Jan 16 09:27:17 +0000][INFO] SELECT `hq_content_group`.`hcg_id`, `hq_content_group`.`hcg_key`, `hq_content_group`.`hcg_main`, `hq_content_group`.`hcg_created_date`, `hq_content_group`.`hcg_position` FROM `hq_content_group` WHERE `hq_content_group`.`hcg_position` = :position AND `hq_content_group`.`hcg_created_date` >= :from_date AND `hq_content_group`.`hcg_created_date` <= :to_date
[Mon, 25 Jan 16 09:27:22 +0000][INFO] SELECT IF(COUNT(*) > 0, 1, 0) FROM `INFORMATION_SCHEMA`.`TABLES` WHERE `TABLE_NAME` = 'hq_content_group' AND `TABLE_SCHEMA` = DATABASE()
[Mon, 25 Jan 16 09:27:22 +0000][INFO] DESCRIBE `hq_content_group`
[Mon, 25 Jan 16 09:27:22 +0000][INFO] SELECT `hq_content_group`.`hcg_id`, `hq_content_group`.`hcg_key`, `hq_content_group`.`hcg_main`, `hq_content_group`.`hcg_created_date`, `hq_content_group`.`hcg_position` FROM `hq_content_group` WHERE `hq_content_group`.`hcg_position` = :position AND `hq_content_group`.`hcg_created_date` >= :from_date AND `hq_content_group`.`hcg_created_date` <= :to_date
[Mon, 25 Jan 16 09:27:22 +0000][INFO] SELECT IF(COUNT(*) > 0, 1, 0) FROM `INFORMATION_SCHEMA`.`TABLES` WHERE `TABLE_NAME` = 'hq_content_group' AND `TABLE_SCHEMA` = DATABASE()
[Mon, 25 Jan 16 09:27:22 +0000][INFO] DESCRIBE `hq_content_group`
[Mon, 25 Jan 16 09:27:22 +0000][INFO] SELECT `hq_content_group`.`hcg_id`, `hq_content_group`.`hcg_key`, `hq_content_group`.`hcg_main`, `hq_content_group`.`hcg_created_date`, `hq_content_group`.`hcg_position` FROM `hq_content_group` WHERE `hq_content_group`.`hcg_position` = :position AND `hq_content_group`.`hcg_created_date` >= :from_date AND `hq_content_group`.`hcg_created_date` <= :to_date
[Mon, 25 Jan 16 09:27:23 +0000][INFO] SELECT IF(COUNT(*) > 0, 1, 0) FROM `INFORMATION_SCHEMA`.`TABLES` WHERE `TABLE_NAME` = 'hq_content_group' AND `TABLE_SCHEMA` = DATABASE()
[Mon, 25 Jan 16 09:27:23 +0000][INFO] DESCRIBE `hq_content_group`
[Mon, 25 Jan 16 09:27:23 +0000][INFO] SELECT `hq_content_group`.`hcg_id`, `hq_content_group`.`hcg_key`, `hq_content_group`.`hcg_main`, `hq_content_group`.`hcg_created_date`, `hq_content_group`.`hcg_position` FROM `hq_content_group` WHERE `hq_content_group`.`hcg_position` = :position AND `hq_content_group`.`hcg_created_date` >= :from_date AND `hq_content_group`.`hcg_created_date` <= :to_date
[Mon, 25 Jan 16 09:27:24 +0000][INFO] SELECT IF(COUNT(*) > 0, 1, 0) FROM `INFORMATION_SCHEMA`.`TABLES` WHERE `TABLE_NAME` = 'hq_content_group' AND `TABLE_SCHEMA` = DATABASE()
[Mon, 25 Jan 16 09:27:24 +0000][INFO] DESCRIBE `hq_content_group`
[Mon, 25 Jan 16 09:27:24 +0000][INFO] SELECT `hq_content_group`.`hcg_id`, `hq_content_group`.`hcg_key`, `hq_content_group`.`hcg_main`, `hq_content_group`.`hcg_created_date`, `hq_content_group`.`hcg_position` FROM `hq_content_group` WHERE `hq_content_group`.`hcg_position` = :position AND `hq_content_group`.`hcg_created_date` >= :from_date AND `hq_content_group`.`hcg_created_date` <= :to_date
[Mon, 25 Jan 16 09:27:28 +0000][INFO] SELECT IF(COUNT(*) > 0, 1, 0) FROM `INFORMATION_SCHEMA`.`TABLES` WHERE `TABLE_NAME` = 'hq_content_group' AND `TABLE_SCHEMA` = DATABASE()
[Mon, 25 Jan 16 09:27:28 +0000][INFO] DESCRIBE `hq_content_group`
[Mon, 25 Jan 16 09:27:28 +0000][INFO] SELECT `hq_content_group`.`hcg_id`, `hq_content_group`.`hcg_key`, `hq_content_group`.`hcg_main`, `hq_content_group`.`hcg_created_date`, `hq_content_group`.`hcg_position` FROM `hq_content_group` WHERE `hq_content_group`.`hcg_position` = :position AND `hq_content_group`.`hcg_created_date` >= :from_date AND `hq_content_group`.`hcg_created_date` <= :to_date
[Mon, 25 Jan 16 09:27:31 +0000][INFO] SELECT IF(COUNT(*) > 0, 1, 0) FROM `INFORMATION_SCHEMA`.`TABLES` WHERE `TABLE_NAME` = 'hq_content_group' AND `TABLE_SCHEMA` = DATABASE()
[Mon, 25 Jan 16 09:27:31 +0000][INFO] DESCRIBE `hq_content_group`
[Mon, 25 Jan 16 09:27:31 +0000][INFO] SELECT `hq_content_group`.`hcg_id`, `hq_content_group`.`hcg_key`, `hq_content_group`.`hcg_main`, `hq_content_group`.`hcg_created_date`, `hq_content_group`.`hcg_position` FROM `hq_content_group` WHERE `hq_content_group`.`hcg_position` = :position AND `hq_content_group`.`hcg_created_date` >= :from_date AND `hq_content_group`.`hcg_created_date` <= :to_date
[Mon, 25 Jan 16 09:28:29 +0000][INFO] SELECT IF(COUNT(*) > 0, 1, 0) FROM `INFORMATION_SCHEMA`.`TABLES` WHERE `TABLE_NAME` = 'hq_content_group' AND `TABLE_SCHEMA` = DATABASE()
[Mon, 25 Jan 16 09:28:29 +0000][INFO] DESCRIBE `hq_content_group`
[Mon, 25 Jan 16 09:28:29 +0000][INFO] SELECT `hq_content_group`.`hcg_id`, `hq_content_group`.`hcg_key`, `hq_content_group`.`hcg_main`, `hq_content_group`.`hcg_created_date`, `hq_content_group`.`hcg_position` FROM `hq_content_group` WHERE `hq_content_group`.`hcg_position` = :position AND `hq_content_group`.`hcg_created_date` >= :from_date AND `hq_content_group`.`hcg_created_date` <= :to_date
[Mon, 25 Jan 16 09:28:30 +0000][INFO] SELECT IF(COUNT(*) > 0, 1, 0) FROM `INFORMATION_SCHEMA`.`TABLES` WHERE `TABLE_NAME` = 'hq_content_group' AND `TABLE_SCHEMA` = DATABASE()
[Mon, 25 Jan 16 09:28:30 +0000][INFO] DESCRIBE `hq_content_group`
[Mon, 25 Jan 16 09:28:30 +0000][INFO] SELECT `hq_content_group`.`hcg_id`, `hq_content_group`.`hcg_key`, `hq_content_group`.`hcg_main`, `hq_content_group`.`hcg_created_date`, `hq_content_group`.`hcg_position` FROM `hq_content_group` WHERE `hq_content_group`.`hcg_position` = :position AND `hq_content_group`.`hcg_created_date` >= :from_date AND `hq_content_group`.`hcg_created_date` <= :to_date
[Mon, 25 Jan 16 09:28:31 +0000][INFO] SELECT IF(COUNT(*) > 0, 1, 0) FROM `INFORMATION_SCHEMA`.`TABLES` WHERE `TABLE_NAME` = 'hq_content_group' AND `TABLE_SCHEMA` = DATABASE()
[Mon, 25 Jan 16 09:28:31 +0000][INFO] DESCRIBE `hq_content_group`
[Mon, 25 Jan 16 09:28:31 +0000][INFO] SELECT `hq_content_group`.`hcg_id`, `hq_content_group`.`hcg_key`, `hq_content_group`.`hcg_main`, `hq_content_group`.`hcg_created_date`, `hq_content_group`.`hcg_position` FROM `hq_content_group` WHERE `hq_content_group`.`hcg_position` = :position AND `hq_content_group`.`hcg_created_date` >= :from_date AND `hq_content_group`.`hcg_created_date` <= :to_date
[Mon, 25 Jan 16 09:28:35 +0000][INFO] SELECT IF(COUNT(*) > 0, 1, 0) FROM `INFORMATION_SCHEMA`.`TABLES` WHERE `TABLE_NAME` = 'hq_content_group' AND `TABLE_SCHEMA` = DATABASE()
[Mon, 25 Jan 16 09:28:35 +0000][INFO] DESCRIBE `hq_content_group`
[Mon, 25 Jan 16 09:28:35 +0000][INFO] SELECT `hq_content_group`.`hcg_id`, `hq_content_group`.`hcg_key`, `hq_content_group`.`hcg_main`, `hq_content_group`.`hcg_created_date`, `hq_content_group`.`hcg_position` FROM `hq_content_group` WHERE `hq_content_group`.`hcg_position` = :position AND `hq_content_group`.`hcg_created_date` >= :from_date AND `hq_content_group`.`hcg_created_date` <= :to_date
[Mon, 25 Jan 16 09:28:36 +0000][INFO] SELECT IF(COUNT(*) > 0, 1, 0) FROM `INFORMATION_SCHEMA`.`TABLES` WHERE `TABLE_NAME` = 'hq_content_group' AND `TABLE_SCHEMA` = DATABASE()
[Mon, 25 Jan 16 09:28:36 +0000][INFO] DESCRIBE `hq_content_group`
[Mon, 25 Jan 16 09:28:36 +0000][INFO] SELECT `hq_content_group`.`hcg_id`, `hq_content_group`.`hcg_key`, `hq_content_group`.`hcg_main`, `hq_content_group`.`hcg_created_date`, `hq_content_group`.`hcg_position` FROM `hq_content_group` WHERE `hq_content_group`.`hcg_position` = :position AND `hq_content_group`.`hcg_created_date` >= :from_date AND `hq_content_group`.`hcg_created_date` <= :to_date
[Mon, 25 Jan 16 09:28:37 +0000][INFO] SELECT IF(COUNT(*) > 0, 1, 0) FROM `INFORMATION_SCHEMA`.`TABLES` WHERE `TABLE_NAME` = 'hq_content_group' AND `TABLE_SCHEMA` = DATABASE()
[Mon, 25 Jan 16 09:28:37 +0000][INFO] DESCRIBE `hq_content_group`
[Mon, 25 Jan 16 09:28:37 +0000][INFO] SELECT `hq_content_group`.`hcg_id`, `hq_content_group`.`hcg_key`, `hq_content_group`.`hcg_main`, `hq_content_group`.`hcg_created_date`, `hq_content_group`.`hcg_position` FROM `hq_content_group` WHERE `hq_content_group`.`hcg_position` = :position AND `hq_content_group`.`hcg_created_date` >= :from_date AND `hq_content_group`.`hcg_created_date` <= :to_date
[Mon, 25 Jan 16 09:28:40 +0000][INFO] SELECT IF(COUNT(*) > 0, 1, 0) FROM `INFORMATION_SCHEMA`.`TABLES` WHERE `TABLE_NAME` = 'hq_content_group' AND `TABLE_SCHEMA` = DATABASE()
[Mon, 25 Jan 16 09:28:40 +0000][INFO] DESCRIBE `hq_content_group`
[Mon, 25 Jan 16 09:28:40 +0000][INFO] SELECT `hq_content_group`.`hcg_id`, `hq_content_group`.`hcg_key`, `hq_content_group`.`hcg_main`, `hq_content_group`.`hcg_created_date`, `hq_content_group`.`hcg_position` FROM `hq_content_group` WHERE `hq_content_group`.`hcg_position` = :position AND `hq_content_group`.`hcg_created_date` >= :from_date AND `hq_content_group`.`hcg_created_date` <= :to_date
[Mon, 25 Jan 16 09:29:03 +0000][INFO] SELECT IF(COUNT(*) > 0, 1, 0) FROM `INFORMATION_SCHEMA`.`TABLES` WHERE `TABLE_NAME` = 'hq_content_group' AND `TABLE_SCHEMA` = DATABASE()
[Mon, 25 Jan 16 09:29:03 +0000][INFO] DESCRIBE `hq_content_group`
[Mon, 25 Jan 16 09:29:03 +0000][INFO] SELECT `hq_content_group`.`hcg_id`, `hq_content_group`.`hcg_key`, `hq_content_group`.`hcg_main`, `hq_content_group`.`hcg_created_date`, `hq_content_group`.`hcg_position` FROM `hq_content_group` WHERE `hq_content_group`.`hcg_position` = :position AND `hq_content_group`.`hcg_created_date` >= :from_date
[Mon, 25 Jan 16 09:29:28 +0000][INFO] SELECT IF(COUNT(*) > 0, 1, 0) FROM `INFORMATION_SCHEMA`.`TABLES` WHERE `TABLE_NAME` = 'hq_content_group' AND `TABLE_SCHEMA` = DATABASE()
[Mon, 25 Jan 16 09:29:28 +0000][INFO] DESCRIBE `hq_content_group`
[Mon, 25 Jan 16 09:29:28 +0000][INFO] SELECT `hq_content_group`.`hcg_id`, `hq_content_group`.`hcg_key`, `hq_content_group`.`hcg_main`, `hq_content_group`.`hcg_created_date`, `hq_content_group`.`hcg_position` FROM `hq_content_group` WHERE `hq_content_group`.`hcg_id` = :id LIMIT :APL0
[Mon, 25 Jan 16 09:29:36 +0000][INFO] UPDATE `hq_content_group` SET `hcg_key` = ?, `hcg_main` = ?, `hcg_position` = ? WHERE hcg_id='29'
[Mon, 25 Jan 16 09:30:13 +0000][INFO] SELECT IF(COUNT(*) > 0, 1, 0) FROM `INFORMATION_SCHEMA`.`TABLES` WHERE `TABLE_NAME` = 'hq_content_group' AND `TABLE_SCHEMA` = DATABASE()
[Mon, 25 Jan 16 09:30:13 +0000][INFO] DESCRIBE `hq_content_group`
[Mon, 25 Jan 16 09:30:13 +0000][INFO] SELECT `hq_content_group`.`hcg_id`, `hq_content_group`.`hcg_key`, `hq_content_group`.`hcg_main`, `hq_content_group`.`hcg_created_date`, `hq_content_group`.`hcg_position` FROM `hq_content_group` WHERE `hq_content_group`.`hcg_id` = :id LIMIT :APL0
[Mon, 25 Jan 16 09:30:18 +0000][INFO] UPDATE `hq_content_group` SET `hcg_key` = ?, `hcg_main` = ?, `hcg_position` = ? WHERE hcg_id='59'
[Mon, 25 Jan 16 09:30:28 +0000][INFO] SELECT IF(COUNT(*) > 0, 1, 0) FROM `INFORMATION_SCHEMA`.`TABLES` WHERE `TABLE_NAME` = 'hq_content_group' AND `TABLE_SCHEMA` = DATABASE()
[Mon, 25 Jan 16 09:30:28 +0000][INFO] DESCRIBE `hq_content_group`
[Mon, 25 Jan 16 09:30:28 +0000][INFO] SELECT `hq_content_group`.`hcg_id`, `hq_content_group`.`hcg_key`, `hq_content_group`.`hcg_main`, `hq_content_group`.`hcg_created_date`, `hq_content_group`.`hcg_position` FROM `hq_content_group` ORDER BY `hq_content_group`.`hcg_id` DESC
[Mon, 25 Jan 16 09:30:32 +0000][INFO] SELECT IF(COUNT(*) > 0, 1, 0) FROM `INFORMATION_SCHEMA`.`TABLES` WHERE `TABLE_NAME` = 'hq_content_group' AND `TABLE_SCHEMA` = DATABASE()
[Mon, 25 Jan 16 09:30:32 +0000][INFO] DESCRIBE `hq_content_group`
[Mon, 25 Jan 16 09:30:32 +0000][INFO] SELECT `hq_content_group`.`hcg_id`, `hq_content_group`.`hcg_key`, `hq_content_group`.`hcg_main`, `hq_content_group`.`hcg_created_date`, `hq_content_group`.`hcg_position` FROM `hq_content_group` ORDER BY `hq_content_group`.`hcg_id` DESC
[Mon, 25 Jan 16 09:31:41 +0000][INFO] SELECT IF(COUNT(*) > 0, 1, 0) FROM `INFORMATION_SCHEMA`.`TABLES` WHERE `TABLE_NAME` = 'hq_content_group' AND `TABLE_SCHEMA` = DATABASE()
[Mon, 25 Jan 16 09:31:41 +0000][INFO] DESCRIBE `hq_content_group`
[Mon, 25 Jan 16 09:31:41 +0000][INFO] SELECT `hq_content_group`.`hcg_id`, `hq_content_group`.`hcg_key`, `hq_content_group`.`hcg_main`, `hq_content_group`.`hcg_created_date`, `hq_content_group`.`hcg_position` FROM `hq_content_group` WHERE `hq_content_group`.`hcg_created_date` >= :from_date
[Mon, 25 Jan 16 09:31:52 +0000][INFO] SELECT IF(COUNT(*) > 0, 1, 0) FROM `INFORMATION_SCHEMA`.`TABLES` WHERE `TABLE_NAME` = 'hq_content_group' AND `TABLE_SCHEMA` = DATABASE()
[Mon, 25 Jan 16 09:31:52 +0000][INFO] DESCRIBE `hq_content_group`
[Mon, 25 Jan 16 09:31:52 +0000][INFO] SELECT `hq_content_group`.`hcg_id`, `hq_content_group`.`hcg_key`, `hq_content_group`.`hcg_main`, `hq_content_group`.`hcg_created_date`, `hq_content_group`.`hcg_position` FROM `hq_content_group` WHERE `hq_content_group`.`hcg_id` = :id LIMIT :APL0
[Mon, 25 Jan 16 09:32:22 +0000][INFO] SELECT IF(COUNT(*) > 0, 1, 0) FROM `INFORMATION_SCHEMA`.`TABLES` WHERE `TABLE_NAME` = 'hq_content_group' AND `TABLE_SCHEMA` = DATABASE()
[Mon, 25 Jan 16 09:32:22 +0000][INFO] DESCRIBE `hq_content_group`
[Mon, 25 Jan 16 09:32:22 +0000][INFO] SELECT `hq_content_group`.`hcg_id`, `hq_content_group`.`hcg_key`, `hq_content_group`.`hcg_main`, `hq_content_group`.`hcg_created_date`, `hq_content_group`.`hcg_position` FROM `hq_content_group` WHERE `hq_content_group`.`hcg_id` = :id LIMIT :APL0
[Mon, 25 Jan 16 09:32:53 +0000][INFO] SELECT IF(COUNT(*) > 0, 1, 0) FROM `INFORMATION_SCHEMA`.`TABLES` WHERE `TABLE_NAME` = 'hq_content_group' AND `TABLE_SCHEMA` = DATABASE()
[Mon, 25 Jan 16 09:32:53 +0000][INFO] DESCRIBE `hq_content_group`
[Mon, 25 Jan 16 09:32:53 +0000][INFO] SELECT `hq_content_group`.`hcg_id`, `hq_content_group`.`hcg_key`, `hq_content_group`.`hcg_main`, `hq_content_group`.`hcg_created_date`, `hq_content_group`.`hcg_position` FROM `hq_content_group` WHERE `hq_content_group`.`hcg_id` = :id LIMIT :APL0
[Mon, 25 Jan 16 09:32:59 +0000][INFO] UPDATE `hq_content_group` SET `hcg_key` = ?, `hcg_main` = ?, `hcg_position` = ? WHERE hcg_id='8'
[Mon, 25 Jan 16 09:33:15 +0000][INFO] SELECT IF(COUNT(*) > 0, 1, 0) FROM `INFORMATION_SCHEMA`.`TABLES` WHERE `TABLE_NAME` = 'hq_content_group' AND `TABLE_SCHEMA` = DATABASE()
[Mon, 25 Jan 16 09:33:15 +0000][INFO] DESCRIBE `hq_content_group`
[Mon, 25 Jan 16 09:33:15 +0000][INFO] SELECT `hq_content_group`.`hcg_id`, `hq_content_group`.`hcg_key`, `hq_content_group`.`hcg_main`, `hq_content_group`.`hcg_created_date`, `hq_content_group`.`hcg_position` FROM `hq_content_group` WHERE `hq_content_group`.`hcg_created_date` >= :from_date
[Mon, 25 Jan 16 09:33:21 +0000][INFO] SELECT IF(COUNT(*) > 0, 1, 0) FROM `INFORMATION_SCHEMA`.`TABLES` WHERE `TABLE_NAME` = 'hq_content_group' AND `TABLE_SCHEMA` = DATABASE()
[Mon, 25 Jan 16 09:33:21 +0000][INFO] DESCRIBE `hq_content_group`
[Mon, 25 Jan 16 09:33:21 +0000][INFO] SELECT `hq_content_group`.`hcg_id`, `hq_content_group`.`hcg_key`, `hq_content_group`.`hcg_main`, `hq_content_group`.`hcg_created_date`, `hq_content_group`.`hcg_position` FROM `hq_content_group` WHERE `hq_content_group`.`hcg_id` = :id LIMIT :APL0
[Mon, 25 Jan 16 09:33:26 +0000][INFO] UPDATE `hq_content_group` SET `hcg_key` = ?, `hcg_main` = ?, `hcg_position` = ? WHERE hcg_id='9'
[Mon, 25 Jan 16 09:33:31 +0000][INFO] SELECT IF(COUNT(*) > 0, 1, 0) FROM `INFORMATION_SCHEMA`.`TABLES` WHERE `TABLE_NAME` = 'hq_content_group' AND `TABLE_SCHEMA` = DATABASE()
[Mon, 25 Jan 16 09:33:31 +0000][INFO] DESCRIBE `hq_content_group`
[Mon, 25 Jan 16 09:33:31 +0000][INFO] SELECT `hq_content_group`.`hcg_id`, `hq_content_group`.`hcg_key`, `hq_content_group`.`hcg_main`, `hq_content_group`.`hcg_created_date`, `hq_content_group`.`hcg_position` FROM `hq_content_group` WHERE `hq_content_group`.`hcg_id` = :id LIMIT :APL0
[Mon, 25 Jan 16 09:33:35 +0000][INFO] UPDATE `hq_content_group` SET `hcg_key` = ?, `hcg_main` = ?, `hcg_position` = ? WHERE hcg_id='10'
[Mon, 25 Jan 16 09:33:41 +0000][INFO] SELECT IF(COUNT(*) > 0, 1, 0) FROM `INFORMATION_SCHEMA`.`TABLES` WHERE `TABLE_NAME` = 'hq_content_group' AND `TABLE_SCHEMA` = DATABASE()
[Mon, 25 Jan 16 09:33:41 +0000][INFO] DESCRIBE `hq_content_group`
[Mon, 25 Jan 16 09:33:41 +0000][INFO] SELECT `hq_content_group`.`hcg_id`, `hq_content_group`.`hcg_key`, `hq_content_group`.`hcg_main`, `hq_content_group`.`hcg_created_date`, `hq_content_group`.`hcg_position` FROM `hq_content_group` WHERE `hq_content_group`.`hcg_id` = :id LIMIT :APL0
[Mon, 25 Jan 16 09:33:45 +0000][INFO] UPDATE `hq_content_group` SET `hcg_key` = ?, `hcg_main` = ?, `hcg_position` = ? WHERE hcg_id='11'
[Mon, 25 Jan 16 09:33:50 +0000][INFO] SELECT IF(COUNT(*) > 0, 1, 0) FROM `INFORMATION_SCHEMA`.`TABLES` WHERE `TABLE_NAME` = 'hq_content_group' AND `TABLE_SCHEMA` = DATABASE()
[Mon, 25 Jan 16 09:33:50 +0000][INFO] DESCRIBE `hq_content_group`
[Mon, 25 Jan 16 09:33:50 +0000][INFO] SELECT `hq_content_group`.`hcg_id`, `hq_content_group`.`hcg_key`, `hq_content_group`.`hcg_main`, `hq_content_group`.`hcg_created_date`, `hq_content_group`.`hcg_position` FROM `hq_content_group` WHERE `hq_content_group`.`hcg_id` = :id LIMIT :APL0
[Mon, 25 Jan 16 09:33:55 +0000][INFO] UPDATE `hq_content_group` SET `hcg_key` = ?, `hcg_main` = ?, `hcg_position` = ? WHERE hcg_id='12'
[Mon, 25 Jan 16 09:34:00 +0000][INFO] SELECT IF(COUNT(*) > 0, 1, 0) FROM `INFORMATION_SCHEMA`.`TABLES` WHERE `TABLE_NAME` = 'hq_content_group' AND `TABLE_SCHEMA` = DATABASE()
[Mon, 25 Jan 16 09:34:00 +0000][INFO] DESCRIBE `hq_content_group`
[Mon, 25 Jan 16 09:34:00 +0000][INFO] SELECT `hq_content_group`.`hcg_id`, `hq_content_group`.`hcg_key`, `hq_content_group`.`hcg_main`, `hq_content_group`.`hcg_created_date`, `hq_content_group`.`hcg_position` FROM `hq_content_group` WHERE `hq_content_group`.`hcg_id` = :id LIMIT :APL0
[Mon, 25 Jan 16 09:34:04 +0000][INFO] UPDATE `hq_content_group` SET `hcg_key` = ?, `hcg_main` = ?, `hcg_position` = ? WHERE hcg_id='13'
[Mon, 25 Jan 16 09:34:08 +0000][INFO] SELECT IF(COUNT(*) > 0, 1, 0) FROM `INFORMATION_SCHEMA`.`TABLES` WHERE `TABLE_NAME` = 'hq_content_group' AND `TABLE_SCHEMA` = DATABASE()
[Mon, 25 Jan 16 09:34:08 +0000][INFO] DESCRIBE `hq_content_group`
[Mon, 25 Jan 16 09:34:08 +0000][INFO] SELECT `hq_content_group`.`hcg_id`, `hq_content_group`.`hcg_key`, `hq_content_group`.`hcg_main`, `hq_content_group`.`hcg_created_date`, `hq_content_group`.`hcg_position` FROM `hq_content_group` WHERE `hq_content_group`.`hcg_id` = :id LIMIT :APL0
[Mon, 25 Jan 16 09:34:13 +0000][INFO] UPDATE `hq_content_group` SET `hcg_key` = ?, `hcg_main` = ?, `hcg_position` = ? WHERE hcg_id='14'
[Mon, 25 Jan 16 09:34:24 +0000][INFO] SELECT IF(COUNT(*) > 0, 1, 0) FROM `INFORMATION_SCHEMA`.`TABLES` WHERE `TABLE_NAME` = 'hq_content_group' AND `TABLE_SCHEMA` = DATABASE()
[Mon, 25 Jan 16 09:34:24 +0000][INFO] DESCRIBE `hq_content_group`
[Mon, 25 Jan 16 09:34:24 +0000][INFO] SELECT `hq_content_group`.`hcg_id`, `hq_content_group`.`hcg_key`, `hq_content_group`.`hcg_main`, `hq_content_group`.`hcg_created_date`, `hq_content_group`.`hcg_position` FROM `hq_content_group` WHERE `hq_content_group`.`hcg_created_date` >= :from_date
[Mon, 25 Jan 16 09:34:34 +0000][INFO] SELECT IF(COUNT(*) > 0, 1, 0) FROM `INFORMATION_SCHEMA`.`TABLES` WHERE `TABLE_NAME` = 'hq_content_group' AND `TABLE_SCHEMA` = DATABASE()
[Mon, 25 Jan 16 09:34:34 +0000][INFO] DESCRIBE `hq_content_group`
[Mon, 25 Jan 16 09:34:34 +0000][INFO] SELECT `hq_content_group`.`hcg_id`, `hq_content_group`.`hcg_key`, `hq_content_group`.`hcg_main`, `hq_content_group`.`hcg_created_date`, `hq_content_group`.`hcg_position` FROM `hq_content_group` WHERE `hq_content_group`.`hcg_id` = :id LIMIT :APL0
[Mon, 25 Jan 16 09:34:38 +0000][INFO] UPDATE `hq_content_group` SET `hcg_key` = ?, `hcg_main` = ?, `hcg_position` = ? WHERE hcg_id='15'
[Mon, 25 Jan 16 09:34:42 +0000][INFO] SELECT IF(COUNT(*) > 0, 1, 0) FROM `INFORMATION_SCHEMA`.`TABLES` WHERE `TABLE_NAME` = 'hq_content_group' AND `TABLE_SCHEMA` = DATABASE()
[Mon, 25 Jan 16 09:34:42 +0000][INFO] DESCRIBE `hq_content_group`
[Mon, 25 Jan 16 09:34:42 +0000][INFO] SELECT `hq_content_group`.`hcg_id`, `hq_content_group`.`hcg_key`, `hq_content_group`.`hcg_main`, `hq_content_group`.`hcg_created_date`, `hq_content_group`.`hcg_position` FROM `hq_content_group` WHERE `hq_content_group`.`hcg_id` = :id LIMIT :APL0
[Mon, 25 Jan 16 09:34:47 +0000][INFO] UPDATE `hq_content_group` SET `hcg_key` = ?, `hcg_main` = ?, `hcg_position` = ? WHERE hcg_id='16'
[Mon, 25 Jan 16 09:35:01 +0000][INFO] SELECT IF(COUNT(*) > 0, 1, 0) FROM `INFORMATION_SCHEMA`.`TABLES` WHERE `TABLE_NAME` = 'hq_content_group' AND `TABLE_SCHEMA` = DATABASE()
[Mon, 25 Jan 16 09:35:01 +0000][INFO] DESCRIBE `hq_content_group`
[Mon, 25 Jan 16 09:35:01 +0000][INFO] SELECT `hq_content_group`.`hcg_id`, `hq_content_group`.`hcg_key`, `hq_content_group`.`hcg_main`, `hq_content_group`.`hcg_created_date`, `hq_content_group`.`hcg_position` FROM `hq_content_group` WHERE `hq_content_group`.`hcg_created_date` >= :from_date
[Mon, 25 Jan 16 09:37:08 +0000][INFO] SELECT IF(COUNT(*) > 0, 1, 0) FROM `INFORMATION_SCHEMA`.`TABLES` WHERE `TABLE_NAME` = 'hq_content_group' AND `TABLE_SCHEMA` = DATABASE()
[Mon, 25 Jan 16 09:37:08 +0000][INFO] DESCRIBE `hq_content_group`
[Mon, 25 Jan 16 09:37:08 +0000][INFO] SELECT `hq_content_group`.`hcg_id`, `hq_content_group`.`hcg_key`, `hq_content_group`.`hcg_main`, `hq_content_group`.`hcg_created_date`, `hq_content_group`.`hcg_position` FROM `hq_content_group` WHERE `hq_content_group`.`hcg_id` = :id LIMIT :APL0
[Mon, 25 Jan 16 09:37:13 +0000][INFO] UPDATE `hq_content_group` SET `hcg_key` = ?, `hcg_main` = ?, `hcg_position` = ? WHERE hcg_id='47'
[Mon, 25 Jan 16 09:37:57 +0000][INFO] SELECT IF(COUNT(*) > 0, 1, 0) FROM `INFORMATION_SCHEMA`.`TABLES` WHERE `TABLE_NAME` = 'hq_content_group' AND `TABLE_SCHEMA` = DATABASE()
[Mon, 25 Jan 16 09:37:57 +0000][INFO] DESCRIBE `hq_content_group`
[Mon, 25 Jan 16 09:37:57 +0000][INFO] SELECT `hq_content_group`.`hcg_id`, `hq_content_group`.`hcg_key`, `hq_content_group`.`hcg_main`, `hq_content_group`.`hcg_created_date`, `hq_content_group`.`hcg_position` FROM `hq_content_group` WHERE `hq_content_group`.`hcg_id` = :id LIMIT :APL0
[Mon, 25 Jan 16 09:38:01 +0000][INFO] UPDATE `hq_content_group` SET `hcg_key` = ?, `hcg_main` = ?, `hcg_position` = ? WHERE hcg_id='47'
[Mon, 25 Jan 16 10:31:40 +0000][INFO] SELECT IF(COUNT(*) > 0, 1, 0) FROM `INFORMATION_SCHEMA`.`TABLES` WHERE `TABLE_NAME` = 'hq_website_group' AND `TABLE_SCHEMA` = DATABASE()
[Mon, 25 Jan 16 10:31:41 +0000][INFO] DESCRIBE `hq_website_group`
[Mon, 25 Jan 16 10:31:41 +0000][INFO] INSERT INTO `hq_website_group` (`hwg_name`, `hwg_created_date`) VALUES (?, ?)
[Mon, 25 Jan 16 10:32:02 +0000][INFO] SELECT IF(COUNT(*) > 0, 1, 0) FROM `INFORMATION_SCHEMA`.`TABLES` WHERE `TABLE_NAME` = 'hq_website_group' AND `TABLE_SCHEMA` = DATABASE()
[Mon, 25 Jan 16 10:32:02 +0000][INFO] DESCRIBE `hq_website_group`
[Mon, 25 Jan 16 10:32:02 +0000][INFO] SELECT `hq_website_group`.`hwg_id`, `hq_website_group`.`hwg_name`, `hq_website_group`.`hwg_created_date` FROM `hq_website_group` WHERE `hq_website_group`.`hwg_created_date` >= :from_date
[Mon, 25 Jan 16 10:32:36 +0000][INFO] SELECT IF(COUNT(*) > 0, 1, 0) FROM `INFORMATION_SCHEMA`.`TABLES` WHERE `TABLE_NAME` = 'hq_website_group' AND `TABLE_SCHEMA` = DATABASE()
[Mon, 25 Jan 16 10:32:36 +0000][INFO] DESCRIBE `hq_website_group`
[Mon, 25 Jan 16 10:32:36 +0000][INFO] SELECT `hq_website_group`.`hwg_id`, `hq_website_group`.`hwg_name`, `hq_website_group`.`hwg_created_date` FROM `hq_website_group` WHERE `hq_website_group`.`hwg_id` = :id LIMIT :APL0
[Mon, 25 Jan 16 15:44:32 +0000][INFO] SELECT IF(COUNT(*) > 0, 1, 0) FROM `INFORMATION_SCHEMA`.`TABLES` WHERE `TABLE_NAME` = 'hq_member_vip' AND `TABLE_SCHEMA` = DATABASE()
[Mon, 25 Jan 16 15:44:32 +0000][INFO] DESCRIBE `hq_member_vip`
[Mon, 25 Jan 16 15:44:32 +0000][INFO] SELECT `hq_member_vip`.`mv_id`, `hq_member_vip`.`mv_name`, `hq_member_vip`.`mv_secret`, `hq_member_vip`.`mv_nickname`, `hq_member_vip`.`mv_last_login`, `hq_member_vip`.`mv_permission` FROM `hq_member_vip` WHERE `hq_member_vip`.`mv_name` = :username LIMIT :APL0
