[Fri, 25 Dec 15 03:48:39 +0000][INFO] SELECT IF(COUNT(*) > 0, 1, 0) FROM `INFORMATION_SCHEMA`.`TABLES` WHERE `TABLE_NAME` = 'hq_user_admin' AND `TABLE_SCHEMA` = DATABASE()
[Fri, 25 Dec 15 03:48:39 +0000][INFO] DESCRIBE `hq_user_admin`
[Fri, 25 Dec 15 03:48:39 +0000][INFO] SELECT IF(COUNT(*) > 0, 1, 0) FROM `INFORMATION_SCHEMA`.`TABLES` WHERE `TABLE_NAME` = 'hq_user_admin' AND `TABLE_SCHEMA` = DATABASE()
[Fri, 25 Dec 15 03:48:39 +0000][INFO] DESCRIBE `hq_user_admin`
[Fri, 25 Dec 15 03:48:39 +0000][INFO] SELECT IF(COUNT(*) > 0, 1, 0) FROM `INFORMATION_SCHEMA`.`TABLES` WHERE `TABLE_NAME` = 'hq_user_admin' AND `TABLE_SCHEMA` = DATABASE()
[Fri, 25 Dec 15 03:48:39 +0000][INFO] DESCRIBE `hq_user_admin`
[Fri, 25 Dec 15 03:48:39 +0000][INFO] SELECT `hq_user_admin`.`usa_id`, `hq_user_admin`.`usa_username`, `hq_user_admin`.`usa_email`, `hq_user_admin`.`usa_password`, `hq_user_admin`.`usa_last_login`, `hq_user_admin`.`usa_create_date` FROM `hq_user_admin` WHERE `hq_user_admin`.`usa_username` = :userEmail AND `hq_user_admin`.`usa_password` = :userPassword LIMIT :APL0
[Fri, 25 Dec 15 03:48:39 +0000][INFO] UPDATE `hq_user_admin` SET `usa_username` = ?, `usa_email` = ?, `usa_password` = ?, `usa_last_login` = ?, `usa_create_date` = ? WHERE `usa_id` = ?
[Fri, 25 Dec 15 03:52:36 +0000][INFO] SELECT IF(COUNT(*) > 0, 1, 0) FROM `INFORMATION_SCHEMA`.`TABLES` WHERE `TABLE_NAME` = 'hq_user_admin' AND `TABLE_SCHEMA` = DATABASE()
[Fri, 25 Dec 15 03:52:36 +0000][INFO] DESCRIBE `hq_user_admin`
[Fri, 25 Dec 15 03:52:36 +0000][INFO] SELECT IF(COUNT(*) > 0, 1, 0) FROM `INFORMATION_SCHEMA`.`TABLES` WHERE `TABLE_NAME` = 'hq_user_admin' AND `TABLE_SCHEMA` = DATABASE()
[Fri, 25 Dec 15 03:52:36 +0000][INFO] DESCRIBE `hq_user_admin`
[Fri, 25 Dec 15 03:52:36 +0000][INFO] SELECT IF(COUNT(*) > 0, 1, 0) FROM `INFORMATION_SCHEMA`.`TABLES` WHERE `TABLE_NAME` = 'hq_user_admin' AND `TABLE_SCHEMA` = DATABASE()
[Fri, 25 Dec 15 03:52:36 +0000][INFO] DESCRIBE `hq_user_admin`
[Fri, 25 Dec 15 03:52:36 +0000][INFO] SELECT `hq_user_admin`.`usa_id`, `hq_user_admin`.`usa_username`, `hq_user_admin`.`usa_email`, `hq_user_admin`.`usa_password`, `hq_user_admin`.`usa_last_login`, `hq_user_admin`.`usa_create_date` FROM `hq_user_admin` WHERE `hq_user_admin`.`usa_username` = :userEmail AND `hq_user_admin`.`usa_password` = :userPassword LIMIT :APL0
[Fri, 25 Dec 15 03:52:36 +0000][INFO] UPDATE `hq_user_admin` SET `usa_username` = ?, `usa_email` = ?, `usa_password` = ?, `usa_last_login` = ?, `usa_create_date` = ? WHERE `usa_id` = ?
[Fri, 25 Dec 15 03:54:44 +0000][INFO] SELECT IF(COUNT(*) > 0, 1, 0) FROM `INFORMATION_SCHEMA`.`TABLES` WHERE `TABLE_NAME` = 'hq_user_admin' AND `TABLE_SCHEMA` = DATABASE()
[Fri, 25 Dec 15 03:54:44 +0000][INFO] DESCRIBE `hq_user_admin`
[Fri, 25 Dec 15 03:54:44 +0000][INFO] SELECT IF(COUNT(*) > 0, 1, 0) FROM `INFORMATION_SCHEMA`.`TABLES` WHERE `TABLE_NAME` = 'hq_user_admin' AND `TABLE_SCHEMA` = DATABASE()
[Fri, 25 Dec 15 03:54:44 +0000][INFO] DESCRIBE `hq_user_admin`
[Fri, 25 Dec 15 03:54:44 +0000][INFO] SELECT IF(COUNT(*) > 0, 1, 0) FROM `INFORMATION_SCHEMA`.`TABLES` WHERE `TABLE_NAME` = 'hq_user_admin' AND `TABLE_SCHEMA` = DATABASE()
[Fri, 25 Dec 15 03:54:44 +0000][INFO] DESCRIBE `hq_user_admin`
[Fri, 25 Dec 15 03:54:44 +0000][INFO] SELECT `hq_user_admin`.`usa_id`, `hq_user_admin`.`usa_username`, `hq_user_admin`.`usa_email`, `hq_user_admin`.`usa_password`, `hq_user_admin`.`usa_last_login`, `hq_user_admin`.`usa_create_date` FROM `hq_user_admin` WHERE `hq_user_admin`.`usa_username` = :userEmail AND `hq_user_admin`.`usa_password` = :userPassword LIMIT :APL0
[Fri, 25 Dec 15 03:54:44 +0000][INFO] UPDATE `hq_user_admin` SET `usa_username` = ?, `usa_email` = ?, `usa_password` = ?, `usa_last_login` = ?, `usa_create_date` = ? WHERE `usa_id` = ?
[Fri, 25 Dec 15 03:58:28 +0000][INFO] SELECT IF(COUNT(*) > 0, 1, 0) FROM `INFORMATION_SCHEMA`.`TABLES` WHERE `TABLE_NAME` = 'hq_user_admin' AND `TABLE_SCHEMA` = DATABASE()
[Fri, 25 Dec 15 03:58:28 +0000][INFO] DESCRIBE `hq_user_admin`
[Fri, 25 Dec 15 03:58:28 +0000][INFO] SELECT IF(COUNT(*) > 0, 1, 0) FROM `INFORMATION_SCHEMA`.`TABLES` WHERE `TABLE_NAME` = 'hq_user_admin' AND `TABLE_SCHEMA` = DATABASE()
[Fri, 25 Dec 15 03:58:28 +0000][INFO] DESCRIBE `hq_user_admin`
[Fri, 25 Dec 15 03:58:28 +0000][INFO] SELECT IF(COUNT(*) > 0, 1, 0) FROM `INFORMATION_SCHEMA`.`TABLES` WHERE `TABLE_NAME` = 'hq_user_admin' AND `TABLE_SCHEMA` = DATABASE()
[Fri, 25 Dec 15 03:58:28 +0000][INFO] DESCRIBE `hq_user_admin`
[Fri, 25 Dec 15 03:58:28 +0000][INFO] SELECT `hq_user_admin`.`usa_id`, `hq_user_admin`.`usa_username`, `hq_user_admin`.`usa_email`, `hq_user_admin`.`usa_password`, `hq_user_admin`.`usa_last_login`, `hq_user_admin`.`usa_create_date` FROM `hq_user_admin` WHERE `hq_user_admin`.`usa_username` = :userEmail AND `hq_user_admin`.`usa_password` = :userPassword LIMIT :APL0
[Fri, 25 Dec 15 03:58:28 +0000][INFO] UPDATE `hq_user_admin` SET `usa_username` = ?, `usa_email` = ?, `usa_password` = ?, `usa_last_login` = ?, `usa_create_date` = ? WHERE `usa_id` = ?
[Fri, 25 Dec 15 06:11:56 +0000][INFO] SELECT IF(COUNT(*) > 0, 1, 0) FROM `INFORMATION_SCHEMA`.`TABLES` WHERE `TABLE_NAME` = 'hq_map_setting' AND `TABLE_SCHEMA` = DATABASE()
[Fri, 25 Dec 15 06:11:56 +0000][INFO] DESCRIBE `hq_map_setting`
[Fri, 25 Dec 15 06:11:56 +0000][INFO] SELECT IF(COUNT(*) > 0, 1, 0) FROM `INFORMATION_SCHEMA`.`TABLES` WHERE `TABLE_NAME` = 'hq_category_building' AND `TABLE_SCHEMA` = DATABASE()
[Fri, 25 Dec 15 06:11:56 +0000][INFO] DESCRIBE `hq_category_building`
[Fri, 25 Dec 15 06:11:56 +0000][INFO] SELECT IF(COUNT(*) > 0, 1, 0) FROM `INFORMATION_SCHEMA`.`TABLES` WHERE `TABLE_NAME` = 'hq_map_setting' AND `TABLE_SCHEMA` = DATABASE()
[Fri, 25 Dec 15 06:11:56 +0000][INFO] DESCRIBE `hq_map_setting`
[Fri, 25 Dec 15 06:11:56 +0000][INFO] SELECT IF(COUNT(*) > 0, 1, 0) FROM `INFORMATION_SCHEMA`.`TABLES` WHERE `TABLE_NAME` = 'hq_map_setting' AND `TABLE_SCHEMA` = DATABASE()
[Fri, 25 Dec 15 06:11:56 +0000][INFO] DESCRIBE `hq_map_setting`
[Fri, 25 Dec 15 06:11:56 +0000][INFO] SELECT `hq_map_setting`.`map_id`, `hq_map_setting`.`map_width`, `hq_map_setting`.`map_height`, `hq_map_setting`.`map_center_x`, `hq_map_setting`.`map_center_y`, `hq_map_setting`.`map_khung_width`, `hq_map_setting`.`map_khung_height`, `hq_map_setting`.`map_max_id` FROM `hq_map_setting` WHERE `hq_map_setting`.`map_id` = 1 LIMIT :APL0
[Fri, 25 Dec 15 06:11:56 +0000][INFO] SELECT IF(COUNT(*) > 0, 1, 0) FROM `INFORMATION_SCHEMA`.`TABLES` WHERE `TABLE_NAME` = 'hq_category_building' AND `TABLE_SCHEMA` = DATABASE()
[Fri, 25 Dec 15 06:11:56 +0000][INFO] DESCRIBE `hq_category_building`
[Fri, 25 Dec 15 06:11:56 +0000][INFO] SELECT IF(COUNT(*) > 0, 1, 0) FROM `INFORMATION_SCHEMA`.`TABLES` WHERE `TABLE_NAME` = 'hq_category_building' AND `TABLE_SCHEMA` = DATABASE()
[Fri, 25 Dec 15 06:11:56 +0000][INFO] DESCRIBE `hq_category_building`
[Fri, 25 Dec 15 06:11:56 +0000][INFO] SELECT `hq_category_building`.`cb_id`, `hq_category_building`.`cb_name` FROM `hq_category_building`
[Fri, 25 Dec 15 06:11:57 +0000][INFO] SELECT IF(COUNT(*) > 0, 1, 0) FROM `INFORMATION_SCHEMA`.`TABLES` WHERE `TABLE_NAME` = 'hq_building' AND `TABLE_SCHEMA` = DATABASE()
[Fri, 25 Dec 15 06:11:57 +0000][INFO] DESCRIBE `hq_building`
[Fri, 25 Dec 15 06:11:57 +0000][INFO] SELECT IF(COUNT(*) > 0, 1, 0) FROM `INFORMATION_SCHEMA`.`TABLES` WHERE `TABLE_NAME` = 'hq_building' AND `TABLE_SCHEMA` = DATABASE()
[Fri, 25 Dec 15 06:11:57 +0000][INFO] DESCRIBE `hq_building`
[Fri, 25 Dec 15 06:11:57 +0000][INFO] SELECT IF(COUNT(*) > 0, 1, 0) FROM `INFORMATION_SCHEMA`.`TABLES` WHERE `TABLE_NAME` = 'hq_building' AND `TABLE_SCHEMA` = DATABASE()
[Fri, 25 Dec 15 06:11:57 +0000][INFO] DESCRIBE `hq_building`
[Fri, 25 Dec 15 06:11:57 +0000][INFO] SELECT `hq_building`.`bd_id`, `hq_building`.`cb_id`, `hq_building`.`bd_name`, `hq_building`.`bd_description`, `hq_building`.`bd_width`, `hq_building`.`bd_height`, `hq_building`.`bd_svg`, `hq_building`.`bd_create_date` FROM `hq_building`
[Fri, 25 Dec 15 06:11:58 +0000][INFO] SELECT IF(COUNT(*) > 0, 1, 0) FROM `INFORMATION_SCHEMA`.`TABLES` WHERE `TABLE_NAME` = 'hq_map_setting' AND `TABLE_SCHEMA` = DATABASE()
[Fri, 25 Dec 15 06:11:58 +0000][INFO] DESCRIBE `hq_map_setting`
[Fri, 25 Dec 15 06:11:58 +0000][INFO] SELECT IF(COUNT(*) > 0, 1, 0) FROM `INFORMATION_SCHEMA`.`TABLES` WHERE `TABLE_NAME` = 'hq_object' AND `TABLE_SCHEMA` = DATABASE()
[Fri, 25 Dec 15 06:11:58 +0000][INFO] DESCRIBE `hq_object`
[Fri, 25 Dec 15 06:11:58 +0000][INFO] SELECT IF(COUNT(*) > 0, 1, 0) FROM `INFORMATION_SCHEMA`.`TABLES` WHERE `TABLE_NAME` = 'hq_map_setting' AND `TABLE_SCHEMA` = DATABASE()
[Fri, 25 Dec 15 06:11:58 +0000][INFO] DESCRIBE `hq_map_setting`
[Fri, 25 Dec 15 06:11:58 +0000][INFO] SELECT IF(COUNT(*) > 0, 1, 0) FROM `INFORMATION_SCHEMA`.`TABLES` WHERE `TABLE_NAME` = 'hq_map_setting' AND `TABLE_SCHEMA` = DATABASE()
[Fri, 25 Dec 15 06:11:58 +0000][INFO] DESCRIBE `hq_map_setting`
[Fri, 25 Dec 15 06:11:58 +0000][INFO] SELECT `hq_map_setting`.`map_id`, `hq_map_setting`.`map_width`, `hq_map_setting`.`map_height`, `hq_map_setting`.`map_center_x`, `hq_map_setting`.`map_center_y`, `hq_map_setting`.`map_khung_width`, `hq_map_setting`.`map_khung_height`, `hq_map_setting`.`map_max_id` FROM `hq_map_setting` WHERE `hq_map_setting`.`map_id` = 1 LIMIT :APL0
[Fri, 25 Dec 15 06:11:58 +0000][INFO] SELECT IF(COUNT(*) > 0, 1, 0) FROM `INFORMATION_SCHEMA`.`TABLES` WHERE `TABLE_NAME` = 'hq_object' AND `TABLE_SCHEMA` = DATABASE()
[Fri, 25 Dec 15 06:11:58 +0000][INFO] DESCRIBE `hq_object`
[Fri, 25 Dec 15 06:11:58 +0000][INFO] SELECT IF(COUNT(*) > 0, 1, 0) FROM `INFORMATION_SCHEMA`.`TABLES` WHERE `TABLE_NAME` = 'hq_object' AND `TABLE_SCHEMA` = DATABASE()
[Fri, 25 Dec 15 06:11:58 +0000][INFO] DESCRIBE `hq_object`
[Fri, 25 Dec 15 06:11:58 +0000][INFO] SELECT `hq_object`.`ob_id`, `hq_object`.`bd_id`, `hq_object`.`u_id`, `hq_object`.`ob_name`, `hq_object`.`ob_description`, `hq_object`.`ob_css_id`, `hq_object`.`ob_css_class`, `hq_object`.`ob_position_x`, `hq_object`.`ob_position_y`, `hq_object`.`ob_width`, `hq_object`.`ob_height`, `hq_object`.`ob_zindex`, `hq_object`.`ca_id`, `hq_object`.`ob_create_date`, `hq_object`.`ob_edit_date` FROM `hq_object`
[Fri, 25 Dec 15 06:11:58 +0000][INFO] SELECT IF(COUNT(*) > 0, 1, 0) FROM `INFORMATION_SCHEMA`.`TABLES` WHERE `TABLE_NAME` = 'hq_animation' AND `TABLE_SCHEMA` = DATABASE()
[Fri, 25 Dec 15 06:11:58 +0000][INFO] DESCRIBE `hq_animation`
[Fri, 25 Dec 15 06:11:58 +0000][INFO] SELECT IF(COUNT(*) > 0, 1, 0) FROM `INFORMATION_SCHEMA`.`TABLES` WHERE `TABLE_NAME` = 'hq_animation' AND `TABLE_SCHEMA` = DATABASE()
[Fri, 25 Dec 15 06:11:58 +0000][INFO] DESCRIBE `hq_animation`
[Fri, 25 Dec 15 06:11:58 +0000][INFO] SELECT IF(COUNT(*) > 0, 1, 0) FROM `INFORMATION_SCHEMA`.`TABLES` WHERE `TABLE_NAME` = 'hq_animation' AND `TABLE_SCHEMA` = DATABASE()
[Fri, 25 Dec 15 06:11:58 +0000][INFO] DESCRIBE `hq_animation`
[Fri, 25 Dec 15 06:11:58 +0000][INFO] SELECT `hq_animation`.`ca_id`, `hq_animation`.`ca_animation`, `hq_animation`.`ca_duration`, `hq_animation`.`ca_delay` FROM `hq_animation` WHERE `hq_animation`.`ca_id` = :APR0 LIMIT :APL0
[Fri, 25 Dec 15 06:11:58 +0000][INFO] SELECT IF(COUNT(*) > 0, 1, 0) FROM `INFORMATION_SCHEMA`.`TABLES` WHERE `TABLE_NAME` = 'hq_animation' AND `TABLE_SCHEMA` = DATABASE()
[Fri, 25 Dec 15 06:11:58 +0000][INFO] DESCRIBE `hq_animation`
[Fri, 25 Dec 15 06:11:58 +0000][INFO] SELECT IF(COUNT(*) > 0, 1, 0) FROM `INFORMATION_SCHEMA`.`TABLES` WHERE `TABLE_NAME` = 'hq_animation' AND `TABLE_SCHEMA` = DATABASE()
[Fri, 25 Dec 15 06:11:58 +0000][INFO] DESCRIBE `hq_animation`
[Fri, 25 Dec 15 06:11:58 +0000][INFO] SELECT `hq_animation`.`ca_id`, `hq_animation`.`ca_animation`, `hq_animation`.`ca_duration`, `hq_animation`.`ca_delay` FROM `hq_animation` WHERE `hq_animation`.`ca_id` = :APR0 LIMIT :APL0
[Fri, 25 Dec 15 06:11:58 +0000][INFO] SELECT IF(COUNT(*) > 0, 1, 0) FROM `INFORMATION_SCHEMA`.`TABLES` WHERE `TABLE_NAME` = 'hq_animation' AND `TABLE_SCHEMA` = DATABASE()
[Fri, 25 Dec 15 06:11:58 +0000][INFO] DESCRIBE `hq_animation`
[Fri, 25 Dec 15 06:11:58 +0000][INFO] SELECT IF(COUNT(*) > 0, 1, 0) FROM `INFORMATION_SCHEMA`.`TABLES` WHERE `TABLE_NAME` = 'hq_animation' AND `TABLE_SCHEMA` = DATABASE()
[Fri, 25 Dec 15 06:11:58 +0000][INFO] DESCRIBE `hq_animation`
[Fri, 25 Dec 15 06:11:58 +0000][INFO] SELECT `hq_animation`.`ca_id`, `hq_animation`.`ca_animation`, `hq_animation`.`ca_duration`, `hq_animation`.`ca_delay` FROM `hq_animation` WHERE `hq_animation`.`ca_id` = :APR0 LIMIT :APL0
[Fri, 25 Dec 15 06:11:58 +0000][INFO] SELECT IF(COUNT(*) > 0, 1, 0) FROM `INFORMATION_SCHEMA`.`TABLES` WHERE `TABLE_NAME` = 'hq_animation' AND `TABLE_SCHEMA` = DATABASE()
[Fri, 25 Dec 15 06:11:58 +0000][INFO] DESCRIBE `hq_animation`
[Fri, 25 Dec 15 06:11:58 +0000][INFO] SELECT IF(COUNT(*) > 0, 1, 0) FROM `INFORMATION_SCHEMA`.`TABLES` WHERE `TABLE_NAME` = 'hq_animation' AND `TABLE_SCHEMA` = DATABASE()
[Fri, 25 Dec 15 06:11:58 +0000][INFO] DESCRIBE `hq_animation`
[Fri, 25 Dec 15 06:11:58 +0000][INFO] SELECT `hq_animation`.`ca_id`, `hq_animation`.`ca_animation`, `hq_animation`.`ca_duration`, `hq_animation`.`ca_delay` FROM `hq_animation` WHERE `hq_animation`.`ca_id` = :APR0 LIMIT :APL0
[Fri, 25 Dec 15 06:11:58 +0000][INFO] SELECT IF(COUNT(*) > 0, 1, 0) FROM `INFORMATION_SCHEMA`.`TABLES` WHERE `TABLE_NAME` = 'hq_animation' AND `TABLE_SCHEMA` = DATABASE()
[Fri, 25 Dec 15 06:11:58 +0000][INFO] DESCRIBE `hq_animation`
[Fri, 25 Dec 15 06:11:58 +0000][INFO] SELECT IF(COUNT(*) > 0, 1, 0) FROM `INFORMATION_SCHEMA`.`TABLES` WHERE `TABLE_NAME` = 'hq_animation' AND `TABLE_SCHEMA` = DATABASE()
[Fri, 25 Dec 15 06:11:58 +0000][INFO] DESCRIBE `hq_animation`
[Fri, 25 Dec 15 06:11:58 +0000][INFO] SELECT `hq_animation`.`ca_id`, `hq_animation`.`ca_animation`, `hq_animation`.`ca_duration`, `hq_animation`.`ca_delay` FROM `hq_animation` WHERE `hq_animation`.`ca_id` = :APR0 LIMIT :APL0
[Fri, 25 Dec 15 06:11:58 +0000][INFO] SELECT IF(COUNT(*) > 0, 1, 0) FROM `INFORMATION_SCHEMA`.`TABLES` WHERE `TABLE_NAME` = 'hq_animation' AND `TABLE_SCHEMA` = DATABASE()
[Fri, 25 Dec 15 06:11:58 +0000][INFO] DESCRIBE `hq_animation`
[Fri, 25 Dec 15 06:11:58 +0000][INFO] SELECT IF(COUNT(*) > 0, 1, 0) FROM `INFORMATION_SCHEMA`.`TABLES` WHERE `TABLE_NAME` = 'hq_animation' AND `TABLE_SCHEMA` = DATABASE()
[Fri, 25 Dec 15 06:11:58 +0000][INFO] DESCRIBE `hq_animation`
[Fri, 25 Dec 15 06:11:58 +0000][INFO] SELECT `hq_animation`.`ca_id`, `hq_animation`.`ca_animation`, `hq_animation`.`ca_duration`, `hq_animation`.`ca_delay` FROM `hq_animation` WHERE `hq_animation`.`ca_id` = :APR0 LIMIT :APL0
[Fri, 25 Dec 15 06:11:58 +0000][INFO] SELECT IF(COUNT(*) > 0, 1, 0) FROM `INFORMATION_SCHEMA`.`TABLES` WHERE `TABLE_NAME` = 'hq_animation' AND `TABLE_SCHEMA` = DATABASE()
[Fri, 25 Dec 15 06:11:58 +0000][INFO] DESCRIBE `hq_animation`
[Fri, 25 Dec 15 06:11:58 +0000][INFO] SELECT IF(COUNT(*) > 0, 1, 0) FROM `INFORMATION_SCHEMA`.`TABLES` WHERE `TABLE_NAME` = 'hq_animation' AND `TABLE_SCHEMA` = DATABASE()
[Fri, 25 Dec 15 06:11:58 +0000][INFO] DESCRIBE `hq_animation`
[Fri, 25 Dec 15 06:11:58 +0000][INFO] SELECT `hq_animation`.`ca_id`, `hq_animation`.`ca_animation`, `hq_animation`.`ca_duration`, `hq_animation`.`ca_delay` FROM `hq_animation` WHERE `hq_animation`.`ca_id` = :APR0 LIMIT :APL0
[Fri, 25 Dec 15 06:11:58 +0000][INFO] SELECT IF(COUNT(*) > 0, 1, 0) FROM `INFORMATION_SCHEMA`.`TABLES` WHERE `TABLE_NAME` = 'hq_animation' AND `TABLE_SCHEMA` = DATABASE()
[Fri, 25 Dec 15 06:11:58 +0000][INFO] DESCRIBE `hq_animation`
[Fri, 25 Dec 15 06:11:58 +0000][INFO] SELECT IF(COUNT(*) > 0, 1, 0) FROM `INFORMATION_SCHEMA`.`TABLES` WHERE `TABLE_NAME` = 'hq_animation' AND `TABLE_SCHEMA` = DATABASE()
[Fri, 25 Dec 15 06:11:58 +0000][INFO] DESCRIBE `hq_animation`
[Fri, 25 Dec 15 06:11:58 +0000][INFO] SELECT `hq_animation`.`ca_id`, `hq_animation`.`ca_animation`, `hq_animation`.`ca_duration`, `hq_animation`.`ca_delay` FROM `hq_animation` WHERE `hq_animation`.`ca_id` = :APR0 LIMIT :APL0
[Fri, 25 Dec 15 06:11:58 +0000][INFO] SELECT IF(COUNT(*) > 0, 1, 0) FROM `INFORMATION_SCHEMA`.`TABLES` WHERE `TABLE_NAME` = 'hq_animation' AND `TABLE_SCHEMA` = DATABASE()
[Fri, 25 Dec 15 06:11:58 +0000][INFO] DESCRIBE `hq_animation`
[Fri, 25 Dec 15 06:11:58 +0000][INFO] SELECT IF(COUNT(*) > 0, 1, 0) FROM `INFORMATION_SCHEMA`.`TABLES` WHERE `TABLE_NAME` = 'hq_animation' AND `TABLE_SCHEMA` = DATABASE()
[Fri, 25 Dec 15 06:11:58 +0000][INFO] DESCRIBE `hq_animation`
[Fri, 25 Dec 15 06:11:58 +0000][INFO] SELECT `hq_animation`.`ca_id`, `hq_animation`.`ca_animation`, `hq_animation`.`ca_duration`, `hq_animation`.`ca_delay` FROM `hq_animation` WHERE `hq_animation`.`ca_id` = :APR0 LIMIT :APL0
[Fri, 25 Dec 15 06:11:58 +0000][INFO] SELECT IF(COUNT(*) > 0, 1, 0) FROM `INFORMATION_SCHEMA`.`TABLES` WHERE `TABLE_NAME` = 'hq_animation' AND `TABLE_SCHEMA` = DATABASE()
[Fri, 25 Dec 15 06:11:58 +0000][INFO] DESCRIBE `hq_animation`
[Fri, 25 Dec 15 06:11:58 +0000][INFO] SELECT IF(COUNT(*) > 0, 1, 0) FROM `INFORMATION_SCHEMA`.`TABLES` WHERE `TABLE_NAME` = 'hq_animation' AND `TABLE_SCHEMA` = DATABASE()
[Fri, 25 Dec 15 06:11:58 +0000][INFO] DESCRIBE `hq_animation`
[Fri, 25 Dec 15 06:11:58 +0000][INFO] SELECT `hq_animation`.`ca_id`, `hq_animation`.`ca_animation`, `hq_animation`.`ca_duration`, `hq_animation`.`ca_delay` FROM `hq_animation` WHERE `hq_animation`.`ca_id` = :APR0 LIMIT :APL0
[Fri, 25 Dec 15 06:11:58 +0000][INFO] SELECT IF(COUNT(*) > 0, 1, 0) FROM `INFORMATION_SCHEMA`.`TABLES` WHERE `TABLE_NAME` = 'hq_animation' AND `TABLE_SCHEMA` = DATABASE()
[Fri, 25 Dec 15 06:11:58 +0000][INFO] DESCRIBE `hq_animation`
[Fri, 25 Dec 15 06:11:58 +0000][INFO] SELECT IF(COUNT(*) > 0, 1, 0) FROM `INFORMATION_SCHEMA`.`TABLES` WHERE `TABLE_NAME` = 'hq_animation' AND `TABLE_SCHEMA` = DATABASE()
[Fri, 25 Dec 15 06:11:58 +0000][INFO] DESCRIBE `hq_animation`
[Fri, 25 Dec 15 06:11:58 +0000][INFO] SELECT `hq_animation`.`ca_id`, `hq_animation`.`ca_animation`, `hq_animation`.`ca_duration`, `hq_animation`.`ca_delay` FROM `hq_animation` WHERE `hq_animation`.`ca_id` = :APR0 LIMIT :APL0
[Fri, 25 Dec 15 06:11:58 +0000][INFO] SELECT IF(COUNT(*) > 0, 1, 0) FROM `INFORMATION_SCHEMA`.`TABLES` WHERE `TABLE_NAME` = 'hq_animation' AND `TABLE_SCHEMA` = DATABASE()
[Fri, 25 Dec 15 06:11:58 +0000][INFO] DESCRIBE `hq_animation`
[Fri, 25 Dec 15 06:11:58 +0000][INFO] SELECT IF(COUNT(*) > 0, 1, 0) FROM `INFORMATION_SCHEMA`.`TABLES` WHERE `TABLE_NAME` = 'hq_animation' AND `TABLE_SCHEMA` = DATABASE()
[Fri, 25 Dec 15 06:11:58 +0000][INFO] DESCRIBE `hq_animation`
[Fri, 25 Dec 15 06:11:58 +0000][INFO] SELECT `hq_animation`.`ca_id`, `hq_animation`.`ca_animation`, `hq_animation`.`ca_duration`, `hq_animation`.`ca_delay` FROM `hq_animation` WHERE `hq_animation`.`ca_id` = :APR0 LIMIT :APL0
[Fri, 25 Dec 15 06:11:58 +0000][INFO] SELECT IF(COUNT(*) > 0, 1, 0) FROM `INFORMATION_SCHEMA`.`TABLES` WHERE `TABLE_NAME` = 'hq_animation' AND `TABLE_SCHEMA` = DATABASE()
[Fri, 25 Dec 15 06:11:58 +0000][INFO] DESCRIBE `hq_animation`
[Fri, 25 Dec 15 06:11:58 +0000][INFO] SELECT IF(COUNT(*) > 0, 1, 0) FROM `INFORMATION_SCHEMA`.`TABLES` WHERE `TABLE_NAME` = 'hq_animation' AND `TABLE_SCHEMA` = DATABASE()
[Fri, 25 Dec 15 06:11:58 +0000][INFO] DESCRIBE `hq_animation`
[Fri, 25 Dec 15 06:11:58 +0000][INFO] SELECT `hq_animation`.`ca_id`, `hq_animation`.`ca_animation`, `hq_animation`.`ca_duration`, `hq_animation`.`ca_delay` FROM `hq_animation` WHERE `hq_animation`.`ca_id` = :APR0 LIMIT :APL0
[Fri, 25 Dec 15 06:11:58 +0000][INFO] SELECT IF(COUNT(*) > 0, 1, 0) FROM `INFORMATION_SCHEMA`.`TABLES` WHERE `TABLE_NAME` = 'hq_animation' AND `TABLE_SCHEMA` = DATABASE()
[Fri, 25 Dec 15 06:11:58 +0000][INFO] DESCRIBE `hq_animation`
[Fri, 25 Dec 15 06:11:58 +0000][INFO] SELECT IF(COUNT(*) > 0, 1, 0) FROM `INFORMATION_SCHEMA`.`TABLES` WHERE `TABLE_NAME` = 'hq_animation' AND `TABLE_SCHEMA` = DATABASE()
[Fri, 25 Dec 15 06:11:58 +0000][INFO] DESCRIBE `hq_animation`
[Fri, 25 Dec 15 06:11:58 +0000][INFO] SELECT `hq_animation`.`ca_id`, `hq_animation`.`ca_animation`, `hq_animation`.`ca_duration`, `hq_animation`.`ca_delay` FROM `hq_animation` WHERE `hq_animation`.`ca_id` = :APR0 LIMIT :APL0
[Fri, 25 Dec 15 06:11:58 +0000][INFO] SELECT IF(COUNT(*) > 0, 1, 0) FROM `INFORMATION_SCHEMA`.`TABLES` WHERE `TABLE_NAME` = 'hq_animation' AND `TABLE_SCHEMA` = DATABASE()
[Fri, 25 Dec 15 06:11:58 +0000][INFO] DESCRIBE `hq_animation`
[Fri, 25 Dec 15 06:11:58 +0000][INFO] SELECT IF(COUNT(*) > 0, 1, 0) FROM `INFORMATION_SCHEMA`.`TABLES` WHERE `TABLE_NAME` = 'hq_animation' AND `TABLE_SCHEMA` = DATABASE()
[Fri, 25 Dec 15 06:11:58 +0000][INFO] DESCRIBE `hq_animation`
[Fri, 25 Dec 15 06:11:58 +0000][INFO] SELECT `hq_animation`.`ca_id`, `hq_animation`.`ca_animation`, `hq_animation`.`ca_duration`, `hq_animation`.`ca_delay` FROM `hq_animation` WHERE `hq_animation`.`ca_id` = :APR0 LIMIT :APL0
[Fri, 25 Dec 15 06:11:58 +0000][INFO] SELECT IF(COUNT(*) > 0, 1, 0) FROM `INFORMATION_SCHEMA`.`TABLES` WHERE `TABLE_NAME` = 'hq_animation' AND `TABLE_SCHEMA` = DATABASE()
[Fri, 25 Dec 15 06:11:58 +0000][INFO] DESCRIBE `hq_animation`
[Fri, 25 Dec 15 06:11:58 +0000][INFO] SELECT IF(COUNT(*) > 0, 1, 0) FROM `INFORMATION_SCHEMA`.`TABLES` WHERE `TABLE_NAME` = 'hq_animation' AND `TABLE_SCHEMA` = DATABASE()
[Fri, 25 Dec 15 06:11:58 +0000][INFO] DESCRIBE `hq_animation`
[Fri, 25 Dec 15 06:11:58 +0000][INFO] SELECT `hq_animation`.`ca_id`, `hq_animation`.`ca_animation`, `hq_animation`.`ca_duration`, `hq_animation`.`ca_delay` FROM `hq_animation` WHERE `hq_animation`.`ca_id` = :APR0 LIMIT :APL0
[Fri, 25 Dec 15 06:11:58 +0000][INFO] SELECT IF(COUNT(*) > 0, 1, 0) FROM `INFORMATION_SCHEMA`.`TABLES` WHERE `TABLE_NAME` = 'hq_animation' AND `TABLE_SCHEMA` = DATABASE()
[Fri, 25 Dec 15 06:11:58 +0000][INFO] DESCRIBE `hq_animation`
[Fri, 25 Dec 15 06:11:58 +0000][INFO] SELECT IF(COUNT(*) > 0, 1, 0) FROM `INFORMATION_SCHEMA`.`TABLES` WHERE `TABLE_NAME` = 'hq_animation' AND `TABLE_SCHEMA` = DATABASE()
[Fri, 25 Dec 15 06:11:58 +0000][INFO] DESCRIBE `hq_animation`
[Fri, 25 Dec 15 06:11:58 +0000][INFO] SELECT `hq_animation`.`ca_id`, `hq_animation`.`ca_animation`, `hq_animation`.`ca_duration`, `hq_animation`.`ca_delay` FROM `hq_animation` WHERE `hq_animation`.`ca_id` = :APR0 LIMIT :APL0
[Fri, 25 Dec 15 06:11:58 +0000][INFO] SELECT IF(COUNT(*) > 0, 1, 0) FROM `INFORMATION_SCHEMA`.`TABLES` WHERE `TABLE_NAME` = 'hq_animation' AND `TABLE_SCHEMA` = DATABASE()
[Fri, 25 Dec 15 06:11:58 +0000][INFO] DESCRIBE `hq_animation`
[Fri, 25 Dec 15 06:11:58 +0000][INFO] SELECT IF(COUNT(*) > 0, 1, 0) FROM `INFORMATION_SCHEMA`.`TABLES` WHERE `TABLE_NAME` = 'hq_animation' AND `TABLE_SCHEMA` = DATABASE()
[Fri, 25 Dec 15 06:11:58 +0000][INFO] DESCRIBE `hq_animation`
[Fri, 25 Dec 15 06:11:58 +0000][INFO] SELECT `hq_animation`.`ca_id`, `hq_animation`.`ca_animation`, `hq_animation`.`ca_duration`, `hq_animation`.`ca_delay` FROM `hq_animation` WHERE `hq_animation`.`ca_id` = :APR0 LIMIT :APL0
[Fri, 25 Dec 15 06:11:58 +0000][INFO] SELECT IF(COUNT(*) > 0, 1, 0) FROM `INFORMATION_SCHEMA`.`TABLES` WHERE `TABLE_NAME` = 'hq_animation' AND `TABLE_SCHEMA` = DATABASE()
[Fri, 25 Dec 15 06:11:58 +0000][INFO] DESCRIBE `hq_animation`
[Fri, 25 Dec 15 06:11:58 +0000][INFO] SELECT IF(COUNT(*) > 0, 1, 0) FROM `INFORMATION_SCHEMA`.`TABLES` WHERE `TABLE_NAME` = 'hq_animation' AND `TABLE_SCHEMA` = DATABASE()
[Fri, 25 Dec 15 06:11:58 +0000][INFO] DESCRIBE `hq_animation`
[Fri, 25 Dec 15 06:11:58 +0000][INFO] SELECT `hq_animation`.`ca_id`, `hq_animation`.`ca_animation`, `hq_animation`.`ca_duration`, `hq_animation`.`ca_delay` FROM `hq_animation` WHERE `hq_animation`.`ca_id` = :APR0 LIMIT :APL0
[Fri, 25 Dec 15 06:11:58 +0000][INFO] SELECT IF(COUNT(*) > 0, 1, 0) FROM `INFORMATION_SCHEMA`.`TABLES` WHERE `TABLE_NAME` = 'hq_animation' AND `TABLE_SCHEMA` = DATABASE()
[Fri, 25 Dec 15 06:11:58 +0000][INFO] DESCRIBE `hq_animation`
[Fri, 25 Dec 15 06:11:58 +0000][INFO] SELECT IF(COUNT(*) > 0, 1, 0) FROM `INFORMATION_SCHEMA`.`TABLES` WHERE `TABLE_NAME` = 'hq_animation' AND `TABLE_SCHEMA` = DATABASE()
[Fri, 25 Dec 15 06:11:58 +0000][INFO] DESCRIBE `hq_animation`
[Fri, 25 Dec 15 06:11:58 +0000][INFO] SELECT `hq_animation`.`ca_id`, `hq_animation`.`ca_animation`, `hq_animation`.`ca_duration`, `hq_animation`.`ca_delay` FROM `hq_animation` WHERE `hq_animation`.`ca_id` = :APR0 LIMIT :APL0
[Fri, 25 Dec 15 06:11:58 +0000][INFO] SELECT IF(COUNT(*) > 0, 1, 0) FROM `INFORMATION_SCHEMA`.`TABLES` WHERE `TABLE_NAME` = 'hq_animation' AND `TABLE_SCHEMA` = DATABASE()
[Fri, 25 Dec 15 06:11:58 +0000][INFO] DESCRIBE `hq_animation`
[Fri, 25 Dec 15 06:11:58 +0000][INFO] SELECT IF(COUNT(*) > 0, 1, 0) FROM `INFORMATION_SCHEMA`.`TABLES` WHERE `TABLE_NAME` = 'hq_animation' AND `TABLE_SCHEMA` = DATABASE()
[Fri, 25 Dec 15 06:11:58 +0000][INFO] DESCRIBE `hq_animation`
[Fri, 25 Dec 15 06:11:58 +0000][INFO] SELECT `hq_animation`.`ca_id`, `hq_animation`.`ca_animation`, `hq_animation`.`ca_duration`, `hq_animation`.`ca_delay` FROM `hq_animation` WHERE `hq_animation`.`ca_id` = :APR0 LIMIT :APL0
[Fri, 25 Dec 15 06:11:58 +0000][INFO] SELECT IF(COUNT(*) > 0, 1, 0) FROM `INFORMATION_SCHEMA`.`TABLES` WHERE `TABLE_NAME` = 'hq_animation' AND `TABLE_SCHEMA` = DATABASE()
[Fri, 25 Dec 15 06:11:58 +0000][INFO] DESCRIBE `hq_animation`
[Fri, 25 Dec 15 06:11:58 +0000][INFO] SELECT IF(COUNT(*) > 0, 1, 0) FROM `INFORMATION_SCHEMA`.`TABLES` WHERE `TABLE_NAME` = 'hq_animation' AND `TABLE_SCHEMA` = DATABASE()
[Fri, 25 Dec 15 06:11:58 +0000][INFO] DESCRIBE `hq_animation`
[Fri, 25 Dec 15 06:11:58 +0000][INFO] SELECT `hq_animation`.`ca_id`, `hq_animation`.`ca_animation`, `hq_animation`.`ca_duration`, `hq_animation`.`ca_delay` FROM `hq_animation` WHERE `hq_animation`.`ca_id` = :APR0 LIMIT :APL0
[Fri, 25 Dec 15 06:11:58 +0000][INFO] SELECT IF(COUNT(*) > 0, 1, 0) FROM `INFORMATION_SCHEMA`.`TABLES` WHERE `TABLE_NAME` = 'hq_animation' AND `TABLE_SCHEMA` = DATABASE()
[Fri, 25 Dec 15 06:11:58 +0000][INFO] DESCRIBE `hq_animation`
[Fri, 25 Dec 15 06:11:58 +0000][INFO] SELECT IF(COUNT(*) > 0, 1, 0) FROM `INFORMATION_SCHEMA`.`TABLES` WHERE `TABLE_NAME` = 'hq_animation' AND `TABLE_SCHEMA` = DATABASE()
[Fri, 25 Dec 15 06:11:58 +0000][INFO] DESCRIBE `hq_animation`
[Fri, 25 Dec 15 06:11:58 +0000][INFO] SELECT `hq_animation`.`ca_id`, `hq_animation`.`ca_animation`, `hq_animation`.`ca_duration`, `hq_animation`.`ca_delay` FROM `hq_animation` WHERE `hq_animation`.`ca_id` = :APR0 LIMIT :APL0
[Fri, 25 Dec 15 06:11:58 +0000][INFO] SELECT IF(COUNT(*) > 0, 1, 0) FROM `INFORMATION_SCHEMA`.`TABLES` WHERE `TABLE_NAME` = 'hq_animation' AND `TABLE_SCHEMA` = DATABASE()
[Fri, 25 Dec 15 06:11:58 +0000][INFO] DESCRIBE `hq_animation`
[Fri, 25 Dec 15 06:11:58 +0000][INFO] SELECT IF(COUNT(*) > 0, 1, 0) FROM `INFORMATION_SCHEMA`.`TABLES` WHERE `TABLE_NAME` = 'hq_animation' AND `TABLE_SCHEMA` = DATABASE()
[Fri, 25 Dec 15 06:11:58 +0000][INFO] DESCRIBE `hq_animation`
[Fri, 25 Dec 15 06:11:58 +0000][INFO] SELECT `hq_animation`.`ca_id`, `hq_animation`.`ca_animation`, `hq_animation`.`ca_duration`, `hq_animation`.`ca_delay` FROM `hq_animation` WHERE `hq_animation`.`ca_id` = :APR0 LIMIT :APL0
[Fri, 25 Dec 15 06:31:54 +0000][INFO] SELECT IF(COUNT(*) > 0, 1, 0) FROM `INFORMATION_SCHEMA`.`TABLES` WHERE `TABLE_NAME` = 'hq_user_admin' AND `TABLE_SCHEMA` = DATABASE()
[Fri, 25 Dec 15 06:31:54 +0000][INFO] DESCRIBE `hq_user_admin`
[Fri, 25 Dec 15 06:31:54 +0000][INFO] SELECT IF(COUNT(*) > 0, 1, 0) FROM `INFORMATION_SCHEMA`.`TABLES` WHERE `TABLE_NAME` = 'hq_user_admin' AND `TABLE_SCHEMA` = DATABASE()
[Fri, 25 Dec 15 06:31:54 +0000][INFO] DESCRIBE `hq_user_admin`
[Fri, 25 Dec 15 06:31:54 +0000][INFO] SELECT IF(COUNT(*) > 0, 1, 0) FROM `INFORMATION_SCHEMA`.`TABLES` WHERE `TABLE_NAME` = 'hq_user_admin' AND `TABLE_SCHEMA` = DATABASE()
[Fri, 25 Dec 15 06:31:54 +0000][INFO] DESCRIBE `hq_user_admin`
[Fri, 25 Dec 15 06:31:54 +0000][INFO] SELECT `hq_user_admin`.`usa_id`, `hq_user_admin`.`usa_username`, `hq_user_admin`.`usa_email`, `hq_user_admin`.`usa_password`, `hq_user_admin`.`usa_last_login`, `hq_user_admin`.`usa_create_date` FROM `hq_user_admin` WHERE `hq_user_admin`.`usa_username` = :userEmail AND `hq_user_admin`.`usa_password` = :userPassword LIMIT :APL0
[Fri, 25 Dec 15 06:31:54 +0000][INFO] UPDATE `hq_user_admin` SET `usa_username` = ?, `usa_email` = ?, `usa_password` = ?, `usa_last_login` = ?, `usa_create_date` = ? WHERE `usa_id` = ?
[Fri, 25 Dec 15 07:17:15 +0000][INFO] SELECT IF(COUNT(*) > 0, 1, 0) FROM `INFORMATION_SCHEMA`.`TABLES` WHERE `TABLE_NAME` = 'hq_user_admin' AND `TABLE_SCHEMA` = DATABASE()
[Fri, 25 Dec 15 07:17:15 +0000][INFO] DESCRIBE `hq_user_admin`
[Fri, 25 Dec 15 07:17:15 +0000][INFO] SELECT IF(COUNT(*) > 0, 1, 0) FROM `INFORMATION_SCHEMA`.`TABLES` WHERE `TABLE_NAME` = 'hq_user_admin' AND `TABLE_SCHEMA` = DATABASE()
[Fri, 25 Dec 15 07:17:15 +0000][INFO] DESCRIBE `hq_user_admin`
[Fri, 25 Dec 15 07:17:15 +0000][INFO] SELECT IF(COUNT(*) > 0, 1, 0) FROM `INFORMATION_SCHEMA`.`TABLES` WHERE `TABLE_NAME` = 'hq_user_admin' AND `TABLE_SCHEMA` = DATABASE()
[Fri, 25 Dec 15 07:17:15 +0000][INFO] DESCRIBE `hq_user_admin`
[Fri, 25 Dec 15 07:17:15 +0000][INFO] SELECT `hq_user_admin`.`usa_id`, `hq_user_admin`.`usa_username`, `hq_user_admin`.`usa_email`, `hq_user_admin`.`usa_password`, `hq_user_admin`.`usa_last_login`, `hq_user_admin`.`usa_create_date` FROM `hq_user_admin` WHERE `hq_user_admin`.`usa_username` = :userEmail AND `hq_user_admin`.`usa_password` = :userPassword LIMIT :APL0
[Fri, 25 Dec 15 07:17:15 +0000][INFO] UPDATE `hq_user_admin` SET `usa_username` = ?, `usa_email` = ?, `usa_password` = ?, `usa_last_login` = ?, `usa_create_date` = ? WHERE `usa_id` = ?
[Fri, 25 Dec 15 07:22:28 +0000][INFO] SELECT IF(COUNT(*) > 0, 1, 0) FROM `INFORMATION_SCHEMA`.`TABLES` WHERE `TABLE_NAME` = 'hq_user_admin' AND `TABLE_SCHEMA` = DATABASE()
[Fri, 25 Dec 15 07:22:29 +0000][INFO] DESCRIBE `hq_user_admin`
[Fri, 25 Dec 15 07:22:29 +0000][INFO] SELECT IF(COUNT(*) > 0, 1, 0) FROM `INFORMATION_SCHEMA`.`TABLES` WHERE `TABLE_NAME` = 'hq_user_admin' AND `TABLE_SCHEMA` = DATABASE()
[Fri, 25 Dec 15 07:22:29 +0000][INFO] DESCRIBE `hq_user_admin`
[Fri, 25 Dec 15 07:22:29 +0000][INFO] SELECT IF(COUNT(*) > 0, 1, 0) FROM `INFORMATION_SCHEMA`.`TABLES` WHERE `TABLE_NAME` = 'hq_user_admin' AND `TABLE_SCHEMA` = DATABASE()
[Fri, 25 Dec 15 07:22:29 +0000][INFO] DESCRIBE `hq_user_admin`
[Fri, 25 Dec 15 07:22:29 +0000][INFO] SELECT `hq_user_admin`.`usa_id`, `hq_user_admin`.`usa_username`, `hq_user_admin`.`usa_email`, `hq_user_admin`.`usa_password`, `hq_user_admin`.`usa_last_login`, `hq_user_admin`.`usa_create_date` FROM `hq_user_admin` WHERE `hq_user_admin`.`usa_username` = :userEmail AND `hq_user_admin`.`usa_password` = :userPassword LIMIT :APL0
[Fri, 25 Dec 15 07:22:29 +0000][INFO] UPDATE `hq_user_admin` SET `usa_username` = ?, `usa_email` = ?, `usa_password` = ?, `usa_last_login` = ?, `usa_create_date` = ? WHERE `usa_id` = ?
[Fri, 25 Dec 15 09:01:10 +0000][INFO] SELECT IF(COUNT(*) > 0, 1, 0) FROM `INFORMATION_SCHEMA`.`TABLES` WHERE `TABLE_NAME` = 'hq_user_admin' AND `TABLE_SCHEMA` = DATABASE()
[Fri, 25 Dec 15 09:01:10 +0000][INFO] DESCRIBE `hq_user_admin`
[Fri, 25 Dec 15 09:01:10 +0000][INFO] SELECT IF(COUNT(*) > 0, 1, 0) FROM `INFORMATION_SCHEMA`.`TABLES` WHERE `TABLE_NAME` = 'hq_user_admin' AND `TABLE_SCHEMA` = DATABASE()
[Fri, 25 Dec 15 09:01:10 +0000][INFO] DESCRIBE `hq_user_admin`
[Fri, 25 Dec 15 09:01:10 +0000][INFO] SELECT IF(COUNT(*) > 0, 1, 0) FROM `INFORMATION_SCHEMA`.`TABLES` WHERE `TABLE_NAME` = 'hq_user_admin' AND `TABLE_SCHEMA` = DATABASE()
[Fri, 25 Dec 15 09:01:10 +0000][INFO] DESCRIBE `hq_user_admin`
[Fri, 25 Dec 15 09:01:10 +0000][INFO] SELECT `hq_user_admin`.`usa_id`, `hq_user_admin`.`usa_username`, `hq_user_admin`.`usa_email`, `hq_user_admin`.`usa_password`, `hq_user_admin`.`usa_last_login`, `hq_user_admin`.`usa_create_date` FROM `hq_user_admin` WHERE `hq_user_admin`.`usa_username` = :userEmail AND `hq_user_admin`.`usa_password` = :userPassword LIMIT :APL0
[Fri, 25 Dec 15 09:01:10 +0000][INFO] UPDATE `hq_user_admin` SET `usa_username` = ?, `usa_email` = ?, `usa_password` = ?, `usa_last_login` = ?, `usa_create_date` = ? WHERE `usa_id` = ?
[Fri, 25 Dec 15 09:01:48 +0000][INFO] SELECT IF(COUNT(*) > 0, 1, 0) FROM `INFORMATION_SCHEMA`.`TABLES` WHERE `TABLE_NAME` = 'hq_user_admin' AND `TABLE_SCHEMA` = DATABASE()
[Fri, 25 Dec 15 09:01:48 +0000][INFO] DESCRIBE `hq_user_admin`
[Fri, 25 Dec 15 09:01:48 +0000][INFO] SELECT IF(COUNT(*) > 0, 1, 0) FROM `INFORMATION_SCHEMA`.`TABLES` WHERE `TABLE_NAME` = 'hq_user_admin' AND `TABLE_SCHEMA` = DATABASE()
[Fri, 25 Dec 15 09:01:48 +0000][INFO] DESCRIBE `hq_user_admin`
[Fri, 25 Dec 15 09:01:48 +0000][INFO] SELECT IF(COUNT(*) > 0, 1, 0) FROM `INFORMATION_SCHEMA`.`TABLES` WHERE `TABLE_NAME` = 'hq_user_admin' AND `TABLE_SCHEMA` = DATABASE()
[Fri, 25 Dec 15 09:01:48 +0000][INFO] DESCRIBE `hq_user_admin`
[Fri, 25 Dec 15 09:01:48 +0000][INFO] SELECT `hq_user_admin`.`usa_id`, `hq_user_admin`.`usa_username`, `hq_user_admin`.`usa_email`, `hq_user_admin`.`usa_password`, `hq_user_admin`.`usa_last_login`, `hq_user_admin`.`usa_create_date` FROM `hq_user_admin` WHERE `hq_user_admin`.`usa_username` = :userEmail AND `hq_user_admin`.`usa_password` = :userPassword LIMIT :APL0
[Fri, 25 Dec 15 09:01:48 +0000][INFO] UPDATE `hq_user_admin` SET `usa_username` = ?, `usa_email` = ?, `usa_password` = ?, `usa_last_login` = ?, `usa_create_date` = ? WHERE `usa_id` = ?
[Fri, 25 Dec 15 09:02:12 +0000][INFO] SELECT IF(COUNT(*) > 0, 1, 0) FROM `INFORMATION_SCHEMA`.`TABLES` WHERE `TABLE_NAME` = 'hq_user_admin' AND `TABLE_SCHEMA` = DATABASE()
[Fri, 25 Dec 15 09:02:12 +0000][INFO] DESCRIBE `hq_user_admin`
[Fri, 25 Dec 15 09:02:12 +0000][INFO] SELECT IF(COUNT(*) > 0, 1, 0) FROM `INFORMATION_SCHEMA`.`TABLES` WHERE `TABLE_NAME` = 'hq_user_admin' AND `TABLE_SCHEMA` = DATABASE()
[Fri, 25 Dec 15 09:02:12 +0000][INFO] DESCRIBE `hq_user_admin`
[Fri, 25 Dec 15 09:02:12 +0000][INFO] SELECT IF(COUNT(*) > 0, 1, 0) FROM `INFORMATION_SCHEMA`.`TABLES` WHERE `TABLE_NAME` = 'hq_user_admin' AND `TABLE_SCHEMA` = DATABASE()
[Fri, 25 Dec 15 09:02:12 +0000][INFO] DESCRIBE `hq_user_admin`
[Fri, 25 Dec 15 09:02:12 +0000][INFO] SELECT `hq_user_admin`.`usa_id`, `hq_user_admin`.`usa_username`, `hq_user_admin`.`usa_email`, `hq_user_admin`.`usa_password`, `hq_user_admin`.`usa_last_login`, `hq_user_admin`.`usa_create_date` FROM `hq_user_admin` WHERE `hq_user_admin`.`usa_username` = :userEmail AND `hq_user_admin`.`usa_password` = :userPassword LIMIT :APL0
[Fri, 25 Dec 15 09:02:12 +0000][INFO] UPDATE `hq_user_admin` SET `usa_username` = ?, `usa_email` = ?, `usa_password` = ?, `usa_last_login` = ?, `usa_create_date` = ? WHERE `usa_id` = ?
[Fri, 25 Dec 15 09:05:05 +0000][INFO] SELECT IF(COUNT(*) > 0, 1, 0) FROM `INFORMATION_SCHEMA`.`TABLES` WHERE `TABLE_NAME` = 'hq_user_admin' AND `TABLE_SCHEMA` = DATABASE()
[Fri, 25 Dec 15 09:05:05 +0000][INFO] DESCRIBE `hq_user_admin`
[Fri, 25 Dec 15 09:05:05 +0000][INFO] SELECT IF(COUNT(*) > 0, 1, 0) FROM `INFORMATION_SCHEMA`.`TABLES` WHERE `TABLE_NAME` = 'hq_user_admin' AND `TABLE_SCHEMA` = DATABASE()
[Fri, 25 Dec 15 09:05:05 +0000][INFO] DESCRIBE `hq_user_admin`
[Fri, 25 Dec 15 09:05:05 +0000][INFO] SELECT IF(COUNT(*) > 0, 1, 0) FROM `INFORMATION_SCHEMA`.`TABLES` WHERE `TABLE_NAME` = 'hq_user_admin' AND `TABLE_SCHEMA` = DATABASE()
[Fri, 25 Dec 15 09:05:05 +0000][INFO] DESCRIBE `hq_user_admin`
[Fri, 25 Dec 15 09:05:05 +0000][INFO] SELECT `hq_user_admin`.`usa_id`, `hq_user_admin`.`usa_username`, `hq_user_admin`.`usa_email`, `hq_user_admin`.`usa_password`, `hq_user_admin`.`usa_last_login`, `hq_user_admin`.`usa_create_date` FROM `hq_user_admin` WHERE `hq_user_admin`.`usa_username` = :userEmail AND `hq_user_admin`.`usa_password` = :userPassword LIMIT :APL0
[Fri, 25 Dec 15 09:05:05 +0000][INFO] UPDATE `hq_user_admin` SET `usa_username` = ?, `usa_email` = ?, `usa_password` = ?, `usa_last_login` = ?, `usa_create_date` = ? WHERE `usa_id` = ?
[Fri, 25 Dec 15 09:07:10 +0000][INFO] SELECT IF(COUNT(*) > 0, 1, 0) FROM `INFORMATION_SCHEMA`.`TABLES` WHERE `TABLE_NAME` = 'hq_user_admin' AND `TABLE_SCHEMA` = DATABASE()
[Fri, 25 Dec 15 09:07:10 +0000][INFO] DESCRIBE `hq_user_admin`
[Fri, 25 Dec 15 09:07:10 +0000][INFO] SELECT IF(COUNT(*) > 0, 1, 0) FROM `INFORMATION_SCHEMA`.`TABLES` WHERE `TABLE_NAME` = 'hq_user_admin' AND `TABLE_SCHEMA` = DATABASE()
[Fri, 25 Dec 15 09:07:10 +0000][INFO] DESCRIBE `hq_user_admin`
[Fri, 25 Dec 15 09:07:10 +0000][INFO] SELECT IF(COUNT(*) > 0, 1, 0) FROM `INFORMATION_SCHEMA`.`TABLES` WHERE `TABLE_NAME` = 'hq_user_admin' AND `TABLE_SCHEMA` = DATABASE()
[Fri, 25 Dec 15 09:07:10 +0000][INFO] DESCRIBE `hq_user_admin`
[Fri, 25 Dec 15 09:07:10 +0000][INFO] SELECT `hq_user_admin`.`usa_id`, `hq_user_admin`.`usa_username`, `hq_user_admin`.`usa_email`, `hq_user_admin`.`usa_password`, `hq_user_admin`.`usa_last_login`, `hq_user_admin`.`usa_create_date` FROM `hq_user_admin` WHERE `hq_user_admin`.`usa_username` = :userEmail AND `hq_user_admin`.`usa_password` = :userPassword LIMIT :APL0
[Fri, 25 Dec 15 09:07:10 +0000][INFO] UPDATE `hq_user_admin` SET `usa_username` = ?, `usa_email` = ?, `usa_password` = ?, `usa_last_login` = ?, `usa_create_date` = ? WHERE `usa_id` = ?
[Fri, 25 Dec 15 09:07:39 +0000][INFO] SELECT IF(COUNT(*) > 0, 1, 0) FROM `INFORMATION_SCHEMA`.`TABLES` WHERE `TABLE_NAME` = 'hq_user_admin' AND `TABLE_SCHEMA` = DATABASE()
[Fri, 25 Dec 15 09:07:39 +0000][INFO] DESCRIBE `hq_user_admin`
[Fri, 25 Dec 15 09:07:39 +0000][INFO] SELECT IF(COUNT(*) > 0, 1, 0) FROM `INFORMATION_SCHEMA`.`TABLES` WHERE `TABLE_NAME` = 'hq_user_admin' AND `TABLE_SCHEMA` = DATABASE()
[Fri, 25 Dec 15 09:07:39 +0000][INFO] DESCRIBE `hq_user_admin`
[Fri, 25 Dec 15 09:07:39 +0000][INFO] SELECT IF(COUNT(*) > 0, 1, 0) FROM `INFORMATION_SCHEMA`.`TABLES` WHERE `TABLE_NAME` = 'hq_user_admin' AND `TABLE_SCHEMA` = DATABASE()
[Fri, 25 Dec 15 09:07:39 +0000][INFO] DESCRIBE `hq_user_admin`
[Fri, 25 Dec 15 09:07:39 +0000][INFO] SELECT `hq_user_admin`.`usa_id`, `hq_user_admin`.`usa_username`, `hq_user_admin`.`usa_email`, `hq_user_admin`.`usa_password`, `hq_user_admin`.`usa_last_login`, `hq_user_admin`.`usa_create_date` FROM `hq_user_admin` WHERE `hq_user_admin`.`usa_username` = :userEmail AND `hq_user_admin`.`usa_password` = :userPassword LIMIT :APL0
[Fri, 25 Dec 15 09:07:39 +0000][INFO] UPDATE `hq_user_admin` SET `usa_username` = ?, `usa_email` = ?, `usa_password` = ?, `usa_last_login` = ?, `usa_create_date` = ? WHERE `usa_id` = ?
[Fri, 25 Dec 15 09:08:04 +0000][INFO] SELECT IF(COUNT(*) > 0, 1, 0) FROM `INFORMATION_SCHEMA`.`TABLES` WHERE `TABLE_NAME` = 'hq_user_admin' AND `TABLE_SCHEMA` = DATABASE()
[Fri, 25 Dec 15 09:08:04 +0000][INFO] DESCRIBE `hq_user_admin`
[Fri, 25 Dec 15 09:08:04 +0000][INFO] SELECT IF(COUNT(*) > 0, 1, 0) FROM `INFORMATION_SCHEMA`.`TABLES` WHERE `TABLE_NAME` = 'hq_user_admin' AND `TABLE_SCHEMA` = DATABASE()
[Fri, 25 Dec 15 09:08:04 +0000][INFO] DESCRIBE `hq_user_admin`
[Fri, 25 Dec 15 09:08:04 +0000][INFO] SELECT IF(COUNT(*) > 0, 1, 0) FROM `INFORMATION_SCHEMA`.`TABLES` WHERE `TABLE_NAME` = 'hq_user_admin' AND `TABLE_SCHEMA` = DATABASE()
[Fri, 25 Dec 15 09:08:04 +0000][INFO] DESCRIBE `hq_user_admin`
[Fri, 25 Dec 15 09:08:04 +0000][INFO] SELECT `hq_user_admin`.`usa_id`, `hq_user_admin`.`usa_username`, `hq_user_admin`.`usa_email`, `hq_user_admin`.`usa_password`, `hq_user_admin`.`usa_last_login`, `hq_user_admin`.`usa_create_date` FROM `hq_user_admin` WHERE `hq_user_admin`.`usa_username` = :userEmail AND `hq_user_admin`.`usa_password` = :userPassword LIMIT :APL0
[Fri, 25 Dec 15 09:08:04 +0000][INFO] UPDATE `hq_user_admin` SET `usa_username` = ?, `usa_email` = ?, `usa_password` = ?, `usa_last_login` = ?, `usa_create_date` = ? WHERE `usa_id` = ?
[Fri, 25 Dec 15 09:08:19 +0000][INFO] SELECT IF(COUNT(*) > 0, 1, 0) FROM `INFORMATION_SCHEMA`.`TABLES` WHERE `TABLE_NAME` = 'hq_user_admin' AND `TABLE_SCHEMA` = DATABASE()
[Fri, 25 Dec 15 09:08:19 +0000][INFO] DESCRIBE `hq_user_admin`
[Fri, 25 Dec 15 09:08:19 +0000][INFO] SELECT IF(COUNT(*) > 0, 1, 0) FROM `INFORMATION_SCHEMA`.`TABLES` WHERE `TABLE_NAME` = 'hq_user_admin' AND `TABLE_SCHEMA` = DATABASE()
[Fri, 25 Dec 15 09:08:19 +0000][INFO] DESCRIBE `hq_user_admin`
[Fri, 25 Dec 15 09:08:19 +0000][INFO] SELECT IF(COUNT(*) > 0, 1, 0) FROM `INFORMATION_SCHEMA`.`TABLES` WHERE `TABLE_NAME` = 'hq_user_admin' AND `TABLE_SCHEMA` = DATABASE()
[Fri, 25 Dec 15 09:08:19 +0000][INFO] DESCRIBE `hq_user_admin`
[Fri, 25 Dec 15 09:08:19 +0000][INFO] SELECT `hq_user_admin`.`usa_id`, `hq_user_admin`.`usa_username`, `hq_user_admin`.`usa_email`, `hq_user_admin`.`usa_password`, `hq_user_admin`.`usa_last_login`, `hq_user_admin`.`usa_create_date` FROM `hq_user_admin` WHERE `hq_user_admin`.`usa_username` = :userEmail AND `hq_user_admin`.`usa_password` = :userPassword LIMIT :APL0
[Fri, 25 Dec 15 09:08:19 +0000][INFO] UPDATE `hq_user_admin` SET `usa_username` = ?, `usa_email` = ?, `usa_password` = ?, `usa_last_login` = ?, `usa_create_date` = ? WHERE `usa_id` = ?
[Fri, 25 Dec 15 09:09:13 +0000][INFO] SELECT IF(COUNT(*) > 0, 1, 0) FROM `INFORMATION_SCHEMA`.`TABLES` WHERE `TABLE_NAME` = 'hq_user_admin' AND `TABLE_SCHEMA` = DATABASE()
[Fri, 25 Dec 15 09:09:13 +0000][INFO] DESCRIBE `hq_user_admin`
[Fri, 25 Dec 15 09:09:13 +0000][INFO] SELECT IF(COUNT(*) > 0, 1, 0) FROM `INFORMATION_SCHEMA`.`TABLES` WHERE `TABLE_NAME` = 'hq_user_admin' AND `TABLE_SCHEMA` = DATABASE()
[Fri, 25 Dec 15 09:09:13 +0000][INFO] DESCRIBE `hq_user_admin`
[Fri, 25 Dec 15 09:09:13 +0000][INFO] SELECT IF(COUNT(*) > 0, 1, 0) FROM `INFORMATION_SCHEMA`.`TABLES` WHERE `TABLE_NAME` = 'hq_user_admin' AND `TABLE_SCHEMA` = DATABASE()
[Fri, 25 Dec 15 09:09:13 +0000][INFO] DESCRIBE `hq_user_admin`
[Fri, 25 Dec 15 09:09:13 +0000][INFO] SELECT `hq_user_admin`.`usa_id`, `hq_user_admin`.`usa_username`, `hq_user_admin`.`usa_email`, `hq_user_admin`.`usa_password`, `hq_user_admin`.`usa_last_login`, `hq_user_admin`.`usa_create_date` FROM `hq_user_admin` WHERE `hq_user_admin`.`usa_username` = :userEmail AND `hq_user_admin`.`usa_password` = :userPassword LIMIT :APL0
[Fri, 25 Dec 15 09:09:13 +0000][INFO] UPDATE `hq_user_admin` SET `usa_username` = ?, `usa_email` = ?, `usa_password` = ?, `usa_last_login` = ?, `usa_create_date` = ? WHERE `usa_id` = ?
[Fri, 25 Dec 15 09:31:28 +0000][INFO] SELECT IF(COUNT(*) > 0, 1, 0) FROM `INFORMATION_SCHEMA`.`TABLES` WHERE `TABLE_NAME` = 'hq_user_admin' AND `TABLE_SCHEMA` = DATABASE()
[Fri, 25 Dec 15 09:31:28 +0000][INFO] DESCRIBE `hq_user_admin`
[Fri, 25 Dec 15 09:31:28 +0000][INFO] SELECT IF(COUNT(*) > 0, 1, 0) FROM `INFORMATION_SCHEMA`.`TABLES` WHERE `TABLE_NAME` = 'hq_user_admin' AND `TABLE_SCHEMA` = DATABASE()
[Fri, 25 Dec 15 09:31:28 +0000][INFO] DESCRIBE `hq_user_admin`
[Fri, 25 Dec 15 09:31:28 +0000][INFO] SELECT IF(COUNT(*) > 0, 1, 0) FROM `INFORMATION_SCHEMA`.`TABLES` WHERE `TABLE_NAME` = 'hq_user_admin' AND `TABLE_SCHEMA` = DATABASE()
[Fri, 25 Dec 15 09:31:28 +0000][INFO] DESCRIBE `hq_user_admin`
[Fri, 25 Dec 15 09:31:28 +0000][INFO] SELECT `hq_user_admin`.`usa_id`, `hq_user_admin`.`usa_username`, `hq_user_admin`.`usa_email`, `hq_user_admin`.`usa_password`, `hq_user_admin`.`usa_last_login`, `hq_user_admin`.`usa_create_date` FROM `hq_user_admin` WHERE `hq_user_admin`.`usa_username` = :userEmail AND `hq_user_admin`.`usa_password` = :userPassword LIMIT :APL0
[Fri, 25 Dec 15 09:31:28 +0000][INFO] UPDATE `hq_user_admin` SET `usa_username` = ?, `usa_email` = ?, `usa_password` = ?, `usa_last_login` = ?, `usa_create_date` = ? WHERE `usa_id` = ?
[Fri, 25 Dec 15 09:34:31 +0000][INFO] SELECT IF(COUNT(*) > 0, 1, 0) FROM `INFORMATION_SCHEMA`.`TABLES` WHERE `TABLE_NAME` = 'hq_user_admin' AND `TABLE_SCHEMA` = DATABASE()
[Fri, 25 Dec 15 09:34:31 +0000][INFO] DESCRIBE `hq_user_admin`
[Fri, 25 Dec 15 09:34:31 +0000][INFO] SELECT IF(COUNT(*) > 0, 1, 0) FROM `INFORMATION_SCHEMA`.`TABLES` WHERE `TABLE_NAME` = 'hq_user_admin' AND `TABLE_SCHEMA` = DATABASE()
[Fri, 25 Dec 15 09:34:31 +0000][INFO] DESCRIBE `hq_user_admin`
[Fri, 25 Dec 15 09:34:31 +0000][INFO] SELECT IF(COUNT(*) > 0, 1, 0) FROM `INFORMATION_SCHEMA`.`TABLES` WHERE `TABLE_NAME` = 'hq_user_admin' AND `TABLE_SCHEMA` = DATABASE()
[Fri, 25 Dec 15 09:34:31 +0000][INFO] DESCRIBE `hq_user_admin`
[Fri, 25 Dec 15 09:34:31 +0000][INFO] SELECT `hq_user_admin`.`usa_id`, `hq_user_admin`.`usa_username`, `hq_user_admin`.`usa_email`, `hq_user_admin`.`usa_password`, `hq_user_admin`.`usa_last_login`, `hq_user_admin`.`usa_create_date` FROM `hq_user_admin` WHERE `hq_user_admin`.`usa_username` = :userEmail AND `hq_user_admin`.`usa_password` = :userPassword LIMIT :APL0
[Fri, 25 Dec 15 09:34:31 +0000][INFO] UPDATE `hq_user_admin` SET `usa_username` = ?, `usa_email` = ?, `usa_password` = ?, `usa_last_login` = ?, `usa_create_date` = ? WHERE `usa_id` = ?
[Fri, 25 Dec 15 09:34:47 +0000][INFO] SELECT IF(COUNT(*) > 0, 1, 0) FROM `INFORMATION_SCHEMA`.`TABLES` WHERE `TABLE_NAME` = 'hq_user_admin' AND `TABLE_SCHEMA` = DATABASE()
[Fri, 25 Dec 15 09:34:47 +0000][INFO] DESCRIBE `hq_user_admin`
[Fri, 25 Dec 15 09:34:47 +0000][INFO] SELECT IF(COUNT(*) > 0, 1, 0) FROM `INFORMATION_SCHEMA`.`TABLES` WHERE `TABLE_NAME` = 'hq_user_admin' AND `TABLE_SCHEMA` = DATABASE()
[Fri, 25 Dec 15 09:34:47 +0000][INFO] DESCRIBE `hq_user_admin`
[Fri, 25 Dec 15 09:34:47 +0000][INFO] SELECT IF(COUNT(*) > 0, 1, 0) FROM `INFORMATION_SCHEMA`.`TABLES` WHERE `TABLE_NAME` = 'hq_user_admin' AND `TABLE_SCHEMA` = DATABASE()
[Fri, 25 Dec 15 09:34:47 +0000][INFO] DESCRIBE `hq_user_admin`
[Fri, 25 Dec 15 09:34:47 +0000][INFO] SELECT `hq_user_admin`.`usa_id`, `hq_user_admin`.`usa_username`, `hq_user_admin`.`usa_email`, `hq_user_admin`.`usa_password`, `hq_user_admin`.`usa_last_login`, `hq_user_admin`.`usa_create_date` FROM `hq_user_admin` WHERE `hq_user_admin`.`usa_username` = :userEmail AND `hq_user_admin`.`usa_password` = :userPassword LIMIT :APL0
[Fri, 25 Dec 15 09:34:47 +0000][INFO] UPDATE `hq_user_admin` SET `usa_username` = ?, `usa_email` = ?, `usa_password` = ?, `usa_last_login` = ?, `usa_create_date` = ? WHERE `usa_id` = ?
[Fri, 25 Dec 15 09:36:28 +0000][INFO] SELECT IF(COUNT(*) > 0, 1, 0) FROM `INFORMATION_SCHEMA`.`TABLES` WHERE `TABLE_NAME` = 'hq_user_admin' AND `TABLE_SCHEMA` = DATABASE()
[Fri, 25 Dec 15 09:36:28 +0000][INFO] DESCRIBE `hq_user_admin`
[Fri, 25 Dec 15 09:36:28 +0000][INFO] SELECT IF(COUNT(*) > 0, 1, 0) FROM `INFORMATION_SCHEMA`.`TABLES` WHERE `TABLE_NAME` = 'hq_user_admin' AND `TABLE_SCHEMA` = DATABASE()
[Fri, 25 Dec 15 09:36:28 +0000][INFO] DESCRIBE `hq_user_admin`
[Fri, 25 Dec 15 09:36:28 +0000][INFO] SELECT IF(COUNT(*) > 0, 1, 0) FROM `INFORMATION_SCHEMA`.`TABLES` WHERE `TABLE_NAME` = 'hq_user_admin' AND `TABLE_SCHEMA` = DATABASE()
[Fri, 25 Dec 15 09:36:28 +0000][INFO] DESCRIBE `hq_user_admin`
[Fri, 25 Dec 15 09:36:28 +0000][INFO] SELECT `hq_user_admin`.`usa_id`, `hq_user_admin`.`usa_username`, `hq_user_admin`.`usa_email`, `hq_user_admin`.`usa_password`, `hq_user_admin`.`usa_last_login`, `hq_user_admin`.`usa_create_date` FROM `hq_user_admin` WHERE `hq_user_admin`.`usa_username` = :userEmail AND `hq_user_admin`.`usa_password` = :userPassword LIMIT :APL0
[Fri, 25 Dec 15 09:36:28 +0000][INFO] UPDATE `hq_user_admin` SET `usa_username` = ?, `usa_email` = ?, `usa_password` = ?, `usa_last_login` = ?, `usa_create_date` = ? WHERE `usa_id` = ?
[Fri, 25 Dec 15 09:36:43 +0000][INFO] SELECT IF(COUNT(*) > 0, 1, 0) FROM `INFORMATION_SCHEMA`.`TABLES` WHERE `TABLE_NAME` = 'hq_user_admin' AND `TABLE_SCHEMA` = DATABASE()
[Fri, 25 Dec 15 09:36:43 +0000][INFO] DESCRIBE `hq_user_admin`
[Fri, 25 Dec 15 09:36:43 +0000][INFO] SELECT IF(COUNT(*) > 0, 1, 0) FROM `INFORMATION_SCHEMA`.`TABLES` WHERE `TABLE_NAME` = 'hq_user_admin' AND `TABLE_SCHEMA` = DATABASE()
[Fri, 25 Dec 15 09:36:43 +0000][INFO] DESCRIBE `hq_user_admin`
[Fri, 25 Dec 15 09:36:43 +0000][INFO] SELECT IF(COUNT(*) > 0, 1, 0) FROM `INFORMATION_SCHEMA`.`TABLES` WHERE `TABLE_NAME` = 'hq_user_admin' AND `TABLE_SCHEMA` = DATABASE()
[Fri, 25 Dec 15 09:36:43 +0000][INFO] DESCRIBE `hq_user_admin`
[Fri, 25 Dec 15 09:36:43 +0000][INFO] SELECT `hq_user_admin`.`usa_id`, `hq_user_admin`.`usa_username`, `hq_user_admin`.`usa_email`, `hq_user_admin`.`usa_password`, `hq_user_admin`.`usa_last_login`, `hq_user_admin`.`usa_create_date` FROM `hq_user_admin` WHERE `hq_user_admin`.`usa_username` = :userEmail AND `hq_user_admin`.`usa_password` = :userPassword LIMIT :APL0
[Fri, 25 Dec 15 09:36:43 +0000][INFO] UPDATE `hq_user_admin` SET `usa_username` = ?, `usa_email` = ?, `usa_password` = ?, `usa_last_login` = ?, `usa_create_date` = ? WHERE `usa_id` = ?
[Fri, 25 Dec 15 09:48:31 +0000][INFO] SELECT IF(COUNT(*) > 0, 1, 0) FROM `INFORMATION_SCHEMA`.`TABLES` WHERE `TABLE_NAME` = 'hq_user_admin' AND `TABLE_SCHEMA` = DATABASE()
[Fri, 25 Dec 15 09:48:31 +0000][INFO] DESCRIBE `hq_user_admin`
[Fri, 25 Dec 15 09:48:31 +0000][INFO] SELECT IF(COUNT(*) > 0, 1, 0) FROM `INFORMATION_SCHEMA`.`TABLES` WHERE `TABLE_NAME` = 'hq_user_admin' AND `TABLE_SCHEMA` = DATABASE()
[Fri, 25 Dec 15 09:48:31 +0000][INFO] DESCRIBE `hq_user_admin`
[Fri, 25 Dec 15 09:48:31 +0000][INFO] SELECT IF(COUNT(*) > 0, 1, 0) FROM `INFORMATION_SCHEMA`.`TABLES` WHERE `TABLE_NAME` = 'hq_user_admin' AND `TABLE_SCHEMA` = DATABASE()
[Fri, 25 Dec 15 09:48:31 +0000][INFO] DESCRIBE `hq_user_admin`
[Fri, 25 Dec 15 09:48:31 +0000][INFO] SELECT `hq_user_admin`.`usa_id`, `hq_user_admin`.`usa_username`, `hq_user_admin`.`usa_email`, `hq_user_admin`.`usa_password`, `hq_user_admin`.`usa_last_login`, `hq_user_admin`.`usa_create_date` FROM `hq_user_admin` WHERE `hq_user_admin`.`usa_username` = :userEmail AND `hq_user_admin`.`usa_password` = :userPassword LIMIT :APL0
[Fri, 25 Dec 15 09:48:31 +0000][INFO] UPDATE `hq_user_admin` SET `usa_username` = ?, `usa_email` = ?, `usa_password` = ?, `usa_last_login` = ?, `usa_create_date` = ? WHERE `usa_id` = ?
[Fri, 25 Dec 15 09:51:35 +0000][INFO] SELECT IF(COUNT(*) > 0, 1, 0) FROM `INFORMATION_SCHEMA`.`TABLES` WHERE `TABLE_NAME` = 'hq_user_admin' AND `TABLE_SCHEMA` = DATABASE()
[Fri, 25 Dec 15 09:51:35 +0000][INFO] DESCRIBE `hq_user_admin`
[Fri, 25 Dec 15 09:51:35 +0000][INFO] SELECT IF(COUNT(*) > 0, 1, 0) FROM `INFORMATION_SCHEMA`.`TABLES` WHERE `TABLE_NAME` = 'hq_user_admin' AND `TABLE_SCHEMA` = DATABASE()
[Fri, 25 Dec 15 09:51:35 +0000][INFO] DESCRIBE `hq_user_admin`
[Fri, 25 Dec 15 09:51:35 +0000][INFO] SELECT IF(COUNT(*) > 0, 1, 0) FROM `INFORMATION_SCHEMA`.`TABLES` WHERE `TABLE_NAME` = 'hq_user_admin' AND `TABLE_SCHEMA` = DATABASE()
[Fri, 25 Dec 15 09:51:35 +0000][INFO] DESCRIBE `hq_user_admin`
[Fri, 25 Dec 15 09:51:35 +0000][INFO] SELECT `hq_user_admin`.`usa_id`, `hq_user_admin`.`usa_username`, `hq_user_admin`.`usa_email`, `hq_user_admin`.`usa_password`, `hq_user_admin`.`usa_last_login`, `hq_user_admin`.`usa_create_date` FROM `hq_user_admin` WHERE `hq_user_admin`.`usa_username` = :userEmail AND `hq_user_admin`.`usa_password` = :userPassword LIMIT :APL0
[Fri, 25 Dec 15 09:51:35 +0000][INFO] UPDATE `hq_user_admin` SET `usa_username` = ?, `usa_email` = ?, `usa_password` = ?, `usa_last_login` = ?, `usa_create_date` = ? WHERE `usa_id` = ?
[Fri, 25 Dec 15 09:52:04 +0000][INFO] SELECT IF(COUNT(*) > 0, 1, 0) FROM `INFORMATION_SCHEMA`.`TABLES` WHERE `TABLE_NAME` = 'hq_user_admin' AND `TABLE_SCHEMA` = DATABASE()
[Fri, 25 Dec 15 09:52:04 +0000][INFO] DESCRIBE `hq_user_admin`
[Fri, 25 Dec 15 09:52:04 +0000][INFO] SELECT IF(COUNT(*) > 0, 1, 0) FROM `INFORMATION_SCHEMA`.`TABLES` WHERE `TABLE_NAME` = 'hq_user_admin' AND `TABLE_SCHEMA` = DATABASE()
[Fri, 25 Dec 15 09:52:04 +0000][INFO] DESCRIBE `hq_user_admin`
[Fri, 25 Dec 15 09:52:04 +0000][INFO] SELECT IF(COUNT(*) > 0, 1, 0) FROM `INFORMATION_SCHEMA`.`TABLES` WHERE `TABLE_NAME` = 'hq_user_admin' AND `TABLE_SCHEMA` = DATABASE()
[Fri, 25 Dec 15 09:52:04 +0000][INFO] DESCRIBE `hq_user_admin`
[Fri, 25 Dec 15 09:52:04 +0000][INFO] SELECT `hq_user_admin`.`usa_id`, `hq_user_admin`.`usa_username`, `hq_user_admin`.`usa_email`, `hq_user_admin`.`usa_password`, `hq_user_admin`.`usa_last_login`, `hq_user_admin`.`usa_create_date` FROM `hq_user_admin` WHERE `hq_user_admin`.`usa_username` = :userEmail AND `hq_user_admin`.`usa_password` = :userPassword LIMIT :APL0
[Fri, 25 Dec 15 09:52:04 +0000][INFO] UPDATE `hq_user_admin` SET `usa_username` = ?, `usa_email` = ?, `usa_password` = ?, `usa_last_login` = ?, `usa_create_date` = ? WHERE `usa_id` = ?
[Fri, 25 Dec 15 09:52:24 +0000][INFO] SELECT IF(COUNT(*) > 0, 1, 0) FROM `INFORMATION_SCHEMA`.`TABLES` WHERE `TABLE_NAME` = 'hq_user_admin' AND `TABLE_SCHEMA` = DATABASE()
[Fri, 25 Dec 15 09:52:24 +0000][INFO] DESCRIBE `hq_user_admin`
[Fri, 25 Dec 15 09:52:24 +0000][INFO] SELECT IF(COUNT(*) > 0, 1, 0) FROM `INFORMATION_SCHEMA`.`TABLES` WHERE `TABLE_NAME` = 'hq_user_admin' AND `TABLE_SCHEMA` = DATABASE()
[Fri, 25 Dec 15 09:52:24 +0000][INFO] DESCRIBE `hq_user_admin`
[Fri, 25 Dec 15 09:52:24 +0000][INFO] SELECT IF(COUNT(*) > 0, 1, 0) FROM `INFORMATION_SCHEMA`.`TABLES` WHERE `TABLE_NAME` = 'hq_user_admin' AND `TABLE_SCHEMA` = DATABASE()
[Fri, 25 Dec 15 09:52:24 +0000][INFO] DESCRIBE `hq_user_admin`
[Fri, 25 Dec 15 09:52:24 +0000][INFO] SELECT `hq_user_admin`.`usa_id`, `hq_user_admin`.`usa_username`, `hq_user_admin`.`usa_email`, `hq_user_admin`.`usa_password`, `hq_user_admin`.`usa_last_login`, `hq_user_admin`.`usa_create_date` FROM `hq_user_admin` WHERE `hq_user_admin`.`usa_username` = :userEmail AND `hq_user_admin`.`usa_password` = :userPassword LIMIT :APL0
[Fri, 25 Dec 15 09:52:24 +0000][INFO] UPDATE `hq_user_admin` SET `usa_username` = ?, `usa_email` = ?, `usa_password` = ?, `usa_last_login` = ?, `usa_create_date` = ? WHERE `usa_id` = ?
[Fri, 25 Dec 15 10:01:54 +0000][INFO] SELECT IF(COUNT(*) > 0, 1, 0) FROM `INFORMATION_SCHEMA`.`TABLES` WHERE `TABLE_NAME` = 'hq_user_admin' AND `TABLE_SCHEMA` = DATABASE()
[Fri, 25 Dec 15 10:01:54 +0000][INFO] DESCRIBE `hq_user_admin`
[Fri, 25 Dec 15 10:01:54 +0000][INFO] SELECT IF(COUNT(*) > 0, 1, 0) FROM `INFORMATION_SCHEMA`.`TABLES` WHERE `TABLE_NAME` = 'hq_user_admin' AND `TABLE_SCHEMA` = DATABASE()
[Fri, 25 Dec 15 10:01:54 +0000][INFO] DESCRIBE `hq_user_admin`
[Fri, 25 Dec 15 10:01:54 +0000][INFO] SELECT IF(COUNT(*) > 0, 1, 0) FROM `INFORMATION_SCHEMA`.`TABLES` WHERE `TABLE_NAME` = 'hq_user_admin' AND `TABLE_SCHEMA` = DATABASE()
[Fri, 25 Dec 15 10:01:54 +0000][INFO] DESCRIBE `hq_user_admin`
[Fri, 25 Dec 15 10:01:54 +0000][INFO] SELECT `hq_user_admin`.`usa_id`, `hq_user_admin`.`usa_username`, `hq_user_admin`.`usa_email`, `hq_user_admin`.`usa_password`, `hq_user_admin`.`usa_last_login`, `hq_user_admin`.`usa_create_date` FROM `hq_user_admin` WHERE `hq_user_admin`.`usa_username` = :userEmail AND `hq_user_admin`.`usa_password` = :userPassword LIMIT :APL0
[Fri, 25 Dec 15 10:01:54 +0000][INFO] UPDATE `hq_user_admin` SET `usa_username` = ?, `usa_email` = ?, `usa_password` = ?, `usa_last_login` = ?, `usa_create_date` = ? WHERE `usa_id` = ?
[Fri, 25 Dec 15 10:15:51 +0000][INFO] SELECT IF(COUNT(*) > 0, 1, 0) FROM `INFORMATION_SCHEMA`.`TABLES` WHERE `TABLE_NAME` = 'hq_user_admin' AND `TABLE_SCHEMA` = DATABASE()
[Fri, 25 Dec 15 10:15:51 +0000][INFO] DESCRIBE `hq_user_admin`
[Fri, 25 Dec 15 10:15:51 +0000][INFO] SELECT IF(COUNT(*) > 0, 1, 0) FROM `INFORMATION_SCHEMA`.`TABLES` WHERE `TABLE_NAME` = 'hq_user_admin' AND `TABLE_SCHEMA` = DATABASE()
[Fri, 25 Dec 15 10:15:51 +0000][INFO] DESCRIBE `hq_user_admin`
[Fri, 25 Dec 15 10:15:51 +0000][INFO] SELECT IF(COUNT(*) > 0, 1, 0) FROM `INFORMATION_SCHEMA`.`TABLES` WHERE `TABLE_NAME` = 'hq_user_admin' AND `TABLE_SCHEMA` = DATABASE()
[Fri, 25 Dec 15 10:15:51 +0000][INFO] DESCRIBE `hq_user_admin`
[Fri, 25 Dec 15 10:15:51 +0000][INFO] SELECT `hq_user_admin`.`usa_id`, `hq_user_admin`.`usa_username`, `hq_user_admin`.`usa_email`, `hq_user_admin`.`usa_password`, `hq_user_admin`.`usa_last_login`, `hq_user_admin`.`usa_create_date` FROM `hq_user_admin` WHERE `hq_user_admin`.`usa_username` = :userEmail AND `hq_user_admin`.`usa_password` = :userPassword LIMIT :APL0
[Fri, 25 Dec 15 10:15:51 +0000][INFO] UPDATE `hq_user_admin` SET `usa_username` = ?, `usa_email` = ?, `usa_password` = ?, `usa_last_login` = ?, `usa_create_date` = ? WHERE `usa_id` = ?
[Fri, 25 Dec 15 10:19:26 +0000][INFO] SELECT IF(COUNT(*) > 0, 1, 0) FROM `INFORMATION_SCHEMA`.`TABLES` WHERE `TABLE_NAME` = 'hq_user_admin' AND `TABLE_SCHEMA` = DATABASE()
[Fri, 25 Dec 15 10:19:26 +0000][INFO] DESCRIBE `hq_user_admin`
[Fri, 25 Dec 15 10:19:26 +0000][INFO] SELECT IF(COUNT(*) > 0, 1, 0) FROM `INFORMATION_SCHEMA`.`TABLES` WHERE `TABLE_NAME` = 'hq_user_admin' AND `TABLE_SCHEMA` = DATABASE()
[Fri, 25 Dec 15 10:19:26 +0000][INFO] DESCRIBE `hq_user_admin`
[Fri, 25 Dec 15 10:19:26 +0000][INFO] SELECT IF(COUNT(*) > 0, 1, 0) FROM `INFORMATION_SCHEMA`.`TABLES` WHERE `TABLE_NAME` = 'hq_user_admin' AND `TABLE_SCHEMA` = DATABASE()
[Fri, 25 Dec 15 10:19:26 +0000][INFO] DESCRIBE `hq_user_admin`
[Fri, 25 Dec 15 10:19:26 +0000][INFO] SELECT `hq_user_admin`.`usa_id`, `hq_user_admin`.`usa_username`, `hq_user_admin`.`usa_email`, `hq_user_admin`.`usa_password`, `hq_user_admin`.`usa_last_login`, `hq_user_admin`.`usa_create_date` FROM `hq_user_admin` WHERE `hq_user_admin`.`usa_username` = :userEmail AND `hq_user_admin`.`usa_password` = :userPassword LIMIT :APL0
[Fri, 25 Dec 15 10:19:26 +0000][INFO] UPDATE `hq_user_admin` SET `usa_username` = ?, `usa_email` = ?, `usa_password` = ?, `usa_last_login` = ?, `usa_create_date` = ? WHERE `usa_id` = ?
[Fri, 25 Dec 15 10:23:50 +0000][INFO] SELECT IF(COUNT(*) > 0, 1, 0) FROM `INFORMATION_SCHEMA`.`TABLES` WHERE `TABLE_NAME` = 'hq_user_admin' AND `TABLE_SCHEMA` = DATABASE()
[Fri, 25 Dec 15 10:23:50 +0000][INFO] DESCRIBE `hq_user_admin`
[Fri, 25 Dec 15 10:23:50 +0000][INFO] SELECT IF(COUNT(*) > 0, 1, 0) FROM `INFORMATION_SCHEMA`.`TABLES` WHERE `TABLE_NAME` = 'hq_user_admin' AND `TABLE_SCHEMA` = DATABASE()
[Fri, 25 Dec 15 10:23:50 +0000][INFO] DESCRIBE `hq_user_admin`
[Fri, 25 Dec 15 10:23:50 +0000][INFO] SELECT IF(COUNT(*) > 0, 1, 0) FROM `INFORMATION_SCHEMA`.`TABLES` WHERE `TABLE_NAME` = 'hq_user_admin' AND `TABLE_SCHEMA` = DATABASE()
[Fri, 25 Dec 15 10:23:50 +0000][INFO] DESCRIBE `hq_user_admin`
[Fri, 25 Dec 15 10:23:50 +0000][INFO] SELECT `hq_user_admin`.`usa_id`, `hq_user_admin`.`usa_username`, `hq_user_admin`.`usa_email`, `hq_user_admin`.`usa_password`, `hq_user_admin`.`usa_last_login`, `hq_user_admin`.`usa_create_date` FROM `hq_user_admin` WHERE `hq_user_admin`.`usa_username` = :userEmail AND `hq_user_admin`.`usa_password` = :userPassword LIMIT :APL0
[Fri, 25 Dec 15 10:23:50 +0000][INFO] UPDATE `hq_user_admin` SET `usa_username` = ?, `usa_email` = ?, `usa_password` = ?, `usa_last_login` = ?, `usa_create_date` = ? WHERE `usa_id` = ?
[Fri, 25 Dec 15 10:34:46 +0000][INFO] SELECT IF(COUNT(*) > 0, 1, 0) FROM `INFORMATION_SCHEMA`.`TABLES` WHERE `TABLE_NAME` = 'hq_user_admin' AND `TABLE_SCHEMA` = DATABASE()
[Fri, 25 Dec 15 10:34:46 +0000][INFO] DESCRIBE `hq_user_admin`
[Fri, 25 Dec 15 10:34:46 +0000][INFO] SELECT IF(COUNT(*) > 0, 1, 0) FROM `INFORMATION_SCHEMA`.`TABLES` WHERE `TABLE_NAME` = 'hq_user_admin' AND `TABLE_SCHEMA` = DATABASE()
[Fri, 25 Dec 15 10:34:46 +0000][INFO] DESCRIBE `hq_user_admin`
[Fri, 25 Dec 15 10:34:46 +0000][INFO] SELECT IF(COUNT(*) > 0, 1, 0) FROM `INFORMATION_SCHEMA`.`TABLES` WHERE `TABLE_NAME` = 'hq_user_admin' AND `TABLE_SCHEMA` = DATABASE()
[Fri, 25 Dec 15 10:34:46 +0000][INFO] DESCRIBE `hq_user_admin`
[Fri, 25 Dec 15 10:34:46 +0000][INFO] SELECT `hq_user_admin`.`usa_id`, `hq_user_admin`.`usa_username`, `hq_user_admin`.`usa_email`, `hq_user_admin`.`usa_password`, `hq_user_admin`.`usa_last_login`, `hq_user_admin`.`usa_create_date` FROM `hq_user_admin` WHERE `hq_user_admin`.`usa_username` = :userEmail AND `hq_user_admin`.`usa_password` = :userPassword LIMIT :APL0
[Fri, 25 Dec 15 10:34:46 +0000][INFO] UPDATE `hq_user_admin` SET `usa_username` = ?, `usa_email` = ?, `usa_password` = ?, `usa_last_login` = ?, `usa_create_date` = ? WHERE `usa_id` = ?
[Fri, 25 Dec 15 10:35:00 +0000][INFO] SELECT IF(COUNT(*) > 0, 1, 0) FROM `INFORMATION_SCHEMA`.`TABLES` WHERE `TABLE_NAME` = 'hq_user_admin' AND `TABLE_SCHEMA` = DATABASE()
[Fri, 25 Dec 15 10:35:00 +0000][INFO] DESCRIBE `hq_user_admin`
[Fri, 25 Dec 15 10:35:00 +0000][INFO] SELECT IF(COUNT(*) > 0, 1, 0) FROM `INFORMATION_SCHEMA`.`TABLES` WHERE `TABLE_NAME` = 'hq_user_admin' AND `TABLE_SCHEMA` = DATABASE()
[Fri, 25 Dec 15 10:35:00 +0000][INFO] DESCRIBE `hq_user_admin`
[Fri, 25 Dec 15 10:35:00 +0000][INFO] SELECT IF(COUNT(*) > 0, 1, 0) FROM `INFORMATION_SCHEMA`.`TABLES` WHERE `TABLE_NAME` = 'hq_user_admin' AND `TABLE_SCHEMA` = DATABASE()
[Fri, 25 Dec 15 10:35:00 +0000][INFO] DESCRIBE `hq_user_admin`
[Fri, 25 Dec 15 10:35:00 +0000][INFO] SELECT `hq_user_admin`.`usa_id`, `hq_user_admin`.`usa_username`, `hq_user_admin`.`usa_email`, `hq_user_admin`.`usa_password`, `hq_user_admin`.`usa_last_login`, `hq_user_admin`.`usa_create_date` FROM `hq_user_admin` WHERE `hq_user_admin`.`usa_username` = :userEmail AND `hq_user_admin`.`usa_password` = :userPassword LIMIT :APL0
[Fri, 25 Dec 15 10:35:00 +0000][INFO] UPDATE `hq_user_admin` SET `usa_username` = ?, `usa_email` = ?, `usa_password` = ?, `usa_last_login` = ?, `usa_create_date` = ? WHERE `usa_id` = ?
[Fri, 25 Dec 15 10:35:29 +0000][INFO] SELECT IF(COUNT(*) > 0, 1, 0) FROM `INFORMATION_SCHEMA`.`TABLES` WHERE `TABLE_NAME` = 'hq_user_admin' AND `TABLE_SCHEMA` = DATABASE()
[Fri, 25 Dec 15 10:35:29 +0000][INFO] DESCRIBE `hq_user_admin`
[Fri, 25 Dec 15 10:35:29 +0000][INFO] SELECT IF(COUNT(*) > 0, 1, 0) FROM `INFORMATION_SCHEMA`.`TABLES` WHERE `TABLE_NAME` = 'hq_user_admin' AND `TABLE_SCHEMA` = DATABASE()
[Fri, 25 Dec 15 10:35:29 +0000][INFO] DESCRIBE `hq_user_admin`
[Fri, 25 Dec 15 10:35:29 +0000][INFO] SELECT IF(COUNT(*) > 0, 1, 0) FROM `INFORMATION_SCHEMA`.`TABLES` WHERE `TABLE_NAME` = 'hq_user_admin' AND `TABLE_SCHEMA` = DATABASE()
[Fri, 25 Dec 15 10:35:29 +0000][INFO] DESCRIBE `hq_user_admin`
[Fri, 25 Dec 15 10:35:29 +0000][INFO] SELECT `hq_user_admin`.`usa_id`, `hq_user_admin`.`usa_username`, `hq_user_admin`.`usa_email`, `hq_user_admin`.`usa_password`, `hq_user_admin`.`usa_last_login`, `hq_user_admin`.`usa_create_date` FROM `hq_user_admin` WHERE `hq_user_admin`.`usa_username` = :userEmail AND `hq_user_admin`.`usa_password` = :userPassword LIMIT :APL0
[Fri, 25 Dec 15 10:35:29 +0000][INFO] UPDATE `hq_user_admin` SET `usa_username` = ?, `usa_email` = ?, `usa_password` = ?, `usa_last_login` = ?, `usa_create_date` = ? WHERE `usa_id` = ?
[Fri, 25 Dec 15 10:42:06 +0000][INFO] SELECT IF(COUNT(*) > 0, 1, 0) FROM `INFORMATION_SCHEMA`.`TABLES` WHERE `TABLE_NAME` = 'hq_user_admin' AND `TABLE_SCHEMA` = DATABASE()
[Fri, 25 Dec 15 10:42:06 +0000][INFO] DESCRIBE `hq_user_admin`
[Fri, 25 Dec 15 10:42:06 +0000][INFO] SELECT IF(COUNT(*) > 0, 1, 0) FROM `INFORMATION_SCHEMA`.`TABLES` WHERE `TABLE_NAME` = 'hq_user_admin' AND `TABLE_SCHEMA` = DATABASE()
[Fri, 25 Dec 15 10:42:06 +0000][INFO] DESCRIBE `hq_user_admin`
[Fri, 25 Dec 15 10:42:06 +0000][INFO] SELECT IF(COUNT(*) > 0, 1, 0) FROM `INFORMATION_SCHEMA`.`TABLES` WHERE `TABLE_NAME` = 'hq_user_admin' AND `TABLE_SCHEMA` = DATABASE()
[Fri, 25 Dec 15 10:42:06 +0000][INFO] DESCRIBE `hq_user_admin`
[Fri, 25 Dec 15 10:42:06 +0000][INFO] SELECT `hq_user_admin`.`usa_id`, `hq_user_admin`.`usa_username`, `hq_user_admin`.`usa_email`, `hq_user_admin`.`usa_password`, `hq_user_admin`.`usa_last_login`, `hq_user_admin`.`usa_create_date` FROM `hq_user_admin` WHERE `hq_user_admin`.`usa_username` = :userEmail AND `hq_user_admin`.`usa_password` = :userPassword LIMIT :APL0
[Fri, 25 Dec 15 10:42:06 +0000][INFO] UPDATE `hq_user_admin` SET `usa_username` = ?, `usa_email` = ?, `usa_password` = ?, `usa_last_login` = ?, `usa_create_date` = ? WHERE `usa_id` = ?
[Fri, 25 Dec 15 11:02:15 +0000][INFO] SELECT IF(COUNT(*) > 0, 1, 0) FROM `INFORMATION_SCHEMA`.`TABLES` WHERE `TABLE_NAME` = 'hq_user_admin' AND `TABLE_SCHEMA` = DATABASE()
[Fri, 25 Dec 15 11:02:15 +0000][INFO] DESCRIBE `hq_user_admin`
[Fri, 25 Dec 15 11:02:15 +0000][INFO] SELECT IF(COUNT(*) > 0, 1, 0) FROM `INFORMATION_SCHEMA`.`TABLES` WHERE `TABLE_NAME` = 'hq_user_admin' AND `TABLE_SCHEMA` = DATABASE()
[Fri, 25 Dec 15 11:02:15 +0000][INFO] DESCRIBE `hq_user_admin`
[Fri, 25 Dec 15 11:02:15 +0000][INFO] SELECT IF(COUNT(*) > 0, 1, 0) FROM `INFORMATION_SCHEMA`.`TABLES` WHERE `TABLE_NAME` = 'hq_user_admin' AND `TABLE_SCHEMA` = DATABASE()
[Fri, 25 Dec 15 11:02:15 +0000][INFO] DESCRIBE `hq_user_admin`
[Fri, 25 Dec 15 11:02:15 +0000][INFO] SELECT `hq_user_admin`.`usa_id`, `hq_user_admin`.`usa_username`, `hq_user_admin`.`usa_email`, `hq_user_admin`.`usa_password`, `hq_user_admin`.`usa_last_login`, `hq_user_admin`.`usa_create_date` FROM `hq_user_admin` WHERE `hq_user_admin`.`usa_username` = :userEmail AND `hq_user_admin`.`usa_password` = :userPassword LIMIT :APL0
[Fri, 25 Dec 15 11:02:15 +0000][INFO] UPDATE `hq_user_admin` SET `usa_username` = ?, `usa_email` = ?, `usa_password` = ?, `usa_last_login` = ?, `usa_create_date` = ? WHERE `usa_id` = ?
[Fri, 25 Dec 15 11:02:55 +0000][INFO] SELECT IF(COUNT(*) > 0, 1, 0) FROM `INFORMATION_SCHEMA`.`TABLES` WHERE `TABLE_NAME` = 'hq_user_admin' AND `TABLE_SCHEMA` = DATABASE()
[Fri, 25 Dec 15 11:02:55 +0000][INFO] DESCRIBE `hq_user_admin`
[Fri, 25 Dec 15 11:02:55 +0000][INFO] SELECT IF(COUNT(*) > 0, 1, 0) FROM `INFORMATION_SCHEMA`.`TABLES` WHERE `TABLE_NAME` = 'hq_user_admin' AND `TABLE_SCHEMA` = DATABASE()
[Fri, 25 Dec 15 11:02:55 +0000][INFO] DESCRIBE `hq_user_admin`
[Fri, 25 Dec 15 11:02:55 +0000][INFO] SELECT IF(COUNT(*) > 0, 1, 0) FROM `INFORMATION_SCHEMA`.`TABLES` WHERE `TABLE_NAME` = 'hq_user_admin' AND `TABLE_SCHEMA` = DATABASE()
[Fri, 25 Dec 15 11:02:55 +0000][INFO] DESCRIBE `hq_user_admin`
[Fri, 25 Dec 15 11:02:55 +0000][INFO] SELECT `hq_user_admin`.`usa_id`, `hq_user_admin`.`usa_username`, `hq_user_admin`.`usa_email`, `hq_user_admin`.`usa_password`, `hq_user_admin`.`usa_last_login`, `hq_user_admin`.`usa_create_date` FROM `hq_user_admin` WHERE `hq_user_admin`.`usa_username` = :userEmail AND `hq_user_admin`.`usa_password` = :userPassword LIMIT :APL0
[Fri, 25 Dec 15 11:02:55 +0000][INFO] UPDATE `hq_user_admin` SET `usa_username` = ?, `usa_email` = ?, `usa_password` = ?, `usa_last_login` = ?, `usa_create_date` = ? WHERE `usa_id` = ?
[Fri, 25 Dec 15 13:50:52 +0000][INFO] SELECT IF(COUNT(*) > 0, 1, 0) FROM `INFORMATION_SCHEMA`.`TABLES` WHERE `TABLE_NAME` = 'hq_user_admin' AND `TABLE_SCHEMA` = DATABASE()
[Fri, 25 Dec 15 13:50:52 +0000][INFO] DESCRIBE `hq_user_admin`
[Fri, 25 Dec 15 13:50:52 +0000][INFO] SELECT IF(COUNT(*) > 0, 1, 0) FROM `INFORMATION_SCHEMA`.`TABLES` WHERE `TABLE_NAME` = 'hq_user_admin' AND `TABLE_SCHEMA` = DATABASE()
[Fri, 25 Dec 15 13:50:52 +0000][INFO] DESCRIBE `hq_user_admin`
[Fri, 25 Dec 15 13:50:52 +0000][INFO] SELECT IF(COUNT(*) > 0, 1, 0) FROM `INFORMATION_SCHEMA`.`TABLES` WHERE `TABLE_NAME` = 'hq_user_admin' AND `TABLE_SCHEMA` = DATABASE()
[Fri, 25 Dec 15 13:50:52 +0000][INFO] DESCRIBE `hq_user_admin`
[Fri, 25 Dec 15 13:50:52 +0000][INFO] SELECT `hq_user_admin`.`usa_id`, `hq_user_admin`.`usa_username`, `hq_user_admin`.`usa_email`, `hq_user_admin`.`usa_password`, `hq_user_admin`.`usa_last_login`, `hq_user_admin`.`usa_create_date` FROM `hq_user_admin` WHERE `hq_user_admin`.`usa_username` = :userEmail AND `hq_user_admin`.`usa_password` = :userPassword LIMIT :APL0
[Fri, 25 Dec 15 13:50:52 +0000][INFO] UPDATE `hq_user_admin` SET `usa_username` = ?, `usa_email` = ?, `usa_password` = ?, `usa_last_login` = ?, `usa_create_date` = ? WHERE `usa_id` = ?
[Fri, 25 Dec 15 13:51:01 +0000][INFO] SELECT IF(COUNT(*) > 0, 1, 0) FROM `INFORMATION_SCHEMA`.`TABLES` WHERE `TABLE_NAME` = 'hq_user_admin' AND `TABLE_SCHEMA` = DATABASE()
[Fri, 25 Dec 15 13:51:01 +0000][INFO] DESCRIBE `hq_user_admin`
[Fri, 25 Dec 15 13:51:01 +0000][INFO] SELECT IF(COUNT(*) > 0, 1, 0) FROM `INFORMATION_SCHEMA`.`TABLES` WHERE `TABLE_NAME` = 'hq_user_admin' AND `TABLE_SCHEMA` = DATABASE()
[Fri, 25 Dec 15 13:51:01 +0000][INFO] DESCRIBE `hq_user_admin`
[Fri, 25 Dec 15 13:51:01 +0000][INFO] SELECT IF(COUNT(*) > 0, 1, 0) FROM `INFORMATION_SCHEMA`.`TABLES` WHERE `TABLE_NAME` = 'hq_user_admin' AND `TABLE_SCHEMA` = DATABASE()
[Fri, 25 Dec 15 13:51:01 +0000][INFO] DESCRIBE `hq_user_admin`
[Fri, 25 Dec 15 13:51:01 +0000][INFO] SELECT `hq_user_admin`.`usa_id`, `hq_user_admin`.`usa_username`, `hq_user_admin`.`usa_email`, `hq_user_admin`.`usa_password`, `hq_user_admin`.`usa_last_login`, `hq_user_admin`.`usa_create_date` FROM `hq_user_admin`
[Fri, 25 Dec 15 13:56:14 +0000][INFO] SELECT IF(COUNT(*) > 0, 1, 0) FROM `INFORMATION_SCHEMA`.`TABLES` WHERE `TABLE_NAME` = 'hq_map_setting' AND `TABLE_SCHEMA` = DATABASE()
[Fri, 25 Dec 15 13:56:14 +0000][INFO] DESCRIBE `hq_map_setting`
[Fri, 25 Dec 15 13:56:14 +0000][INFO] SELECT IF(COUNT(*) > 0, 1, 0) FROM `INFORMATION_SCHEMA`.`TABLES` WHERE `TABLE_NAME` = 'hq_category_building' AND `TABLE_SCHEMA` = DATABASE()
[Fri, 25 Dec 15 13:56:14 +0000][INFO] DESCRIBE `hq_category_building`
[Fri, 25 Dec 15 13:56:14 +0000][INFO] SELECT IF(COUNT(*) > 0, 1, 0) FROM `INFORMATION_SCHEMA`.`TABLES` WHERE `TABLE_NAME` = 'hq_map_setting' AND `TABLE_SCHEMA` = DATABASE()
[Fri, 25 Dec 15 13:56:14 +0000][INFO] DESCRIBE `hq_map_setting`
[Fri, 25 Dec 15 13:56:14 +0000][INFO] SELECT IF(COUNT(*) > 0, 1, 0) FROM `INFORMATION_SCHEMA`.`TABLES` WHERE `TABLE_NAME` = 'hq_map_setting' AND `TABLE_SCHEMA` = DATABASE()
[Fri, 25 Dec 15 13:56:14 +0000][INFO] DESCRIBE `hq_map_setting`
[Fri, 25 Dec 15 13:56:14 +0000][INFO] SELECT `hq_map_setting`.`map_id`, `hq_map_setting`.`map_width`, `hq_map_setting`.`map_height`, `hq_map_setting`.`map_center_x`, `hq_map_setting`.`map_center_y`, `hq_map_setting`.`map_khung_width`, `hq_map_setting`.`map_khung_height`, `hq_map_setting`.`map_max_id` FROM `hq_map_setting` WHERE `hq_map_setting`.`map_id` = 1 LIMIT :APL0
[Fri, 25 Dec 15 13:56:14 +0000][INFO] SELECT IF(COUNT(*) > 0, 1, 0) FROM `INFORMATION_SCHEMA`.`TABLES` WHERE `TABLE_NAME` = 'hq_category_building' AND `TABLE_SCHEMA` = DATABASE()
[Fri, 25 Dec 15 13:56:14 +0000][INFO] DESCRIBE `hq_category_building`
[Fri, 25 Dec 15 13:56:14 +0000][INFO] SELECT IF(COUNT(*) > 0, 1, 0) FROM `INFORMATION_SCHEMA`.`TABLES` WHERE `TABLE_NAME` = 'hq_category_building' AND `TABLE_SCHEMA` = DATABASE()
[Fri, 25 Dec 15 13:56:14 +0000][INFO] DESCRIBE `hq_category_building`
[Fri, 25 Dec 15 13:56:14 +0000][INFO] SELECT `hq_category_building`.`cb_id`, `hq_category_building`.`cb_name` FROM `hq_category_building`
[Fri, 25 Dec 15 15:46:33 +0000][INFO] SELECT IF(COUNT(*) > 0, 1, 0) FROM `INFORMATION_SCHEMA`.`TABLES` WHERE `TABLE_NAME` = 'hq_map_setting' AND `TABLE_SCHEMA` = DATABASE()
[Fri, 25 Dec 15 15:46:33 +0000][INFO] DESCRIBE `hq_map_setting`
[Fri, 25 Dec 15 15:46:33 +0000][INFO] SELECT IF(COUNT(*) > 0, 1, 0) FROM `INFORMATION_SCHEMA`.`TABLES` WHERE `TABLE_NAME` = 'hq_category_building' AND `TABLE_SCHEMA` = DATABASE()
[Fri, 25 Dec 15 15:46:33 +0000][INFO] DESCRIBE `hq_category_building`
[Fri, 25 Dec 15 15:46:33 +0000][INFO] SELECT IF(COUNT(*) > 0, 1, 0) FROM `INFORMATION_SCHEMA`.`TABLES` WHERE `TABLE_NAME` = 'hq_map_setting' AND `TABLE_SCHEMA` = DATABASE()
[Fri, 25 Dec 15 15:46:33 +0000][INFO] DESCRIBE `hq_map_setting`
[Fri, 25 Dec 15 15:46:33 +0000][INFO] SELECT IF(COUNT(*) > 0, 1, 0) FROM `INFORMATION_SCHEMA`.`TABLES` WHERE `TABLE_NAME` = 'hq_map_setting' AND `TABLE_SCHEMA` = DATABASE()
[Fri, 25 Dec 15 15:46:33 +0000][INFO] DESCRIBE `hq_map_setting`
[Fri, 25 Dec 15 15:46:33 +0000][INFO] SELECT `hq_map_setting`.`map_id`, `hq_map_setting`.`map_width`, `hq_map_setting`.`map_height`, `hq_map_setting`.`map_center_x`, `hq_map_setting`.`map_center_y`, `hq_map_setting`.`map_khung_width`, `hq_map_setting`.`map_khung_height`, `hq_map_setting`.`map_max_id` FROM `hq_map_setting` WHERE `hq_map_setting`.`map_id` = 1 LIMIT :APL0
[Fri, 25 Dec 15 15:46:33 +0000][INFO] SELECT IF(COUNT(*) > 0, 1, 0) FROM `INFORMATION_SCHEMA`.`TABLES` WHERE `TABLE_NAME` = 'hq_category_building' AND `TABLE_SCHEMA` = DATABASE()
[Fri, 25 Dec 15 15:46:33 +0000][INFO] DESCRIBE `hq_category_building`
[Fri, 25 Dec 15 15:46:33 +0000][INFO] SELECT IF(COUNT(*) > 0, 1, 0) FROM `INFORMATION_SCHEMA`.`TABLES` WHERE `TABLE_NAME` = 'hq_category_building' AND `TABLE_SCHEMA` = DATABASE()
[Fri, 25 Dec 15 15:46:33 +0000][INFO] DESCRIBE `hq_category_building`
[Fri, 25 Dec 15 15:46:33 +0000][INFO] SELECT `hq_category_building`.`cb_id`, `hq_category_building`.`cb_name` FROM `hq_category_building`
[Fri, 25 Dec 15 15:46:39 +0000][INFO] SELECT IF(COUNT(*) > 0, 1, 0) FROM `INFORMATION_SCHEMA`.`TABLES` WHERE `TABLE_NAME` = 'hq_user_admin' AND `TABLE_SCHEMA` = DATABASE()
[Fri, 25 Dec 15 15:46:39 +0000][INFO] DESCRIBE `hq_user_admin`
[Fri, 25 Dec 15 15:46:39 +0000][INFO] SELECT IF(COUNT(*) > 0, 1, 0) FROM `INFORMATION_SCHEMA`.`TABLES` WHERE `TABLE_NAME` = 'hq_user_admin' AND `TABLE_SCHEMA` = DATABASE()
[Fri, 25 Dec 15 15:46:39 +0000][INFO] DESCRIBE `hq_user_admin`
[Fri, 25 Dec 15 15:46:39 +0000][INFO] SELECT IF(COUNT(*) > 0, 1, 0) FROM `INFORMATION_SCHEMA`.`TABLES` WHERE `TABLE_NAME` = 'hq_user_admin' AND `TABLE_SCHEMA` = DATABASE()
[Fri, 25 Dec 15 15:46:39 +0000][INFO] DESCRIBE `hq_user_admin`
[Fri, 25 Dec 15 15:46:39 +0000][INFO] SELECT `hq_user_admin`.`usa_id`, `hq_user_admin`.`usa_username`, `hq_user_admin`.`usa_email`, `hq_user_admin`.`usa_password`, `hq_user_admin`.`usa_last_login`, `hq_user_admin`.`usa_create_date` FROM `hq_user_admin` WHERE `hq_user_admin`.`usa_username` = :userEmail AND `hq_user_admin`.`usa_password` = :userPassword LIMIT :APL0
[Fri, 25 Dec 15 15:46:39 +0000][INFO] UPDATE `hq_user_admin` SET `usa_username` = ?, `usa_email` = ?, `usa_password` = ?, `usa_last_login` = ?, `usa_create_date` = ? WHERE `usa_id` = ?
[Fri, 25 Dec 15 15:46:49 +0000][INFO] SELECT IF(COUNT(*) > 0, 1, 0) FROM `INFORMATION_SCHEMA`.`TABLES` WHERE `TABLE_NAME` = 'hq_user_admin' AND `TABLE_SCHEMA` = DATABASE()
[Fri, 25 Dec 15 15:46:49 +0000][INFO] DESCRIBE `hq_user_admin`
[Fri, 25 Dec 15 15:46:49 +0000][INFO] SELECT IF(COUNT(*) > 0, 1, 0) FROM `INFORMATION_SCHEMA`.`TABLES` WHERE `TABLE_NAME` = 'hq_user_admin' AND `TABLE_SCHEMA` = DATABASE()
[Fri, 25 Dec 15 15:46:49 +0000][INFO] DESCRIBE `hq_user_admin`
[Fri, 25 Dec 15 15:46:49 +0000][INFO] SELECT IF(COUNT(*) > 0, 1, 0) FROM `INFORMATION_SCHEMA`.`TABLES` WHERE `TABLE_NAME` = 'hq_user_admin' AND `TABLE_SCHEMA` = DATABASE()
[Fri, 25 Dec 15 15:46:49 +0000][INFO] DESCRIBE `hq_user_admin`
[Fri, 25 Dec 15 15:46:49 +0000][INFO] SELECT `hq_user_admin`.`usa_id`, `hq_user_admin`.`usa_username`, `hq_user_admin`.`usa_email`, `hq_user_admin`.`usa_password`, `hq_user_admin`.`usa_last_login`, `hq_user_admin`.`usa_create_date` FROM `hq_user_admin` WHERE `hq_user_admin`.`usa_username` = :userEmail AND `hq_user_admin`.`usa_password` = :userPassword LIMIT :APL0
[Fri, 25 Dec 15 15:46:49 +0000][INFO] UPDATE `hq_user_admin` SET `usa_username` = ?, `usa_email` = ?, `usa_password` = ?, `usa_last_login` = ?, `usa_create_date` = ? WHERE `usa_id` = ?
[Fri, 25 Dec 15 15:55:03 +0000][INFO] SELECT IF(COUNT(*) > 0, 1, 0) FROM `INFORMATION_SCHEMA`.`TABLES` WHERE `TABLE_NAME` = 'hq_user_admin' AND `TABLE_SCHEMA` = DATABASE()
[Fri, 25 Dec 15 15:55:03 +0000][INFO] DESCRIBE `hq_user_admin`
[Fri, 25 Dec 15 15:55:03 +0000][INFO] SELECT IF(COUNT(*) > 0, 1, 0) FROM `INFORMATION_SCHEMA`.`TABLES` WHERE `TABLE_NAME` = 'hq_user_admin' AND `TABLE_SCHEMA` = DATABASE()
[Fri, 25 Dec 15 15:55:03 +0000][INFO] DESCRIBE `hq_user_admin`
[Fri, 25 Dec 15 15:55:03 +0000][INFO] SELECT IF(COUNT(*) > 0, 1, 0) FROM `INFORMATION_SCHEMA`.`TABLES` WHERE `TABLE_NAME` = 'hq_user_admin' AND `TABLE_SCHEMA` = DATABASE()
[Fri, 25 Dec 15 15:55:03 +0000][INFO] DESCRIBE `hq_user_admin`
[Fri, 25 Dec 15 15:55:03 +0000][INFO] SELECT `hq_user_admin`.`usa_id`, `hq_user_admin`.`usa_username`, `hq_user_admin`.`usa_email`, `hq_user_admin`.`usa_password`, `hq_user_admin`.`usa_last_login`, `hq_user_admin`.`usa_create_date` FROM `hq_user_admin` WHERE `hq_user_admin`.`usa_username` = :userEmail AND `hq_user_admin`.`usa_password` = :userPassword LIMIT :APL0
[Fri, 25 Dec 15 15:55:03 +0000][INFO] UPDATE `hq_user_admin` SET `usa_username` = ?, `usa_email` = ?, `usa_password` = ?, `usa_last_login` = ?, `usa_create_date` = ? WHERE `usa_id` = ?
[Fri, 25 Dec 15 15:55:09 +0000][INFO] SELECT IF(COUNT(*) > 0, 1, 0) FROM `INFORMATION_SCHEMA`.`TABLES` WHERE `TABLE_NAME` = 'hq_admin_role' AND `TABLE_SCHEMA` = DATABASE()
[Fri, 25 Dec 15 15:55:09 +0000][INFO] DESCRIBE `hq_admin_role`
[Fri, 25 Dec 15 15:55:09 +0000][INFO] SELECT IF(COUNT(*) > 0, 1, 0) FROM `INFORMATION_SCHEMA`.`TABLES` WHERE `TABLE_NAME` = 'hq_user_admin' AND `TABLE_SCHEMA` = DATABASE()
[Fri, 25 Dec 15 15:55:09 +0000][INFO] DESCRIBE `hq_user_admin`
[Fri, 25 Dec 15 15:55:09 +0000][INFO] SELECT IF(COUNT(*) > 0, 1, 0) FROM `INFORMATION_SCHEMA`.`TABLES` WHERE `TABLE_NAME` = 'hq_user_admin' AND `TABLE_SCHEMA` = DATABASE()
[Fri, 25 Dec 15 15:55:09 +0000][INFO] DESCRIBE `hq_user_admin`
[Fri, 25 Dec 15 15:55:09 +0000][INFO] SELECT IF(COUNT(*) > 0, 1, 0) FROM `INFORMATION_SCHEMA`.`TABLES` WHERE `TABLE_NAME` = 'hq_user_admin' AND `TABLE_SCHEMA` = DATABASE()
[Fri, 25 Dec 15 15:55:09 +0000][INFO] DESCRIBE `hq_user_admin`
[Fri, 25 Dec 15 15:55:09 +0000][INFO] SELECT `hq_user_admin`.`usa_username` AS `usa_username` FROM `hq_user_admin`
[Fri, 25 Dec 15 15:55:09 +0000][INFO] SELECT IF(COUNT(*) > 0, 1, 0) FROM `INFORMATION_SCHEMA`.`TABLES` WHERE `TABLE_NAME` = 'hq_admin_role' AND `TABLE_SCHEMA` = DATABASE()
[Fri, 25 Dec 15 15:55:09 +0000][INFO] DESCRIBE `hq_admin_role`
[Fri, 25 Dec 15 15:55:09 +0000][INFO] SELECT IF(COUNT(*) > 0, 1, 0) FROM `INFORMATION_SCHEMA`.`TABLES` WHERE `TABLE_NAME` = 'hq_admin_role' AND `TABLE_SCHEMA` = DATABASE()
[Fri, 25 Dec 15 15:55:09 +0000][INFO] DESCRIBE `hq_admin_role`
[Fri, 25 Dec 15 15:55:09 +0000][INFO] SELECT `hq_admin_role`.`role_id`, `hq_admin_role`.`role_name`, `hq_admin_role`.`role_ar_user` FROM `hq_admin_role`
[Fri, 25 Dec 15 15:57:03 +0000][INFO] SELECT IF(COUNT(*) > 0, 1, 0) FROM `INFORMATION_SCHEMA`.`TABLES` WHERE `TABLE_NAME` = 'hq_admin_role' AND `TABLE_SCHEMA` = DATABASE()
[Fri, 25 Dec 15 15:57:03 +0000][INFO] DESCRIBE `hq_admin_role`
[Fri, 25 Dec 15 15:57:03 +0000][INFO] SELECT IF(COUNT(*) > 0, 1, 0) FROM `INFORMATION_SCHEMA`.`TABLES` WHERE `TABLE_NAME` = 'hq_user_admin' AND `TABLE_SCHEMA` = DATABASE()
[Fri, 25 Dec 15 15:57:03 +0000][INFO] DESCRIBE `hq_user_admin`
[Fri, 25 Dec 15 15:57:03 +0000][INFO] SELECT IF(COUNT(*) > 0, 1, 0) FROM `INFORMATION_SCHEMA`.`TABLES` WHERE `TABLE_NAME` = 'hq_user_admin' AND `TABLE_SCHEMA` = DATABASE()
[Fri, 25 Dec 15 15:57:03 +0000][INFO] DESCRIBE `hq_user_admin`
[Fri, 25 Dec 15 15:57:03 +0000][INFO] SELECT IF(COUNT(*) > 0, 1, 0) FROM `INFORMATION_SCHEMA`.`TABLES` WHERE `TABLE_NAME` = 'hq_user_admin' AND `TABLE_SCHEMA` = DATABASE()
[Fri, 25 Dec 15 15:57:03 +0000][INFO] DESCRIBE `hq_user_admin`
[Fri, 25 Dec 15 15:57:03 +0000][INFO] SELECT `hq_user_admin`.`usa_username` AS `usa_username` FROM `hq_user_admin`
[Fri, 25 Dec 15 15:57:03 +0000][INFO] SELECT IF(COUNT(*) > 0, 1, 0) FROM `INFORMATION_SCHEMA`.`TABLES` WHERE `TABLE_NAME` = 'hq_admin_role' AND `TABLE_SCHEMA` = DATABASE()
[Fri, 25 Dec 15 15:57:03 +0000][INFO] DESCRIBE `hq_admin_role`
[Fri, 25 Dec 15 15:57:03 +0000][INFO] SELECT IF(COUNT(*) > 0, 1, 0) FROM `INFORMATION_SCHEMA`.`TABLES` WHERE `TABLE_NAME` = 'hq_admin_role' AND `TABLE_SCHEMA` = DATABASE()
[Fri, 25 Dec 15 15:57:03 +0000][INFO] DESCRIBE `hq_admin_role`
[Fri, 25 Dec 15 15:57:03 +0000][INFO] SELECT `hq_admin_role`.`role_id`, `hq_admin_role`.`role_name`, `hq_admin_role`.`role_ar_user` FROM `hq_admin_role`
[Fri, 25 Dec 15 15:57:11 +0000][INFO] SELECT IF(COUNT(*) > 0, 1, 0) FROM `INFORMATION_SCHEMA`.`TABLES` WHERE `TABLE_NAME` = 'hq_admin_role' AND `TABLE_SCHEMA` = DATABASE()
[Fri, 25 Dec 15 15:57:12 +0000][INFO] DESCRIBE `hq_admin_role`
[Fri, 25 Dec 15 15:57:12 +0000][INFO] UPDATE `hq_admin_role` SET `role_ar_user` = ? WHERE role_id='1'
[Fri, 25 Dec 15 15:57:13 +0000][INFO] SELECT IF(COUNT(*) > 0, 1, 0) FROM `INFORMATION_SCHEMA`.`TABLES` WHERE `TABLE_NAME` = 'hq_admin_role' AND `TABLE_SCHEMA` = DATABASE()
[Fri, 25 Dec 15 15:57:13 +0000][INFO] DESCRIBE `hq_admin_role`
[Fri, 25 Dec 15 15:57:13 +0000][INFO] SELECT IF(COUNT(*) > 0, 1, 0) FROM `INFORMATION_SCHEMA`.`TABLES` WHERE `TABLE_NAME` = 'hq_user_admin' AND `TABLE_SCHEMA` = DATABASE()
[Fri, 25 Dec 15 15:57:13 +0000][INFO] DESCRIBE `hq_user_admin`
[Fri, 25 Dec 15 15:57:13 +0000][INFO] SELECT IF(COUNT(*) > 0, 1, 0) FROM `INFORMATION_SCHEMA`.`TABLES` WHERE `TABLE_NAME` = 'hq_user_admin' AND `TABLE_SCHEMA` = DATABASE()
[Fri, 25 Dec 15 15:57:13 +0000][INFO] DESCRIBE `hq_user_admin`
[Fri, 25 Dec 15 15:57:13 +0000][INFO] SELECT IF(COUNT(*) > 0, 1, 0) FROM `INFORMATION_SCHEMA`.`TABLES` WHERE `TABLE_NAME` = 'hq_user_admin' AND `TABLE_SCHEMA` = DATABASE()
[Fri, 25 Dec 15 15:57:13 +0000][INFO] DESCRIBE `hq_user_admin`
[Fri, 25 Dec 15 15:57:13 +0000][INFO] SELECT `hq_user_admin`.`usa_username` AS `usa_username` FROM `hq_user_admin`
[Fri, 25 Dec 15 15:57:13 +0000][INFO] SELECT IF(COUNT(*) > 0, 1, 0) FROM `INFORMATION_SCHEMA`.`TABLES` WHERE `TABLE_NAME` = 'hq_admin_role' AND `TABLE_SCHEMA` = DATABASE()
[Fri, 25 Dec 15 15:57:13 +0000][INFO] DESCRIBE `hq_admin_role`
[Fri, 25 Dec 15 15:57:13 +0000][INFO] SELECT IF(COUNT(*) > 0, 1, 0) FROM `INFORMATION_SCHEMA`.`TABLES` WHERE `TABLE_NAME` = 'hq_admin_role' AND `TABLE_SCHEMA` = DATABASE()
[Fri, 25 Dec 15 15:57:13 +0000][INFO] DESCRIBE `hq_admin_role`
[Fri, 25 Dec 15 15:57:13 +0000][INFO] SELECT `hq_admin_role`.`role_id`, `hq_admin_role`.`role_name`, `hq_admin_role`.`role_ar_user` FROM `hq_admin_role`
