[Tue, 05 Apr 16 17:28:20 +0200][INFO] SELECT IF(COUNT(*) > 0, 1, 0) FROM `INFORMATION_SCHEMA`.`TABLES` WHERE `TABLE_NAME` = 'hq_admin_role' AND `TABLE_SCHEMA` = DATABASE()
[Tue, 05 Apr 16 17:28:20 +0200][INFO] DESCRIBE `hq_admin_role`
[Tue, 05 Apr 16 17:28:20 +0200][INFO] SELECT IF(COUNT(*) > 0, 1, 0) FROM `INFORMATION_SCHEMA`.`TABLES` WHERE `TABLE_NAME` = 'hq_admin_role' AND `TABLE_SCHEMA` = DATABASE()
[Tue, 05 Apr 16 17:28:20 +0200][INFO] DESCRIBE `hq_admin_role`
[Tue, 05 Apr 16 17:28:20 +0200][INFO] SELECT IF(COUNT(*) > 0, 1, 0) FROM `INFORMATION_SCHEMA`.`TABLES` WHERE `TABLE_NAME` = 'hq_admin_role' AND `TABLE_SCHEMA` = DATABASE()
[Tue, 05 Apr 16 17:28:20 +0200][INFO] DESCRIBE `hq_admin_role`
[Tue, 05 Apr 16 17:28:20 +0200][INFO] SELECT `hq_admin_role`.`role_name` AS `role_name`, `hq_admin_role`.`role_ar_user` AS `role_ar_user` FROM `hq_admin_role`
[Tue, 05 Apr 16 17:28:27 +0200][INFO] SELECT IF(COUNT(*) > 0, 1, 0) FROM `INFORMATION_SCHEMA`.`TABLES` WHERE `TABLE_NAME` = 'hq_admin_role' AND `TABLE_SCHEMA` = DATABASE()
[Tue, 05 Apr 16 17:28:27 +0200][INFO] DESCRIBE `hq_admin_role`
[Tue, 05 Apr 16 17:28:27 +0200][INFO] SELECT IF(COUNT(*) > 0, 1, 0) FROM `INFORMATION_SCHEMA`.`TABLES` WHERE `TABLE_NAME` = 'hq_admin_role' AND `TABLE_SCHEMA` = DATABASE()
[Tue, 05 Apr 16 17:28:27 +0200][INFO] DESCRIBE `hq_admin_role`
[Tue, 05 Apr 16 17:28:27 +0200][INFO] SELECT IF(COUNT(*) > 0, 1, 0) FROM `INFORMATION_SCHEMA`.`TABLES` WHERE `TABLE_NAME` = 'hq_admin_role' AND `TABLE_SCHEMA` = DATABASE()
[Tue, 05 Apr 16 17:28:27 +0200][INFO] DESCRIBE `hq_admin_role`
[Tue, 05 Apr 16 17:28:27 +0200][INFO] SELECT `hq_admin_role`.`role_name` AS `role_name`, `hq_admin_role`.`role_ar_user` AS `role_ar_user` FROM `hq_admin_role`
[Tue, 05 Apr 16 17:28:27 +0200][INFO] SELECT IF(COUNT(*) > 0, 1, 0) FROM `INFORMATION_SCHEMA`.`TABLES` WHERE `TABLE_NAME` = 'hq_user_admin' AND `TABLE_SCHEMA` = DATABASE()
[Tue, 05 Apr 16 17:28:27 +0200][INFO] DESCRIBE `hq_user_admin`
[Tue, 05 Apr 16 17:28:27 +0200][INFO] SELECT IF(COUNT(*) > 0, 1, 0) FROM `INFORMATION_SCHEMA`.`TABLES` WHERE `TABLE_NAME` = 'hq_user_admin' AND `TABLE_SCHEMA` = DATABASE()
[Tue, 05 Apr 16 17:28:27 +0200][INFO] DESCRIBE `hq_user_admin`
[Tue, 05 Apr 16 17:28:27 +0200][INFO] SELECT IF(COUNT(*) > 0, 1, 0) FROM `INFORMATION_SCHEMA`.`TABLES` WHERE `TABLE_NAME` = 'hq_user_admin' AND `TABLE_SCHEMA` = DATABASE()
[Tue, 05 Apr 16 17:28:27 +0200][INFO] DESCRIBE `hq_user_admin`
[Tue, 05 Apr 16 17:28:27 +0200][INFO] SELECT `hq_user_admin`.`usa_id`, `hq_user_admin`.`usa_username`, `hq_user_admin`.`usa_email`, `hq_user_admin`.`usa_password`, `hq_user_admin`.`usa_last_login`, `hq_user_admin`.`usa_create_date` FROM `hq_user_admin` WHERE `hq_user_admin`.`usa_username` = :userEmail AND `hq_user_admin`.`usa_password` = :userPassword LIMIT :APL0
[Tue, 05 Apr 16 17:28:27 +0200][INFO] UPDATE `hq_user_admin` SET `usa_username` = ?, `usa_email` = ?, `usa_password` = ?, `usa_last_login` = ?, `usa_create_date` = ? WHERE `usa_id` = ?
[Tue, 05 Apr 16 17:28:29 +0200][INFO] SELECT IF(COUNT(*) > 0, 1, 0) FROM `INFORMATION_SCHEMA`.`TABLES` WHERE `TABLE_NAME` = 'hq_admin_role' AND `TABLE_SCHEMA` = DATABASE()
[Tue, 05 Apr 16 17:28:29 +0200][INFO] DESCRIBE `hq_admin_role`
[Tue, 05 Apr 16 17:28:29 +0200][INFO] SELECT IF(COUNT(*) > 0, 1, 0) FROM `INFORMATION_SCHEMA`.`TABLES` WHERE `TABLE_NAME` = 'hq_admin_role' AND `TABLE_SCHEMA` = DATABASE()
[Tue, 05 Apr 16 17:28:29 +0200][INFO] DESCRIBE `hq_admin_role`
[Tue, 05 Apr 16 17:28:29 +0200][INFO] SELECT IF(COUNT(*) > 0, 1, 0) FROM `INFORMATION_SCHEMA`.`TABLES` WHERE `TABLE_NAME` = 'hq_admin_role' AND `TABLE_SCHEMA` = DATABASE()
[Tue, 05 Apr 16 17:28:29 +0200][INFO] DESCRIBE `hq_admin_role`
[Tue, 05 Apr 16 17:28:29 +0200][INFO] SELECT `hq_admin_role`.`role_name` AS `role_name`, `hq_admin_role`.`role_ar_user` AS `role_ar_user` FROM `hq_admin_role`
[Tue, 05 Apr 16 17:28:29 +0200][INFO] SELECT IF(COUNT(*) > 0, 1, 0) FROM `INFORMATION_SCHEMA`.`TABLES` WHERE `TABLE_NAME` = 'hq_order' AND `TABLE_SCHEMA` = DATABASE()
[Tue, 05 Apr 16 17:28:29 +0200][INFO] DESCRIBE `hq_order`
[Tue, 05 Apr 16 17:28:29 +0200][INFO] SELECT IF(COUNT(*) > 0, 1, 0) FROM `INFORMATION_SCHEMA`.`TABLES` WHERE `TABLE_NAME` = 'hq_order' AND `TABLE_SCHEMA` = DATABASE()
[Tue, 05 Apr 16 17:28:29 +0200][INFO] DESCRIBE `hq_order`
[Tue, 05 Apr 16 17:28:29 +0200][INFO] SELECT IF(COUNT(*) > 0, 1, 0) FROM `INFORMATION_SCHEMA`.`TABLES` WHERE `TABLE_NAME` = 'hq_order' AND `TABLE_SCHEMA` = DATABASE()
[Tue, 05 Apr 16 17:28:29 +0200][INFO] DESCRIBE `hq_order`
[Tue, 05 Apr 16 17:28:29 +0200][INFO] SELECT DISTINCT (YEAR(`hq_order`.`or_create_date`)) AS `time` FROM `hq_order`
[Tue, 05 Apr 16 17:28:30 +0200][INFO] SELECT IF(COUNT(*) > 0, 1, 0) FROM `INFORMATION_SCHEMA`.`TABLES` WHERE `TABLE_NAME` = 'hq_admin_role' AND `TABLE_SCHEMA` = DATABASE()
[Tue, 05 Apr 16 17:28:30 +0200][INFO] DESCRIBE `hq_admin_role`
[Tue, 05 Apr 16 17:28:30 +0200][INFO] SELECT IF(COUNT(*) > 0, 1, 0) FROM `INFORMATION_SCHEMA`.`TABLES` WHERE `TABLE_NAME` = 'hq_admin_role' AND `TABLE_SCHEMA` = DATABASE()
[Tue, 05 Apr 16 17:28:30 +0200][INFO] DESCRIBE `hq_admin_role`
[Tue, 05 Apr 16 17:28:30 +0200][INFO] SELECT IF(COUNT(*) > 0, 1, 0) FROM `INFORMATION_SCHEMA`.`TABLES` WHERE `TABLE_NAME` = 'hq_admin_role' AND `TABLE_SCHEMA` = DATABASE()
[Tue, 05 Apr 16 17:28:30 +0200][INFO] DESCRIBE `hq_admin_role`
[Tue, 05 Apr 16 17:28:30 +0200][INFO] SELECT `hq_admin_role`.`role_name` AS `role_name`, `hq_admin_role`.`role_ar_user` AS `role_ar_user` FROM `hq_admin_role`
[Tue, 05 Apr 16 17:28:30 +0200][INFO] SELECT IF(COUNT(*) > 0, 1, 0) FROM `INFORMATION_SCHEMA`.`TABLES` WHERE `TABLE_NAME` = 'hq_order' AND `TABLE_SCHEMA` = DATABASE()
[Tue, 05 Apr 16 17:28:30 +0200][INFO] DESCRIBE `hq_order`
[Tue, 05 Apr 16 17:28:30 +0200][INFO] SELECT IF(COUNT(*) > 0, 1, 0) FROM `INFORMATION_SCHEMA`.`TABLES` WHERE `TABLE_NAME` = 'hq_user' AND `TABLE_SCHEMA` = DATABASE()
[Tue, 05 Apr 16 17:28:30 +0200][INFO] DESCRIBE `hq_user`
[Tue, 05 Apr 16 17:28:30 +0200][INFO] SELECT IF(COUNT(*) > 0, 1, 0) FROM `INFORMATION_SCHEMA`.`TABLES` WHERE `TABLE_NAME` = 'hq_order' AND `TABLE_SCHEMA` = DATABASE()
[Tue, 05 Apr 16 17:28:30 +0200][INFO] DESCRIBE `hq_order`
[Tue, 05 Apr 16 17:28:30 +0200][INFO] SELECT IF(COUNT(*) > 0, 1, 0) FROM `INFORMATION_SCHEMA`.`TABLES` WHERE `TABLE_NAME` = 'hq_order' AND `TABLE_SCHEMA` = DATABASE()
[Tue, 05 Apr 16 17:28:30 +0200][INFO] DESCRIBE `hq_order`
[Tue, 05 Apr 16 17:28:30 +0200][INFO] SELECT `hq_order`.`or_id`, `hq_order`.`or_public_id`, `hq_order`.`us_id`, `hq_order`.`or_name`, `hq_order`.`or_email`, `hq_order`.`or_phone`, `hq_order`.`or_address`, `hq_order`.`zp_id`, `hq_order`.`zd_id`, `hq_order`.`zw_id`, `hq_order`.`or_total`, `hq_order`.`os_id`, `hq_order`.`or_edit_date`, `hq_order`.`or_create_date` FROM `hq_order` WHERE date(`hq_order`.`or_create_date`) = '2016-04-05'
[Tue, 05 Apr 16 17:28:30 +0200][INFO] SELECT IF(COUNT(*) > 0, 1, 0) FROM `INFORMATION_SCHEMA`.`TABLES` WHERE `TABLE_NAME` = 'hq_order' AND `TABLE_SCHEMA` = DATABASE()
[Tue, 05 Apr 16 17:28:30 +0200][INFO] DESCRIBE `hq_order`
[Tue, 05 Apr 16 17:28:30 +0200][INFO] SELECT `hq_order`.`or_id`, `hq_order`.`or_public_id`, `hq_order`.`us_id`, `hq_order`.`or_name`, `hq_order`.`or_email`, `hq_order`.`or_phone`, `hq_order`.`or_address`, `hq_order`.`zp_id`, `hq_order`.`zd_id`, `hq_order`.`zw_id`, `hq_order`.`or_total`, `hq_order`.`os_id`, `hq_order`.`or_edit_date`, `hq_order`.`or_create_date` FROM `hq_order` WHERE date(`hq_order`.`or_create_date`) = '2016-04-05' AND `hq_order`.`os_id` = '7'
[Tue, 05 Apr 16 17:28:30 +0200][INFO] SELECT IF(COUNT(*) > 0, 1, 0) FROM `INFORMATION_SCHEMA`.`TABLES` WHERE `TABLE_NAME` = 'hq_order' AND `TABLE_SCHEMA` = DATABASE()
[Tue, 05 Apr 16 17:28:30 +0200][INFO] DESCRIBE `hq_order`
[Tue, 05 Apr 16 17:28:30 +0200][INFO] SELECT SUM(`hq_order`.`or_total`) AS `total` FROM `hq_order` WHERE date(`hq_order`.`or_create_date`) = '2016-04-05' AND `hq_order`.`os_id` = '2' LIMIT :APL0
[Tue, 05 Apr 16 17:28:30 +0200][INFO] SELECT IF(COUNT(*) > 0, 1, 0) FROM `INFORMATION_SCHEMA`.`TABLES` WHERE `TABLE_NAME` = 'hq_user' AND `TABLE_SCHEMA` = DATABASE()
[Tue, 05 Apr 16 17:28:30 +0200][INFO] DESCRIBE `hq_user`
[Tue, 05 Apr 16 17:28:30 +0200][INFO] SELECT IF(COUNT(*) > 0, 1, 0) FROM `INFORMATION_SCHEMA`.`TABLES` WHERE `TABLE_NAME` = 'hq_user' AND `TABLE_SCHEMA` = DATABASE()
[Tue, 05 Apr 16 17:28:30 +0200][INFO] DESCRIBE `hq_user`
[Tue, 05 Apr 16 17:28:30 +0200][INFO] SELECT `hq_user`.`us_id`, `hq_user`.`us_name`, `hq_user`.`us_password`, `hq_user`.`us_full_name`, `hq_user`.`us_phone`, `hq_user`.`us_address`, `hq_user`.`us_birthday`, `hq_user`.`us_email`, `hq_user`.`us_from`, `hq_user`.`us_create_time`, `hq_user`.`us_expired_time`, `hq_user`.`us_social`, `hq_user`.`us_social_id`, `hq_user`.`us_newsletter`, `hq_user`.`us_status` FROM `hq_user` WHERE date(`hq_user`.`us_create_time`) = '2016-04-05'
[Tue, 05 Apr 16 17:28:30 +0200][INFO] SELECT IF(COUNT(*) > 0, 1, 0) FROM `INFORMATION_SCHEMA`.`TABLES` WHERE `TABLE_NAME` = 'hq_admin_role' AND `TABLE_SCHEMA` = DATABASE()
[Tue, 05 Apr 16 17:28:30 +0200][INFO] DESCRIBE `hq_admin_role`
[Tue, 05 Apr 16 17:28:30 +0200][INFO] SELECT IF(COUNT(*) > 0, 1, 0) FROM `INFORMATION_SCHEMA`.`TABLES` WHERE `TABLE_NAME` = 'hq_admin_role' AND `TABLE_SCHEMA` = DATABASE()
[Tue, 05 Apr 16 17:28:30 +0200][INFO] DESCRIBE `hq_admin_role`
[Tue, 05 Apr 16 17:28:30 +0200][INFO] SELECT IF(COUNT(*) > 0, 1, 0) FROM `INFORMATION_SCHEMA`.`TABLES` WHERE `TABLE_NAME` = 'hq_admin_role' AND `TABLE_SCHEMA` = DATABASE()
[Tue, 05 Apr 16 17:28:30 +0200][INFO] DESCRIBE `hq_admin_role`
[Tue, 05 Apr 16 17:28:30 +0200][INFO] SELECT `hq_admin_role`.`role_name` AS `role_name`, `hq_admin_role`.`role_ar_user` AS `role_ar_user` FROM `hq_admin_role`
[Tue, 05 Apr 16 17:28:30 +0200][INFO] SELECT IF(COUNT(*) > 0, 1, 0) FROM `INFORMATION_SCHEMA`.`TABLES` WHERE `TABLE_NAME` = 'hq_order' AND `TABLE_SCHEMA` = DATABASE()
[Tue, 05 Apr 16 17:28:30 +0200][INFO] DESCRIBE `hq_order`
[Tue, 05 Apr 16 17:28:30 +0200][INFO] SELECT IF(COUNT(*) > 0, 1, 0) FROM `INFORMATION_SCHEMA`.`TABLES` WHERE `TABLE_NAME` = 'hq_order' AND `TABLE_SCHEMA` = DATABASE()
[Tue, 05 Apr 16 17:28:30 +0200][INFO] DESCRIBE `hq_order`
[Tue, 05 Apr 16 17:28:30 +0200][INFO] SELECT IF(COUNT(*) > 0, 1, 0) FROM `INFORMATION_SCHEMA`.`TABLES` WHERE `TABLE_NAME` = 'hq_order' AND `TABLE_SCHEMA` = DATABASE()
[Tue, 05 Apr 16 17:28:30 +0200][INFO] DESCRIBE `hq_order`
[Tue, 05 Apr 16 17:28:30 +0200][INFO] SELECT count(`hq_order`.`or_id`) AS `value`, date(`hq_order`.`or_create_date`) AS `time` FROM `hq_order` WHERE YEAR(`hq_order`.`or_create_date`) = '2016' AND MONTH(`hq_order`.`or_create_date`) = '4' GROUP BY date(`hq_order`.`or_create_date`)
[Tue, 05 Apr 16 17:28:30 +0200][INFO] SELECT IF(COUNT(*) > 0, 1, 0) FROM `INFORMATION_SCHEMA`.`TABLES` WHERE `TABLE_NAME` = 'hq_admin_role' AND `TABLE_SCHEMA` = DATABASE()
[Tue, 05 Apr 16 17:28:30 +0200][INFO] DESCRIBE `hq_admin_role`
[Tue, 05 Apr 16 17:28:30 +0200][INFO] SELECT IF(COUNT(*) > 0, 1, 0) FROM `INFORMATION_SCHEMA`.`TABLES` WHERE `TABLE_NAME` = 'hq_admin_role' AND `TABLE_SCHEMA` = DATABASE()
[Tue, 05 Apr 16 17:28:30 +0200][INFO] DESCRIBE `hq_admin_role`
[Tue, 05 Apr 16 17:28:30 +0200][INFO] SELECT IF(COUNT(*) > 0, 1, 0) FROM `INFORMATION_SCHEMA`.`TABLES` WHERE `TABLE_NAME` = 'hq_admin_role' AND `TABLE_SCHEMA` = DATABASE()
[Tue, 05 Apr 16 17:28:30 +0200][INFO] DESCRIBE `hq_admin_role`
[Tue, 05 Apr 16 17:28:30 +0200][INFO] SELECT `hq_admin_role`.`role_name` AS `role_name`, `hq_admin_role`.`role_ar_user` AS `role_ar_user` FROM `hq_admin_role`
[Tue, 05 Apr 16 17:28:30 +0200][INFO] SELECT IF(COUNT(*) > 0, 1, 0) FROM `INFORMATION_SCHEMA`.`TABLES` WHERE `TABLE_NAME` = 'hq_order' AND `TABLE_SCHEMA` = DATABASE()
[Tue, 05 Apr 16 17:28:30 +0200][INFO] DESCRIBE `hq_order`
[Tue, 05 Apr 16 17:28:30 +0200][INFO] SELECT IF(COUNT(*) > 0, 1, 0) FROM `INFORMATION_SCHEMA`.`TABLES` WHERE `TABLE_NAME` = 'hq_order' AND `TABLE_SCHEMA` = DATABASE()
[Tue, 05 Apr 16 17:28:30 +0200][INFO] DESCRIBE `hq_order`
[Tue, 05 Apr 16 17:28:30 +0200][INFO] SELECT IF(COUNT(*) > 0, 1, 0) FROM `INFORMATION_SCHEMA`.`TABLES` WHERE `TABLE_NAME` = 'hq_order' AND `TABLE_SCHEMA` = DATABASE()
[Tue, 05 Apr 16 17:28:30 +0200][INFO] DESCRIBE `hq_order`
[Tue, 05 Apr 16 17:28:30 +0200][INFO] SELECT sum(`hq_order`.`or_total`) AS `value`, date(`hq_order`.`or_create_date`) AS `time` FROM `hq_order` WHERE YEAR(`hq_order`.`or_create_date`) = '2016' AND MONTH(`hq_order`.`or_create_date`) = '4' GROUP BY date(`hq_order`.`or_create_date`)
[Tue, 05 Apr 16 17:28:30 +0200][INFO] SELECT IF(COUNT(*) > 0, 1, 0) FROM `INFORMATION_SCHEMA`.`TABLES` WHERE `TABLE_NAME` = 'hq_admin_role' AND `TABLE_SCHEMA` = DATABASE()
[Tue, 05 Apr 16 17:28:30 +0200][INFO] DESCRIBE `hq_admin_role`
[Tue, 05 Apr 16 17:28:30 +0200][INFO] SELECT IF(COUNT(*) > 0, 1, 0) FROM `INFORMATION_SCHEMA`.`TABLES` WHERE `TABLE_NAME` = 'hq_admin_role' AND `TABLE_SCHEMA` = DATABASE()
[Tue, 05 Apr 16 17:28:30 +0200][INFO] DESCRIBE `hq_admin_role`
[Tue, 05 Apr 16 17:28:30 +0200][INFO] SELECT IF(COUNT(*) > 0, 1, 0) FROM `INFORMATION_SCHEMA`.`TABLES` WHERE `TABLE_NAME` = 'hq_admin_role' AND `TABLE_SCHEMA` = DATABASE()
[Tue, 05 Apr 16 17:28:30 +0200][INFO] DESCRIBE `hq_admin_role`
[Tue, 05 Apr 16 17:28:30 +0200][INFO] SELECT `hq_admin_role`.`role_name` AS `role_name`, `hq_admin_role`.`role_ar_user` AS `role_ar_user` FROM `hq_admin_role`
[Tue, 05 Apr 16 17:28:30 +0200][INFO] SELECT IF(COUNT(*) > 0, 1, 0) FROM `INFORMATION_SCHEMA`.`TABLES` WHERE `TABLE_NAME` = 'hq_user' AND `TABLE_SCHEMA` = DATABASE()
[Tue, 05 Apr 16 17:28:30 +0200][INFO] DESCRIBE `hq_user`
[Tue, 05 Apr 16 17:28:30 +0200][INFO] SELECT IF(COUNT(*) > 0, 1, 0) FROM `INFORMATION_SCHEMA`.`TABLES` WHERE `TABLE_NAME` = 'hq_user' AND `TABLE_SCHEMA` = DATABASE()
[Tue, 05 Apr 16 17:28:30 +0200][INFO] DESCRIBE `hq_user`
[Tue, 05 Apr 16 17:28:30 +0200][INFO] SELECT IF(COUNT(*) > 0, 1, 0) FROM `INFORMATION_SCHEMA`.`TABLES` WHERE `TABLE_NAME` = 'hq_user' AND `TABLE_SCHEMA` = DATABASE()
[Tue, 05 Apr 16 17:28:30 +0200][INFO] DESCRIBE `hq_user`
[Tue, 05 Apr 16 17:28:30 +0200][INFO] SELECT count(`hq_user`.`us_id`) AS `value`, date(`hq_user`.`us_create_time`) AS `time` FROM `hq_user` WHERE YEAR(`hq_user`.`us_create_time`) = '2016' AND MONTH(`hq_user`.`us_create_time`) = '4' GROUP BY date(`hq_user`.`us_create_time`)
[Tue, 05 Apr 16 17:28:35 +0200][INFO] SELECT IF(COUNT(*) > 0, 1, 0) FROM `INFORMATION_SCHEMA`.`TABLES` WHERE `TABLE_NAME` = 'hq_admin_role' AND `TABLE_SCHEMA` = DATABASE()
[Tue, 05 Apr 16 17:28:35 +0200][INFO] DESCRIBE `hq_admin_role`
[Tue, 05 Apr 16 17:28:35 +0200][INFO] SELECT IF(COUNT(*) > 0, 1, 0) FROM `INFORMATION_SCHEMA`.`TABLES` WHERE `TABLE_NAME` = 'hq_admin_role' AND `TABLE_SCHEMA` = DATABASE()
[Tue, 05 Apr 16 17:28:35 +0200][INFO] DESCRIBE `hq_admin_role`
[Tue, 05 Apr 16 17:28:35 +0200][INFO] SELECT IF(COUNT(*) > 0, 1, 0) FROM `INFORMATION_SCHEMA`.`TABLES` WHERE `TABLE_NAME` = 'hq_admin_role' AND `TABLE_SCHEMA` = DATABASE()
[Tue, 05 Apr 16 17:28:35 +0200][INFO] DESCRIBE `hq_admin_role`
[Tue, 05 Apr 16 17:28:35 +0200][INFO] SELECT `hq_admin_role`.`role_name` AS `role_name`, `hq_admin_role`.`role_ar_user` AS `role_ar_user` FROM `hq_admin_role`
[Tue, 05 Apr 16 17:28:35 +0200][INFO] SELECT IF(COUNT(*) > 0, 1, 0) FROM `INFORMATION_SCHEMA`.`TABLES` WHERE `TABLE_NAME` = 'hq_agency' AND `TABLE_SCHEMA` = DATABASE()
[Tue, 05 Apr 16 17:28:35 +0200][INFO] DESCRIBE `hq_agency`
[Tue, 05 Apr 16 17:28:35 +0200][INFO] SELECT IF(COUNT(*) > 0, 1, 0) FROM `INFORMATION_SCHEMA`.`TABLES` WHERE `TABLE_NAME` = 'hq_agency' AND `TABLE_SCHEMA` = DATABASE()
[Tue, 05 Apr 16 17:28:35 +0200][INFO] DESCRIBE `hq_agency`
[Tue, 05 Apr 16 17:28:35 +0200][INFO] SELECT IF(COUNT(*) > 0, 1, 0) FROM `INFORMATION_SCHEMA`.`TABLES` WHERE `TABLE_NAME` = 'hq_agency' AND `TABLE_SCHEMA` = DATABASE()
[Tue, 05 Apr 16 17:28:35 +0200][INFO] DESCRIBE `hq_agency`
[Tue, 05 Apr 16 17:28:35 +0200][INFO] SELECT `hq_agency`.`ag_id`, `hq_agency`.`ag_name`, `hq_agency`.`ag_address`, `hq_agency`.`zp_id` FROM `hq_agency`
[Tue, 05 Apr 16 17:32:43 +0200][INFO] SELECT IF(COUNT(*) > 0, 1, 0) FROM `INFORMATION_SCHEMA`.`TABLES` WHERE `TABLE_NAME` = 'hq_admin_role' AND `TABLE_SCHEMA` = DATABASE()
[Tue, 05 Apr 16 17:32:43 +0200][INFO] DESCRIBE `hq_admin_role`
[Tue, 05 Apr 16 17:32:43 +0200][INFO] SELECT IF(COUNT(*) > 0, 1, 0) FROM `INFORMATION_SCHEMA`.`TABLES` WHERE `TABLE_NAME` = 'hq_admin_role' AND `TABLE_SCHEMA` = DATABASE()
[Tue, 05 Apr 16 17:32:43 +0200][INFO] DESCRIBE `hq_admin_role`
[Tue, 05 Apr 16 17:32:43 +0200][INFO] SELECT IF(COUNT(*) > 0, 1, 0) FROM `INFORMATION_SCHEMA`.`TABLES` WHERE `TABLE_NAME` = 'hq_admin_role' AND `TABLE_SCHEMA` = DATABASE()
[Tue, 05 Apr 16 17:32:43 +0200][INFO] DESCRIBE `hq_admin_role`
[Tue, 05 Apr 16 17:32:43 +0200][INFO] SELECT `hq_admin_role`.`role_name` AS `role_name`, `hq_admin_role`.`role_ar_user` AS `role_ar_user` FROM `hq_admin_role`
[Tue, 05 Apr 16 17:32:43 +0200][INFO] SELECT IF(COUNT(*) > 0, 1, 0) FROM `INFORMATION_SCHEMA`.`TABLES` WHERE `TABLE_NAME` = 'hq_agency' AND `TABLE_SCHEMA` = DATABASE()
[Tue, 05 Apr 16 17:32:43 +0200][INFO] DESCRIBE `hq_agency`
[Tue, 05 Apr 16 17:32:43 +0200][INFO] SELECT IF(COUNT(*) > 0, 1, 0) FROM `INFORMATION_SCHEMA`.`TABLES` WHERE `TABLE_NAME` = 'hq_zone_province' AND `TABLE_SCHEMA` = DATABASE()
[Tue, 05 Apr 16 17:32:43 +0200][INFO] DESCRIBE `hq_zone_province`
[Tue, 05 Apr 16 17:32:43 +0200][INFO] SELECT IF(COUNT(*) > 0, 1, 0) FROM `INFORMATION_SCHEMA`.`TABLES` WHERE `TABLE_NAME` = 'hq_zone_province' AND `TABLE_SCHEMA` = DATABASE()
[Tue, 05 Apr 16 17:32:43 +0200][INFO] DESCRIBE `hq_zone_province`
[Tue, 05 Apr 16 17:32:43 +0200][INFO] SELECT IF(COUNT(*) > 0, 1, 0) FROM `INFORMATION_SCHEMA`.`TABLES` WHERE `TABLE_NAME` = 'hq_zone_province' AND `TABLE_SCHEMA` = DATABASE()
[Tue, 05 Apr 16 17:32:43 +0200][INFO] DESCRIBE `hq_zone_province`
[Tue, 05 Apr 16 17:32:43 +0200][INFO] SELECT `hq_zone_province`.`zp_id`, `hq_zone_province`.`zp_name`, `hq_zone_province`.`zp_type` FROM `hq_zone_province`
[Tue, 05 Apr 16 17:32:43 +0200][INFO] SELECT IF(COUNT(*) > 0, 1, 0) FROM `INFORMATION_SCHEMA`.`TABLES` WHERE `TABLE_NAME` = 'hq_agency' AND `TABLE_SCHEMA` = DATABASE()
[Tue, 05 Apr 16 17:32:43 +0200][INFO] DESCRIBE `hq_agency`
[Tue, 05 Apr 16 17:32:43 +0200][INFO] SELECT IF(COUNT(*) > 0, 1, 0) FROM `INFORMATION_SCHEMA`.`TABLES` WHERE `TABLE_NAME` = 'hq_agency' AND `TABLE_SCHEMA` = DATABASE()
[Tue, 05 Apr 16 17:32:43 +0200][INFO] DESCRIBE `hq_agency`
[Tue, 05 Apr 16 17:32:43 +0200][INFO] SELECT `hq_agency`.`ag_id`, `hq_agency`.`ag_name`, `hq_agency`.`ag_address`, `hq_agency`.`zp_id` FROM `hq_agency`
[Tue, 05 Apr 16 17:32:57 +0200][INFO] SELECT IF(COUNT(*) > 0, 1, 0) FROM `INFORMATION_SCHEMA`.`TABLES` WHERE `TABLE_NAME` = 'hq_admin_role' AND `TABLE_SCHEMA` = DATABASE()
[Tue, 05 Apr 16 17:32:57 +0200][INFO] DESCRIBE `hq_admin_role`
[Tue, 05 Apr 16 17:32:57 +0200][INFO] SELECT IF(COUNT(*) > 0, 1, 0) FROM `INFORMATION_SCHEMA`.`TABLES` WHERE `TABLE_NAME` = 'hq_admin_role' AND `TABLE_SCHEMA` = DATABASE()
[Tue, 05 Apr 16 17:32:57 +0200][INFO] DESCRIBE `hq_admin_role`
[Tue, 05 Apr 16 17:32:57 +0200][INFO] SELECT IF(COUNT(*) > 0, 1, 0) FROM `INFORMATION_SCHEMA`.`TABLES` WHERE `TABLE_NAME` = 'hq_admin_role' AND `TABLE_SCHEMA` = DATABASE()
[Tue, 05 Apr 16 17:32:57 +0200][INFO] DESCRIBE `hq_admin_role`
[Tue, 05 Apr 16 17:32:57 +0200][INFO] SELECT `hq_admin_role`.`role_name` AS `role_name`, `hq_admin_role`.`role_ar_user` AS `role_ar_user` FROM `hq_admin_role`
[Tue, 05 Apr 16 17:33:26 +0200][INFO] SELECT IF(COUNT(*) > 0, 1, 0) FROM `INFORMATION_SCHEMA`.`TABLES` WHERE `TABLE_NAME` = 'hq_admin_role' AND `TABLE_SCHEMA` = DATABASE()
[Tue, 05 Apr 16 17:33:26 +0200][INFO] DESCRIBE `hq_admin_role`
[Tue, 05 Apr 16 17:33:26 +0200][INFO] SELECT IF(COUNT(*) > 0, 1, 0) FROM `INFORMATION_SCHEMA`.`TABLES` WHERE `TABLE_NAME` = 'hq_admin_role' AND `TABLE_SCHEMA` = DATABASE()
[Tue, 05 Apr 16 17:33:26 +0200][INFO] DESCRIBE `hq_admin_role`
[Tue, 05 Apr 16 17:33:26 +0200][INFO] SELECT IF(COUNT(*) > 0, 1, 0) FROM `INFORMATION_SCHEMA`.`TABLES` WHERE `TABLE_NAME` = 'hq_admin_role' AND `TABLE_SCHEMA` = DATABASE()
[Tue, 05 Apr 16 17:33:26 +0200][INFO] DESCRIBE `hq_admin_role`
[Tue, 05 Apr 16 17:33:26 +0200][INFO] SELECT `hq_admin_role`.`role_name` AS `role_name`, `hq_admin_role`.`role_ar_user` AS `role_ar_user` FROM `hq_admin_role`
[Tue, 05 Apr 16 17:34:04 +0200][INFO] SELECT IF(COUNT(*) > 0, 1, 0) FROM `INFORMATION_SCHEMA`.`TABLES` WHERE `TABLE_NAME` = 'hq_admin_role' AND `TABLE_SCHEMA` = DATABASE()
[Tue, 05 Apr 16 17:34:04 +0200][INFO] DESCRIBE `hq_admin_role`
[Tue, 05 Apr 16 17:34:04 +0200][INFO] SELECT IF(COUNT(*) > 0, 1, 0) FROM `INFORMATION_SCHEMA`.`TABLES` WHERE `TABLE_NAME` = 'hq_admin_role' AND `TABLE_SCHEMA` = DATABASE()
[Tue, 05 Apr 16 17:34:04 +0200][INFO] DESCRIBE `hq_admin_role`
[Tue, 05 Apr 16 17:34:04 +0200][INFO] SELECT IF(COUNT(*) > 0, 1, 0) FROM `INFORMATION_SCHEMA`.`TABLES` WHERE `TABLE_NAME` = 'hq_admin_role' AND `TABLE_SCHEMA` = DATABASE()
[Tue, 05 Apr 16 17:34:04 +0200][INFO] DESCRIBE `hq_admin_role`
[Tue, 05 Apr 16 17:34:04 +0200][INFO] SELECT `hq_admin_role`.`role_name` AS `role_name`, `hq_admin_role`.`role_ar_user` AS `role_ar_user` FROM `hq_admin_role`
[Tue, 05 Apr 16 17:39:10 +0200][INFO] SELECT IF(COUNT(*) > 0, 1, 0) FROM `INFORMATION_SCHEMA`.`TABLES` WHERE `TABLE_NAME` = 'hq_admin_role' AND `TABLE_SCHEMA` = DATABASE()
[Tue, 05 Apr 16 17:39:10 +0200][INFO] DESCRIBE `hq_admin_role`
[Tue, 05 Apr 16 17:39:10 +0200][INFO] SELECT IF(COUNT(*) > 0, 1, 0) FROM `INFORMATION_SCHEMA`.`TABLES` WHERE `TABLE_NAME` = 'hq_admin_role' AND `TABLE_SCHEMA` = DATABASE()
[Tue, 05 Apr 16 17:39:10 +0200][INFO] DESCRIBE `hq_admin_role`
[Tue, 05 Apr 16 17:39:10 +0200][INFO] SELECT IF(COUNT(*) > 0, 1, 0) FROM `INFORMATION_SCHEMA`.`TABLES` WHERE `TABLE_NAME` = 'hq_admin_role' AND `TABLE_SCHEMA` = DATABASE()
[Tue, 05 Apr 16 17:39:10 +0200][INFO] DESCRIBE `hq_admin_role`
[Tue, 05 Apr 16 17:39:11 +0200][INFO] SELECT `hq_admin_role`.`role_name` AS `role_name`, `hq_admin_role`.`role_ar_user` AS `role_ar_user` FROM `hq_admin_role`
[Tue, 05 Apr 16 17:39:11 +0200][INFO] SELECT IF(COUNT(*) > 0, 1, 0) FROM `INFORMATION_SCHEMA`.`TABLES` WHERE `TABLE_NAME` = 'hq_agency' AND `TABLE_SCHEMA` = DATABASE()
[Tue, 05 Apr 16 17:39:11 +0200][INFO] DESCRIBE `hq_agency`
[Tue, 05 Apr 16 17:39:52 +0200][INFO] SELECT IF(COUNT(*) > 0, 1, 0) FROM `INFORMATION_SCHEMA`.`TABLES` WHERE `TABLE_NAME` = 'hq_admin_role' AND `TABLE_SCHEMA` = DATABASE()
[Tue, 05 Apr 16 17:39:52 +0200][INFO] DESCRIBE `hq_admin_role`
[Tue, 05 Apr 16 17:39:52 +0200][INFO] SELECT IF(COUNT(*) > 0, 1, 0) FROM `INFORMATION_SCHEMA`.`TABLES` WHERE `TABLE_NAME` = 'hq_admin_role' AND `TABLE_SCHEMA` = DATABASE()
[Tue, 05 Apr 16 17:39:52 +0200][INFO] DESCRIBE `hq_admin_role`
[Tue, 05 Apr 16 17:39:52 +0200][INFO] SELECT IF(COUNT(*) > 0, 1, 0) FROM `INFORMATION_SCHEMA`.`TABLES` WHERE `TABLE_NAME` = 'hq_admin_role' AND `TABLE_SCHEMA` = DATABASE()
[Tue, 05 Apr 16 17:39:52 +0200][INFO] DESCRIBE `hq_admin_role`
[Tue, 05 Apr 16 17:39:52 +0200][INFO] SELECT `hq_admin_role`.`role_name` AS `role_name`, `hq_admin_role`.`role_ar_user` AS `role_ar_user` FROM `hq_admin_role`
[Tue, 05 Apr 16 17:39:52 +0200][INFO] SELECT IF(COUNT(*) > 0, 1, 0) FROM `INFORMATION_SCHEMA`.`TABLES` WHERE `TABLE_NAME` = 'hq_agency' AND `TABLE_SCHEMA` = DATABASE()
[Tue, 05 Apr 16 17:39:52 +0200][INFO] DESCRIBE `hq_agency`
[Tue, 05 Apr 16 17:48:50 +0200][INFO] SELECT IF(COUNT(*) > 0, 1, 0) FROM `INFORMATION_SCHEMA`.`TABLES` WHERE `TABLE_NAME` = 'hq_admin_role' AND `TABLE_SCHEMA` = DATABASE()
[Tue, 05 Apr 16 17:48:50 +0200][INFO] DESCRIBE `hq_admin_role`
[Tue, 05 Apr 16 17:48:50 +0200][INFO] SELECT IF(COUNT(*) > 0, 1, 0) FROM `INFORMATION_SCHEMA`.`TABLES` WHERE `TABLE_NAME` = 'hq_admin_role' AND `TABLE_SCHEMA` = DATABASE()
[Tue, 05 Apr 16 17:48:50 +0200][INFO] DESCRIBE `hq_admin_role`
[Tue, 05 Apr 16 17:48:50 +0200][INFO] SELECT IF(COUNT(*) > 0, 1, 0) FROM `INFORMATION_SCHEMA`.`TABLES` WHERE `TABLE_NAME` = 'hq_admin_role' AND `TABLE_SCHEMA` = DATABASE()
[Tue, 05 Apr 16 17:48:50 +0200][INFO] DESCRIBE `hq_admin_role`
[Tue, 05 Apr 16 17:48:50 +0200][INFO] SELECT `hq_admin_role`.`role_name` AS `role_name`, `hq_admin_role`.`role_ar_user` AS `role_ar_user` FROM `hq_admin_role`
[Tue, 05 Apr 16 17:49:03 +0200][INFO] SELECT IF(COUNT(*) > 0, 1, 0) FROM `INFORMATION_SCHEMA`.`TABLES` WHERE `TABLE_NAME` = 'hq_admin_role' AND `TABLE_SCHEMA` = DATABASE()
[Tue, 05 Apr 16 17:49:03 +0200][INFO] DESCRIBE `hq_admin_role`
[Tue, 05 Apr 16 17:49:03 +0200][INFO] SELECT IF(COUNT(*) > 0, 1, 0) FROM `INFORMATION_SCHEMA`.`TABLES` WHERE `TABLE_NAME` = 'hq_admin_role' AND `TABLE_SCHEMA` = DATABASE()
[Tue, 05 Apr 16 17:49:03 +0200][INFO] DESCRIBE `hq_admin_role`
[Tue, 05 Apr 16 17:49:03 +0200][INFO] SELECT IF(COUNT(*) > 0, 1, 0) FROM `INFORMATION_SCHEMA`.`TABLES` WHERE `TABLE_NAME` = 'hq_admin_role' AND `TABLE_SCHEMA` = DATABASE()
[Tue, 05 Apr 16 17:49:03 +0200][INFO] DESCRIBE `hq_admin_role`
[Tue, 05 Apr 16 17:49:03 +0200][INFO] SELECT `hq_admin_role`.`role_name` AS `role_name`, `hq_admin_role`.`role_ar_user` AS `role_ar_user` FROM `hq_admin_role`
[Tue, 05 Apr 16 17:49:03 +0200][INFO] SELECT IF(COUNT(*) > 0, 1, 0) FROM `INFORMATION_SCHEMA`.`TABLES` WHERE `TABLE_NAME` = 'hq_agency' AND `TABLE_SCHEMA` = DATABASE()
[Tue, 05 Apr 16 17:49:03 +0200][INFO] DESCRIBE `hq_agency`
[Tue, 05 Apr 16 17:49:54 +0200][INFO] SELECT IF(COUNT(*) > 0, 1, 0) FROM `INFORMATION_SCHEMA`.`TABLES` WHERE `TABLE_NAME` = 'hq_admin_role' AND `TABLE_SCHEMA` = DATABASE()
[Tue, 05 Apr 16 17:49:54 +0200][INFO] DESCRIBE `hq_admin_role`
[Tue, 05 Apr 16 17:49:54 +0200][INFO] SELECT IF(COUNT(*) > 0, 1, 0) FROM `INFORMATION_SCHEMA`.`TABLES` WHERE `TABLE_NAME` = 'hq_admin_role' AND `TABLE_SCHEMA` = DATABASE()
[Tue, 05 Apr 16 17:49:54 +0200][INFO] DESCRIBE `hq_admin_role`
[Tue, 05 Apr 16 17:49:54 +0200][INFO] SELECT IF(COUNT(*) > 0, 1, 0) FROM `INFORMATION_SCHEMA`.`TABLES` WHERE `TABLE_NAME` = 'hq_admin_role' AND `TABLE_SCHEMA` = DATABASE()
[Tue, 05 Apr 16 17:49:54 +0200][INFO] DESCRIBE `hq_admin_role`
[Tue, 05 Apr 16 17:49:54 +0200][INFO] SELECT `hq_admin_role`.`role_name` AS `role_name`, `hq_admin_role`.`role_ar_user` AS `role_ar_user` FROM `hq_admin_role`
[Tue, 05 Apr 16 17:49:54 +0200][INFO] SELECT IF(COUNT(*) > 0, 1, 0) FROM `INFORMATION_SCHEMA`.`TABLES` WHERE `TABLE_NAME` = 'hq_agency' AND `TABLE_SCHEMA` = DATABASE()
[Tue, 05 Apr 16 17:49:54 +0200][INFO] DESCRIBE `hq_agency`
[Tue, 05 Apr 16 17:50:20 +0200][INFO] SELECT IF(COUNT(*) > 0, 1, 0) FROM `INFORMATION_SCHEMA`.`TABLES` WHERE `TABLE_NAME` = 'hq_admin_role' AND `TABLE_SCHEMA` = DATABASE()
[Tue, 05 Apr 16 17:50:20 +0200][INFO] DESCRIBE `hq_admin_role`
[Tue, 05 Apr 16 17:50:20 +0200][INFO] SELECT IF(COUNT(*) > 0, 1, 0) FROM `INFORMATION_SCHEMA`.`TABLES` WHERE `TABLE_NAME` = 'hq_admin_role' AND `TABLE_SCHEMA` = DATABASE()
[Tue, 05 Apr 16 17:50:20 +0200][INFO] DESCRIBE `hq_admin_role`
[Tue, 05 Apr 16 17:50:20 +0200][INFO] SELECT IF(COUNT(*) > 0, 1, 0) FROM `INFORMATION_SCHEMA`.`TABLES` WHERE `TABLE_NAME` = 'hq_admin_role' AND `TABLE_SCHEMA` = DATABASE()
[Tue, 05 Apr 16 17:50:20 +0200][INFO] DESCRIBE `hq_admin_role`
[Tue, 05 Apr 16 17:50:20 +0200][INFO] SELECT `hq_admin_role`.`role_name` AS `role_name`, `hq_admin_role`.`role_ar_user` AS `role_ar_user` FROM `hq_admin_role`
[Tue, 05 Apr 16 17:50:20 +0200][INFO] SELECT IF(COUNT(*) > 0, 1, 0) FROM `INFORMATION_SCHEMA`.`TABLES` WHERE `TABLE_NAME` = 'hq_agency' AND `TABLE_SCHEMA` = DATABASE()
[Tue, 05 Apr 16 17:50:20 +0200][INFO] DESCRIBE `hq_agency`
[Tue, 05 Apr 16 17:53:48 +0200][INFO] SELECT IF(COUNT(*) > 0, 1, 0) FROM `INFORMATION_SCHEMA`.`TABLES` WHERE `TABLE_NAME` = 'hq_admin_role' AND `TABLE_SCHEMA` = DATABASE()
[Tue, 05 Apr 16 17:53:48 +0200][INFO] DESCRIBE `hq_admin_role`
[Tue, 05 Apr 16 17:53:48 +0200][INFO] SELECT IF(COUNT(*) > 0, 1, 0) FROM `INFORMATION_SCHEMA`.`TABLES` WHERE `TABLE_NAME` = 'hq_admin_role' AND `TABLE_SCHEMA` = DATABASE()
[Tue, 05 Apr 16 17:53:48 +0200][INFO] DESCRIBE `hq_admin_role`
[Tue, 05 Apr 16 17:53:48 +0200][INFO] SELECT IF(COUNT(*) > 0, 1, 0) FROM `INFORMATION_SCHEMA`.`TABLES` WHERE `TABLE_NAME` = 'hq_admin_role' AND `TABLE_SCHEMA` = DATABASE()
[Tue, 05 Apr 16 17:53:48 +0200][INFO] DESCRIBE `hq_admin_role`
[Tue, 05 Apr 16 17:53:48 +0200][INFO] SELECT `hq_admin_role`.`role_name` AS `role_name`, `hq_admin_role`.`role_ar_user` AS `role_ar_user` FROM `hq_admin_role`
[Tue, 05 Apr 16 17:53:48 +0200][INFO] SELECT IF(COUNT(*) > 0, 1, 0) FROM `INFORMATION_SCHEMA`.`TABLES` WHERE `TABLE_NAME` = 'hq_agency' AND `TABLE_SCHEMA` = DATABASE()
[Tue, 05 Apr 16 17:53:48 +0200][INFO] DESCRIBE `hq_agency`
[Tue, 05 Apr 16 17:57:10 +0200][INFO] SELECT IF(COUNT(*) > 0, 1, 0) FROM `INFORMATION_SCHEMA`.`TABLES` WHERE `TABLE_NAME` = 'hq_admin_role' AND `TABLE_SCHEMA` = DATABASE()
[Tue, 05 Apr 16 17:57:10 +0200][INFO] DESCRIBE `hq_admin_role`
[Tue, 05 Apr 16 17:57:10 +0200][INFO] SELECT IF(COUNT(*) > 0, 1, 0) FROM `INFORMATION_SCHEMA`.`TABLES` WHERE `TABLE_NAME` = 'hq_admin_role' AND `TABLE_SCHEMA` = DATABASE()
[Tue, 05 Apr 16 17:57:10 +0200][INFO] DESCRIBE `hq_admin_role`
[Tue, 05 Apr 16 17:57:10 +0200][INFO] SELECT IF(COUNT(*) > 0, 1, 0) FROM `INFORMATION_SCHEMA`.`TABLES` WHERE `TABLE_NAME` = 'hq_admin_role' AND `TABLE_SCHEMA` = DATABASE()
[Tue, 05 Apr 16 17:57:10 +0200][INFO] DESCRIBE `hq_admin_role`
[Tue, 05 Apr 16 17:57:10 +0200][INFO] SELECT `hq_admin_role`.`role_name` AS `role_name`, `hq_admin_role`.`role_ar_user` AS `role_ar_user` FROM `hq_admin_role`
[Tue, 05 Apr 16 17:57:10 +0200][INFO] SELECT IF(COUNT(*) > 0, 1, 0) FROM `INFORMATION_SCHEMA`.`TABLES` WHERE `TABLE_NAME` = 'hq_agency' AND `TABLE_SCHEMA` = DATABASE()
[Tue, 05 Apr 16 17:57:10 +0200][INFO] DESCRIBE `hq_agency`
[Tue, 05 Apr 16 17:57:25 +0200][INFO] SELECT IF(COUNT(*) > 0, 1, 0) FROM `INFORMATION_SCHEMA`.`TABLES` WHERE `TABLE_NAME` = 'hq_admin_role' AND `TABLE_SCHEMA` = DATABASE()
[Tue, 05 Apr 16 17:57:25 +0200][INFO] DESCRIBE `hq_admin_role`
[Tue, 05 Apr 16 17:57:25 +0200][INFO] SELECT IF(COUNT(*) > 0, 1, 0) FROM `INFORMATION_SCHEMA`.`TABLES` WHERE `TABLE_NAME` = 'hq_admin_role' AND `TABLE_SCHEMA` = DATABASE()
[Tue, 05 Apr 16 17:57:25 +0200][INFO] DESCRIBE `hq_admin_role`
[Tue, 05 Apr 16 17:57:25 +0200][INFO] SELECT IF(COUNT(*) > 0, 1, 0) FROM `INFORMATION_SCHEMA`.`TABLES` WHERE `TABLE_NAME` = 'hq_admin_role' AND `TABLE_SCHEMA` = DATABASE()
[Tue, 05 Apr 16 17:57:25 +0200][INFO] DESCRIBE `hq_admin_role`
[Tue, 05 Apr 16 17:57:25 +0200][INFO] SELECT `hq_admin_role`.`role_name` AS `role_name`, `hq_admin_role`.`role_ar_user` AS `role_ar_user` FROM `hq_admin_role`
[Tue, 05 Apr 16 17:57:25 +0200][INFO] SELECT IF(COUNT(*) > 0, 1, 0) FROM `INFORMATION_SCHEMA`.`TABLES` WHERE `TABLE_NAME` = 'hq_agency' AND `TABLE_SCHEMA` = DATABASE()
[Tue, 05 Apr 16 17:57:25 +0200][INFO] DESCRIBE `hq_agency`
[Tue, 05 Apr 16 17:57:41 +0200][INFO] SELECT IF(COUNT(*) > 0, 1, 0) FROM `INFORMATION_SCHEMA`.`TABLES` WHERE `TABLE_NAME` = 'hq_admin_role' AND `TABLE_SCHEMA` = DATABASE()
[Tue, 05 Apr 16 17:57:41 +0200][INFO] DESCRIBE `hq_admin_role`
[Tue, 05 Apr 16 17:57:41 +0200][INFO] SELECT IF(COUNT(*) > 0, 1, 0) FROM `INFORMATION_SCHEMA`.`TABLES` WHERE `TABLE_NAME` = 'hq_admin_role' AND `TABLE_SCHEMA` = DATABASE()
[Tue, 05 Apr 16 17:57:41 +0200][INFO] DESCRIBE `hq_admin_role`
[Tue, 05 Apr 16 17:57:41 +0200][INFO] SELECT IF(COUNT(*) > 0, 1, 0) FROM `INFORMATION_SCHEMA`.`TABLES` WHERE `TABLE_NAME` = 'hq_admin_role' AND `TABLE_SCHEMA` = DATABASE()
[Tue, 05 Apr 16 17:57:41 +0200][INFO] DESCRIBE `hq_admin_role`
[Tue, 05 Apr 16 17:57:41 +0200][INFO] SELECT `hq_admin_role`.`role_name` AS `role_name`, `hq_admin_role`.`role_ar_user` AS `role_ar_user` FROM `hq_admin_role`
[Tue, 05 Apr 16 17:57:41 +0200][INFO] SELECT IF(COUNT(*) > 0, 1, 0) FROM `INFORMATION_SCHEMA`.`TABLES` WHERE `TABLE_NAME` = 'hq_agency' AND `TABLE_SCHEMA` = DATABASE()
[Tue, 05 Apr 16 17:57:41 +0200][INFO] DESCRIBE `hq_agency`
[Tue, 05 Apr 16 17:58:52 +0200][INFO] SELECT IF(COUNT(*) > 0, 1, 0) FROM `INFORMATION_SCHEMA`.`TABLES` WHERE `TABLE_NAME` = 'hq_admin_role' AND `TABLE_SCHEMA` = DATABASE()
[Tue, 05 Apr 16 17:58:52 +0200][INFO] DESCRIBE `hq_admin_role`
[Tue, 05 Apr 16 17:58:52 +0200][INFO] SELECT IF(COUNT(*) > 0, 1, 0) FROM `INFORMATION_SCHEMA`.`TABLES` WHERE `TABLE_NAME` = 'hq_admin_role' AND `TABLE_SCHEMA` = DATABASE()
[Tue, 05 Apr 16 17:58:52 +0200][INFO] DESCRIBE `hq_admin_role`
[Tue, 05 Apr 16 17:58:52 +0200][INFO] SELECT IF(COUNT(*) > 0, 1, 0) FROM `INFORMATION_SCHEMA`.`TABLES` WHERE `TABLE_NAME` = 'hq_admin_role' AND `TABLE_SCHEMA` = DATABASE()
[Tue, 05 Apr 16 17:58:52 +0200][INFO] DESCRIBE `hq_admin_role`
[Tue, 05 Apr 16 17:58:52 +0200][INFO] SELECT `hq_admin_role`.`role_name` AS `role_name`, `hq_admin_role`.`role_ar_user` AS `role_ar_user` FROM `hq_admin_role`
[Tue, 05 Apr 16 17:58:52 +0200][INFO] SELECT IF(COUNT(*) > 0, 1, 0) FROM `INFORMATION_SCHEMA`.`TABLES` WHERE `TABLE_NAME` = 'hq_agency' AND `TABLE_SCHEMA` = DATABASE()
[Tue, 05 Apr 16 17:58:52 +0200][INFO] DESCRIBE `hq_agency`
[Tue, 05 Apr 16 17:59:10 +0200][INFO] SELECT IF(COUNT(*) > 0, 1, 0) FROM `INFORMATION_SCHEMA`.`TABLES` WHERE `TABLE_NAME` = 'hq_admin_role' AND `TABLE_SCHEMA` = DATABASE()
[Tue, 05 Apr 16 17:59:10 +0200][INFO] DESCRIBE `hq_admin_role`
[Tue, 05 Apr 16 17:59:10 +0200][INFO] SELECT IF(COUNT(*) > 0, 1, 0) FROM `INFORMATION_SCHEMA`.`TABLES` WHERE `TABLE_NAME` = 'hq_admin_role' AND `TABLE_SCHEMA` = DATABASE()
[Tue, 05 Apr 16 17:59:10 +0200][INFO] DESCRIBE `hq_admin_role`
[Tue, 05 Apr 16 17:59:10 +0200][INFO] SELECT IF(COUNT(*) > 0, 1, 0) FROM `INFORMATION_SCHEMA`.`TABLES` WHERE `TABLE_NAME` = 'hq_admin_role' AND `TABLE_SCHEMA` = DATABASE()
[Tue, 05 Apr 16 17:59:10 +0200][INFO] DESCRIBE `hq_admin_role`
[Tue, 05 Apr 16 17:59:10 +0200][INFO] SELECT `hq_admin_role`.`role_name` AS `role_name`, `hq_admin_role`.`role_ar_user` AS `role_ar_user` FROM `hq_admin_role`
[Tue, 05 Apr 16 17:59:10 +0200][INFO] SELECT IF(COUNT(*) > 0, 1, 0) FROM `INFORMATION_SCHEMA`.`TABLES` WHERE `TABLE_NAME` = 'hq_agency' AND `TABLE_SCHEMA` = DATABASE()
[Tue, 05 Apr 16 17:59:10 +0200][INFO] DESCRIBE `hq_agency`
[Tue, 05 Apr 16 18:01:42 +0200][INFO] SELECT IF(COUNT(*) > 0, 1, 0) FROM `INFORMATION_SCHEMA`.`TABLES` WHERE `TABLE_NAME` = 'hq_admin_role' AND `TABLE_SCHEMA` = DATABASE()
[Tue, 05 Apr 16 18:01:42 +0200][INFO] DESCRIBE `hq_admin_role`
[Tue, 05 Apr 16 18:01:42 +0200][INFO] SELECT IF(COUNT(*) > 0, 1, 0) FROM `INFORMATION_SCHEMA`.`TABLES` WHERE `TABLE_NAME` = 'hq_admin_role' AND `TABLE_SCHEMA` = DATABASE()
[Tue, 05 Apr 16 18:01:42 +0200][INFO] DESCRIBE `hq_admin_role`
[Tue, 05 Apr 16 18:01:42 +0200][INFO] SELECT IF(COUNT(*) > 0, 1, 0) FROM `INFORMATION_SCHEMA`.`TABLES` WHERE `TABLE_NAME` = 'hq_admin_role' AND `TABLE_SCHEMA` = DATABASE()
[Tue, 05 Apr 16 18:01:42 +0200][INFO] DESCRIBE `hq_admin_role`
[Tue, 05 Apr 16 18:01:42 +0200][INFO] SELECT `hq_admin_role`.`role_name` AS `role_name`, `hq_admin_role`.`role_ar_user` AS `role_ar_user` FROM `hq_admin_role`
[Tue, 05 Apr 16 18:01:42 +0200][INFO] SELECT IF(COUNT(*) > 0, 1, 0) FROM `INFORMATION_SCHEMA`.`TABLES` WHERE `TABLE_NAME` = 'hq_agency' AND `TABLE_SCHEMA` = DATABASE()
[Tue, 05 Apr 16 18:01:42 +0200][INFO] DESCRIBE `hq_agency`
[Tue, 05 Apr 16 18:02:38 +0200][INFO] SELECT IF(COUNT(*) > 0, 1, 0) FROM `INFORMATION_SCHEMA`.`TABLES` WHERE `TABLE_NAME` = 'hq_admin_role' AND `TABLE_SCHEMA` = DATABASE()
[Tue, 05 Apr 16 18:02:38 +0200][INFO] DESCRIBE `hq_admin_role`
[Tue, 05 Apr 16 18:02:38 +0200][INFO] SELECT IF(COUNT(*) > 0, 1, 0) FROM `INFORMATION_SCHEMA`.`TABLES` WHERE `TABLE_NAME` = 'hq_admin_role' AND `TABLE_SCHEMA` = DATABASE()
[Tue, 05 Apr 16 18:02:38 +0200][INFO] DESCRIBE `hq_admin_role`
[Tue, 05 Apr 16 18:02:38 +0200][INFO] SELECT IF(COUNT(*) > 0, 1, 0) FROM `INFORMATION_SCHEMA`.`TABLES` WHERE `TABLE_NAME` = 'hq_admin_role' AND `TABLE_SCHEMA` = DATABASE()
[Tue, 05 Apr 16 18:02:38 +0200][INFO] DESCRIBE `hq_admin_role`
[Tue, 05 Apr 16 18:02:38 +0200][INFO] SELECT `hq_admin_role`.`role_name` AS `role_name`, `hq_admin_role`.`role_ar_user` AS `role_ar_user` FROM `hq_admin_role`
[Tue, 05 Apr 16 18:02:38 +0200][INFO] SELECT IF(COUNT(*) > 0, 1, 0) FROM `INFORMATION_SCHEMA`.`TABLES` WHERE `TABLE_NAME` = 'hq_agency' AND `TABLE_SCHEMA` = DATABASE()
[Tue, 05 Apr 16 18:02:38 +0200][INFO] DESCRIBE `hq_agency`
[Tue, 05 Apr 16 18:03:00 +0200][INFO] SELECT IF(COUNT(*) > 0, 1, 0) FROM `INFORMATION_SCHEMA`.`TABLES` WHERE `TABLE_NAME` = 'hq_admin_role' AND `TABLE_SCHEMA` = DATABASE()
[Tue, 05 Apr 16 18:03:00 +0200][INFO] DESCRIBE `hq_admin_role`
[Tue, 05 Apr 16 18:03:00 +0200][INFO] SELECT IF(COUNT(*) > 0, 1, 0) FROM `INFORMATION_SCHEMA`.`TABLES` WHERE `TABLE_NAME` = 'hq_admin_role' AND `TABLE_SCHEMA` = DATABASE()
[Tue, 05 Apr 16 18:03:00 +0200][INFO] DESCRIBE `hq_admin_role`
[Tue, 05 Apr 16 18:03:00 +0200][INFO] SELECT IF(COUNT(*) > 0, 1, 0) FROM `INFORMATION_SCHEMA`.`TABLES` WHERE `TABLE_NAME` = 'hq_admin_role' AND `TABLE_SCHEMA` = DATABASE()
[Tue, 05 Apr 16 18:03:00 +0200][INFO] DESCRIBE `hq_admin_role`
[Tue, 05 Apr 16 18:03:00 +0200][INFO] SELECT `hq_admin_role`.`role_name` AS `role_name`, `hq_admin_role`.`role_ar_user` AS `role_ar_user` FROM `hq_admin_role`
[Tue, 05 Apr 16 18:03:00 +0200][INFO] SELECT IF(COUNT(*) > 0, 1, 0) FROM `INFORMATION_SCHEMA`.`TABLES` WHERE `TABLE_NAME` = 'hq_agency' AND `TABLE_SCHEMA` = DATABASE()
[Tue, 05 Apr 16 18:03:00 +0200][INFO] DESCRIBE `hq_agency`
[Tue, 05 Apr 16 18:03:12 +0200][INFO] SELECT IF(COUNT(*) > 0, 1, 0) FROM `INFORMATION_SCHEMA`.`TABLES` WHERE `TABLE_NAME` = 'hq_admin_role' AND `TABLE_SCHEMA` = DATABASE()
[Tue, 05 Apr 16 18:03:12 +0200][INFO] DESCRIBE `hq_admin_role`
[Tue, 05 Apr 16 18:03:12 +0200][INFO] SELECT IF(COUNT(*) > 0, 1, 0) FROM `INFORMATION_SCHEMA`.`TABLES` WHERE `TABLE_NAME` = 'hq_admin_role' AND `TABLE_SCHEMA` = DATABASE()
[Tue, 05 Apr 16 18:03:12 +0200][INFO] DESCRIBE `hq_admin_role`
[Tue, 05 Apr 16 18:03:12 +0200][INFO] SELECT IF(COUNT(*) > 0, 1, 0) FROM `INFORMATION_SCHEMA`.`TABLES` WHERE `TABLE_NAME` = 'hq_admin_role' AND `TABLE_SCHEMA` = DATABASE()
[Tue, 05 Apr 16 18:03:12 +0200][INFO] DESCRIBE `hq_admin_role`
[Tue, 05 Apr 16 18:03:12 +0200][INFO] SELECT `hq_admin_role`.`role_name` AS `role_name`, `hq_admin_role`.`role_ar_user` AS `role_ar_user` FROM `hq_admin_role`
[Tue, 05 Apr 16 18:03:12 +0200][INFO] SELECT IF(COUNT(*) > 0, 1, 0) FROM `INFORMATION_SCHEMA`.`TABLES` WHERE `TABLE_NAME` = 'hq_agency' AND `TABLE_SCHEMA` = DATABASE()
[Tue, 05 Apr 16 18:03:12 +0200][INFO] DESCRIBE `hq_agency`
[Tue, 05 Apr 16 18:03:12 +0200][INFO] SELECT IF(COUNT(*) > 0, 1, 0) FROM `INFORMATION_SCHEMA`.`TABLES` WHERE `TABLE_NAME` = 'hq_zone_province' AND `TABLE_SCHEMA` = DATABASE()
[Tue, 05 Apr 16 18:03:12 +0200][INFO] DESCRIBE `hq_zone_province`
[Tue, 05 Apr 16 18:03:12 +0200][INFO] SELECT IF(COUNT(*) > 0, 1, 0) FROM `INFORMATION_SCHEMA`.`TABLES` WHERE `TABLE_NAME` = 'hq_zone_province' AND `TABLE_SCHEMA` = DATABASE()
[Tue, 05 Apr 16 18:03:12 +0200][INFO] DESCRIBE `hq_zone_province`
[Tue, 05 Apr 16 18:03:12 +0200][INFO] SELECT IF(COUNT(*) > 0, 1, 0) FROM `INFORMATION_SCHEMA`.`TABLES` WHERE `TABLE_NAME` = 'hq_zone_province' AND `TABLE_SCHEMA` = DATABASE()
[Tue, 05 Apr 16 18:03:12 +0200][INFO] DESCRIBE `hq_zone_province`
[Tue, 05 Apr 16 18:03:12 +0200][INFO] SELECT `hq_zone_province`.`zp_id`, `hq_zone_province`.`zp_name`, `hq_zone_province`.`zp_type` FROM `hq_zone_province`
[Tue, 05 Apr 16 18:03:12 +0200][INFO] SELECT IF(COUNT(*) > 0, 1, 0) FROM `INFORMATION_SCHEMA`.`TABLES` WHERE `TABLE_NAME` = 'hq_agency' AND `TABLE_SCHEMA` = DATABASE()
[Tue, 05 Apr 16 18:03:12 +0200][INFO] DESCRIBE `hq_agency`
[Tue, 05 Apr 16 18:03:12 +0200][INFO] SELECT IF(COUNT(*) > 0, 1, 0) FROM `INFORMATION_SCHEMA`.`TABLES` WHERE `TABLE_NAME` = 'hq_agency' AND `TABLE_SCHEMA` = DATABASE()
[Tue, 05 Apr 16 18:03:12 +0200][INFO] DESCRIBE `hq_agency`
[Tue, 05 Apr 16 18:03:12 +0200][INFO] SELECT `hq_agency`.`ag_id`, `hq_agency`.`ag_name`, `hq_agency`.`ag_address`, `hq_agency`.`zp_id`, `hq_agency`.`ag_create_date`, `hq_agency`.`ag_update_date` FROM `hq_agency`
[Tue, 05 Apr 16 18:03:20 +0200][INFO] SELECT IF(COUNT(*) > 0, 1, 0) FROM `INFORMATION_SCHEMA`.`TABLES` WHERE `TABLE_NAME` = 'hq_admin_role' AND `TABLE_SCHEMA` = DATABASE()
[Tue, 05 Apr 16 18:03:20 +0200][INFO] DESCRIBE `hq_admin_role`
[Tue, 05 Apr 16 18:03:20 +0200][INFO] SELECT IF(COUNT(*) > 0, 1, 0) FROM `INFORMATION_SCHEMA`.`TABLES` WHERE `TABLE_NAME` = 'hq_admin_role' AND `TABLE_SCHEMA` = DATABASE()
[Tue, 05 Apr 16 18:03:20 +0200][INFO] DESCRIBE `hq_admin_role`
[Tue, 05 Apr 16 18:03:20 +0200][INFO] SELECT IF(COUNT(*) > 0, 1, 0) FROM `INFORMATION_SCHEMA`.`TABLES` WHERE `TABLE_NAME` = 'hq_admin_role' AND `TABLE_SCHEMA` = DATABASE()
[Tue, 05 Apr 16 18:03:20 +0200][INFO] DESCRIBE `hq_admin_role`
[Tue, 05 Apr 16 18:03:20 +0200][INFO] SELECT `hq_admin_role`.`role_name` AS `role_name`, `hq_admin_role`.`role_ar_user` AS `role_ar_user` FROM `hq_admin_role`
[Tue, 05 Apr 16 18:03:20 +0200][INFO] SELECT IF(COUNT(*) > 0, 1, 0) FROM `INFORMATION_SCHEMA`.`TABLES` WHERE `TABLE_NAME` = 'hq_agency' AND `TABLE_SCHEMA` = DATABASE()
[Tue, 05 Apr 16 18:03:20 +0200][INFO] DESCRIBE `hq_agency`
[Tue, 05 Apr 16 18:07:49 +0200][INFO] SELECT IF(COUNT(*) > 0, 1, 0) FROM `INFORMATION_SCHEMA`.`TABLES` WHERE `TABLE_NAME` = 'hq_admin_role' AND `TABLE_SCHEMA` = DATABASE()
[Tue, 05 Apr 16 18:07:49 +0200][INFO] DESCRIBE `hq_admin_role`
[Tue, 05 Apr 16 18:07:49 +0200][INFO] SELECT IF(COUNT(*) > 0, 1, 0) FROM `INFORMATION_SCHEMA`.`TABLES` WHERE `TABLE_NAME` = 'hq_admin_role' AND `TABLE_SCHEMA` = DATABASE()
[Tue, 05 Apr 16 18:07:49 +0200][INFO] DESCRIBE `hq_admin_role`
[Tue, 05 Apr 16 18:07:49 +0200][INFO] SELECT IF(COUNT(*) > 0, 1, 0) FROM `INFORMATION_SCHEMA`.`TABLES` WHERE `TABLE_NAME` = 'hq_admin_role' AND `TABLE_SCHEMA` = DATABASE()
[Tue, 05 Apr 16 18:07:49 +0200][INFO] DESCRIBE `hq_admin_role`
[Tue, 05 Apr 16 18:07:49 +0200][INFO] SELECT `hq_admin_role`.`role_name` AS `role_name`, `hq_admin_role`.`role_ar_user` AS `role_ar_user` FROM `hq_admin_role`
[Tue, 05 Apr 16 18:07:49 +0200][INFO] SELECT IF(COUNT(*) > 0, 1, 0) FROM `INFORMATION_SCHEMA`.`TABLES` WHERE `TABLE_NAME` = 'hq_agency' AND `TABLE_SCHEMA` = DATABASE()
[Tue, 05 Apr 16 18:07:49 +0200][INFO] DESCRIBE `hq_agency`
[Tue, 05 Apr 16 18:08:08 +0200][INFO] SELECT IF(COUNT(*) > 0, 1, 0) FROM `INFORMATION_SCHEMA`.`TABLES` WHERE `TABLE_NAME` = 'hq_admin_role' AND `TABLE_SCHEMA` = DATABASE()
[Tue, 05 Apr 16 18:08:08 +0200][INFO] DESCRIBE `hq_admin_role`
[Tue, 05 Apr 16 18:08:08 +0200][INFO] SELECT IF(COUNT(*) > 0, 1, 0) FROM `INFORMATION_SCHEMA`.`TABLES` WHERE `TABLE_NAME` = 'hq_admin_role' AND `TABLE_SCHEMA` = DATABASE()
[Tue, 05 Apr 16 18:08:08 +0200][INFO] DESCRIBE `hq_admin_role`
[Tue, 05 Apr 16 18:08:08 +0200][INFO] SELECT IF(COUNT(*) > 0, 1, 0) FROM `INFORMATION_SCHEMA`.`TABLES` WHERE `TABLE_NAME` = 'hq_admin_role' AND `TABLE_SCHEMA` = DATABASE()
[Tue, 05 Apr 16 18:08:08 +0200][INFO] DESCRIBE `hq_admin_role`
[Tue, 05 Apr 16 18:08:08 +0200][INFO] SELECT `hq_admin_role`.`role_name` AS `role_name`, `hq_admin_role`.`role_ar_user` AS `role_ar_user` FROM `hq_admin_role`
[Tue, 05 Apr 16 18:08:08 +0200][INFO] SELECT IF(COUNT(*) > 0, 1, 0) FROM `INFORMATION_SCHEMA`.`TABLES` WHERE `TABLE_NAME` = 'hq_agency' AND `TABLE_SCHEMA` = DATABASE()
[Tue, 05 Apr 16 18:08:08 +0200][INFO] DESCRIBE `hq_agency`
[Tue, 05 Apr 16 18:08:31 +0200][INFO] SELECT IF(COUNT(*) > 0, 1, 0) FROM `INFORMATION_SCHEMA`.`TABLES` WHERE `TABLE_NAME` = 'hq_admin_role' AND `TABLE_SCHEMA` = DATABASE()
[Tue, 05 Apr 16 18:08:31 +0200][INFO] DESCRIBE `hq_admin_role`
[Tue, 05 Apr 16 18:08:31 +0200][INFO] SELECT IF(COUNT(*) > 0, 1, 0) FROM `INFORMATION_SCHEMA`.`TABLES` WHERE `TABLE_NAME` = 'hq_admin_role' AND `TABLE_SCHEMA` = DATABASE()
[Tue, 05 Apr 16 18:08:31 +0200][INFO] DESCRIBE `hq_admin_role`
[Tue, 05 Apr 16 18:08:31 +0200][INFO] SELECT IF(COUNT(*) > 0, 1, 0) FROM `INFORMATION_SCHEMA`.`TABLES` WHERE `TABLE_NAME` = 'hq_admin_role' AND `TABLE_SCHEMA` = DATABASE()
[Tue, 05 Apr 16 18:08:31 +0200][INFO] DESCRIBE `hq_admin_role`
[Tue, 05 Apr 16 18:08:31 +0200][INFO] SELECT `hq_admin_role`.`role_name` AS `role_name`, `hq_admin_role`.`role_ar_user` AS `role_ar_user` FROM `hq_admin_role`
[Tue, 05 Apr 16 18:08:31 +0200][INFO] SELECT IF(COUNT(*) > 0, 1, 0) FROM `INFORMATION_SCHEMA`.`TABLES` WHERE `TABLE_NAME` = 'hq_agency' AND `TABLE_SCHEMA` = DATABASE()
[Tue, 05 Apr 16 18:08:31 +0200][INFO] DESCRIBE `hq_agency`
[Tue, 05 Apr 16 18:13:27 +0200][INFO] SELECT IF(COUNT(*) > 0, 1, 0) FROM `INFORMATION_SCHEMA`.`TABLES` WHERE `TABLE_NAME` = 'hq_admin_role' AND `TABLE_SCHEMA` = DATABASE()
[Tue, 05 Apr 16 18:13:27 +0200][INFO] DESCRIBE `hq_admin_role`
[Tue, 05 Apr 16 18:13:27 +0200][INFO] SELECT IF(COUNT(*) > 0, 1, 0) FROM `INFORMATION_SCHEMA`.`TABLES` WHERE `TABLE_NAME` = 'hq_admin_role' AND `TABLE_SCHEMA` = DATABASE()
[Tue, 05 Apr 16 18:13:27 +0200][INFO] DESCRIBE `hq_admin_role`
[Tue, 05 Apr 16 18:13:27 +0200][INFO] SELECT IF(COUNT(*) > 0, 1, 0) FROM `INFORMATION_SCHEMA`.`TABLES` WHERE `TABLE_NAME` = 'hq_admin_role' AND `TABLE_SCHEMA` = DATABASE()
[Tue, 05 Apr 16 18:13:27 +0200][INFO] DESCRIBE `hq_admin_role`
[Tue, 05 Apr 16 18:13:27 +0200][INFO] SELECT `hq_admin_role`.`role_name` AS `role_name`, `hq_admin_role`.`role_ar_user` AS `role_ar_user` FROM `hq_admin_role`
[Tue, 05 Apr 16 18:13:27 +0200][INFO] SELECT IF(COUNT(*) > 0, 1, 0) FROM `INFORMATION_SCHEMA`.`TABLES` WHERE `TABLE_NAME` = 'hq_agency' AND `TABLE_SCHEMA` = DATABASE()
[Tue, 05 Apr 16 18:13:27 +0200][INFO] DESCRIBE `hq_agency`
[Tue, 05 Apr 16 18:14:05 +0200][INFO] SELECT IF(COUNT(*) > 0, 1, 0) FROM `INFORMATION_SCHEMA`.`TABLES` WHERE `TABLE_NAME` = 'hq_admin_role' AND `TABLE_SCHEMA` = DATABASE()
[Tue, 05 Apr 16 18:14:05 +0200][INFO] DESCRIBE `hq_admin_role`
[Tue, 05 Apr 16 18:14:05 +0200][INFO] SELECT IF(COUNT(*) > 0, 1, 0) FROM `INFORMATION_SCHEMA`.`TABLES` WHERE `TABLE_NAME` = 'hq_admin_role' AND `TABLE_SCHEMA` = DATABASE()
[Tue, 05 Apr 16 18:14:05 +0200][INFO] DESCRIBE `hq_admin_role`
[Tue, 05 Apr 16 18:14:05 +0200][INFO] SELECT IF(COUNT(*) > 0, 1, 0) FROM `INFORMATION_SCHEMA`.`TABLES` WHERE `TABLE_NAME` = 'hq_admin_role' AND `TABLE_SCHEMA` = DATABASE()
[Tue, 05 Apr 16 18:14:05 +0200][INFO] DESCRIBE `hq_admin_role`
[Tue, 05 Apr 16 18:14:05 +0200][INFO] SELECT `hq_admin_role`.`role_name` AS `role_name`, `hq_admin_role`.`role_ar_user` AS `role_ar_user` FROM `hq_admin_role`
[Tue, 05 Apr 16 18:14:05 +0200][INFO] SELECT IF(COUNT(*) > 0, 1, 0) FROM `INFORMATION_SCHEMA`.`TABLES` WHERE `TABLE_NAME` = 'hq_agency' AND `TABLE_SCHEMA` = DATABASE()
[Tue, 05 Apr 16 18:14:05 +0200][INFO] DESCRIBE `hq_agency`
[Tue, 05 Apr 16 18:14:43 +0200][INFO] SELECT IF(COUNT(*) > 0, 1, 0) FROM `INFORMATION_SCHEMA`.`TABLES` WHERE `TABLE_NAME` = 'hq_admin_role' AND `TABLE_SCHEMA` = DATABASE()
[Tue, 05 Apr 16 18:14:43 +0200][INFO] DESCRIBE `hq_admin_role`
[Tue, 05 Apr 16 18:14:43 +0200][INFO] SELECT IF(COUNT(*) > 0, 1, 0) FROM `INFORMATION_SCHEMA`.`TABLES` WHERE `TABLE_NAME` = 'hq_admin_role' AND `TABLE_SCHEMA` = DATABASE()
[Tue, 05 Apr 16 18:14:43 +0200][INFO] DESCRIBE `hq_admin_role`
[Tue, 05 Apr 16 18:14:43 +0200][INFO] SELECT IF(COUNT(*) > 0, 1, 0) FROM `INFORMATION_SCHEMA`.`TABLES` WHERE `TABLE_NAME` = 'hq_admin_role' AND `TABLE_SCHEMA` = DATABASE()
[Tue, 05 Apr 16 18:14:43 +0200][INFO] DESCRIBE `hq_admin_role`
[Tue, 05 Apr 16 18:14:43 +0200][INFO] SELECT `hq_admin_role`.`role_name` AS `role_name`, `hq_admin_role`.`role_ar_user` AS `role_ar_user` FROM `hq_admin_role`
[Tue, 05 Apr 16 18:14:43 +0200][INFO] SELECT IF(COUNT(*) > 0, 1, 0) FROM `INFORMATION_SCHEMA`.`TABLES` WHERE `TABLE_NAME` = 'hq_agency' AND `TABLE_SCHEMA` = DATABASE()
[Tue, 05 Apr 16 18:14:43 +0200][INFO] DESCRIBE `hq_agency`
[Tue, 05 Apr 16 18:14:45 +0200][INFO] SELECT IF(COUNT(*) > 0, 1, 0) FROM `INFORMATION_SCHEMA`.`TABLES` WHERE `TABLE_NAME` = 'hq_admin_role' AND `TABLE_SCHEMA` = DATABASE()
[Tue, 05 Apr 16 18:14:45 +0200][INFO] DESCRIBE `hq_admin_role`
[Tue, 05 Apr 16 18:14:45 +0200][INFO] SELECT IF(COUNT(*) > 0, 1, 0) FROM `INFORMATION_SCHEMA`.`TABLES` WHERE `TABLE_NAME` = 'hq_admin_role' AND `TABLE_SCHEMA` = DATABASE()
[Tue, 05 Apr 16 18:14:45 +0200][INFO] DESCRIBE `hq_admin_role`
[Tue, 05 Apr 16 18:14:45 +0200][INFO] SELECT IF(COUNT(*) > 0, 1, 0) FROM `INFORMATION_SCHEMA`.`TABLES` WHERE `TABLE_NAME` = 'hq_admin_role' AND `TABLE_SCHEMA` = DATABASE()
[Tue, 05 Apr 16 18:14:45 +0200][INFO] DESCRIBE `hq_admin_role`
[Tue, 05 Apr 16 18:14:45 +0200][INFO] SELECT `hq_admin_role`.`role_name` AS `role_name`, `hq_admin_role`.`role_ar_user` AS `role_ar_user` FROM `hq_admin_role`
[Tue, 05 Apr 16 18:14:45 +0200][INFO] SELECT IF(COUNT(*) > 0, 1, 0) FROM `INFORMATION_SCHEMA`.`TABLES` WHERE `TABLE_NAME` = 'hq_agency' AND `TABLE_SCHEMA` = DATABASE()
[Tue, 05 Apr 16 18:14:45 +0200][INFO] DESCRIBE `hq_agency`
[Tue, 05 Apr 16 18:15:00 +0200][INFO] SELECT IF(COUNT(*) > 0, 1, 0) FROM `INFORMATION_SCHEMA`.`TABLES` WHERE `TABLE_NAME` = 'hq_admin_role' AND `TABLE_SCHEMA` = DATABASE()
[Tue, 05 Apr 16 18:15:00 +0200][INFO] DESCRIBE `hq_admin_role`
[Tue, 05 Apr 16 18:15:00 +0200][INFO] SELECT IF(COUNT(*) > 0, 1, 0) FROM `INFORMATION_SCHEMA`.`TABLES` WHERE `TABLE_NAME` = 'hq_admin_role' AND `TABLE_SCHEMA` = DATABASE()
[Tue, 05 Apr 16 18:15:00 +0200][INFO] DESCRIBE `hq_admin_role`
[Tue, 05 Apr 16 18:15:00 +0200][INFO] SELECT IF(COUNT(*) > 0, 1, 0) FROM `INFORMATION_SCHEMA`.`TABLES` WHERE `TABLE_NAME` = 'hq_admin_role' AND `TABLE_SCHEMA` = DATABASE()
[Tue, 05 Apr 16 18:15:00 +0200][INFO] DESCRIBE `hq_admin_role`
[Tue, 05 Apr 16 18:15:00 +0200][INFO] SELECT `hq_admin_role`.`role_name` AS `role_name`, `hq_admin_role`.`role_ar_user` AS `role_ar_user` FROM `hq_admin_role`
[Tue, 05 Apr 16 18:15:00 +0200][INFO] SELECT IF(COUNT(*) > 0, 1, 0) FROM `INFORMATION_SCHEMA`.`TABLES` WHERE `TABLE_NAME` = 'hq_agency' AND `TABLE_SCHEMA` = DATABASE()
[Tue, 05 Apr 16 18:15:00 +0200][INFO] DESCRIBE `hq_agency`
[Tue, 05 Apr 16 18:15:00 +0200][INFO] SELECT IF(COUNT(*) > 0, 1, 0) FROM `INFORMATION_SCHEMA`.`TABLES` WHERE `TABLE_NAME` = 'hq_agency' AND `TABLE_SCHEMA` = DATABASE()
[Tue, 05 Apr 16 18:15:00 +0200][INFO] DESCRIBE `hq_agency`
[Tue, 05 Apr 16 18:15:23 +0200][INFO] SELECT IF(COUNT(*) > 0, 1, 0) FROM `INFORMATION_SCHEMA`.`TABLES` WHERE `TABLE_NAME` = 'hq_admin_role' AND `TABLE_SCHEMA` = DATABASE()
[Tue, 05 Apr 16 18:15:23 +0200][INFO] DESCRIBE `hq_admin_role`
[Tue, 05 Apr 16 18:15:23 +0200][INFO] SELECT IF(COUNT(*) > 0, 1, 0) FROM `INFORMATION_SCHEMA`.`TABLES` WHERE `TABLE_NAME` = 'hq_admin_role' AND `TABLE_SCHEMA` = DATABASE()
[Tue, 05 Apr 16 18:15:23 +0200][INFO] DESCRIBE `hq_admin_role`
[Tue, 05 Apr 16 18:15:23 +0200][INFO] SELECT IF(COUNT(*) > 0, 1, 0) FROM `INFORMATION_SCHEMA`.`TABLES` WHERE `TABLE_NAME` = 'hq_admin_role' AND `TABLE_SCHEMA` = DATABASE()
[Tue, 05 Apr 16 18:15:23 +0200][INFO] DESCRIBE `hq_admin_role`
[Tue, 05 Apr 16 18:15:23 +0200][INFO] SELECT `hq_admin_role`.`role_name` AS `role_name`, `hq_admin_role`.`role_ar_user` AS `role_ar_user` FROM `hq_admin_role`
[Tue, 05 Apr 16 18:15:23 +0200][INFO] SELECT IF(COUNT(*) > 0, 1, 0) FROM `INFORMATION_SCHEMA`.`TABLES` WHERE `TABLE_NAME` = 'hq_agency' AND `TABLE_SCHEMA` = DATABASE()
[Tue, 05 Apr 16 18:15:23 +0200][INFO] DESCRIBE `hq_agency`
[Tue, 05 Apr 16 18:15:47 +0200][INFO] SELECT IF(COUNT(*) > 0, 1, 0) FROM `INFORMATION_SCHEMA`.`TABLES` WHERE `TABLE_NAME` = 'hq_admin_role' AND `TABLE_SCHEMA` = DATABASE()
[Tue, 05 Apr 16 18:15:47 +0200][INFO] DESCRIBE `hq_admin_role`
[Tue, 05 Apr 16 18:15:47 +0200][INFO] SELECT IF(COUNT(*) > 0, 1, 0) FROM `INFORMATION_SCHEMA`.`TABLES` WHERE `TABLE_NAME` = 'hq_admin_role' AND `TABLE_SCHEMA` = DATABASE()
[Tue, 05 Apr 16 18:15:47 +0200][INFO] DESCRIBE `hq_admin_role`
[Tue, 05 Apr 16 18:15:47 +0200][INFO] SELECT IF(COUNT(*) > 0, 1, 0) FROM `INFORMATION_SCHEMA`.`TABLES` WHERE `TABLE_NAME` = 'hq_admin_role' AND `TABLE_SCHEMA` = DATABASE()
[Tue, 05 Apr 16 18:15:47 +0200][INFO] DESCRIBE `hq_admin_role`
[Tue, 05 Apr 16 18:15:47 +0200][INFO] SELECT `hq_admin_role`.`role_name` AS `role_name`, `hq_admin_role`.`role_ar_user` AS `role_ar_user` FROM `hq_admin_role`
[Tue, 05 Apr 16 18:15:47 +0200][INFO] SELECT IF(COUNT(*) > 0, 1, 0) FROM `INFORMATION_SCHEMA`.`TABLES` WHERE `TABLE_NAME` = 'hq_agency' AND `TABLE_SCHEMA` = DATABASE()
[Tue, 05 Apr 16 18:15:47 +0200][INFO] DESCRIBE `hq_agency`
[Tue, 05 Apr 16 18:15:56 +0200][INFO] SELECT IF(COUNT(*) > 0, 1, 0) FROM `INFORMATION_SCHEMA`.`TABLES` WHERE `TABLE_NAME` = 'hq_admin_role' AND `TABLE_SCHEMA` = DATABASE()
[Tue, 05 Apr 16 18:15:56 +0200][INFO] DESCRIBE `hq_admin_role`
[Tue, 05 Apr 16 18:15:56 +0200][INFO] SELECT IF(COUNT(*) > 0, 1, 0) FROM `INFORMATION_SCHEMA`.`TABLES` WHERE `TABLE_NAME` = 'hq_admin_role' AND `TABLE_SCHEMA` = DATABASE()
[Tue, 05 Apr 16 18:15:56 +0200][INFO] DESCRIBE `hq_admin_role`
[Tue, 05 Apr 16 18:15:56 +0200][INFO] SELECT IF(COUNT(*) > 0, 1, 0) FROM `INFORMATION_SCHEMA`.`TABLES` WHERE `TABLE_NAME` = 'hq_admin_role' AND `TABLE_SCHEMA` = DATABASE()
[Tue, 05 Apr 16 18:15:56 +0200][INFO] DESCRIBE `hq_admin_role`
[Tue, 05 Apr 16 18:15:56 +0200][INFO] SELECT `hq_admin_role`.`role_name` AS `role_name`, `hq_admin_role`.`role_ar_user` AS `role_ar_user` FROM `hq_admin_role`
[Tue, 05 Apr 16 18:15:56 +0200][INFO] SELECT IF(COUNT(*) > 0, 1, 0) FROM `INFORMATION_SCHEMA`.`TABLES` WHERE `TABLE_NAME` = 'hq_agency' AND `TABLE_SCHEMA` = DATABASE()
[Tue, 05 Apr 16 18:15:56 +0200][INFO] DESCRIBE `hq_agency`
[Tue, 05 Apr 16 18:17:19 +0200][INFO] SELECT IF(COUNT(*) > 0, 1, 0) FROM `INFORMATION_SCHEMA`.`TABLES` WHERE `TABLE_NAME` = 'hq_admin_role' AND `TABLE_SCHEMA` = DATABASE()
[Tue, 05 Apr 16 18:17:19 +0200][INFO] DESCRIBE `hq_admin_role`
[Tue, 05 Apr 16 18:17:19 +0200][INFO] SELECT IF(COUNT(*) > 0, 1, 0) FROM `INFORMATION_SCHEMA`.`TABLES` WHERE `TABLE_NAME` = 'hq_admin_role' AND `TABLE_SCHEMA` = DATABASE()
[Tue, 05 Apr 16 18:17:19 +0200][INFO] DESCRIBE `hq_admin_role`
[Tue, 05 Apr 16 18:17:19 +0200][INFO] SELECT IF(COUNT(*) > 0, 1, 0) FROM `INFORMATION_SCHEMA`.`TABLES` WHERE `TABLE_NAME` = 'hq_admin_role' AND `TABLE_SCHEMA` = DATABASE()
[Tue, 05 Apr 16 18:17:19 +0200][INFO] DESCRIBE `hq_admin_role`
[Tue, 05 Apr 16 18:17:19 +0200][INFO] SELECT `hq_admin_role`.`role_name` AS `role_name`, `hq_admin_role`.`role_ar_user` AS `role_ar_user` FROM `hq_admin_role`
[Tue, 05 Apr 16 18:17:19 +0200][INFO] SELECT IF(COUNT(*) > 0, 1, 0) FROM `INFORMATION_SCHEMA`.`TABLES` WHERE `TABLE_NAME` = 'hq_agency' AND `TABLE_SCHEMA` = DATABASE()
[Tue, 05 Apr 16 18:17:19 +0200][INFO] DESCRIBE `hq_agency`
[Tue, 05 Apr 16 18:19:27 +0200][INFO] SELECT IF(COUNT(*) > 0, 1, 0) FROM `INFORMATION_SCHEMA`.`TABLES` WHERE `TABLE_NAME` = 'hq_admin_role' AND `TABLE_SCHEMA` = DATABASE()
[Tue, 05 Apr 16 18:19:27 +0200][INFO] DESCRIBE `hq_admin_role`
[Tue, 05 Apr 16 18:19:27 +0200][INFO] SELECT IF(COUNT(*) > 0, 1, 0) FROM `INFORMATION_SCHEMA`.`TABLES` WHERE `TABLE_NAME` = 'hq_admin_role' AND `TABLE_SCHEMA` = DATABASE()
[Tue, 05 Apr 16 18:19:27 +0200][INFO] DESCRIBE `hq_admin_role`
[Tue, 05 Apr 16 18:19:27 +0200][INFO] SELECT IF(COUNT(*) > 0, 1, 0) FROM `INFORMATION_SCHEMA`.`TABLES` WHERE `TABLE_NAME` = 'hq_admin_role' AND `TABLE_SCHEMA` = DATABASE()
[Tue, 05 Apr 16 18:19:27 +0200][INFO] DESCRIBE `hq_admin_role`
[Tue, 05 Apr 16 18:19:27 +0200][INFO] SELECT `hq_admin_role`.`role_name` AS `role_name`, `hq_admin_role`.`role_ar_user` AS `role_ar_user` FROM `hq_admin_role`
[Tue, 05 Apr 16 18:19:27 +0200][INFO] SELECT IF(COUNT(*) > 0, 1, 0) FROM `INFORMATION_SCHEMA`.`TABLES` WHERE `TABLE_NAME` = 'hq_agency' AND `TABLE_SCHEMA` = DATABASE()
[Tue, 05 Apr 16 18:19:27 +0200][INFO] DESCRIBE `hq_agency`
[Tue, 05 Apr 16 18:26:47 +0200][INFO] SELECT IF(COUNT(*) > 0, 1, 0) FROM `INFORMATION_SCHEMA`.`TABLES` WHERE `TABLE_NAME` = 'hq_admin_role' AND `TABLE_SCHEMA` = DATABASE()
[Tue, 05 Apr 16 18:26:47 +0200][INFO] DESCRIBE `hq_admin_role`
[Tue, 05 Apr 16 18:26:47 +0200][INFO] SELECT IF(COUNT(*) > 0, 1, 0) FROM `INFORMATION_SCHEMA`.`TABLES` WHERE `TABLE_NAME` = 'hq_admin_role' AND `TABLE_SCHEMA` = DATABASE()
[Tue, 05 Apr 16 18:26:47 +0200][INFO] DESCRIBE `hq_admin_role`
[Tue, 05 Apr 16 18:26:47 +0200][INFO] SELECT IF(COUNT(*) > 0, 1, 0) FROM `INFORMATION_SCHEMA`.`TABLES` WHERE `TABLE_NAME` = 'hq_admin_role' AND `TABLE_SCHEMA` = DATABASE()
[Tue, 05 Apr 16 18:26:47 +0200][INFO] DESCRIBE `hq_admin_role`
[Tue, 05 Apr 16 18:26:47 +0200][INFO] SELECT `hq_admin_role`.`role_name` AS `role_name`, `hq_admin_role`.`role_ar_user` AS `role_ar_user` FROM `hq_admin_role`
[Tue, 05 Apr 16 18:26:47 +0200][INFO] SELECT IF(COUNT(*) > 0, 1, 0) FROM `INFORMATION_SCHEMA`.`TABLES` WHERE `TABLE_NAME` = 'hq_agency' AND `TABLE_SCHEMA` = DATABASE()
[Tue, 05 Apr 16 18:26:47 +0200][INFO] DESCRIBE `hq_agency`
[Tue, 05 Apr 16 18:27:32 +0200][INFO] SELECT IF(COUNT(*) > 0, 1, 0) FROM `INFORMATION_SCHEMA`.`TABLES` WHERE `TABLE_NAME` = 'hq_admin_role' AND `TABLE_SCHEMA` = DATABASE()
[Tue, 05 Apr 16 18:27:32 +0200][INFO] DESCRIBE `hq_admin_role`
[Tue, 05 Apr 16 18:27:32 +0200][INFO] SELECT IF(COUNT(*) > 0, 1, 0) FROM `INFORMATION_SCHEMA`.`TABLES` WHERE `TABLE_NAME` = 'hq_admin_role' AND `TABLE_SCHEMA` = DATABASE()
[Tue, 05 Apr 16 18:27:32 +0200][INFO] DESCRIBE `hq_admin_role`
[Tue, 05 Apr 16 18:27:32 +0200][INFO] SELECT IF(COUNT(*) > 0, 1, 0) FROM `INFORMATION_SCHEMA`.`TABLES` WHERE `TABLE_NAME` = 'hq_admin_role' AND `TABLE_SCHEMA` = DATABASE()
[Tue, 05 Apr 16 18:27:32 +0200][INFO] DESCRIBE `hq_admin_role`
[Tue, 05 Apr 16 18:27:32 +0200][INFO] SELECT `hq_admin_role`.`role_name` AS `role_name`, `hq_admin_role`.`role_ar_user` AS `role_ar_user` FROM `hq_admin_role`
[Tue, 05 Apr 16 18:27:32 +0200][INFO] SELECT IF(COUNT(*) > 0, 1, 0) FROM `INFORMATION_SCHEMA`.`TABLES` WHERE `TABLE_NAME` = 'hq_agency' AND `TABLE_SCHEMA` = DATABASE()
[Tue, 05 Apr 16 18:27:32 +0200][INFO] DESCRIBE `hq_agency`
[Tue, 05 Apr 16 18:37:22 +0200][INFO] SELECT IF(COUNT(*) > 0, 1, 0) FROM `INFORMATION_SCHEMA`.`TABLES` WHERE `TABLE_NAME` = 'hq_admin_role' AND `TABLE_SCHEMA` = DATABASE()
[Tue, 05 Apr 16 18:37:22 +0200][INFO] DESCRIBE `hq_admin_role`
[Tue, 05 Apr 16 18:37:22 +0200][INFO] SELECT IF(COUNT(*) > 0, 1, 0) FROM `INFORMATION_SCHEMA`.`TABLES` WHERE `TABLE_NAME` = 'hq_admin_role' AND `TABLE_SCHEMA` = DATABASE()
[Tue, 05 Apr 16 18:37:22 +0200][INFO] DESCRIBE `hq_admin_role`
[Tue, 05 Apr 16 18:37:22 +0200][INFO] SELECT IF(COUNT(*) > 0, 1, 0) FROM `INFORMATION_SCHEMA`.`TABLES` WHERE `TABLE_NAME` = 'hq_admin_role' AND `TABLE_SCHEMA` = DATABASE()
[Tue, 05 Apr 16 18:37:22 +0200][INFO] DESCRIBE `hq_admin_role`
[Tue, 05 Apr 16 18:37:22 +0200][INFO] SELECT `hq_admin_role`.`role_name` AS `role_name`, `hq_admin_role`.`role_ar_user` AS `role_ar_user` FROM `hq_admin_role`
[Tue, 05 Apr 16 18:37:22 +0200][INFO] SELECT IF(COUNT(*) > 0, 1, 0) FROM `INFORMATION_SCHEMA`.`TABLES` WHERE `TABLE_NAME` = 'hq_agency' AND `TABLE_SCHEMA` = DATABASE()
[Tue, 05 Apr 16 18:37:22 +0200][INFO] DESCRIBE `hq_agency`
[Tue, 05 Apr 16 18:38:29 +0200][INFO] SELECT IF(COUNT(*) > 0, 1, 0) FROM `INFORMATION_SCHEMA`.`TABLES` WHERE `TABLE_NAME` = 'hq_admin_role' AND `TABLE_SCHEMA` = DATABASE()
[Tue, 05 Apr 16 18:38:29 +0200][INFO] DESCRIBE `hq_admin_role`
[Tue, 05 Apr 16 18:38:29 +0200][INFO] SELECT IF(COUNT(*) > 0, 1, 0) FROM `INFORMATION_SCHEMA`.`TABLES` WHERE `TABLE_NAME` = 'hq_admin_role' AND `TABLE_SCHEMA` = DATABASE()
[Tue, 05 Apr 16 18:38:29 +0200][INFO] DESCRIBE `hq_admin_role`
[Tue, 05 Apr 16 18:38:29 +0200][INFO] SELECT IF(COUNT(*) > 0, 1, 0) FROM `INFORMATION_SCHEMA`.`TABLES` WHERE `TABLE_NAME` = 'hq_admin_role' AND `TABLE_SCHEMA` = DATABASE()
[Tue, 05 Apr 16 18:38:29 +0200][INFO] DESCRIBE `hq_admin_role`
[Tue, 05 Apr 16 18:38:29 +0200][INFO] SELECT `hq_admin_role`.`role_name` AS `role_name`, `hq_admin_role`.`role_ar_user` AS `role_ar_user` FROM `hq_admin_role`
[Tue, 05 Apr 16 18:38:29 +0200][INFO] SELECT IF(COUNT(*) > 0, 1, 0) FROM `INFORMATION_SCHEMA`.`TABLES` WHERE `TABLE_NAME` = 'hq_agency' AND `TABLE_SCHEMA` = DATABASE()
[Tue, 05 Apr 16 18:38:29 +0200][INFO] DESCRIBE `hq_agency`
[Tue, 05 Apr 16 18:51:41 +0200][INFO] SELECT IF(COUNT(*) > 0, 1, 0) FROM `INFORMATION_SCHEMA`.`TABLES` WHERE `TABLE_NAME` = 'hq_admin_role' AND `TABLE_SCHEMA` = DATABASE()
[Tue, 05 Apr 16 18:51:41 +0200][INFO] DESCRIBE `hq_admin_role`
[Tue, 05 Apr 16 18:51:41 +0200][INFO] SELECT IF(COUNT(*) > 0, 1, 0) FROM `INFORMATION_SCHEMA`.`TABLES` WHERE `TABLE_NAME` = 'hq_admin_role' AND `TABLE_SCHEMA` = DATABASE()
[Tue, 05 Apr 16 18:51:41 +0200][INFO] DESCRIBE `hq_admin_role`
[Tue, 05 Apr 16 18:51:41 +0200][INFO] SELECT IF(COUNT(*) > 0, 1, 0) FROM `INFORMATION_SCHEMA`.`TABLES` WHERE `TABLE_NAME` = 'hq_admin_role' AND `TABLE_SCHEMA` = DATABASE()
[Tue, 05 Apr 16 18:51:41 +0200][INFO] DESCRIBE `hq_admin_role`
[Tue, 05 Apr 16 18:51:41 +0200][INFO] SELECT `hq_admin_role`.`role_name` AS `role_name`, `hq_admin_role`.`role_ar_user` AS `role_ar_user` FROM `hq_admin_role`
[Tue, 05 Apr 16 18:51:41 +0200][INFO] SELECT IF(COUNT(*) > 0, 1, 0) FROM `INFORMATION_SCHEMA`.`TABLES` WHERE `TABLE_NAME` = 'hq_agency' AND `TABLE_SCHEMA` = DATABASE()
[Tue, 05 Apr 16 18:51:41 +0200][INFO] DESCRIBE `hq_agency`
[Tue, 05 Apr 16 18:52:13 +0200][INFO] SELECT IF(COUNT(*) > 0, 1, 0) FROM `INFORMATION_SCHEMA`.`TABLES` WHERE `TABLE_NAME` = 'hq_admin_role' AND `TABLE_SCHEMA` = DATABASE()
[Tue, 05 Apr 16 18:52:13 +0200][INFO] DESCRIBE `hq_admin_role`
[Tue, 05 Apr 16 18:52:13 +0200][INFO] SELECT IF(COUNT(*) > 0, 1, 0) FROM `INFORMATION_SCHEMA`.`TABLES` WHERE `TABLE_NAME` = 'hq_admin_role' AND `TABLE_SCHEMA` = DATABASE()
[Tue, 05 Apr 16 18:52:13 +0200][INFO] DESCRIBE `hq_admin_role`
[Tue, 05 Apr 16 18:52:13 +0200][INFO] SELECT IF(COUNT(*) > 0, 1, 0) FROM `INFORMATION_SCHEMA`.`TABLES` WHERE `TABLE_NAME` = 'hq_admin_role' AND `TABLE_SCHEMA` = DATABASE()
[Tue, 05 Apr 16 18:52:13 +0200][INFO] DESCRIBE `hq_admin_role`
[Tue, 05 Apr 16 18:52:13 +0200][INFO] SELECT `hq_admin_role`.`role_name` AS `role_name`, `hq_admin_role`.`role_ar_user` AS `role_ar_user` FROM `hq_admin_role`
[Tue, 05 Apr 16 18:52:13 +0200][INFO] SELECT IF(COUNT(*) > 0, 1, 0) FROM `INFORMATION_SCHEMA`.`TABLES` WHERE `TABLE_NAME` = 'hq_agency' AND `TABLE_SCHEMA` = DATABASE()
[Tue, 05 Apr 16 18:52:13 +0200][INFO] DESCRIBE `hq_agency`
[Tue, 05 Apr 16 18:52:13 +0200][INFO] SELECT IF(COUNT(*) > 0, 1, 0) FROM `INFORMATION_SCHEMA`.`TABLES` WHERE `TABLE_NAME` = 'hq_zone_province' AND `TABLE_SCHEMA` = DATABASE()
[Tue, 05 Apr 16 18:52:13 +0200][INFO] DESCRIBE `hq_zone_province`
[Tue, 05 Apr 16 18:52:13 +0200][INFO] SELECT IF(COUNT(*) > 0, 1, 0) FROM `INFORMATION_SCHEMA`.`TABLES` WHERE `TABLE_NAME` = 'hq_zone_province' AND `TABLE_SCHEMA` = DATABASE()
[Tue, 05 Apr 16 18:52:13 +0200][INFO] DESCRIBE `hq_zone_province`
[Tue, 05 Apr 16 18:52:13 +0200][INFO] SELECT IF(COUNT(*) > 0, 1, 0) FROM `INFORMATION_SCHEMA`.`TABLES` WHERE `TABLE_NAME` = 'hq_zone_province' AND `TABLE_SCHEMA` = DATABASE()
[Tue, 05 Apr 16 18:52:13 +0200][INFO] DESCRIBE `hq_zone_province`
[Tue, 05 Apr 16 18:52:13 +0200][INFO] SELECT `hq_zone_province`.`zp_id`, `hq_zone_province`.`zp_name`, `hq_zone_province`.`zp_type` FROM `hq_zone_province`
[Tue, 05 Apr 16 18:52:13 +0200][INFO] SELECT IF(COUNT(*) > 0, 1, 0) FROM `INFORMATION_SCHEMA`.`TABLES` WHERE `TABLE_NAME` = 'hq_agency' AND `TABLE_SCHEMA` = DATABASE()
[Tue, 05 Apr 16 18:52:13 +0200][INFO] DESCRIBE `hq_agency`
[Tue, 05 Apr 16 18:52:13 +0200][INFO] SELECT IF(COUNT(*) > 0, 1, 0) FROM `INFORMATION_SCHEMA`.`TABLES` WHERE `TABLE_NAME` = 'hq_agency' AND `TABLE_SCHEMA` = DATABASE()
[Tue, 05 Apr 16 18:52:13 +0200][INFO] DESCRIBE `hq_agency`
[Tue, 05 Apr 16 18:52:13 +0200][INFO] SELECT `hq_agency`.`ag_id`, `hq_agency`.`ag_name`, `hq_agency`.`ag_address`, `hq_agency`.`zp_id`, `hq_agency`.`ag_create_date`, `hq_agency`.`ag_update_date` FROM `hq_agency`
[Tue, 05 Apr 16 18:52:25 +0200][INFO] SELECT IF(COUNT(*) > 0, 1, 0) FROM `INFORMATION_SCHEMA`.`TABLES` WHERE `TABLE_NAME` = 'hq_admin_role' AND `TABLE_SCHEMA` = DATABASE()
[Tue, 05 Apr 16 18:52:25 +0200][INFO] DESCRIBE `hq_admin_role`
[Tue, 05 Apr 16 18:52:25 +0200][INFO] SELECT IF(COUNT(*) > 0, 1, 0) FROM `INFORMATION_SCHEMA`.`TABLES` WHERE `TABLE_NAME` = 'hq_admin_role' AND `TABLE_SCHEMA` = DATABASE()
[Tue, 05 Apr 16 18:52:25 +0200][INFO] DESCRIBE `hq_admin_role`
[Tue, 05 Apr 16 18:52:25 +0200][INFO] SELECT IF(COUNT(*) > 0, 1, 0) FROM `INFORMATION_SCHEMA`.`TABLES` WHERE `TABLE_NAME` = 'hq_admin_role' AND `TABLE_SCHEMA` = DATABASE()
[Tue, 05 Apr 16 18:52:25 +0200][INFO] DESCRIBE `hq_admin_role`
[Tue, 05 Apr 16 18:52:25 +0200][INFO] SELECT `hq_admin_role`.`role_name` AS `role_name`, `hq_admin_role`.`role_ar_user` AS `role_ar_user` FROM `hq_admin_role`
[Tue, 05 Apr 16 18:52:25 +0200][INFO] SELECT IF(COUNT(*) > 0, 1, 0) FROM `INFORMATION_SCHEMA`.`TABLES` WHERE `TABLE_NAME` = 'hq_agency' AND `TABLE_SCHEMA` = DATABASE()
[Tue, 05 Apr 16 18:52:25 +0200][INFO] DESCRIBE `hq_agency`
[Tue, 05 Apr 16 18:52:53 +0200][INFO] SELECT IF(COUNT(*) > 0, 1, 0) FROM `INFORMATION_SCHEMA`.`TABLES` WHERE `TABLE_NAME` = 'hq_admin_role' AND `TABLE_SCHEMA` = DATABASE()
[Tue, 05 Apr 16 18:52:53 +0200][INFO] DESCRIBE `hq_admin_role`
[Tue, 05 Apr 16 18:52:53 +0200][INFO] SELECT IF(COUNT(*) > 0, 1, 0) FROM `INFORMATION_SCHEMA`.`TABLES` WHERE `TABLE_NAME` = 'hq_admin_role' AND `TABLE_SCHEMA` = DATABASE()
[Tue, 05 Apr 16 18:52:53 +0200][INFO] DESCRIBE `hq_admin_role`
[Tue, 05 Apr 16 18:52:53 +0200][INFO] SELECT IF(COUNT(*) > 0, 1, 0) FROM `INFORMATION_SCHEMA`.`TABLES` WHERE `TABLE_NAME` = 'hq_admin_role' AND `TABLE_SCHEMA` = DATABASE()
[Tue, 05 Apr 16 18:52:53 +0200][INFO] DESCRIBE `hq_admin_role`
[Tue, 05 Apr 16 18:52:53 +0200][INFO] SELECT `hq_admin_role`.`role_name` AS `role_name`, `hq_admin_role`.`role_ar_user` AS `role_ar_user` FROM `hq_admin_role`
[Tue, 05 Apr 16 18:52:53 +0200][INFO] SELECT IF(COUNT(*) > 0, 1, 0) FROM `INFORMATION_SCHEMA`.`TABLES` WHERE `TABLE_NAME` = 'hq_agency' AND `TABLE_SCHEMA` = DATABASE()
[Tue, 05 Apr 16 18:52:53 +0200][INFO] DESCRIBE `hq_agency`
[Tue, 05 Apr 16 18:53:14 +0200][INFO] SELECT IF(COUNT(*) > 0, 1, 0) FROM `INFORMATION_SCHEMA`.`TABLES` WHERE `TABLE_NAME` = 'hq_admin_role' AND `TABLE_SCHEMA` = DATABASE()
[Tue, 05 Apr 16 18:53:14 +0200][INFO] DESCRIBE `hq_admin_role`
[Tue, 05 Apr 16 18:53:14 +0200][INFO] SELECT IF(COUNT(*) > 0, 1, 0) FROM `INFORMATION_SCHEMA`.`TABLES` WHERE `TABLE_NAME` = 'hq_admin_role' AND `TABLE_SCHEMA` = DATABASE()
[Tue, 05 Apr 16 18:53:14 +0200][INFO] DESCRIBE `hq_admin_role`
[Tue, 05 Apr 16 18:53:14 +0200][INFO] SELECT IF(COUNT(*) > 0, 1, 0) FROM `INFORMATION_SCHEMA`.`TABLES` WHERE `TABLE_NAME` = 'hq_admin_role' AND `TABLE_SCHEMA` = DATABASE()
[Tue, 05 Apr 16 18:53:14 +0200][INFO] DESCRIBE `hq_admin_role`
[Tue, 05 Apr 16 18:53:14 +0200][INFO] SELECT `hq_admin_role`.`role_name` AS `role_name`, `hq_admin_role`.`role_ar_user` AS `role_ar_user` FROM `hq_admin_role`
[Tue, 05 Apr 16 18:53:14 +0200][INFO] SELECT IF(COUNT(*) > 0, 1, 0) FROM `INFORMATION_SCHEMA`.`TABLES` WHERE `TABLE_NAME` = 'hq_agency' AND `TABLE_SCHEMA` = DATABASE()
[Tue, 05 Apr 16 18:53:14 +0200][INFO] DESCRIBE `hq_agency`
[Tue, 05 Apr 16 18:53:24 +0200][INFO] SELECT IF(COUNT(*) > 0, 1, 0) FROM `INFORMATION_SCHEMA`.`TABLES` WHERE `TABLE_NAME` = 'hq_admin_role' AND `TABLE_SCHEMA` = DATABASE()
[Tue, 05 Apr 16 18:53:24 +0200][INFO] DESCRIBE `hq_admin_role`
[Tue, 05 Apr 16 18:53:24 +0200][INFO] SELECT IF(COUNT(*) > 0, 1, 0) FROM `INFORMATION_SCHEMA`.`TABLES` WHERE `TABLE_NAME` = 'hq_admin_role' AND `TABLE_SCHEMA` = DATABASE()
[Tue, 05 Apr 16 18:53:24 +0200][INFO] DESCRIBE `hq_admin_role`
[Tue, 05 Apr 16 18:53:24 +0200][INFO] SELECT IF(COUNT(*) > 0, 1, 0) FROM `INFORMATION_SCHEMA`.`TABLES` WHERE `TABLE_NAME` = 'hq_admin_role' AND `TABLE_SCHEMA` = DATABASE()
[Tue, 05 Apr 16 18:53:24 +0200][INFO] DESCRIBE `hq_admin_role`
[Tue, 05 Apr 16 18:53:24 +0200][INFO] SELECT `hq_admin_role`.`role_name` AS `role_name`, `hq_admin_role`.`role_ar_user` AS `role_ar_user` FROM `hq_admin_role`
[Tue, 05 Apr 16 18:53:24 +0200][INFO] SELECT IF(COUNT(*) > 0, 1, 0) FROM `INFORMATION_SCHEMA`.`TABLES` WHERE `TABLE_NAME` = 'hq_agency' AND `TABLE_SCHEMA` = DATABASE()
[Tue, 05 Apr 16 18:53:24 +0200][INFO] DESCRIBE `hq_agency`
[Tue, 05 Apr 16 18:53:57 +0200][INFO] SELECT IF(COUNT(*) > 0, 1, 0) FROM `INFORMATION_SCHEMA`.`TABLES` WHERE `TABLE_NAME` = 'hq_admin_role' AND `TABLE_SCHEMA` = DATABASE()
[Tue, 05 Apr 16 18:53:57 +0200][INFO] DESCRIBE `hq_admin_role`
[Tue, 05 Apr 16 18:53:57 +0200][INFO] SELECT IF(COUNT(*) > 0, 1, 0) FROM `INFORMATION_SCHEMA`.`TABLES` WHERE `TABLE_NAME` = 'hq_admin_role' AND `TABLE_SCHEMA` = DATABASE()
[Tue, 05 Apr 16 18:53:57 +0200][INFO] DESCRIBE `hq_admin_role`
[Tue, 05 Apr 16 18:53:57 +0200][INFO] SELECT IF(COUNT(*) > 0, 1, 0) FROM `INFORMATION_SCHEMA`.`TABLES` WHERE `TABLE_NAME` = 'hq_admin_role' AND `TABLE_SCHEMA` = DATABASE()
[Tue, 05 Apr 16 18:53:57 +0200][INFO] DESCRIBE `hq_admin_role`
[Tue, 05 Apr 16 18:53:57 +0200][INFO] SELECT `hq_admin_role`.`role_name` AS `role_name`, `hq_admin_role`.`role_ar_user` AS `role_ar_user` FROM `hq_admin_role`
[Tue, 05 Apr 16 18:53:57 +0200][INFO] SELECT IF(COUNT(*) > 0, 1, 0) FROM `INFORMATION_SCHEMA`.`TABLES` WHERE `TABLE_NAME` = 'hq_agency' AND `TABLE_SCHEMA` = DATABASE()
[Tue, 05 Apr 16 18:53:57 +0200][INFO] DESCRIBE `hq_agency`
[Tue, 05 Apr 16 18:56:55 +0200][INFO] SELECT IF(COUNT(*) > 0, 1, 0) FROM `INFORMATION_SCHEMA`.`TABLES` WHERE `TABLE_NAME` = 'hq_admin_role' AND `TABLE_SCHEMA` = DATABASE()
[Tue, 05 Apr 16 18:56:55 +0200][INFO] DESCRIBE `hq_admin_role`
[Tue, 05 Apr 16 18:56:55 +0200][INFO] SELECT IF(COUNT(*) > 0, 1, 0) FROM `INFORMATION_SCHEMA`.`TABLES` WHERE `TABLE_NAME` = 'hq_admin_role' AND `TABLE_SCHEMA` = DATABASE()
[Tue, 05 Apr 16 18:56:55 +0200][INFO] DESCRIBE `hq_admin_role`
[Tue, 05 Apr 16 18:56:55 +0200][INFO] SELECT IF(COUNT(*) > 0, 1, 0) FROM `INFORMATION_SCHEMA`.`TABLES` WHERE `TABLE_NAME` = 'hq_admin_role' AND `TABLE_SCHEMA` = DATABASE()
[Tue, 05 Apr 16 18:56:55 +0200][INFO] DESCRIBE `hq_admin_role`
[Tue, 05 Apr 16 18:56:55 +0200][INFO] SELECT `hq_admin_role`.`role_name` AS `role_name`, `hq_admin_role`.`role_ar_user` AS `role_ar_user` FROM `hq_admin_role`
[Tue, 05 Apr 16 18:56:55 +0200][INFO] SELECT IF(COUNT(*) > 0, 1, 0) FROM `INFORMATION_SCHEMA`.`TABLES` WHERE `TABLE_NAME` = 'hq_agency' AND `TABLE_SCHEMA` = DATABASE()
[Tue, 05 Apr 16 18:56:55 +0200][INFO] DESCRIBE `hq_agency`
[Tue, 05 Apr 16 18:57:36 +0200][INFO] SELECT IF(COUNT(*) > 0, 1, 0) FROM `INFORMATION_SCHEMA`.`TABLES` WHERE `TABLE_NAME` = 'hq_admin_role' AND `TABLE_SCHEMA` = DATABASE()
[Tue, 05 Apr 16 18:57:36 +0200][INFO] DESCRIBE `hq_admin_role`
[Tue, 05 Apr 16 18:57:36 +0200][INFO] SELECT IF(COUNT(*) > 0, 1, 0) FROM `INFORMATION_SCHEMA`.`TABLES` WHERE `TABLE_NAME` = 'hq_admin_role' AND `TABLE_SCHEMA` = DATABASE()
[Tue, 05 Apr 16 18:57:36 +0200][INFO] DESCRIBE `hq_admin_role`
[Tue, 05 Apr 16 18:57:36 +0200][INFO] SELECT IF(COUNT(*) > 0, 1, 0) FROM `INFORMATION_SCHEMA`.`TABLES` WHERE `TABLE_NAME` = 'hq_admin_role' AND `TABLE_SCHEMA` = DATABASE()
[Tue, 05 Apr 16 18:57:36 +0200][INFO] DESCRIBE `hq_admin_role`
[Tue, 05 Apr 16 18:57:36 +0200][INFO] SELECT `hq_admin_role`.`role_name` AS `role_name`, `hq_admin_role`.`role_ar_user` AS `role_ar_user` FROM `hq_admin_role`
[Tue, 05 Apr 16 18:57:36 +0200][INFO] SELECT IF(COUNT(*) > 0, 1, 0) FROM `INFORMATION_SCHEMA`.`TABLES` WHERE `TABLE_NAME` = 'hq_agency' AND `TABLE_SCHEMA` = DATABASE()
[Tue, 05 Apr 16 18:57:36 +0200][INFO] DESCRIBE `hq_agency`
[Tue, 05 Apr 16 18:58:59 +0200][INFO] SELECT IF(COUNT(*) > 0, 1, 0) FROM `INFORMATION_SCHEMA`.`TABLES` WHERE `TABLE_NAME` = 'hq_admin_role' AND `TABLE_SCHEMA` = DATABASE()
[Tue, 05 Apr 16 18:58:59 +0200][INFO] DESCRIBE `hq_admin_role`
[Tue, 05 Apr 16 18:58:59 +0200][INFO] SELECT IF(COUNT(*) > 0, 1, 0) FROM `INFORMATION_SCHEMA`.`TABLES` WHERE `TABLE_NAME` = 'hq_admin_role' AND `TABLE_SCHEMA` = DATABASE()
[Tue, 05 Apr 16 18:58:59 +0200][INFO] DESCRIBE `hq_admin_role`
[Tue, 05 Apr 16 18:58:59 +0200][INFO] SELECT IF(COUNT(*) > 0, 1, 0) FROM `INFORMATION_SCHEMA`.`TABLES` WHERE `TABLE_NAME` = 'hq_admin_role' AND `TABLE_SCHEMA` = DATABASE()
[Tue, 05 Apr 16 18:58:59 +0200][INFO] DESCRIBE `hq_admin_role`
[Tue, 05 Apr 16 18:58:59 +0200][INFO] SELECT `hq_admin_role`.`role_name` AS `role_name`, `hq_admin_role`.`role_ar_user` AS `role_ar_user` FROM `hq_admin_role`
[Tue, 05 Apr 16 18:58:59 +0200][INFO] SELECT IF(COUNT(*) > 0, 1, 0) FROM `INFORMATION_SCHEMA`.`TABLES` WHERE `TABLE_NAME` = 'hq_agency' AND `TABLE_SCHEMA` = DATABASE()
[Tue, 05 Apr 16 18:58:59 +0200][INFO] DESCRIBE `hq_agency`
[Tue, 05 Apr 16 19:03:01 +0200][INFO] SELECT IF(COUNT(*) > 0, 1, 0) FROM `INFORMATION_SCHEMA`.`TABLES` WHERE `TABLE_NAME` = 'hq_admin_role' AND `TABLE_SCHEMA` = DATABASE()
[Tue, 05 Apr 16 19:03:01 +0200][INFO] DESCRIBE `hq_admin_role`
[Tue, 05 Apr 16 19:03:01 +0200][INFO] SELECT IF(COUNT(*) > 0, 1, 0) FROM `INFORMATION_SCHEMA`.`TABLES` WHERE `TABLE_NAME` = 'hq_admin_role' AND `TABLE_SCHEMA` = DATABASE()
[Tue, 05 Apr 16 19:03:01 +0200][INFO] DESCRIBE `hq_admin_role`
[Tue, 05 Apr 16 19:03:01 +0200][INFO] SELECT IF(COUNT(*) > 0, 1, 0) FROM `INFORMATION_SCHEMA`.`TABLES` WHERE `TABLE_NAME` = 'hq_admin_role' AND `TABLE_SCHEMA` = DATABASE()
[Tue, 05 Apr 16 19:03:01 +0200][INFO] DESCRIBE `hq_admin_role`
[Tue, 05 Apr 16 19:03:01 +0200][INFO] SELECT `hq_admin_role`.`role_name` AS `role_name`, `hq_admin_role`.`role_ar_user` AS `role_ar_user` FROM `hq_admin_role`
[Tue, 05 Apr 16 19:03:01 +0200][INFO] SELECT IF(COUNT(*) > 0, 1, 0) FROM `INFORMATION_SCHEMA`.`TABLES` WHERE `TABLE_NAME` = 'hq_agency' AND `TABLE_SCHEMA` = DATABASE()
[Tue, 05 Apr 16 19:03:01 +0200][INFO] DESCRIBE `hq_agency`
[Tue, 05 Apr 16 19:03:29 +0200][INFO] SELECT IF(COUNT(*) > 0, 1, 0) FROM `INFORMATION_SCHEMA`.`TABLES` WHERE `TABLE_NAME` = 'hq_admin_role' AND `TABLE_SCHEMA` = DATABASE()
[Tue, 05 Apr 16 19:03:29 +0200][INFO] DESCRIBE `hq_admin_role`
[Tue, 05 Apr 16 19:03:29 +0200][INFO] SELECT IF(COUNT(*) > 0, 1, 0) FROM `INFORMATION_SCHEMA`.`TABLES` WHERE `TABLE_NAME` = 'hq_admin_role' AND `TABLE_SCHEMA` = DATABASE()
[Tue, 05 Apr 16 19:03:29 +0200][INFO] DESCRIBE `hq_admin_role`
[Tue, 05 Apr 16 19:03:29 +0200][INFO] SELECT IF(COUNT(*) > 0, 1, 0) FROM `INFORMATION_SCHEMA`.`TABLES` WHERE `TABLE_NAME` = 'hq_admin_role' AND `TABLE_SCHEMA` = DATABASE()
[Tue, 05 Apr 16 19:03:29 +0200][INFO] DESCRIBE `hq_admin_role`
[Tue, 05 Apr 16 19:03:29 +0200][INFO] SELECT `hq_admin_role`.`role_name` AS `role_name`, `hq_admin_role`.`role_ar_user` AS `role_ar_user` FROM `hq_admin_role`
[Tue, 05 Apr 16 19:03:29 +0200][INFO] SELECT IF(COUNT(*) > 0, 1, 0) FROM `INFORMATION_SCHEMA`.`TABLES` WHERE `TABLE_NAME` = 'hq_agency' AND `TABLE_SCHEMA` = DATABASE()
[Tue, 05 Apr 16 19:03:29 +0200][INFO] DESCRIBE `hq_agency`
[Tue, 05 Apr 16 19:03:49 +0200][INFO] SELECT IF(COUNT(*) > 0, 1, 0) FROM `INFORMATION_SCHEMA`.`TABLES` WHERE `TABLE_NAME` = 'hq_admin_role' AND `TABLE_SCHEMA` = DATABASE()
[Tue, 05 Apr 16 19:03:49 +0200][INFO] DESCRIBE `hq_admin_role`
[Tue, 05 Apr 16 19:03:49 +0200][INFO] SELECT IF(COUNT(*) > 0, 1, 0) FROM `INFORMATION_SCHEMA`.`TABLES` WHERE `TABLE_NAME` = 'hq_admin_role' AND `TABLE_SCHEMA` = DATABASE()
[Tue, 05 Apr 16 19:03:49 +0200][INFO] DESCRIBE `hq_admin_role`
[Tue, 05 Apr 16 19:03:49 +0200][INFO] SELECT IF(COUNT(*) > 0, 1, 0) FROM `INFORMATION_SCHEMA`.`TABLES` WHERE `TABLE_NAME` = 'hq_admin_role' AND `TABLE_SCHEMA` = DATABASE()
[Tue, 05 Apr 16 19:03:49 +0200][INFO] DESCRIBE `hq_admin_role`
[Tue, 05 Apr 16 19:03:49 +0200][INFO] SELECT `hq_admin_role`.`role_name` AS `role_name`, `hq_admin_role`.`role_ar_user` AS `role_ar_user` FROM `hq_admin_role`
[Tue, 05 Apr 16 19:03:49 +0200][INFO] SELECT IF(COUNT(*) > 0, 1, 0) FROM `INFORMATION_SCHEMA`.`TABLES` WHERE `TABLE_NAME` = 'hq_agency' AND `TABLE_SCHEMA` = DATABASE()
[Tue, 05 Apr 16 19:03:49 +0200][INFO] DESCRIBE `hq_agency`
[Tue, 05 Apr 16 19:03:49 +0200][INFO] SELECT IF(COUNT(*) > 0, 1, 0) FROM `INFORMATION_SCHEMA`.`TABLES` WHERE `TABLE_NAME` = 'hq_agency' AND `TABLE_SCHEMA` = DATABASE()
[Tue, 05 Apr 16 19:03:49 +0200][INFO] DESCRIBE `hq_agency`
[Tue, 05 Apr 16 19:04:06 +0200][INFO] SELECT IF(COUNT(*) > 0, 1, 0) FROM `INFORMATION_SCHEMA`.`TABLES` WHERE `TABLE_NAME` = 'hq_admin_role' AND `TABLE_SCHEMA` = DATABASE()
[Tue, 05 Apr 16 19:04:06 +0200][INFO] DESCRIBE `hq_admin_role`
[Tue, 05 Apr 16 19:04:06 +0200][INFO] SELECT IF(COUNT(*) > 0, 1, 0) FROM `INFORMATION_SCHEMA`.`TABLES` WHERE `TABLE_NAME` = 'hq_admin_role' AND `TABLE_SCHEMA` = DATABASE()
[Tue, 05 Apr 16 19:04:06 +0200][INFO] DESCRIBE `hq_admin_role`
[Tue, 05 Apr 16 19:04:06 +0200][INFO] SELECT IF(COUNT(*) > 0, 1, 0) FROM `INFORMATION_SCHEMA`.`TABLES` WHERE `TABLE_NAME` = 'hq_admin_role' AND `TABLE_SCHEMA` = DATABASE()
[Tue, 05 Apr 16 19:04:06 +0200][INFO] DESCRIBE `hq_admin_role`
[Tue, 05 Apr 16 19:04:06 +0200][INFO] SELECT `hq_admin_role`.`role_name` AS `role_name`, `hq_admin_role`.`role_ar_user` AS `role_ar_user` FROM `hq_admin_role`
[Tue, 05 Apr 16 19:04:06 +0200][INFO] SELECT IF(COUNT(*) > 0, 1, 0) FROM `INFORMATION_SCHEMA`.`TABLES` WHERE `TABLE_NAME` = 'hq_agency' AND `TABLE_SCHEMA` = DATABASE()
[Tue, 05 Apr 16 19:04:06 +0200][INFO] DESCRIBE `hq_agency`
[Tue, 05 Apr 16 19:04:18 +0200][INFO] SELECT IF(COUNT(*) > 0, 1, 0) FROM `INFORMATION_SCHEMA`.`TABLES` WHERE `TABLE_NAME` = 'hq_admin_role' AND `TABLE_SCHEMA` = DATABASE()
[Tue, 05 Apr 16 19:04:18 +0200][INFO] DESCRIBE `hq_admin_role`
[Tue, 05 Apr 16 19:04:18 +0200][INFO] SELECT IF(COUNT(*) > 0, 1, 0) FROM `INFORMATION_SCHEMA`.`TABLES` WHERE `TABLE_NAME` = 'hq_admin_role' AND `TABLE_SCHEMA` = DATABASE()
[Tue, 05 Apr 16 19:04:18 +0200][INFO] DESCRIBE `hq_admin_role`
[Tue, 05 Apr 16 19:04:18 +0200][INFO] SELECT IF(COUNT(*) > 0, 1, 0) FROM `INFORMATION_SCHEMA`.`TABLES` WHERE `TABLE_NAME` = 'hq_admin_role' AND `TABLE_SCHEMA` = DATABASE()
[Tue, 05 Apr 16 19:04:18 +0200][INFO] DESCRIBE `hq_admin_role`
[Tue, 05 Apr 16 19:04:18 +0200][INFO] SELECT `hq_admin_role`.`role_name` AS `role_name`, `hq_admin_role`.`role_ar_user` AS `role_ar_user` FROM `hq_admin_role`
[Tue, 05 Apr 16 19:04:18 +0200][INFO] SELECT IF(COUNT(*) > 0, 1, 0) FROM `INFORMATION_SCHEMA`.`TABLES` WHERE `TABLE_NAME` = 'hq_agency' AND `TABLE_SCHEMA` = DATABASE()
[Tue, 05 Apr 16 19:04:18 +0200][INFO] DESCRIBE `hq_agency`
[Tue, 05 Apr 16 19:10:06 +0200][INFO] SELECT IF(COUNT(*) > 0, 1, 0) FROM `INFORMATION_SCHEMA`.`TABLES` WHERE `TABLE_NAME` = 'hq_admin_role' AND `TABLE_SCHEMA` = DATABASE()
[Tue, 05 Apr 16 19:10:06 +0200][INFO] DESCRIBE `hq_admin_role`
[Tue, 05 Apr 16 19:10:06 +0200][INFO] SELECT IF(COUNT(*) > 0, 1, 0) FROM `INFORMATION_SCHEMA`.`TABLES` WHERE `TABLE_NAME` = 'hq_admin_role' AND `TABLE_SCHEMA` = DATABASE()
[Tue, 05 Apr 16 19:10:06 +0200][INFO] DESCRIBE `hq_admin_role`
[Tue, 05 Apr 16 19:10:06 +0200][INFO] SELECT IF(COUNT(*) > 0, 1, 0) FROM `INFORMATION_SCHEMA`.`TABLES` WHERE `TABLE_NAME` = 'hq_admin_role' AND `TABLE_SCHEMA` = DATABASE()
[Tue, 05 Apr 16 19:10:06 +0200][INFO] DESCRIBE `hq_admin_role`
[Tue, 05 Apr 16 19:10:06 +0200][INFO] SELECT `hq_admin_role`.`role_name` AS `role_name`, `hq_admin_role`.`role_ar_user` AS `role_ar_user` FROM `hq_admin_role`
[Tue, 05 Apr 16 19:10:06 +0200][INFO] SELECT IF(COUNT(*) > 0, 1, 0) FROM `INFORMATION_SCHEMA`.`TABLES` WHERE `TABLE_NAME` = 'hq_agency' AND `TABLE_SCHEMA` = DATABASE()
[Tue, 05 Apr 16 19:10:06 +0200][INFO] DESCRIBE `hq_agency`
[Tue, 05 Apr 16 19:10:42 +0200][INFO] SELECT IF(COUNT(*) > 0, 1, 0) FROM `INFORMATION_SCHEMA`.`TABLES` WHERE `TABLE_NAME` = 'hq_admin_role' AND `TABLE_SCHEMA` = DATABASE()
[Tue, 05 Apr 16 19:10:42 +0200][INFO] DESCRIBE `hq_admin_role`
[Tue, 05 Apr 16 19:10:42 +0200][INFO] SELECT IF(COUNT(*) > 0, 1, 0) FROM `INFORMATION_SCHEMA`.`TABLES` WHERE `TABLE_NAME` = 'hq_admin_role' AND `TABLE_SCHEMA` = DATABASE()
[Tue, 05 Apr 16 19:10:42 +0200][INFO] DESCRIBE `hq_admin_role`
[Tue, 05 Apr 16 19:10:42 +0200][INFO] SELECT IF(COUNT(*) > 0, 1, 0) FROM `INFORMATION_SCHEMA`.`TABLES` WHERE `TABLE_NAME` = 'hq_admin_role' AND `TABLE_SCHEMA` = DATABASE()
[Tue, 05 Apr 16 19:10:42 +0200][INFO] DESCRIBE `hq_admin_role`
[Tue, 05 Apr 16 19:10:42 +0200][INFO] SELECT `hq_admin_role`.`role_name` AS `role_name`, `hq_admin_role`.`role_ar_user` AS `role_ar_user` FROM `hq_admin_role`
[Tue, 05 Apr 16 19:10:42 +0200][INFO] SELECT IF(COUNT(*) > 0, 1, 0) FROM `INFORMATION_SCHEMA`.`TABLES` WHERE `TABLE_NAME` = 'hq_agency' AND `TABLE_SCHEMA` = DATABASE()
[Tue, 05 Apr 16 19:10:42 +0200][INFO] DESCRIBE `hq_agency`
[Tue, 05 Apr 16 19:11:35 +0200][INFO] SELECT IF(COUNT(*) > 0, 1, 0) FROM `INFORMATION_SCHEMA`.`TABLES` WHERE `TABLE_NAME` = 'hq_admin_role' AND `TABLE_SCHEMA` = DATABASE()
[Tue, 05 Apr 16 19:11:35 +0200][INFO] DESCRIBE `hq_admin_role`
[Tue, 05 Apr 16 19:11:35 +0200][INFO] SELECT IF(COUNT(*) > 0, 1, 0) FROM `INFORMATION_SCHEMA`.`TABLES` WHERE `TABLE_NAME` = 'hq_admin_role' AND `TABLE_SCHEMA` = DATABASE()
[Tue, 05 Apr 16 19:11:35 +0200][INFO] DESCRIBE `hq_admin_role`
[Tue, 05 Apr 16 19:11:35 +0200][INFO] SELECT IF(COUNT(*) > 0, 1, 0) FROM `INFORMATION_SCHEMA`.`TABLES` WHERE `TABLE_NAME` = 'hq_admin_role' AND `TABLE_SCHEMA` = DATABASE()
[Tue, 05 Apr 16 19:11:35 +0200][INFO] DESCRIBE `hq_admin_role`
[Tue, 05 Apr 16 19:11:35 +0200][INFO] SELECT `hq_admin_role`.`role_name` AS `role_name`, `hq_admin_role`.`role_ar_user` AS `role_ar_user` FROM `hq_admin_role`
[Tue, 05 Apr 16 19:11:35 +0200][INFO] SELECT IF(COUNT(*) > 0, 1, 0) FROM `INFORMATION_SCHEMA`.`TABLES` WHERE `TABLE_NAME` = 'hq_agency' AND `TABLE_SCHEMA` = DATABASE()
[Tue, 05 Apr 16 19:11:35 +0200][INFO] DESCRIBE `hq_agency`
[Tue, 05 Apr 16 19:11:47 +0200][INFO] SELECT IF(COUNT(*) > 0, 1, 0) FROM `INFORMATION_SCHEMA`.`TABLES` WHERE `TABLE_NAME` = 'hq_admin_role' AND `TABLE_SCHEMA` = DATABASE()
[Tue, 05 Apr 16 19:11:47 +0200][INFO] DESCRIBE `hq_admin_role`
[Tue, 05 Apr 16 19:11:47 +0200][INFO] SELECT IF(COUNT(*) > 0, 1, 0) FROM `INFORMATION_SCHEMA`.`TABLES` WHERE `TABLE_NAME` = 'hq_admin_role' AND `TABLE_SCHEMA` = DATABASE()
[Tue, 05 Apr 16 19:11:47 +0200][INFO] DESCRIBE `hq_admin_role`
[Tue, 05 Apr 16 19:11:47 +0200][INFO] SELECT IF(COUNT(*) > 0, 1, 0) FROM `INFORMATION_SCHEMA`.`TABLES` WHERE `TABLE_NAME` = 'hq_admin_role' AND `TABLE_SCHEMA` = DATABASE()
[Tue, 05 Apr 16 19:11:47 +0200][INFO] DESCRIBE `hq_admin_role`
[Tue, 05 Apr 16 19:11:47 +0200][INFO] SELECT `hq_admin_role`.`role_name` AS `role_name`, `hq_admin_role`.`role_ar_user` AS `role_ar_user` FROM `hq_admin_role`
[Tue, 05 Apr 16 19:11:47 +0200][INFO] SELECT IF(COUNT(*) > 0, 1, 0) FROM `INFORMATION_SCHEMA`.`TABLES` WHERE `TABLE_NAME` = 'hq_agency' AND `TABLE_SCHEMA` = DATABASE()
[Tue, 05 Apr 16 19:11:47 +0200][INFO] DESCRIBE `hq_agency`
[Tue, 05 Apr 16 19:12:55 +0200][INFO] SELECT IF(COUNT(*) > 0, 1, 0) FROM `INFORMATION_SCHEMA`.`TABLES` WHERE `TABLE_NAME` = 'hq_admin_role' AND `TABLE_SCHEMA` = DATABASE()
[Tue, 05 Apr 16 19:12:55 +0200][INFO] DESCRIBE `hq_admin_role`
[Tue, 05 Apr 16 19:12:55 +0200][INFO] SELECT IF(COUNT(*) > 0, 1, 0) FROM `INFORMATION_SCHEMA`.`TABLES` WHERE `TABLE_NAME` = 'hq_admin_role' AND `TABLE_SCHEMA` = DATABASE()
[Tue, 05 Apr 16 19:12:55 +0200][INFO] DESCRIBE `hq_admin_role`
[Tue, 05 Apr 16 19:12:55 +0200][INFO] SELECT IF(COUNT(*) > 0, 1, 0) FROM `INFORMATION_SCHEMA`.`TABLES` WHERE `TABLE_NAME` = 'hq_admin_role' AND `TABLE_SCHEMA` = DATABASE()
[Tue, 05 Apr 16 19:12:55 +0200][INFO] DESCRIBE `hq_admin_role`
[Tue, 05 Apr 16 19:12:55 +0200][INFO] SELECT `hq_admin_role`.`role_name` AS `role_name`, `hq_admin_role`.`role_ar_user` AS `role_ar_user` FROM `hq_admin_role`
[Tue, 05 Apr 16 19:12:55 +0200][INFO] SELECT IF(COUNT(*) > 0, 1, 0) FROM `INFORMATION_SCHEMA`.`TABLES` WHERE `TABLE_NAME` = 'hq_agency' AND `TABLE_SCHEMA` = DATABASE()
[Tue, 05 Apr 16 19:12:55 +0200][INFO] DESCRIBE `hq_agency`
[Tue, 05 Apr 16 19:13:16 +0200][INFO] SELECT IF(COUNT(*) > 0, 1, 0) FROM `INFORMATION_SCHEMA`.`TABLES` WHERE `TABLE_NAME` = 'hq_admin_role' AND `TABLE_SCHEMA` = DATABASE()
[Tue, 05 Apr 16 19:13:16 +0200][INFO] DESCRIBE `hq_admin_role`
[Tue, 05 Apr 16 19:13:16 +0200][INFO] SELECT IF(COUNT(*) > 0, 1, 0) FROM `INFORMATION_SCHEMA`.`TABLES` WHERE `TABLE_NAME` = 'hq_admin_role' AND `TABLE_SCHEMA` = DATABASE()
[Tue, 05 Apr 16 19:13:16 +0200][INFO] DESCRIBE `hq_admin_role`
[Tue, 05 Apr 16 19:13:16 +0200][INFO] SELECT IF(COUNT(*) > 0, 1, 0) FROM `INFORMATION_SCHEMA`.`TABLES` WHERE `TABLE_NAME` = 'hq_admin_role' AND `TABLE_SCHEMA` = DATABASE()
[Tue, 05 Apr 16 19:13:16 +0200][INFO] DESCRIBE `hq_admin_role`
[Tue, 05 Apr 16 19:13:16 +0200][INFO] SELECT `hq_admin_role`.`role_name` AS `role_name`, `hq_admin_role`.`role_ar_user` AS `role_ar_user` FROM `hq_admin_role`
[Tue, 05 Apr 16 19:13:16 +0200][INFO] SELECT IF(COUNT(*) > 0, 1, 0) FROM `INFORMATION_SCHEMA`.`TABLES` WHERE `TABLE_NAME` = 'hq_agency' AND `TABLE_SCHEMA` = DATABASE()
[Tue, 05 Apr 16 19:13:16 +0200][INFO] DESCRIBE `hq_agency`
[Tue, 05 Apr 16 19:13:47 +0200][INFO] SELECT IF(COUNT(*) > 0, 1, 0) FROM `INFORMATION_SCHEMA`.`TABLES` WHERE `TABLE_NAME` = 'hq_admin_role' AND `TABLE_SCHEMA` = DATABASE()
[Tue, 05 Apr 16 19:13:47 +0200][INFO] DESCRIBE `hq_admin_role`
[Tue, 05 Apr 16 19:13:47 +0200][INFO] SELECT IF(COUNT(*) > 0, 1, 0) FROM `INFORMATION_SCHEMA`.`TABLES` WHERE `TABLE_NAME` = 'hq_admin_role' AND `TABLE_SCHEMA` = DATABASE()
[Tue, 05 Apr 16 19:13:47 +0200][INFO] DESCRIBE `hq_admin_role`
[Tue, 05 Apr 16 19:13:47 +0200][INFO] SELECT IF(COUNT(*) > 0, 1, 0) FROM `INFORMATION_SCHEMA`.`TABLES` WHERE `TABLE_NAME` = 'hq_admin_role' AND `TABLE_SCHEMA` = DATABASE()
[Tue, 05 Apr 16 19:13:47 +0200][INFO] DESCRIBE `hq_admin_role`
[Tue, 05 Apr 16 19:13:47 +0200][INFO] SELECT `hq_admin_role`.`role_name` AS `role_name`, `hq_admin_role`.`role_ar_user` AS `role_ar_user` FROM `hq_admin_role`
[Tue, 05 Apr 16 19:13:47 +0200][INFO] SELECT IF(COUNT(*) > 0, 1, 0) FROM `INFORMATION_SCHEMA`.`TABLES` WHERE `TABLE_NAME` = 'hq_agency' AND `TABLE_SCHEMA` = DATABASE()
[Tue, 05 Apr 16 19:13:47 +0200][INFO] DESCRIBE `hq_agency`
[Tue, 05 Apr 16 19:14:06 +0200][INFO] SELECT IF(COUNT(*) > 0, 1, 0) FROM `INFORMATION_SCHEMA`.`TABLES` WHERE `TABLE_NAME` = 'hq_admin_role' AND `TABLE_SCHEMA` = DATABASE()
[Tue, 05 Apr 16 19:14:06 +0200][INFO] DESCRIBE `hq_admin_role`
[Tue, 05 Apr 16 19:14:06 +0200][INFO] SELECT IF(COUNT(*) > 0, 1, 0) FROM `INFORMATION_SCHEMA`.`TABLES` WHERE `TABLE_NAME` = 'hq_admin_role' AND `TABLE_SCHEMA` = DATABASE()
[Tue, 05 Apr 16 19:14:06 +0200][INFO] DESCRIBE `hq_admin_role`
[Tue, 05 Apr 16 19:14:06 +0200][INFO] SELECT IF(COUNT(*) > 0, 1, 0) FROM `INFORMATION_SCHEMA`.`TABLES` WHERE `TABLE_NAME` = 'hq_admin_role' AND `TABLE_SCHEMA` = DATABASE()
[Tue, 05 Apr 16 19:14:06 +0200][INFO] DESCRIBE `hq_admin_role`
[Tue, 05 Apr 16 19:14:06 +0200][INFO] SELECT `hq_admin_role`.`role_name` AS `role_name`, `hq_admin_role`.`role_ar_user` AS `role_ar_user` FROM `hq_admin_role`
[Tue, 05 Apr 16 19:14:06 +0200][INFO] SELECT IF(COUNT(*) > 0, 1, 0) FROM `INFORMATION_SCHEMA`.`TABLES` WHERE `TABLE_NAME` = 'hq_agency' AND `TABLE_SCHEMA` = DATABASE()
[Tue, 05 Apr 16 19:14:06 +0200][INFO] DESCRIBE `hq_agency`
