[Mon, 18 Apr 16 04:09:13 +0200][INFO] SELECT IF(COUNT(*) > 0, 1, 0) FROM `INFORMATION_SCHEMA`.`TABLES` WHERE `TABLE_NAME` = 'hq_admin_role' AND `TABLE_SCHEMA` = DATABASE()
[Mon, 18 Apr 16 04:09:13 +0200][INFO] DESCRIBE `hq_admin_role`
[Mon, 18 Apr 16 04:09:13 +0200][INFO] SELECT IF(COUNT(*) > 0, 1, 0) FROM `INFORMATION_SCHEMA`.`TABLES` WHERE `TABLE_NAME` = 'hq_admin_role' AND `TABLE_SCHEMA` = DATABASE()
[Mon, 18 Apr 16 04:09:13 +0200][INFO] DESCRIBE `hq_admin_role`
[Mon, 18 Apr 16 04:09:13 +0200][INFO] SELECT IF(COUNT(*) > 0, 1, 0) FROM `INFORMATION_SCHEMA`.`TABLES` WHERE `TABLE_NAME` = 'hq_admin_role' AND `TABLE_SCHEMA` = DATABASE()
[Mon, 18 Apr 16 04:09:13 +0200][INFO] DESCRIBE `hq_admin_role`
[Mon, 18 Apr 16 04:09:13 +0200][INFO] SELECT `hq_admin_role`.`role_name` AS `role_name`, `hq_admin_role`.`role_ar_user` AS `role_ar_user` FROM `hq_admin_role`
[Mon, 18 Apr 16 04:13:09 +0200][INFO] SELECT IF(COUNT(*) > 0, 1, 0) FROM `INFORMATION_SCHEMA`.`TABLES` WHERE `TABLE_NAME` = 'hq_admin_role' AND `TABLE_SCHEMA` = DATABASE()
[Mon, 18 Apr 16 04:13:09 +0200][INFO] DESCRIBE `hq_admin_role`
[Mon, 18 Apr 16 04:13:09 +0200][INFO] SELECT IF(COUNT(*) > 0, 1, 0) FROM `INFORMATION_SCHEMA`.`TABLES` WHERE `TABLE_NAME` = 'hq_admin_role' AND `TABLE_SCHEMA` = DATABASE()
[Mon, 18 Apr 16 04:13:09 +0200][INFO] DESCRIBE `hq_admin_role`
[Mon, 18 Apr 16 04:13:09 +0200][INFO] SELECT IF(COUNT(*) > 0, 1, 0) FROM `INFORMATION_SCHEMA`.`TABLES` WHERE `TABLE_NAME` = 'hq_admin_role' AND `TABLE_SCHEMA` = DATABASE()
[Mon, 18 Apr 16 04:13:09 +0200][INFO] DESCRIBE `hq_admin_role`
[Mon, 18 Apr 16 04:13:09 +0200][INFO] SELECT `hq_admin_role`.`role_name` AS `role_name`, `hq_admin_role`.`role_ar_user` AS `role_ar_user` FROM `hq_admin_role`
[Mon, 18 Apr 16 04:13:19 +0200][INFO] SELECT IF(COUNT(*) > 0, 1, 0) FROM `INFORMATION_SCHEMA`.`TABLES` WHERE `TABLE_NAME` = 'hq_admin_role' AND `TABLE_SCHEMA` = DATABASE()
[Mon, 18 Apr 16 04:13:19 +0200][INFO] DESCRIBE `hq_admin_role`
[Mon, 18 Apr 16 04:13:19 +0200][INFO] SELECT IF(COUNT(*) > 0, 1, 0) FROM `INFORMATION_SCHEMA`.`TABLES` WHERE `TABLE_NAME` = 'hq_admin_role' AND `TABLE_SCHEMA` = DATABASE()
[Mon, 18 Apr 16 04:13:19 +0200][INFO] DESCRIBE `hq_admin_role`
[Mon, 18 Apr 16 04:13:19 +0200][INFO] SELECT IF(COUNT(*) > 0, 1, 0) FROM `INFORMATION_SCHEMA`.`TABLES` WHERE `TABLE_NAME` = 'hq_admin_role' AND `TABLE_SCHEMA` = DATABASE()
[Mon, 18 Apr 16 04:13:19 +0200][INFO] DESCRIBE `hq_admin_role`
[Mon, 18 Apr 16 04:13:19 +0200][INFO] SELECT `hq_admin_role`.`role_name` AS `role_name`, `hq_admin_role`.`role_ar_user` AS `role_ar_user` FROM `hq_admin_role`
[Mon, 18 Apr 16 04:13:19 +0200][INFO] SELECT IF(COUNT(*) > 0, 1, 0) FROM `INFORMATION_SCHEMA`.`TABLES` WHERE `TABLE_NAME` = 'hq_user_admin' AND `TABLE_SCHEMA` = DATABASE()
[Mon, 18 Apr 16 04:13:19 +0200][INFO] DESCRIBE `hq_user_admin`
[Mon, 18 Apr 16 04:13:19 +0200][INFO] SELECT IF(COUNT(*) > 0, 1, 0) FROM `INFORMATION_SCHEMA`.`TABLES` WHERE `TABLE_NAME` = 'hq_user_admin' AND `TABLE_SCHEMA` = DATABASE()
[Mon, 18 Apr 16 04:13:19 +0200][INFO] DESCRIBE `hq_user_admin`
[Mon, 18 Apr 16 04:13:19 +0200][INFO] SELECT IF(COUNT(*) > 0, 1, 0) FROM `INFORMATION_SCHEMA`.`TABLES` WHERE `TABLE_NAME` = 'hq_user_admin' AND `TABLE_SCHEMA` = DATABASE()
[Mon, 18 Apr 16 04:13:19 +0200][INFO] DESCRIBE `hq_user_admin`
[Mon, 18 Apr 16 04:13:19 +0200][INFO] SELECT `hq_user_admin`.`usa_id`, `hq_user_admin`.`usa_username`, `hq_user_admin`.`usa_email`, `hq_user_admin`.`usa_password`, `hq_user_admin`.`usa_last_login`, `hq_user_admin`.`usa_create_date` FROM `hq_user_admin` WHERE `hq_user_admin`.`usa_username` = :userEmail AND `hq_user_admin`.`usa_password` = :userPassword LIMIT :APL0
[Mon, 18 Apr 16 04:13:19 +0200][INFO] UPDATE `hq_user_admin` SET `usa_username` = ?, `usa_email` = ?, `usa_password` = ?, `usa_last_login` = ?, `usa_create_date` = ? WHERE `usa_id` = ?
[Mon, 18 Apr 16 04:13:21 +0200][INFO] SELECT IF(COUNT(*) > 0, 1, 0) FROM `INFORMATION_SCHEMA`.`TABLES` WHERE `TABLE_NAME` = 'hq_admin_role' AND `TABLE_SCHEMA` = DATABASE()
[Mon, 18 Apr 16 04:13:21 +0200][INFO] DESCRIBE `hq_admin_role`
[Mon, 18 Apr 16 04:13:21 +0200][INFO] SELECT IF(COUNT(*) > 0, 1, 0) FROM `INFORMATION_SCHEMA`.`TABLES` WHERE `TABLE_NAME` = 'hq_admin_role' AND `TABLE_SCHEMA` = DATABASE()
[Mon, 18 Apr 16 04:13:21 +0200][INFO] DESCRIBE `hq_admin_role`
[Mon, 18 Apr 16 04:13:21 +0200][INFO] SELECT IF(COUNT(*) > 0, 1, 0) FROM `INFORMATION_SCHEMA`.`TABLES` WHERE `TABLE_NAME` = 'hq_admin_role' AND `TABLE_SCHEMA` = DATABASE()
[Mon, 18 Apr 16 04:13:21 +0200][INFO] DESCRIBE `hq_admin_role`
[Mon, 18 Apr 16 04:13:21 +0200][INFO] SELECT `hq_admin_role`.`role_name` AS `role_name`, `hq_admin_role`.`role_ar_user` AS `role_ar_user` FROM `hq_admin_role`
[Mon, 18 Apr 16 04:13:21 +0200][INFO] SELECT IF(COUNT(*) > 0, 1, 0) FROM `INFORMATION_SCHEMA`.`TABLES` WHERE `TABLE_NAME` = 'hq_order' AND `TABLE_SCHEMA` = DATABASE()
[Mon, 18 Apr 16 04:13:21 +0200][INFO] DESCRIBE `hq_order`
[Mon, 18 Apr 16 04:13:21 +0200][INFO] SELECT IF(COUNT(*) > 0, 1, 0) FROM `INFORMATION_SCHEMA`.`TABLES` WHERE `TABLE_NAME` = 'hq_order' AND `TABLE_SCHEMA` = DATABASE()
[Mon, 18 Apr 16 04:13:21 +0200][INFO] DESCRIBE `hq_order`
[Mon, 18 Apr 16 04:13:21 +0200][INFO] SELECT IF(COUNT(*) > 0, 1, 0) FROM `INFORMATION_SCHEMA`.`TABLES` WHERE `TABLE_NAME` = 'hq_order' AND `TABLE_SCHEMA` = DATABASE()
[Mon, 18 Apr 16 04:13:21 +0200][INFO] DESCRIBE `hq_order`
[Mon, 18 Apr 16 04:13:21 +0200][INFO] SELECT DISTINCT (YEAR(`hq_order`.`or_create_date`)) AS `time` FROM `hq_order`
[Mon, 18 Apr 16 04:13:22 +0200][INFO] SELECT IF(COUNT(*) > 0, 1, 0) FROM `INFORMATION_SCHEMA`.`TABLES` WHERE `TABLE_NAME` = 'hq_admin_role' AND `TABLE_SCHEMA` = DATABASE()
[Mon, 18 Apr 16 04:13:22 +0200][INFO] DESCRIBE `hq_admin_role`
[Mon, 18 Apr 16 04:13:22 +0200][INFO] SELECT IF(COUNT(*) > 0, 1, 0) FROM `INFORMATION_SCHEMA`.`TABLES` WHERE `TABLE_NAME` = 'hq_admin_role' AND `TABLE_SCHEMA` = DATABASE()
[Mon, 18 Apr 16 04:13:22 +0200][INFO] DESCRIBE `hq_admin_role`
[Mon, 18 Apr 16 04:13:22 +0200][INFO] SELECT IF(COUNT(*) > 0, 1, 0) FROM `INFORMATION_SCHEMA`.`TABLES` WHERE `TABLE_NAME` = 'hq_admin_role' AND `TABLE_SCHEMA` = DATABASE()
[Mon, 18 Apr 16 04:13:22 +0200][INFO] DESCRIBE `hq_admin_role`
[Mon, 18 Apr 16 04:13:22 +0200][INFO] SELECT `hq_admin_role`.`role_name` AS `role_name`, `hq_admin_role`.`role_ar_user` AS `role_ar_user` FROM `hq_admin_role`
[Mon, 18 Apr 16 04:13:22 +0200][INFO] SELECT IF(COUNT(*) > 0, 1, 0) FROM `INFORMATION_SCHEMA`.`TABLES` WHERE `TABLE_NAME` = 'hq_order' AND `TABLE_SCHEMA` = DATABASE()
[Mon, 18 Apr 16 04:13:22 +0200][INFO] DESCRIBE `hq_order`
[Mon, 18 Apr 16 04:13:22 +0200][INFO] SELECT IF(COUNT(*) > 0, 1, 0) FROM `INFORMATION_SCHEMA`.`TABLES` WHERE `TABLE_NAME` = 'hq_user' AND `TABLE_SCHEMA` = DATABASE()
[Mon, 18 Apr 16 04:13:22 +0200][INFO] DESCRIBE `hq_user`
[Mon, 18 Apr 16 04:13:22 +0200][INFO] SELECT IF(COUNT(*) > 0, 1, 0) FROM `INFORMATION_SCHEMA`.`TABLES` WHERE `TABLE_NAME` = 'hq_order' AND `TABLE_SCHEMA` = DATABASE()
[Mon, 18 Apr 16 04:13:22 +0200][INFO] DESCRIBE `hq_order`
[Mon, 18 Apr 16 04:13:22 +0200][INFO] SELECT IF(COUNT(*) > 0, 1, 0) FROM `INFORMATION_SCHEMA`.`TABLES` WHERE `TABLE_NAME` = 'hq_order' AND `TABLE_SCHEMA` = DATABASE()
[Mon, 18 Apr 16 04:13:22 +0200][INFO] DESCRIBE `hq_order`
[Mon, 18 Apr 16 04:13:22 +0200][INFO] SELECT `hq_order`.`or_id`, `hq_order`.`or_public_id`, `hq_order`.`us_id`, `hq_order`.`or_name`, `hq_order`.`or_email`, `hq_order`.`or_phone`, `hq_order`.`or_address`, `hq_order`.`zp_id`, `hq_order`.`zd_id`, `hq_order`.`zw_id`, `hq_order`.`or_total`, `hq_order`.`os_id`, `hq_order`.`or_edit_date`, `hq_order`.`or_create_date` FROM `hq_order` WHERE date(`hq_order`.`or_create_date`) = '2016-04-18'
[Mon, 18 Apr 16 04:13:22 +0200][INFO] SELECT IF(COUNT(*) > 0, 1, 0) FROM `INFORMATION_SCHEMA`.`TABLES` WHERE `TABLE_NAME` = 'hq_order' AND `TABLE_SCHEMA` = DATABASE()
[Mon, 18 Apr 16 04:13:22 +0200][INFO] DESCRIBE `hq_order`
[Mon, 18 Apr 16 04:13:22 +0200][INFO] SELECT `hq_order`.`or_id`, `hq_order`.`or_public_id`, `hq_order`.`us_id`, `hq_order`.`or_name`, `hq_order`.`or_email`, `hq_order`.`or_phone`, `hq_order`.`or_address`, `hq_order`.`zp_id`, `hq_order`.`zd_id`, `hq_order`.`zw_id`, `hq_order`.`or_total`, `hq_order`.`os_id`, `hq_order`.`or_edit_date`, `hq_order`.`or_create_date` FROM `hq_order` WHERE date(`hq_order`.`or_create_date`) = '2016-04-18' AND `hq_order`.`os_id` = '7'
[Mon, 18 Apr 16 04:13:22 +0200][INFO] SELECT IF(COUNT(*) > 0, 1, 0) FROM `INFORMATION_SCHEMA`.`TABLES` WHERE `TABLE_NAME` = 'hq_order' AND `TABLE_SCHEMA` = DATABASE()
[Mon, 18 Apr 16 04:13:22 +0200][INFO] DESCRIBE `hq_order`
[Mon, 18 Apr 16 04:13:22 +0200][INFO] SELECT SUM(`hq_order`.`or_total`) AS `total` FROM `hq_order` WHERE date(`hq_order`.`or_create_date`) = '2016-04-18' AND `hq_order`.`os_id` = '2' LIMIT :APL0
[Mon, 18 Apr 16 04:13:22 +0200][INFO] SELECT IF(COUNT(*) > 0, 1, 0) FROM `INFORMATION_SCHEMA`.`TABLES` WHERE `TABLE_NAME` = 'hq_user' AND `TABLE_SCHEMA` = DATABASE()
[Mon, 18 Apr 16 04:13:22 +0200][INFO] DESCRIBE `hq_user`
[Mon, 18 Apr 16 04:13:22 +0200][INFO] SELECT IF(COUNT(*) > 0, 1, 0) FROM `INFORMATION_SCHEMA`.`TABLES` WHERE `TABLE_NAME` = 'hq_user' AND `TABLE_SCHEMA` = DATABASE()
[Mon, 18 Apr 16 04:13:22 +0200][INFO] DESCRIBE `hq_user`
[Mon, 18 Apr 16 04:13:22 +0200][INFO] SELECT `hq_user`.`us_id`, `hq_user`.`us_name`, `hq_user`.`us_password`, `hq_user`.`us_full_name`, `hq_user`.`us_phone`, `hq_user`.`us_address`, `hq_user`.`us_birthday`, `hq_user`.`us_email`, `hq_user`.`us_from`, `hq_user`.`us_create_time`, `hq_user`.`us_expired_time`, `hq_user`.`us_social`, `hq_user`.`us_social_id`, `hq_user`.`us_newsletter`, `hq_user`.`us_status` FROM `hq_user` WHERE date(`hq_user`.`us_create_time`) = '2016-04-18'
[Mon, 18 Apr 16 04:13:22 +0200][INFO] SELECT IF(COUNT(*) > 0, 1, 0) FROM `INFORMATION_SCHEMA`.`TABLES` WHERE `TABLE_NAME` = 'hq_admin_role' AND `TABLE_SCHEMA` = DATABASE()
[Mon, 18 Apr 16 04:13:22 +0200][INFO] DESCRIBE `hq_admin_role`
[Mon, 18 Apr 16 04:13:22 +0200][INFO] SELECT IF(COUNT(*) > 0, 1, 0) FROM `INFORMATION_SCHEMA`.`TABLES` WHERE `TABLE_NAME` = 'hq_admin_role' AND `TABLE_SCHEMA` = DATABASE()
[Mon, 18 Apr 16 04:13:22 +0200][INFO] DESCRIBE `hq_admin_role`
[Mon, 18 Apr 16 04:13:22 +0200][INFO] SELECT IF(COUNT(*) > 0, 1, 0) FROM `INFORMATION_SCHEMA`.`TABLES` WHERE `TABLE_NAME` = 'hq_admin_role' AND `TABLE_SCHEMA` = DATABASE()
[Mon, 18 Apr 16 04:13:22 +0200][INFO] DESCRIBE `hq_admin_role`
[Mon, 18 Apr 16 04:13:22 +0200][INFO] SELECT `hq_admin_role`.`role_name` AS `role_name`, `hq_admin_role`.`role_ar_user` AS `role_ar_user` FROM `hq_admin_role`
[Mon, 18 Apr 16 04:13:22 +0200][INFO] SELECT IF(COUNT(*) > 0, 1, 0) FROM `INFORMATION_SCHEMA`.`TABLES` WHERE `TABLE_NAME` = 'hq_order' AND `TABLE_SCHEMA` = DATABASE()
[Mon, 18 Apr 16 04:13:22 +0200][INFO] DESCRIBE `hq_order`
[Mon, 18 Apr 16 04:13:22 +0200][INFO] SELECT IF(COUNT(*) > 0, 1, 0) FROM `INFORMATION_SCHEMA`.`TABLES` WHERE `TABLE_NAME` = 'hq_order' AND `TABLE_SCHEMA` = DATABASE()
[Mon, 18 Apr 16 04:13:22 +0200][INFO] DESCRIBE `hq_order`
[Mon, 18 Apr 16 04:13:22 +0200][INFO] SELECT IF(COUNT(*) > 0, 1, 0) FROM `INFORMATION_SCHEMA`.`TABLES` WHERE `TABLE_NAME` = 'hq_order' AND `TABLE_SCHEMA` = DATABASE()
[Mon, 18 Apr 16 04:13:22 +0200][INFO] DESCRIBE `hq_order`
[Mon, 18 Apr 16 04:13:22 +0200][INFO] SELECT count(`hq_order`.`or_id`) AS `value`, date(`hq_order`.`or_create_date`) AS `time` FROM `hq_order` WHERE YEAR(`hq_order`.`or_create_date`) = '2016' AND MONTH(`hq_order`.`or_create_date`) = '4' GROUP BY date(`hq_order`.`or_create_date`)
[Mon, 18 Apr 16 04:13:22 +0200][INFO] SELECT IF(COUNT(*) > 0, 1, 0) FROM `INFORMATION_SCHEMA`.`TABLES` WHERE `TABLE_NAME` = 'hq_admin_role' AND `TABLE_SCHEMA` = DATABASE()
[Mon, 18 Apr 16 04:13:22 +0200][INFO] DESCRIBE `hq_admin_role`
[Mon, 18 Apr 16 04:13:22 +0200][INFO] SELECT IF(COUNT(*) > 0, 1, 0) FROM `INFORMATION_SCHEMA`.`TABLES` WHERE `TABLE_NAME` = 'hq_admin_role' AND `TABLE_SCHEMA` = DATABASE()
[Mon, 18 Apr 16 04:13:22 +0200][INFO] DESCRIBE `hq_admin_role`
[Mon, 18 Apr 16 04:13:22 +0200][INFO] SELECT IF(COUNT(*) > 0, 1, 0) FROM `INFORMATION_SCHEMA`.`TABLES` WHERE `TABLE_NAME` = 'hq_admin_role' AND `TABLE_SCHEMA` = DATABASE()
[Mon, 18 Apr 16 04:13:22 +0200][INFO] DESCRIBE `hq_admin_role`
[Mon, 18 Apr 16 04:13:22 +0200][INFO] SELECT `hq_admin_role`.`role_name` AS `role_name`, `hq_admin_role`.`role_ar_user` AS `role_ar_user` FROM `hq_admin_role`
[Mon, 18 Apr 16 04:13:22 +0200][INFO] SELECT IF(COUNT(*) > 0, 1, 0) FROM `INFORMATION_SCHEMA`.`TABLES` WHERE `TABLE_NAME` = 'hq_order' AND `TABLE_SCHEMA` = DATABASE()
[Mon, 18 Apr 16 04:13:22 +0200][INFO] DESCRIBE `hq_order`
[Mon, 18 Apr 16 04:13:22 +0200][INFO] SELECT IF(COUNT(*) > 0, 1, 0) FROM `INFORMATION_SCHEMA`.`TABLES` WHERE `TABLE_NAME` = 'hq_order' AND `TABLE_SCHEMA` = DATABASE()
[Mon, 18 Apr 16 04:13:22 +0200][INFO] DESCRIBE `hq_order`
[Mon, 18 Apr 16 04:13:22 +0200][INFO] SELECT IF(COUNT(*) > 0, 1, 0) FROM `INFORMATION_SCHEMA`.`TABLES` WHERE `TABLE_NAME` = 'hq_order' AND `TABLE_SCHEMA` = DATABASE()
[Mon, 18 Apr 16 04:13:22 +0200][INFO] DESCRIBE `hq_order`
[Mon, 18 Apr 16 04:13:22 +0200][INFO] SELECT sum(`hq_order`.`or_total`) AS `value`, date(`hq_order`.`or_create_date`) AS `time` FROM `hq_order` WHERE YEAR(`hq_order`.`or_create_date`) = '2016' AND MONTH(`hq_order`.`or_create_date`) = '4' GROUP BY date(`hq_order`.`or_create_date`)
[Mon, 18 Apr 16 04:13:22 +0200][INFO] SELECT IF(COUNT(*) > 0, 1, 0) FROM `INFORMATION_SCHEMA`.`TABLES` WHERE `TABLE_NAME` = 'hq_admin_role' AND `TABLE_SCHEMA` = DATABASE()
[Mon, 18 Apr 16 04:13:22 +0200][INFO] DESCRIBE `hq_admin_role`
[Mon, 18 Apr 16 04:13:22 +0200][INFO] SELECT IF(COUNT(*) > 0, 1, 0) FROM `INFORMATION_SCHEMA`.`TABLES` WHERE `TABLE_NAME` = 'hq_admin_role' AND `TABLE_SCHEMA` = DATABASE()
[Mon, 18 Apr 16 04:13:22 +0200][INFO] DESCRIBE `hq_admin_role`
[Mon, 18 Apr 16 04:13:22 +0200][INFO] SELECT IF(COUNT(*) > 0, 1, 0) FROM `INFORMATION_SCHEMA`.`TABLES` WHERE `TABLE_NAME` = 'hq_admin_role' AND `TABLE_SCHEMA` = DATABASE()
[Mon, 18 Apr 16 04:13:22 +0200][INFO] DESCRIBE `hq_admin_role`
[Mon, 18 Apr 16 04:13:22 +0200][INFO] SELECT `hq_admin_role`.`role_name` AS `role_name`, `hq_admin_role`.`role_ar_user` AS `role_ar_user` FROM `hq_admin_role`
[Mon, 18 Apr 16 04:13:22 +0200][INFO] SELECT IF(COUNT(*) > 0, 1, 0) FROM `INFORMATION_SCHEMA`.`TABLES` WHERE `TABLE_NAME` = 'hq_user' AND `TABLE_SCHEMA` = DATABASE()
[Mon, 18 Apr 16 04:13:22 +0200][INFO] DESCRIBE `hq_user`
[Mon, 18 Apr 16 04:13:22 +0200][INFO] SELECT IF(COUNT(*) > 0, 1, 0) FROM `INFORMATION_SCHEMA`.`TABLES` WHERE `TABLE_NAME` = 'hq_user' AND `TABLE_SCHEMA` = DATABASE()
[Mon, 18 Apr 16 04:13:22 +0200][INFO] DESCRIBE `hq_user`
[Mon, 18 Apr 16 04:13:22 +0200][INFO] SELECT IF(COUNT(*) > 0, 1, 0) FROM `INFORMATION_SCHEMA`.`TABLES` WHERE `TABLE_NAME` = 'hq_user' AND `TABLE_SCHEMA` = DATABASE()
[Mon, 18 Apr 16 04:13:22 +0200][INFO] DESCRIBE `hq_user`
[Mon, 18 Apr 16 04:13:22 +0200][INFO] SELECT count(`hq_user`.`us_id`) AS `value`, date(`hq_user`.`us_create_time`) AS `time` FROM `hq_user` WHERE YEAR(`hq_user`.`us_create_time`) = '2016' AND MONTH(`hq_user`.`us_create_time`) = '4' GROUP BY date(`hq_user`.`us_create_time`)
