[Fri, 22 Jan 16 03:34:13 +0000][INFO] SELECT IF(COUNT(*) > 0, 1, 0) FROM `INFORMATION_SCHEMA`.`TABLES` WHERE `TABLE_NAME` = 'hq_member_vip' AND `TABLE_SCHEMA` = DATABASE()
[Fri, 22 Jan 16 03:34:13 +0000][INFO] DESCRIBE `hq_member_vip`
[Fri, 22 Jan 16 03:34:13 +0000][INFO] SELECT `hq_member_vip`.`mv_id`, `hq_member_vip`.`mv_name`, `hq_member_vip`.`mv_secret`, `hq_member_vip`.`mv_nickname`, `hq_member_vip`.`mv_last_login`, `hq_member_vip`.`mv_permission` FROM `hq_member_vip` WHERE `hq_member_vip`.`mv_name` = :username LIMIT :APL0
[Fri, 22 Jan 16 03:34:23 +0000][INFO] SELECT IF(COUNT(*) > 0, 1, 0) FROM `INFORMATION_SCHEMA`.`TABLES` WHERE `TABLE_NAME` = 'hq_member_vip' AND `TABLE_SCHEMA` = DATABASE()
[Fri, 22 Jan 16 03:34:23 +0000][INFO] DESCRIBE `hq_member_vip`
[Fri, 22 Jan 16 03:34:23 +0000][INFO] SELECT `hq_member_vip`.`mv_id`, `hq_member_vip`.`mv_name`, `hq_member_vip`.`mv_secret`, `hq_member_vip`.`mv_nickname`, `hq_member_vip`.`mv_last_login`, `hq_member_vip`.`mv_permission` FROM `hq_member_vip`
[Fri, 22 Jan 16 03:37:20 +0000][INFO] SELECT IF(COUNT(*) > 0, 1, 0) FROM `INFORMATION_SCHEMA`.`TABLES` WHERE `TABLE_NAME` = 'hq_member_vip' AND `TABLE_SCHEMA` = DATABASE()
[Fri, 22 Jan 16 03:37:20 +0000][INFO] DESCRIBE `hq_member_vip`
[Fri, 22 Jan 16 03:37:20 +0000][INFO] SELECT `hq_member_vip`.`mv_id`, `hq_member_vip`.`mv_name`, `hq_member_vip`.`mv_secret`, `hq_member_vip`.`mv_nickname`, `hq_member_vip`.`mv_last_login`, `hq_member_vip`.`mv_permission` FROM `hq_member_vip` WHERE `hq_member_vip`.`mv_id` = :id LIMIT :APL0
[Fri, 22 Jan 16 03:42:53 +0000][INFO] SELECT IF(COUNT(*) > 0, 1, 0) FROM `INFORMATION_SCHEMA`.`TABLES` WHERE `TABLE_NAME` = 'hq_member_vip' AND `TABLE_SCHEMA` = DATABASE()
[Fri, 22 Jan 16 03:42:53 +0000][INFO] DESCRIBE `hq_member_vip`
[Fri, 22 Jan 16 03:42:53 +0000][INFO] INSERT INTO `hq_member_vip` (`mv_name`, `mv_secret`, `mv_nickname`, `mv_last_login`, `mv_permission`) VALUES (?, ?, ?, ?, ?)
[Fri, 22 Jan 16 03:42:57 +0000][INFO] SELECT IF(COUNT(*) > 0, 1, 0) FROM `INFORMATION_SCHEMA`.`TABLES` WHERE `TABLE_NAME` = 'hq_member_vip' AND `TABLE_SCHEMA` = DATABASE()
[Fri, 22 Jan 16 03:42:57 +0000][INFO] DESCRIBE `hq_member_vip`
[Fri, 22 Jan 16 03:42:57 +0000][INFO] SELECT `hq_member_vip`.`mv_id`, `hq_member_vip`.`mv_name`, `hq_member_vip`.`mv_secret`, `hq_member_vip`.`mv_nickname`, `hq_member_vip`.`mv_last_login`, `hq_member_vip`.`mv_permission` FROM `hq_member_vip`
[Fri, 22 Jan 16 04:09:01 +0000][INFO] SELECT IF(COUNT(*) > 0, 1, 0) FROM `INFORMATION_SCHEMA`.`TABLES` WHERE `TABLE_NAME` = 'hq_content_group' AND `TABLE_SCHEMA` = DATABASE()
[Fri, 22 Jan 16 04:09:01 +0000][INFO] DESCRIBE `hq_content_group`
[Fri, 22 Jan 16 04:09:01 +0000][INFO] SELECT `hq_content_group`.`hcg_id`, `hq_content_group`.`hcg_key`, `hq_content_group`.`hcg_main`, `hq_content_group`.`hcg_created_date`, `hq_content_group`.`hcg_position` FROM `hq_content_group` WHERE `hq_content_group`.`hcg_key` LIKE '%:key:%'
[Fri, 22 Jan 16 04:09:10 +0000][INFO] SELECT IF(COUNT(*) > 0, 1, 0) FROM `INFORMATION_SCHEMA`.`TABLES` WHERE `TABLE_NAME` = 'hq_content_group' AND `TABLE_SCHEMA` = DATABASE()
[Fri, 22 Jan 16 04:09:10 +0000][INFO] DESCRIBE `hq_content_group`
[Fri, 22 Jan 16 04:09:10 +0000][INFO] SELECT `hq_content_group`.`hcg_id`, `hq_content_group`.`hcg_key`, `hq_content_group`.`hcg_main`, `hq_content_group`.`hcg_created_date`, `hq_content_group`.`hcg_position` FROM `hq_content_group` WHERE `hq_content_group`.`hcg_created_date` >= :from_date AND `hq_content_group`.`hcg_created_date` <= :to_date
[Fri, 22 Jan 16 04:10:50 +0000][INFO] SELECT IF(COUNT(*) > 0, 1, 0) FROM `INFORMATION_SCHEMA`.`TABLES` WHERE `TABLE_NAME` = 'hq_content_group' AND `TABLE_SCHEMA` = DATABASE()
[Fri, 22 Jan 16 04:10:50 +0000][INFO] DESCRIBE `hq_content_group`
[Fri, 22 Jan 16 04:10:50 +0000][INFO] SELECT `hq_content_group`.`hcg_id`, `hq_content_group`.`hcg_key`, `hq_content_group`.`hcg_main`, `hq_content_group`.`hcg_created_date`, `hq_content_group`.`hcg_position` FROM `hq_content_group` WHERE `hq_content_group`.`hcg_key` LIKE '%:key:%' AND `hq_content_group`.`hcg_created_date` >= :from_date AND `hq_content_group`.`hcg_created_date` <= :to_date
[Fri, 22 Jan 16 04:10:53 +0000][INFO] SELECT IF(COUNT(*) > 0, 1, 0) FROM `INFORMATION_SCHEMA`.`TABLES` WHERE `TABLE_NAME` = 'hq_content_group' AND `TABLE_SCHEMA` = DATABASE()
[Fri, 22 Jan 16 04:10:53 +0000][INFO] DESCRIBE `hq_content_group`
[Fri, 22 Jan 16 04:10:53 +0000][INFO] SELECT `hq_content_group`.`hcg_id`, `hq_content_group`.`hcg_key`, `hq_content_group`.`hcg_main`, `hq_content_group`.`hcg_created_date`, `hq_content_group`.`hcg_position` FROM `hq_content_group` WHERE `hq_content_group`.`hcg_key` LIKE '%:key:%' AND `hq_content_group`.`hcg_created_date` >= :from_date AND `hq_content_group`.`hcg_created_date` <= :to_date
[Fri, 22 Jan 16 04:12:35 +0000][INFO] SELECT IF(COUNT(*) > 0, 1, 0) FROM `INFORMATION_SCHEMA`.`TABLES` WHERE `TABLE_NAME` = 'hq_content_group' AND `TABLE_SCHEMA` = DATABASE()
[Fri, 22 Jan 16 04:12:35 +0000][INFO] DESCRIBE `hq_content_group`
[Fri, 22 Jan 16 04:12:35 +0000][INFO] SELECT `hq_content_group`.`hcg_id`, `hq_content_group`.`hcg_key`, `hq_content_group`.`hcg_main`, `hq_content_group`.`hcg_created_date`, `hq_content_group`.`hcg_position` FROM `hq_content_group` WHERE `hq_content_group`.`hcg_key` LIKE '%Test%' AND `hq_content_group`.`hcg_created_date` >= :from_date AND `hq_content_group`.`hcg_created_date` <= :to_date
[Fri, 22 Jan 16 04:12:54 +0000][INFO] SELECT IF(COUNT(*) > 0, 1, 0) FROM `INFORMATION_SCHEMA`.`TABLES` WHERE `TABLE_NAME` = 'hq_content_group' AND `TABLE_SCHEMA` = DATABASE()
[Fri, 22 Jan 16 04:12:54 +0000][INFO] DESCRIBE `hq_content_group`
[Fri, 22 Jan 16 04:12:54 +0000][INFO] SELECT `hq_content_group`.`hcg_id`, `hq_content_group`.`hcg_key`, `hq_content_group`.`hcg_main`, `hq_content_group`.`hcg_created_date`, `hq_content_group`.`hcg_position` FROM `hq_content_group` WHERE `hq_content_group`.`hcg_key` LIKE '%Test%'
[Fri, 22 Jan 16 04:51:05 +0000][INFO] SELECT IF(COUNT(*) > 0, 1, 0) FROM `INFORMATION_SCHEMA`.`TABLES` WHERE `TABLE_NAME` = 'hq_content_group' AND `TABLE_SCHEMA` = DATABASE()
[Fri, 22 Jan 16 04:51:05 +0000][INFO] DESCRIBE `hq_content_group`
[Fri, 22 Jan 16 04:51:18 +0000][INFO] SELECT IF(COUNT(*) > 0, 1, 0) FROM `INFORMATION_SCHEMA`.`TABLES` WHERE `TABLE_NAME` = 'hq_content_group' AND `TABLE_SCHEMA` = DATABASE()
[Fri, 22 Jan 16 04:51:18 +0000][INFO] DESCRIBE `hq_content_group`
[Fri, 22 Jan 16 04:51:18 +0000][INFO] SELECT `hq_content_group`.`hcg_id`, `hq_content_group`.`hcg_key`, `hq_content_group`.`hcg_main`, `hq_content_group`.`hcg_created_date`, `hq_content_group`.`hcg_position` FROM `hq_content_group` ORDER BY `hq_content_group`.`hcg_id` DESC
[Fri, 22 Jan 16 04:51:31 +0000][INFO] SELECT IF(COUNT(*) > 0, 1, 0) FROM `INFORMATION_SCHEMA`.`TABLES` WHERE `TABLE_NAME` = 'hq_content_group' AND `TABLE_SCHEMA` = DATABASE()
[Fri, 22 Jan 16 04:51:31 +0000][INFO] DESCRIBE `hq_content_group`
[Fri, 22 Jan 16 04:51:31 +0000][INFO] SELECT `hq_content_group`.`hcg_id`, `hq_content_group`.`hcg_key`, `hq_content_group`.`hcg_main`, `hq_content_group`.`hcg_created_date`, `hq_content_group`.`hcg_position` FROM `hq_content_group` ORDER BY `hq_content_group`.`hcg_id` DESC
[Fri, 22 Jan 16 04:57:21 +0000][INFO] SELECT IF(COUNT(*) > 0, 1, 0) FROM `INFORMATION_SCHEMA`.`TABLES` WHERE `TABLE_NAME` = 'hq_content_group' AND `TABLE_SCHEMA` = DATABASE()
[Fri, 22 Jan 16 04:57:21 +0000][INFO] DESCRIBE `hq_content_group`
[Fri, 22 Jan 16 04:57:21 +0000][INFO] SELECT `hq_content_group`.`hcg_id`, `hq_content_group`.`hcg_key`, `hq_content_group`.`hcg_main`, `hq_content_group`.`hcg_created_date`, `hq_content_group`.`hcg_position` FROM `hq_content_group` ORDER BY `hq_content_group`.`hcg_id` DESC
[Fri, 22 Jan 16 04:57:56 +0000][INFO] SELECT IF(COUNT(*) > 0, 1, 0) FROM `INFORMATION_SCHEMA`.`TABLES` WHERE `TABLE_NAME` = 'hq_content_group' AND `TABLE_SCHEMA` = DATABASE()
[Fri, 22 Jan 16 04:57:56 +0000][INFO] DESCRIBE `hq_content_group`
[Fri, 22 Jan 16 04:57:56 +0000][INFO] SELECT `hq_content_group`.`hcg_id`, `hq_content_group`.`hcg_key`, `hq_content_group`.`hcg_main`, `hq_content_group`.`hcg_created_date`, `hq_content_group`.`hcg_position` FROM `hq_content_group` ORDER BY `hq_content_group`.`hcg_id` DESC
[Fri, 22 Jan 16 04:58:10 +0000][INFO] SELECT IF(COUNT(*) > 0, 1, 0) FROM `INFORMATION_SCHEMA`.`TABLES` WHERE `TABLE_NAME` = 'hq_content_group' AND `TABLE_SCHEMA` = DATABASE()
[Fri, 22 Jan 16 04:58:10 +0000][INFO] DESCRIBE `hq_content_group`
[Fri, 22 Jan 16 04:58:10 +0000][INFO] SELECT `hq_content_group`.`hcg_id`, `hq_content_group`.`hcg_key`, `hq_content_group`.`hcg_main`, `hq_content_group`.`hcg_created_date`, `hq_content_group`.`hcg_position` FROM `hq_content_group` ORDER BY `hq_content_group`.`hcg_id` DESC
[Fri, 22 Jan 16 04:59:19 +0000][INFO] SELECT IF(COUNT(*) > 0, 1, 0) FROM `INFORMATION_SCHEMA`.`TABLES` WHERE `TABLE_NAME` = 'hq_content_group' AND `TABLE_SCHEMA` = DATABASE()
[Fri, 22 Jan 16 04:59:19 +0000][INFO] DESCRIBE `hq_content_group`
[Fri, 22 Jan 16 04:59:19 +0000][INFO] SELECT `hq_content_group`.`hcg_id`, `hq_content_group`.`hcg_key`, `hq_content_group`.`hcg_main`, `hq_content_group`.`hcg_created_date`, `hq_content_group`.`hcg_position` FROM `hq_content_group` ORDER BY `hq_content_group`.`hcg_id` DESC
[Fri, 22 Jan 16 04:59:25 +0000][INFO] SELECT IF(COUNT(*) > 0, 1, 0) FROM `INFORMATION_SCHEMA`.`TABLES` WHERE `TABLE_NAME` = 'hq_content_group' AND `TABLE_SCHEMA` = DATABASE()
[Fri, 22 Jan 16 04:59:25 +0000][INFO] DESCRIBE `hq_content_group`
[Fri, 22 Jan 16 04:59:25 +0000][INFO] SELECT `hq_content_group`.`hcg_id`, `hq_content_group`.`hcg_key`, `hq_content_group`.`hcg_main`, `hq_content_group`.`hcg_created_date`, `hq_content_group`.`hcg_position` FROM `hq_content_group` ORDER BY `hq_content_group`.`hcg_id` DESC
[Fri, 22 Jan 16 05:05:09 +0000][INFO] SELECT IF(COUNT(*) > 0, 1, 0) FROM `INFORMATION_SCHEMA`.`TABLES` WHERE `TABLE_NAME` = 'hq_content_group' AND `TABLE_SCHEMA` = DATABASE()
[Fri, 22 Jan 16 05:05:10 +0000][INFO] DESCRIBE `hq_content_group`
[Fri, 22 Jan 16 05:05:10 +0000][INFO] SELECT `hq_content_group`.`hcg_id`, `hq_content_group`.`hcg_key`, `hq_content_group`.`hcg_main`, `hq_content_group`.`hcg_created_date`, `hq_content_group`.`hcg_position` FROM `hq_content_group` ORDER BY `hq_content_group`.`hcg_id` DESC
[Fri, 22 Jan 16 05:05:55 +0000][INFO] SELECT IF(COUNT(*) > 0, 1, 0) FROM `INFORMATION_SCHEMA`.`TABLES` WHERE `TABLE_NAME` = 'hq_content_group' AND `TABLE_SCHEMA` = DATABASE()
[Fri, 22 Jan 16 05:05:55 +0000][INFO] DESCRIBE `hq_content_group`
[Fri, 22 Jan 16 05:05:55 +0000][INFO] SELECT `hq_content_group`.`hcg_id`, `hq_content_group`.`hcg_key`, `hq_content_group`.`hcg_main`, `hq_content_group`.`hcg_created_date`, `hq_content_group`.`hcg_position` FROM `hq_content_group` ORDER BY `hq_content_group`.`hcg_id` DESC
[Fri, 22 Jan 16 05:06:24 +0000][INFO] SELECT IF(COUNT(*) > 0, 1, 0) FROM `INFORMATION_SCHEMA`.`TABLES` WHERE `TABLE_NAME` = 'hq_content_group' AND `TABLE_SCHEMA` = DATABASE()
[Fri, 22 Jan 16 05:06:24 +0000][INFO] DESCRIBE `hq_content_group`
[Fri, 22 Jan 16 05:06:42 +0000][INFO] SELECT IF(COUNT(*) > 0, 1, 0) FROM `INFORMATION_SCHEMA`.`TABLES` WHERE `TABLE_NAME` = 'hq_content_group' AND `TABLE_SCHEMA` = DATABASE()
[Fri, 22 Jan 16 05:06:42 +0000][INFO] DESCRIBE `hq_content_group`
[Fri, 22 Jan 16 05:06:44 +0000][INFO] SELECT IF(COUNT(*) > 0, 1, 0) FROM `INFORMATION_SCHEMA`.`TABLES` WHERE `TABLE_NAME` = 'hq_content_group' AND `TABLE_SCHEMA` = DATABASE()
[Fri, 22 Jan 16 05:06:44 +0000][INFO] DESCRIBE `hq_content_group`
[Fri, 22 Jan 16 05:06:44 +0000][INFO] SELECT `hq_content_group`.`hcg_id`, `hq_content_group`.`hcg_key`, `hq_content_group`.`hcg_main`, `hq_content_group`.`hcg_created_date`, `hq_content_group`.`hcg_position` FROM `hq_content_group` ORDER BY `hq_content_group`.`hcg_id` DESC
[Fri, 22 Jan 16 05:06:57 +0000][INFO] SELECT IF(COUNT(*) > 0, 1, 0) FROM `INFORMATION_SCHEMA`.`TABLES` WHERE `TABLE_NAME` = 'hq_content_group' AND `TABLE_SCHEMA` = DATABASE()
[Fri, 22 Jan 16 05:06:57 +0000][INFO] DESCRIBE `hq_content_group`
[Fri, 22 Jan 16 05:06:57 +0000][INFO] SELECT `hq_content_group`.`hcg_id`, `hq_content_group`.`hcg_key`, `hq_content_group`.`hcg_main`, `hq_content_group`.`hcg_created_date`, `hq_content_group`.`hcg_position` FROM `hq_content_group` ORDER BY `hq_content_group`.`hcg_id` DESC
[Fri, 22 Jan 16 05:07:12 +0000][INFO] SELECT IF(COUNT(*) > 0, 1, 0) FROM `INFORMATION_SCHEMA`.`TABLES` WHERE `TABLE_NAME` = 'hq_content' AND `TABLE_SCHEMA` = DATABASE()
[Fri, 22 Jan 16 05:07:12 +0000][INFO] DESCRIBE `hq_content`
[Fri, 22 Jan 16 05:11:33 +0000][INFO] SELECT IF(COUNT(*) > 0, 1, 0) FROM `INFORMATION_SCHEMA`.`TABLES` WHERE `TABLE_NAME` = 'hq_content' AND `TABLE_SCHEMA` = DATABASE()
[Fri, 22 Jan 16 05:11:33 +0000][INFO] DESCRIBE `hq_content`
[Fri, 22 Jan 16 05:11:39 +0000][INFO] SELECT IF(COUNT(*) > 0, 1, 0) FROM `INFORMATION_SCHEMA`.`TABLES` WHERE `TABLE_NAME` = 'hq_content_group' AND `TABLE_SCHEMA` = DATABASE()
[Fri, 22 Jan 16 05:11:39 +0000][INFO] DESCRIBE `hq_content_group`
[Fri, 22 Jan 16 05:11:39 +0000][INFO] SELECT `hq_content_group`.`hcg_id`, `hq_content_group`.`hcg_key`, `hq_content_group`.`hcg_main`, `hq_content_group`.`hcg_created_date`, `hq_content_group`.`hcg_position` FROM `hq_content_group` ORDER BY `hq_content_group`.`hcg_id` DESC
[Fri, 22 Jan 16 05:11:48 +0000][INFO] SELECT IF(COUNT(*) > 0, 1, 0) FROM `INFORMATION_SCHEMA`.`TABLES` WHERE `TABLE_NAME` = 'hq_content_group' AND `TABLE_SCHEMA` = DATABASE()
[Fri, 22 Jan 16 05:11:48 +0000][INFO] DESCRIBE `hq_content_group`
[Fri, 22 Jan 16 05:11:48 +0000][INFO] SELECT `hq_content_group`.`hcg_id`, `hq_content_group`.`hcg_key`, `hq_content_group`.`hcg_main`, `hq_content_group`.`hcg_created_date`, `hq_content_group`.`hcg_position` FROM `hq_content_group` WHERE `hq_content_group`.`hcg_id` = :id LIMIT :APL0
[Fri, 22 Jan 16 05:11:48 +0000][INFO] SELECT IF(COUNT(*) > 0, 1, 0) FROM `INFORMATION_SCHEMA`.`TABLES` WHERE `TABLE_NAME` = 'hq_content' AND `TABLE_SCHEMA` = DATABASE()
[Fri, 22 Jan 16 05:11:48 +0000][INFO] DESCRIBE `hq_content`
[Fri, 22 Jan 16 05:11:48 +0000][INFO] INSERT INTO `hq_content` (`hc_hcg_id`, `hc_hcg_key`, `hc_description`, `hc_title`, `hc_created_date`) VALUES (?, ?, ?, ?, ?)
[Fri, 22 Jan 16 05:11:53 +0000][INFO] SELECT IF(COUNT(*) > 0, 1, 0) FROM `INFORMATION_SCHEMA`.`TABLES` WHERE `TABLE_NAME` = 'hq_content_group' AND `TABLE_SCHEMA` = DATABASE()
[Fri, 22 Jan 16 05:11:53 +0000][INFO] DESCRIBE `hq_content_group`
[Fri, 22 Jan 16 05:11:53 +0000][INFO] SELECT `hq_content_group`.`hcg_id`, `hq_content_group`.`hcg_key`, `hq_content_group`.`hcg_main`, `hq_content_group`.`hcg_created_date`, `hq_content_group`.`hcg_position` FROM `hq_content_group` ORDER BY `hq_content_group`.`hcg_id` DESC
[Fri, 22 Jan 16 05:12:00 +0000][INFO] SELECT IF(COUNT(*) > 0, 1, 0) FROM `INFORMATION_SCHEMA`.`TABLES` WHERE `TABLE_NAME` = 'hq_content' AND `TABLE_SCHEMA` = DATABASE()
[Fri, 22 Jan 16 05:12:00 +0000][INFO] DESCRIBE `hq_content`
[Fri, 22 Jan 16 05:12:00 +0000][INFO] SELECT `hq_content`.`hc_id`, `hq_content`.`hc_hcg_id`, `hq_content`.`hc_hcg_key`, `hq_content`.`hc_description`, `hq_content`.`hc_title`, `hq_content`.`hc_created_date` FROM `hq_content` WHERE `hq_content`.`hc_hcg_id` = :group
[Fri, 22 Jan 16 05:12:08 +0000][INFO] SELECT IF(COUNT(*) > 0, 1, 0) FROM `INFORMATION_SCHEMA`.`TABLES` WHERE `TABLE_NAME` = 'hq_content' AND `TABLE_SCHEMA` = DATABASE()
[Fri, 22 Jan 16 05:12:08 +0000][INFO] DESCRIBE `hq_content`
[Fri, 22 Jan 16 05:12:08 +0000][INFO] SELECT `hq_content`.`hc_id`, `hq_content`.`hc_hcg_id`, `hq_content`.`hc_hcg_key`, `hq_content`.`hc_description`, `hq_content`.`hc_title`, `hq_content`.`hc_created_date` FROM `hq_content` WHERE `hq_content`.`hc_hcg_id` = :group
[Fri, 22 Jan 16 05:12:22 +0000][INFO] SELECT IF(COUNT(*) > 0, 1, 0) FROM `INFORMATION_SCHEMA`.`TABLES` WHERE `TABLE_NAME` = 'hq_content' AND `TABLE_SCHEMA` = DATABASE()
[Fri, 22 Jan 16 05:12:22 +0000][INFO] DESCRIBE `hq_content`
[Fri, 22 Jan 16 05:12:22 +0000][INFO] SELECT `hq_content`.`hc_id`, `hq_content`.`hc_hcg_id`, `hq_content`.`hc_hcg_key`, `hq_content`.`hc_description`, `hq_content`.`hc_title`, `hq_content`.`hc_created_date` FROM `hq_content` WHERE `hq_content`.`hc_hcg_id` = :group
[Fri, 22 Jan 16 05:12:33 +0000][INFO] SELECT IF(COUNT(*) > 0, 1, 0) FROM `INFORMATION_SCHEMA`.`TABLES` WHERE `TABLE_NAME` = 'hq_content' AND `TABLE_SCHEMA` = DATABASE()
[Fri, 22 Jan 16 05:12:33 +0000][INFO] DESCRIBE `hq_content`
[Fri, 22 Jan 16 05:12:33 +0000][INFO] SELECT `hq_content`.`hc_id`, `hq_content`.`hc_hcg_id`, `hq_content`.`hc_hcg_key`, `hq_content`.`hc_description`, `hq_content`.`hc_title`, `hq_content`.`hc_created_date` FROM `hq_content` WHERE `hq_content`.`hc_id` = :id LIMIT :APL0
[Fri, 22 Jan 16 05:12:33 +0000][INFO] SELECT IF(COUNT(*) > 0, 1, 0) FROM `INFORMATION_SCHEMA`.`TABLES` WHERE `TABLE_NAME` = 'hq_content_group' AND `TABLE_SCHEMA` = DATABASE()
[Fri, 22 Jan 16 05:12:33 +0000][INFO] DESCRIBE `hq_content_group`
[Fri, 22 Jan 16 05:12:33 +0000][INFO] SELECT `hq_content_group`.`hcg_id`, `hq_content_group`.`hcg_key`, `hq_content_group`.`hcg_main`, `hq_content_group`.`hcg_created_date`, `hq_content_group`.`hcg_position` FROM `hq_content_group` ORDER BY `hq_content_group`.`hcg_id` DESC
[Fri, 22 Jan 16 05:12:41 +0000][INFO] SELECT IF(COUNT(*) > 0, 1, 0) FROM `INFORMATION_SCHEMA`.`TABLES` WHERE `TABLE_NAME` = 'hq_content_group' AND `TABLE_SCHEMA` = DATABASE()
[Fri, 22 Jan 16 05:12:41 +0000][INFO] DESCRIBE `hq_content_group`
[Fri, 22 Jan 16 05:12:41 +0000][INFO] SELECT `hq_content_group`.`hcg_id`, `hq_content_group`.`hcg_key`, `hq_content_group`.`hcg_main`, `hq_content_group`.`hcg_created_date`, `hq_content_group`.`hcg_position` FROM `hq_content_group` WHERE `hq_content_group`.`hcg_id` = :id LIMIT :APL0
[Fri, 22 Jan 16 05:12:41 +0000][INFO] UPDATE `hq_content` SET `hc_title` = ?, `hc_description` = ?, `hc_hcg_id` = ?, `hc_hcg_key` = ? WHERE hc_id='1'
[Fri, 22 Jan 16 05:12:43 +0000][INFO] SELECT IF(COUNT(*) > 0, 1, 0) FROM `INFORMATION_SCHEMA`.`TABLES` WHERE `TABLE_NAME` = 'hq_content_group' AND `TABLE_SCHEMA` = DATABASE()
[Fri, 22 Jan 16 05:12:43 +0000][INFO] DESCRIBE `hq_content_group`
[Fri, 22 Jan 16 05:12:43 +0000][INFO] SELECT `hq_content_group`.`hcg_id`, `hq_content_group`.`hcg_key`, `hq_content_group`.`hcg_main`, `hq_content_group`.`hcg_created_date`, `hq_content_group`.`hcg_position` FROM `hq_content_group` ORDER BY `hq_content_group`.`hcg_id` DESC
[Fri, 22 Jan 16 05:12:50 +0000][INFO] SELECT IF(COUNT(*) > 0, 1, 0) FROM `INFORMATION_SCHEMA`.`TABLES` WHERE `TABLE_NAME` = 'hq_content' AND `TABLE_SCHEMA` = DATABASE()
[Fri, 22 Jan 16 05:12:50 +0000][INFO] DESCRIBE `hq_content`
[Fri, 22 Jan 16 05:12:50 +0000][INFO] SELECT `hq_content`.`hc_id`, `hq_content`.`hc_hcg_id`, `hq_content`.`hc_hcg_key`, `hq_content`.`hc_description`, `hq_content`.`hc_title`, `hq_content`.`hc_created_date` FROM `hq_content` WHERE `hq_content`.`hc_hcg_id` = :group
[Fri, 22 Jan 16 05:13:22 +0000][INFO] SELECT IF(COUNT(*) > 0, 1, 0) FROM `INFORMATION_SCHEMA`.`TABLES` WHERE `TABLE_NAME` = 'hq_member_vip' AND `TABLE_SCHEMA` = DATABASE()
[Fri, 22 Jan 16 05:13:22 +0000][INFO] DESCRIBE `hq_member_vip`
[Fri, 22 Jan 16 05:13:22 +0000][INFO] SELECT `hq_member_vip`.`mv_id`, `hq_member_vip`.`mv_name`, `hq_member_vip`.`mv_secret`, `hq_member_vip`.`mv_nickname`, `hq_member_vip`.`mv_last_login`, `hq_member_vip`.`mv_permission` FROM `hq_member_vip`
[Fri, 22 Jan 16 05:13:24 +0000][INFO] SELECT IF(COUNT(*) > 0, 1, 0) FROM `INFORMATION_SCHEMA`.`TABLES` WHERE `TABLE_NAME` = 'hq_member_vip' AND `TABLE_SCHEMA` = DATABASE()
[Fri, 22 Jan 16 05:13:24 +0000][INFO] DESCRIBE `hq_member_vip`
[Fri, 22 Jan 16 05:13:24 +0000][INFO] SELECT `hq_member_vip`.`mv_id`, `hq_member_vip`.`mv_name`, `hq_member_vip`.`mv_secret`, `hq_member_vip`.`mv_nickname`, `hq_member_vip`.`mv_last_login`, `hq_member_vip`.`mv_permission` FROM `hq_member_vip` WHERE `hq_member_vip`.`mv_id` = :id LIMIT :APL0
[Fri, 22 Jan 16 05:13:34 +0000][INFO] SELECT IF(COUNT(*) > 0, 1, 0) FROM `INFORMATION_SCHEMA`.`TABLES` WHERE `TABLE_NAME` = 'hq_content_group' AND `TABLE_SCHEMA` = DATABASE()
[Fri, 22 Jan 16 05:13:34 +0000][INFO] DESCRIBE `hq_content_group`
[Fri, 22 Jan 16 05:13:34 +0000][INFO] SELECT `hq_content_group`.`hcg_id`, `hq_content_group`.`hcg_key`, `hq_content_group`.`hcg_main`, `hq_content_group`.`hcg_created_date`, `hq_content_group`.`hcg_position` FROM `hq_content_group` ORDER BY `hq_content_group`.`hcg_id` DESC
[Fri, 22 Jan 16 07:05:37 +0000][INFO] SELECT IF(COUNT(*) > 0, 1, 0) FROM `INFORMATION_SCHEMA`.`TABLES` WHERE `TABLE_NAME` = 'hq_member_vip' AND `TABLE_SCHEMA` = DATABASE()
[Fri, 22 Jan 16 07:05:37 +0000][INFO] DESCRIBE `hq_member_vip`
[Fri, 22 Jan 16 07:05:37 +0000][INFO] SELECT `hq_member_vip`.`mv_id`, `hq_member_vip`.`mv_name`, `hq_member_vip`.`mv_secret`, `hq_member_vip`.`mv_nickname`, `hq_member_vip`.`mv_last_login`, `hq_member_vip`.`mv_permission` FROM `hq_member_vip` WHERE `hq_member_vip`.`mv_name` = :username LIMIT :APL0
[Fri, 22 Jan 16 07:37:45 +0000][INFO] SELECT IF(COUNT(*) > 0, 1, 0) FROM `INFORMATION_SCHEMA`.`TABLES` WHERE `TABLE_NAME` = 'hq_content_group' AND `TABLE_SCHEMA` = DATABASE()
[Fri, 22 Jan 16 07:37:45 +0000][INFO] DESCRIBE `hq_content_group`
[Fri, 22 Jan 16 07:37:45 +0000][INFO] SELECT `hq_content_group`.`hcg_id`, `hq_content_group`.`hcg_key`, `hq_content_group`.`hcg_main`, `hq_content_group`.`hcg_created_date`, `hq_content_group`.`hcg_position` FROM `hq_content_group` WHERE `hq_content_group`.`hcg_position` = 1 ORDER BY `hq_content_group`.`hcg_id` DESC
[Fri, 22 Jan 16 07:37:45 +0000][INFO] SELECT `hq_content_group`.`hcg_id`, `hq_content_group`.`hcg_key`, `hq_content_group`.`hcg_main`, `hq_content_group`.`hcg_created_date`, `hq_content_group`.`hcg_position` FROM `hq_content_group` WHERE `hq_content_group`.`hcg_position` = 2 ORDER BY `hq_content_group`.`hcg_id` DESC
[Fri, 22 Jan 16 07:37:45 +0000][INFO] SELECT `hq_content_group`.`hcg_id`, `hq_content_group`.`hcg_key`, `hq_content_group`.`hcg_main`, `hq_content_group`.`hcg_created_date`, `hq_content_group`.`hcg_position` FROM `hq_content_group` WHERE `hq_content_group`.`hcg_position` = 3 ORDER BY `hq_content_group`.`hcg_id` DESC
[Fri, 22 Jan 16 07:40:33 +0000][INFO] SELECT IF(COUNT(*) > 0, 1, 0) FROM `INFORMATION_SCHEMA`.`TABLES` WHERE `TABLE_NAME` = 'hq_content_group' AND `TABLE_SCHEMA` = DATABASE()
[Fri, 22 Jan 16 07:40:33 +0000][INFO] DESCRIBE `hq_content_group`
[Fri, 22 Jan 16 07:40:33 +0000][INFO] SELECT `hq_content_group`.`hcg_id`, `hq_content_group`.`hcg_key`, `hq_content_group`.`hcg_main`, `hq_content_group`.`hcg_created_date`, `hq_content_group`.`hcg_position` FROM `hq_content_group` WHERE `hq_content_group`.`hcg_position` = 1 ORDER BY `hq_content_group`.`hcg_id` DESC
[Fri, 22 Jan 16 07:40:33 +0000][INFO] SELECT `hq_content_group`.`hcg_id`, `hq_content_group`.`hcg_key`, `hq_content_group`.`hcg_main`, `hq_content_group`.`hcg_created_date`, `hq_content_group`.`hcg_position` FROM `hq_content_group` WHERE `hq_content_group`.`hcg_position` = 2 ORDER BY `hq_content_group`.`hcg_id` DESC
[Fri, 22 Jan 16 07:40:33 +0000][INFO] SELECT `hq_content_group`.`hcg_id`, `hq_content_group`.`hcg_key`, `hq_content_group`.`hcg_main`, `hq_content_group`.`hcg_created_date`, `hq_content_group`.`hcg_position` FROM `hq_content_group` WHERE `hq_content_group`.`hcg_position` = 3 ORDER BY `hq_content_group`.`hcg_id` DESC
[Fri, 22 Jan 16 07:40:59 +0000][INFO] SELECT IF(COUNT(*) > 0, 1, 0) FROM `INFORMATION_SCHEMA`.`TABLES` WHERE `TABLE_NAME` = 'hq_content_group' AND `TABLE_SCHEMA` = DATABASE()
[Fri, 22 Jan 16 07:40:59 +0000][INFO] DESCRIBE `hq_content_group`
[Fri, 22 Jan 16 07:40:59 +0000][INFO] SELECT `hq_content_group`.`hcg_id`, `hq_content_group`.`hcg_key`, `hq_content_group`.`hcg_main`, `hq_content_group`.`hcg_created_date`, `hq_content_group`.`hcg_position` FROM `hq_content_group` WHERE `hq_content_group`.`hcg_position` = :position AND `hq_content_group`.`hcg_created_date` >= :from_date AND `hq_content_group`.`hcg_created_date` <= :to_date
[Fri, 22 Jan 16 07:41:05 +0000][INFO] SELECT IF(COUNT(*) > 0, 1, 0) FROM `INFORMATION_SCHEMA`.`TABLES` WHERE `TABLE_NAME` = 'hq_content_group' AND `TABLE_SCHEMA` = DATABASE()
[Fri, 22 Jan 16 07:41:05 +0000][INFO] DESCRIBE `hq_content_group`
[Fri, 22 Jan 16 07:41:05 +0000][INFO] SELECT `hq_content_group`.`hcg_id`, `hq_content_group`.`hcg_key`, `hq_content_group`.`hcg_main`, `hq_content_group`.`hcg_created_date`, `hq_content_group`.`hcg_position` FROM `hq_content_group` WHERE `hq_content_group`.`hcg_position` = :position
[Fri, 22 Jan 16 07:41:07 +0000][INFO] SELECT IF(COUNT(*) > 0, 1, 0) FROM `INFORMATION_SCHEMA`.`TABLES` WHERE `TABLE_NAME` = 'hq_content_group' AND `TABLE_SCHEMA` = DATABASE()
[Fri, 22 Jan 16 07:41:07 +0000][INFO] DESCRIBE `hq_content_group`
[Fri, 22 Jan 16 07:41:07 +0000][INFO] SELECT `hq_content_group`.`hcg_id`, `hq_content_group`.`hcg_key`, `hq_content_group`.`hcg_main`, `hq_content_group`.`hcg_created_date`, `hq_content_group`.`hcg_position` FROM `hq_content_group` WHERE `hq_content_group`.`hcg_id` = :id LIMIT :APL0
[Fri, 22 Jan 16 07:41:14 +0000][INFO] UPDATE `hq_content_group` SET `hcg_key` = ?, `hcg_main` = ?, `hcg_position` = ? WHERE hcg_id='1'
[Fri, 22 Jan 16 07:41:29 +0000][INFO] SELECT IF(COUNT(*) > 0, 1, 0) FROM `INFORMATION_SCHEMA`.`TABLES` WHERE `TABLE_NAME` = 'hq_content_group' AND `TABLE_SCHEMA` = DATABASE()
[Fri, 22 Jan 16 07:41:29 +0000][INFO] DESCRIBE `hq_content_group`
[Fri, 22 Jan 16 07:41:29 +0000][INFO] INSERT INTO `hq_content_group` (`hcg_key`, `hcg_main`, `hcg_created_date`, `hcg_position`) VALUES (?, ?, ?, ?)
[Fri, 22 Jan 16 07:41:37 +0000][INFO] SELECT IF(COUNT(*) > 0, 1, 0) FROM `INFORMATION_SCHEMA`.`TABLES` WHERE `TABLE_NAME` = 'hq_content_group' AND `TABLE_SCHEMA` = DATABASE()
[Fri, 22 Jan 16 07:41:37 +0000][INFO] DESCRIBE `hq_content_group`
[Fri, 22 Jan 16 07:41:37 +0000][INFO] INSERT INTO `hq_content_group` (`hcg_key`, `hcg_main`, `hcg_created_date`, `hcg_position`) VALUES (?, ?, ?, ?)
[Fri, 22 Jan 16 07:41:45 +0000][INFO] SELECT IF(COUNT(*) > 0, 1, 0) FROM `INFORMATION_SCHEMA`.`TABLES` WHERE `TABLE_NAME` = 'hq_content_group' AND `TABLE_SCHEMA` = DATABASE()
[Fri, 22 Jan 16 07:41:45 +0000][INFO] DESCRIBE `hq_content_group`
[Fri, 22 Jan 16 07:41:45 +0000][INFO] SELECT `hq_content_group`.`hcg_id`, `hq_content_group`.`hcg_key`, `hq_content_group`.`hcg_main`, `hq_content_group`.`hcg_created_date`, `hq_content_group`.`hcg_position` FROM `hq_content_group` ORDER BY `hq_content_group`.`hcg_id` DESC
[Fri, 22 Jan 16 07:41:50 +0000][INFO] SELECT IF(COUNT(*) > 0, 1, 0) FROM `INFORMATION_SCHEMA`.`TABLES` WHERE `TABLE_NAME` = 'hq_content_group' AND `TABLE_SCHEMA` = DATABASE()
[Fri, 22 Jan 16 07:41:50 +0000][INFO] DESCRIBE `hq_content_group`
[Fri, 22 Jan 16 07:41:50 +0000][INFO] SELECT `hq_content_group`.`hcg_id`, `hq_content_group`.`hcg_key`, `hq_content_group`.`hcg_main`, `hq_content_group`.`hcg_created_date`, `hq_content_group`.`hcg_position` FROM `hq_content_group` WHERE `hq_content_group`.`hcg_position` = 1 ORDER BY `hq_content_group`.`hcg_id` DESC
[Fri, 22 Jan 16 07:41:50 +0000][INFO] SELECT `hq_content_group`.`hcg_id`, `hq_content_group`.`hcg_key`, `hq_content_group`.`hcg_main`, `hq_content_group`.`hcg_created_date`, `hq_content_group`.`hcg_position` FROM `hq_content_group` WHERE `hq_content_group`.`hcg_position` = 2 ORDER BY `hq_content_group`.`hcg_id` DESC
[Fri, 22 Jan 16 07:41:50 +0000][INFO] SELECT `hq_content_group`.`hcg_id`, `hq_content_group`.`hcg_key`, `hq_content_group`.`hcg_main`, `hq_content_group`.`hcg_created_date`, `hq_content_group`.`hcg_position` FROM `hq_content_group` WHERE `hq_content_group`.`hcg_position` = 3 ORDER BY `hq_content_group`.`hcg_id` DESC
[Fri, 22 Jan 16 08:01:32 +0000][INFO] SELECT IF(COUNT(*) > 0, 1, 0) FROM `INFORMATION_SCHEMA`.`TABLES` WHERE `TABLE_NAME` = 'hq_content_group' AND `TABLE_SCHEMA` = DATABASE()
[Fri, 22 Jan 16 08:01:32 +0000][INFO] DESCRIBE `hq_content_group`
[Fri, 22 Jan 16 08:01:32 +0000][INFO] SELECT `hq_content_group`.`hcg_id`, `hq_content_group`.`hcg_key`, `hq_content_group`.`hcg_main`, `hq_content_group`.`hcg_created_date`, `hq_content_group`.`hcg_position` FROM `hq_content_group` WHERE `hq_content_group`.`hcg_position` = 1 ORDER BY `hq_content_group`.`hcg_id` DESC
[Fri, 22 Jan 16 08:01:32 +0000][INFO] SELECT `hq_content_group`.`hcg_id`, `hq_content_group`.`hcg_key`, `hq_content_group`.`hcg_main`, `hq_content_group`.`hcg_created_date`, `hq_content_group`.`hcg_position` FROM `hq_content_group` WHERE `hq_content_group`.`hcg_position` = 2 ORDER BY `hq_content_group`.`hcg_id` DESC
[Fri, 22 Jan 16 08:01:32 +0000][INFO] SELECT `hq_content_group`.`hcg_id`, `hq_content_group`.`hcg_key`, `hq_content_group`.`hcg_main`, `hq_content_group`.`hcg_created_date`, `hq_content_group`.`hcg_position` FROM `hq_content_group` WHERE `hq_content_group`.`hcg_position` = 3 ORDER BY `hq_content_group`.`hcg_id` DESC
[Fri, 22 Jan 16 08:02:51 +0000][INFO] SELECT IF(COUNT(*) > 0, 1, 0) FROM `INFORMATION_SCHEMA`.`TABLES` WHERE `TABLE_NAME` = 'hq_content_group' AND `TABLE_SCHEMA` = DATABASE()
[Fri, 22 Jan 16 08:02:51 +0000][INFO] DESCRIBE `hq_content_group`
[Fri, 22 Jan 16 08:02:51 +0000][INFO] SELECT `hq_content_group`.`hcg_id`, `hq_content_group`.`hcg_key`, `hq_content_group`.`hcg_main`, `hq_content_group`.`hcg_created_date`, `hq_content_group`.`hcg_position` FROM `hq_content_group` WHERE `hq_content_group`.`hcg_position` = 1 ORDER BY `hq_content_group`.`hcg_id` DESC
[Fri, 22 Jan 16 08:02:51 +0000][INFO] SELECT `hq_content_group`.`hcg_id`, `hq_content_group`.`hcg_key`, `hq_content_group`.`hcg_main`, `hq_content_group`.`hcg_created_date`, `hq_content_group`.`hcg_position` FROM `hq_content_group` WHERE `hq_content_group`.`hcg_position` = 2 ORDER BY `hq_content_group`.`hcg_id` DESC
[Fri, 22 Jan 16 08:02:51 +0000][INFO] SELECT `hq_content_group`.`hcg_id`, `hq_content_group`.`hcg_key`, `hq_content_group`.`hcg_main`, `hq_content_group`.`hcg_created_date`, `hq_content_group`.`hcg_position` FROM `hq_content_group` WHERE `hq_content_group`.`hcg_position` = 3 ORDER BY `hq_content_group`.`hcg_id` DESC
[Fri, 22 Jan 16 08:02:55 +0000][INFO] SELECT IF(COUNT(*) > 0, 1, 0) FROM `INFORMATION_SCHEMA`.`TABLES` WHERE `TABLE_NAME` = 'hq_content_group' AND `TABLE_SCHEMA` = DATABASE()
[Fri, 22 Jan 16 08:02:55 +0000][INFO] DESCRIBE `hq_content_group`
[Fri, 22 Jan 16 08:02:55 +0000][INFO] SELECT `hq_content_group`.`hcg_id`, `hq_content_group`.`hcg_key`, `hq_content_group`.`hcg_main`, `hq_content_group`.`hcg_created_date`, `hq_content_group`.`hcg_position` FROM `hq_content_group` WHERE `hq_content_group`.`hcg_position` = 1 ORDER BY `hq_content_group`.`hcg_id` DESC
[Fri, 22 Jan 16 08:02:55 +0000][INFO] SELECT `hq_content_group`.`hcg_id`, `hq_content_group`.`hcg_key`, `hq_content_group`.`hcg_main`, `hq_content_group`.`hcg_created_date`, `hq_content_group`.`hcg_position` FROM `hq_content_group` WHERE `hq_content_group`.`hcg_position` = 2 ORDER BY `hq_content_group`.`hcg_id` DESC
[Fri, 22 Jan 16 08:02:55 +0000][INFO] SELECT `hq_content_group`.`hcg_id`, `hq_content_group`.`hcg_key`, `hq_content_group`.`hcg_main`, `hq_content_group`.`hcg_created_date`, `hq_content_group`.`hcg_position` FROM `hq_content_group` WHERE `hq_content_group`.`hcg_position` = 3 ORDER BY `hq_content_group`.`hcg_id` DESC
[Fri, 22 Jan 16 08:49:05 +0000][INFO] SELECT IF(COUNT(*) > 0, 1, 0) FROM `INFORMATION_SCHEMA`.`TABLES` WHERE `TABLE_NAME` = 'hq_member_vip' AND `TABLE_SCHEMA` = DATABASE()
[Fri, 22 Jan 16 08:49:05 +0000][INFO] DESCRIBE `hq_member_vip`
[Fri, 22 Jan 16 08:49:05 +0000][INFO] SELECT `hq_member_vip`.`mv_id`, `hq_member_vip`.`mv_name`, `hq_member_vip`.`mv_secret`, `hq_member_vip`.`mv_nickname`, `hq_member_vip`.`mv_last_login`, `hq_member_vip`.`mv_permission` FROM `hq_member_vip` WHERE `hq_member_vip`.`mv_name` = :username LIMIT :APL0
[Fri, 22 Jan 16 08:59:03 +0000][INFO] SELECT IF(COUNT(*) > 0, 1, 0) FROM `INFORMATION_SCHEMA`.`TABLES` WHERE `TABLE_NAME` = 'hq_content_group' AND `TABLE_SCHEMA` = DATABASE()
[Fri, 22 Jan 16 08:59:03 +0000][INFO] DESCRIBE `hq_content_group`
[Fri, 22 Jan 16 08:59:03 +0000][INFO] SELECT `hq_content_group`.`hcg_id`, `hq_content_group`.`hcg_key`, `hq_content_group`.`hcg_main`, `hq_content_group`.`hcg_created_date`, `hq_content_group`.`hcg_position` FROM `hq_content_group` WHERE `hq_content_group`.`hcg_position` = 1 ORDER BY `hq_content_group`.`hcg_id` DESC
[Fri, 22 Jan 16 08:59:03 +0000][INFO] SELECT `hq_content_group`.`hcg_id`, `hq_content_group`.`hcg_key`, `hq_content_group`.`hcg_main`, `hq_content_group`.`hcg_created_date`, `hq_content_group`.`hcg_position` FROM `hq_content_group` WHERE `hq_content_group`.`hcg_position` = 2 ORDER BY `hq_content_group`.`hcg_id` DESC
[Fri, 22 Jan 16 08:59:03 +0000][INFO] SELECT `hq_content_group`.`hcg_id`, `hq_content_group`.`hcg_key`, `hq_content_group`.`hcg_main`, `hq_content_group`.`hcg_created_date`, `hq_content_group`.`hcg_position` FROM `hq_content_group` WHERE `hq_content_group`.`hcg_position` = 3 ORDER BY `hq_content_group`.`hcg_id` DESC
[Fri, 22 Jan 16 08:59:07 +0000][INFO] SELECT IF(COUNT(*) > 0, 1, 0) FROM `INFORMATION_SCHEMA`.`TABLES` WHERE `TABLE_NAME` = 'hq_content_group' AND `TABLE_SCHEMA` = DATABASE()
[Fri, 22 Jan 16 08:59:07 +0000][INFO] DESCRIBE `hq_content_group`
[Fri, 22 Jan 16 08:59:07 +0000][INFO] SELECT `hq_content_group`.`hcg_id`, `hq_content_group`.`hcg_key`, `hq_content_group`.`hcg_main`, `hq_content_group`.`hcg_created_date`, `hq_content_group`.`hcg_position` FROM `hq_content_group` WHERE `hq_content_group`.`hcg_position` = 1 ORDER BY `hq_content_group`.`hcg_id` DESC
[Fri, 22 Jan 16 08:59:07 +0000][INFO] SELECT `hq_content_group`.`hcg_id`, `hq_content_group`.`hcg_key`, `hq_content_group`.`hcg_main`, `hq_content_group`.`hcg_created_date`, `hq_content_group`.`hcg_position` FROM `hq_content_group` WHERE `hq_content_group`.`hcg_position` = 2 ORDER BY `hq_content_group`.`hcg_id` DESC
[Fri, 22 Jan 16 08:59:07 +0000][INFO] SELECT `hq_content_group`.`hcg_id`, `hq_content_group`.`hcg_key`, `hq_content_group`.`hcg_main`, `hq_content_group`.`hcg_created_date`, `hq_content_group`.`hcg_position` FROM `hq_content_group` WHERE `hq_content_group`.`hcg_position` = 3 ORDER BY `hq_content_group`.`hcg_id` DESC
[Fri, 22 Jan 16 09:01:05 +0000][INFO] SELECT IF(COUNT(*) > 0, 1, 0) FROM `INFORMATION_SCHEMA`.`TABLES` WHERE `TABLE_NAME` = 'hq_content_group' AND `TABLE_SCHEMA` = DATABASE()
[Fri, 22 Jan 16 09:01:05 +0000][INFO] DESCRIBE `hq_content_group`
[Fri, 22 Jan 16 09:01:05 +0000][INFO] SELECT `hq_content_group`.`hcg_id`, `hq_content_group`.`hcg_key`, `hq_content_group`.`hcg_main`, `hq_content_group`.`hcg_created_date`, `hq_content_group`.`hcg_position` FROM `hq_content_group` WHERE `hq_content_group`.`hcg_position` = 1 ORDER BY `hq_content_group`.`hcg_id` DESC
[Fri, 22 Jan 16 09:01:05 +0000][INFO] SELECT `hq_content_group`.`hcg_id`, `hq_content_group`.`hcg_key`, `hq_content_group`.`hcg_main`, `hq_content_group`.`hcg_created_date`, `hq_content_group`.`hcg_position` FROM `hq_content_group` WHERE `hq_content_group`.`hcg_position` = 2 ORDER BY `hq_content_group`.`hcg_id` DESC
[Fri, 22 Jan 16 09:01:05 +0000][INFO] SELECT `hq_content_group`.`hcg_id`, `hq_content_group`.`hcg_key`, `hq_content_group`.`hcg_main`, `hq_content_group`.`hcg_created_date`, `hq_content_group`.`hcg_position` FROM `hq_content_group` WHERE `hq_content_group`.`hcg_position` = 3 ORDER BY `hq_content_group`.`hcg_id` DESC
[Fri, 22 Jan 16 09:01:55 +0000][INFO] SELECT IF(COUNT(*) > 0, 1, 0) FROM `INFORMATION_SCHEMA`.`TABLES` WHERE `TABLE_NAME` = 'hq_content_group' AND `TABLE_SCHEMA` = DATABASE()
[Fri, 22 Jan 16 09:01:55 +0000][INFO] DESCRIBE `hq_content_group`
[Fri, 22 Jan 16 09:01:55 +0000][INFO] SELECT `hq_content_group`.`hcg_id`, `hq_content_group`.`hcg_key`, `hq_content_group`.`hcg_main`, `hq_content_group`.`hcg_created_date`, `hq_content_group`.`hcg_position` FROM `hq_content_group` WHERE `hq_content_group`.`hcg_position` = 1 ORDER BY `hq_content_group`.`hcg_id` DESC
[Fri, 22 Jan 16 09:01:55 +0000][INFO] SELECT `hq_content_group`.`hcg_id`, `hq_content_group`.`hcg_key`, `hq_content_group`.`hcg_main`, `hq_content_group`.`hcg_created_date`, `hq_content_group`.`hcg_position` FROM `hq_content_group` WHERE `hq_content_group`.`hcg_position` = 2 ORDER BY `hq_content_group`.`hcg_id` DESC
[Fri, 22 Jan 16 09:01:55 +0000][INFO] SELECT `hq_content_group`.`hcg_id`, `hq_content_group`.`hcg_key`, `hq_content_group`.`hcg_main`, `hq_content_group`.`hcg_created_date`, `hq_content_group`.`hcg_position` FROM `hq_content_group` WHERE `hq_content_group`.`hcg_position` = 3 ORDER BY `hq_content_group`.`hcg_id` DESC
[Fri, 22 Jan 16 09:01:59 +0000][INFO] SELECT IF(COUNT(*) > 0, 1, 0) FROM `INFORMATION_SCHEMA`.`TABLES` WHERE `TABLE_NAME` = 'hq_content_group' AND `TABLE_SCHEMA` = DATABASE()
[Fri, 22 Jan 16 09:01:59 +0000][INFO] DESCRIBE `hq_content_group`
[Fri, 22 Jan 16 09:01:59 +0000][INFO] SELECT `hq_content_group`.`hcg_id`, `hq_content_group`.`hcg_key`, `hq_content_group`.`hcg_main`, `hq_content_group`.`hcg_created_date`, `hq_content_group`.`hcg_position` FROM `hq_content_group` WHERE `hq_content_group`.`hcg_position` = 1 ORDER BY `hq_content_group`.`hcg_id` DESC
[Fri, 22 Jan 16 09:01:59 +0000][INFO] SELECT `hq_content_group`.`hcg_id`, `hq_content_group`.`hcg_key`, `hq_content_group`.`hcg_main`, `hq_content_group`.`hcg_created_date`, `hq_content_group`.`hcg_position` FROM `hq_content_group` WHERE `hq_content_group`.`hcg_position` = 2 ORDER BY `hq_content_group`.`hcg_id` DESC
[Fri, 22 Jan 16 09:01:59 +0000][INFO] SELECT `hq_content_group`.`hcg_id`, `hq_content_group`.`hcg_key`, `hq_content_group`.`hcg_main`, `hq_content_group`.`hcg_created_date`, `hq_content_group`.`hcg_position` FROM `hq_content_group` WHERE `hq_content_group`.`hcg_position` = 3 ORDER BY `hq_content_group`.`hcg_id` DESC
[Fri, 22 Jan 16 09:02:19 +0000][INFO] SELECT IF(COUNT(*) > 0, 1, 0) FROM `INFORMATION_SCHEMA`.`TABLES` WHERE `TABLE_NAME` = 'hq_content_group' AND `TABLE_SCHEMA` = DATABASE()
[Fri, 22 Jan 16 09:02:19 +0000][INFO] DESCRIBE `hq_content_group`
[Fri, 22 Jan 16 09:02:19 +0000][INFO] SELECT `hq_content_group`.`hcg_id`, `hq_content_group`.`hcg_key`, `hq_content_group`.`hcg_main`, `hq_content_group`.`hcg_created_date`, `hq_content_group`.`hcg_position` FROM `hq_content_group` WHERE `hq_content_group`.`hcg_position` = 1 ORDER BY `hq_content_group`.`hcg_id` DESC
[Fri, 22 Jan 16 09:02:19 +0000][INFO] SELECT `hq_content_group`.`hcg_id`, `hq_content_group`.`hcg_key`, `hq_content_group`.`hcg_main`, `hq_content_group`.`hcg_created_date`, `hq_content_group`.`hcg_position` FROM `hq_content_group` WHERE `hq_content_group`.`hcg_position` = 2 ORDER BY `hq_content_group`.`hcg_id` DESC
[Fri, 22 Jan 16 09:02:19 +0000][INFO] SELECT `hq_content_group`.`hcg_id`, `hq_content_group`.`hcg_key`, `hq_content_group`.`hcg_main`, `hq_content_group`.`hcg_created_date`, `hq_content_group`.`hcg_position` FROM `hq_content_group` WHERE `hq_content_group`.`hcg_position` = 3 ORDER BY `hq_content_group`.`hcg_id` DESC
[Fri, 22 Jan 16 09:11:17 +0000][INFO] SELECT IF(COUNT(*) > 0, 1, 0) FROM `INFORMATION_SCHEMA`.`TABLES` WHERE `TABLE_NAME` = 'hq_content_group' AND `TABLE_SCHEMA` = DATABASE()
[Fri, 22 Jan 16 09:11:17 +0000][INFO] DESCRIBE `hq_content_group`
[Fri, 22 Jan 16 09:11:17 +0000][INFO] SELECT `hq_content_group`.`hcg_id`, `hq_content_group`.`hcg_key`, `hq_content_group`.`hcg_main`, `hq_content_group`.`hcg_created_date`, `hq_content_group`.`hcg_position` FROM `hq_content_group` WHERE `hq_content_group`.`hcg_position` = 1 ORDER BY `hq_content_group`.`hcg_id` DESC
[Fri, 22 Jan 16 09:11:17 +0000][INFO] SELECT `hq_content_group`.`hcg_id`, `hq_content_group`.`hcg_key`, `hq_content_group`.`hcg_main`, `hq_content_group`.`hcg_created_date`, `hq_content_group`.`hcg_position` FROM `hq_content_group` WHERE `hq_content_group`.`hcg_position` = 2 ORDER BY `hq_content_group`.`hcg_id` DESC
[Fri, 22 Jan 16 09:11:17 +0000][INFO] SELECT `hq_content_group`.`hcg_id`, `hq_content_group`.`hcg_key`, `hq_content_group`.`hcg_main`, `hq_content_group`.`hcg_created_date`, `hq_content_group`.`hcg_position` FROM `hq_content_group` WHERE `hq_content_group`.`hcg_position` = 3 ORDER BY `hq_content_group`.`hcg_id` DESC
[Fri, 22 Jan 16 09:11:22 +0000][INFO] SELECT IF(COUNT(*) > 0, 1, 0) FROM `INFORMATION_SCHEMA`.`TABLES` WHERE `TABLE_NAME` = 'hq_content_group' AND `TABLE_SCHEMA` = DATABASE()
[Fri, 22 Jan 16 09:11:22 +0000][INFO] DESCRIBE `hq_content_group`
[Fri, 22 Jan 16 09:11:22 +0000][INFO] SELECT `hq_content_group`.`hcg_id`, `hq_content_group`.`hcg_key`, `hq_content_group`.`hcg_main`, `hq_content_group`.`hcg_created_date`, `hq_content_group`.`hcg_position` FROM `hq_content_group` WHERE `hq_content_group`.`hcg_position` = 1 ORDER BY `hq_content_group`.`hcg_id` DESC
[Fri, 22 Jan 16 09:11:22 +0000][INFO] SELECT `hq_content_group`.`hcg_id`, `hq_content_group`.`hcg_key`, `hq_content_group`.`hcg_main`, `hq_content_group`.`hcg_created_date`, `hq_content_group`.`hcg_position` FROM `hq_content_group` WHERE `hq_content_group`.`hcg_position` = 2 ORDER BY `hq_content_group`.`hcg_id` DESC
[Fri, 22 Jan 16 09:11:22 +0000][INFO] SELECT `hq_content_group`.`hcg_id`, `hq_content_group`.`hcg_key`, `hq_content_group`.`hcg_main`, `hq_content_group`.`hcg_created_date`, `hq_content_group`.`hcg_position` FROM `hq_content_group` WHERE `hq_content_group`.`hcg_position` = 3 ORDER BY `hq_content_group`.`hcg_id` DESC
[Fri, 22 Jan 16 09:18:21 +0000][INFO] SELECT IF(COUNT(*) > 0, 1, 0) FROM `INFORMATION_SCHEMA`.`TABLES` WHERE `TABLE_NAME` = 'hq_content_group' AND `TABLE_SCHEMA` = DATABASE()
[Fri, 22 Jan 16 09:18:21 +0000][INFO] DESCRIBE `hq_content_group`
[Fri, 22 Jan 16 09:18:21 +0000][INFO] SELECT `hq_content_group`.`hcg_id`, `hq_content_group`.`hcg_key`, `hq_content_group`.`hcg_main`, `hq_content_group`.`hcg_created_date`, `hq_content_group`.`hcg_position` FROM `hq_content_group` WHERE `hq_content_group`.`hcg_position` = 1 ORDER BY `hq_content_group`.`hcg_id` DESC
[Fri, 22 Jan 16 09:18:21 +0000][INFO] SELECT `hq_content_group`.`hcg_id`, `hq_content_group`.`hcg_key`, `hq_content_group`.`hcg_main`, `hq_content_group`.`hcg_created_date`, `hq_content_group`.`hcg_position` FROM `hq_content_group` WHERE `hq_content_group`.`hcg_position` = 2 ORDER BY `hq_content_group`.`hcg_id` DESC
[Fri, 22 Jan 16 09:18:21 +0000][INFO] SELECT `hq_content_group`.`hcg_id`, `hq_content_group`.`hcg_key`, `hq_content_group`.`hcg_main`, `hq_content_group`.`hcg_created_date`, `hq_content_group`.`hcg_position` FROM `hq_content_group` WHERE `hq_content_group`.`hcg_position` = 3 ORDER BY `hq_content_group`.`hcg_id` DESC
[Fri, 22 Jan 16 09:22:38 +0000][INFO] SELECT IF(COUNT(*) > 0, 1, 0) FROM `INFORMATION_SCHEMA`.`TABLES` WHERE `TABLE_NAME` = 'hq_content_group' AND `TABLE_SCHEMA` = DATABASE()
[Fri, 22 Jan 16 09:22:38 +0000][INFO] DESCRIBE `hq_content_group`
[Fri, 22 Jan 16 09:22:38 +0000][INFO] SELECT `hq_content_group`.`hcg_id`, `hq_content_group`.`hcg_key`, `hq_content_group`.`hcg_main`, `hq_content_group`.`hcg_created_date`, `hq_content_group`.`hcg_position` FROM `hq_content_group` WHERE `hq_content_group`.`hcg_position` = 1 ORDER BY `hq_content_group`.`hcg_id` DESC
[Fri, 22 Jan 16 09:22:38 +0000][INFO] SELECT `hq_content_group`.`hcg_id`, `hq_content_group`.`hcg_key`, `hq_content_group`.`hcg_main`, `hq_content_group`.`hcg_created_date`, `hq_content_group`.`hcg_position` FROM `hq_content_group` WHERE `hq_content_group`.`hcg_position` = 2 ORDER BY `hq_content_group`.`hcg_id` DESC
[Fri, 22 Jan 16 09:22:38 +0000][INFO] SELECT `hq_content_group`.`hcg_id`, `hq_content_group`.`hcg_key`, `hq_content_group`.`hcg_main`, `hq_content_group`.`hcg_created_date`, `hq_content_group`.`hcg_position` FROM `hq_content_group` WHERE `hq_content_group`.`hcg_position` = 3 ORDER BY `hq_content_group`.`hcg_id` DESC
[Fri, 22 Jan 16 09:22:44 +0000][INFO] SELECT IF(COUNT(*) > 0, 1, 0) FROM `INFORMATION_SCHEMA`.`TABLES` WHERE `TABLE_NAME` = 'hq_content_group' AND `TABLE_SCHEMA` = DATABASE()
[Fri, 22 Jan 16 09:22:44 +0000][INFO] DESCRIBE `hq_content_group`
[Fri, 22 Jan 16 09:22:44 +0000][INFO] SELECT `hq_content_group`.`hcg_id`, `hq_content_group`.`hcg_key`, `hq_content_group`.`hcg_main`, `hq_content_group`.`hcg_created_date`, `hq_content_group`.`hcg_position` FROM `hq_content_group` WHERE `hq_content_group`.`hcg_position` = 1 ORDER BY `hq_content_group`.`hcg_id` DESC
[Fri, 22 Jan 16 09:22:44 +0000][INFO] SELECT `hq_content_group`.`hcg_id`, `hq_content_group`.`hcg_key`, `hq_content_group`.`hcg_main`, `hq_content_group`.`hcg_created_date`, `hq_content_group`.`hcg_position` FROM `hq_content_group` WHERE `hq_content_group`.`hcg_position` = 2 ORDER BY `hq_content_group`.`hcg_id` DESC
[Fri, 22 Jan 16 09:22:44 +0000][INFO] SELECT `hq_content_group`.`hcg_id`, `hq_content_group`.`hcg_key`, `hq_content_group`.`hcg_main`, `hq_content_group`.`hcg_created_date`, `hq_content_group`.`hcg_position` FROM `hq_content_group` WHERE `hq_content_group`.`hcg_position` = 3 ORDER BY `hq_content_group`.`hcg_id` DESC
[Fri, 22 Jan 16 09:36:57 +0000][INFO] SELECT IF(COUNT(*) > 0, 1, 0) FROM `INFORMATION_SCHEMA`.`TABLES` WHERE `TABLE_NAME` = 'hq_content_group' AND `TABLE_SCHEMA` = DATABASE()
[Fri, 22 Jan 16 09:36:57 +0000][INFO] DESCRIBE `hq_content_group`
[Fri, 22 Jan 16 09:36:57 +0000][INFO] SELECT `hq_content_group`.`hcg_id`, `hq_content_group`.`hcg_key`, `hq_content_group`.`hcg_main`, `hq_content_group`.`hcg_created_date`, `hq_content_group`.`hcg_position` FROM `hq_content_group` WHERE `hq_content_group`.`hcg_position` = 1 ORDER BY `hq_content_group`.`hcg_id` DESC
[Fri, 22 Jan 16 09:36:57 +0000][INFO] SELECT `hq_content_group`.`hcg_id`, `hq_content_group`.`hcg_key`, `hq_content_group`.`hcg_main`, `hq_content_group`.`hcg_created_date`, `hq_content_group`.`hcg_position` FROM `hq_content_group` WHERE `hq_content_group`.`hcg_position` = 2 ORDER BY `hq_content_group`.`hcg_id` DESC
[Fri, 22 Jan 16 09:36:57 +0000][INFO] SELECT `hq_content_group`.`hcg_id`, `hq_content_group`.`hcg_key`, `hq_content_group`.`hcg_main`, `hq_content_group`.`hcg_created_date`, `hq_content_group`.`hcg_position` FROM `hq_content_group` WHERE `hq_content_group`.`hcg_position` = 3 ORDER BY `hq_content_group`.`hcg_id` DESC
[Fri, 22 Jan 16 10:02:59 +0000][INFO] SELECT IF(COUNT(*) > 0, 1, 0) FROM `INFORMATION_SCHEMA`.`TABLES` WHERE `TABLE_NAME` = 'hq_content_group' AND `TABLE_SCHEMA` = DATABASE()
[Fri, 22 Jan 16 10:02:59 +0000][INFO] DESCRIBE `hq_content_group`
[Fri, 22 Jan 16 10:02:59 +0000][INFO] SELECT `hq_content_group`.`hcg_id`, `hq_content_group`.`hcg_key`, `hq_content_group`.`hcg_main`, `hq_content_group`.`hcg_created_date`, `hq_content_group`.`hcg_position` FROM `hq_content_group` WHERE `hq_content_group`.`hcg_position` = 1 ORDER BY `hq_content_group`.`hcg_id` DESC
[Fri, 22 Jan 16 10:02:59 +0000][INFO] SELECT `hq_content_group`.`hcg_id`, `hq_content_group`.`hcg_key`, `hq_content_group`.`hcg_main`, `hq_content_group`.`hcg_created_date`, `hq_content_group`.`hcg_position` FROM `hq_content_group` WHERE `hq_content_group`.`hcg_position` = 2 ORDER BY `hq_content_group`.`hcg_id` DESC
[Fri, 22 Jan 16 10:02:59 +0000][INFO] SELECT `hq_content_group`.`hcg_id`, `hq_content_group`.`hcg_key`, `hq_content_group`.`hcg_main`, `hq_content_group`.`hcg_created_date`, `hq_content_group`.`hcg_position` FROM `hq_content_group` WHERE `hq_content_group`.`hcg_position` = 3 ORDER BY `hq_content_group`.`hcg_id` DESC
[Fri, 22 Jan 16 10:03:04 +0000][INFO] SELECT IF(COUNT(*) > 0, 1, 0) FROM `INFORMATION_SCHEMA`.`TABLES` WHERE `TABLE_NAME` = 'hq_content_group' AND `TABLE_SCHEMA` = DATABASE()
[Fri, 22 Jan 16 10:03:04 +0000][INFO] DESCRIBE `hq_content_group`
[Fri, 22 Jan 16 10:03:04 +0000][INFO] SELECT `hq_content_group`.`hcg_id`, `hq_content_group`.`hcg_key`, `hq_content_group`.`hcg_main`, `hq_content_group`.`hcg_created_date`, `hq_content_group`.`hcg_position` FROM `hq_content_group` WHERE `hq_content_group`.`hcg_position` = 1 ORDER BY `hq_content_group`.`hcg_id` DESC
[Fri, 22 Jan 16 10:03:04 +0000][INFO] SELECT `hq_content_group`.`hcg_id`, `hq_content_group`.`hcg_key`, `hq_content_group`.`hcg_main`, `hq_content_group`.`hcg_created_date`, `hq_content_group`.`hcg_position` FROM `hq_content_group` WHERE `hq_content_group`.`hcg_position` = 2 ORDER BY `hq_content_group`.`hcg_id` DESC
[Fri, 22 Jan 16 10:03:04 +0000][INFO] SELECT `hq_content_group`.`hcg_id`, `hq_content_group`.`hcg_key`, `hq_content_group`.`hcg_main`, `hq_content_group`.`hcg_created_date`, `hq_content_group`.`hcg_position` FROM `hq_content_group` WHERE `hq_content_group`.`hcg_position` = 3 ORDER BY `hq_content_group`.`hcg_id` DESC
[Fri, 22 Jan 16 10:04:01 +0000][INFO] SELECT IF(COUNT(*) > 0, 1, 0) FROM `INFORMATION_SCHEMA`.`TABLES` WHERE `TABLE_NAME` = 'hq_content_group' AND `TABLE_SCHEMA` = DATABASE()
[Fri, 22 Jan 16 10:04:01 +0000][INFO] DESCRIBE `hq_content_group`
[Fri, 22 Jan 16 10:04:01 +0000][INFO] SELECT `hq_content_group`.`hcg_id`, `hq_content_group`.`hcg_key`, `hq_content_group`.`hcg_main`, `hq_content_group`.`hcg_created_date`, `hq_content_group`.`hcg_position` FROM `hq_content_group` WHERE `hq_content_group`.`hcg_position` = 1 ORDER BY `hq_content_group`.`hcg_id` DESC
[Fri, 22 Jan 16 10:04:01 +0000][INFO] SELECT `hq_content_group`.`hcg_id`, `hq_content_group`.`hcg_key`, `hq_content_group`.`hcg_main`, `hq_content_group`.`hcg_created_date`, `hq_content_group`.`hcg_position` FROM `hq_content_group` WHERE `hq_content_group`.`hcg_position` = 2 ORDER BY `hq_content_group`.`hcg_id` DESC
[Fri, 22 Jan 16 10:04:01 +0000][INFO] SELECT `hq_content_group`.`hcg_id`, `hq_content_group`.`hcg_key`, `hq_content_group`.`hcg_main`, `hq_content_group`.`hcg_created_date`, `hq_content_group`.`hcg_position` FROM `hq_content_group` WHERE `hq_content_group`.`hcg_position` = 3 ORDER BY `hq_content_group`.`hcg_id` DESC
[Fri, 22 Jan 16 10:04:31 +0000][INFO] SELECT IF(COUNT(*) > 0, 1, 0) FROM `INFORMATION_SCHEMA`.`TABLES` WHERE `TABLE_NAME` = 'hq_content_group' AND `TABLE_SCHEMA` = DATABASE()
[Fri, 22 Jan 16 10:04:31 +0000][INFO] DESCRIBE `hq_content_group`
[Fri, 22 Jan 16 10:04:31 +0000][INFO] SELECT `hq_content_group`.`hcg_id`, `hq_content_group`.`hcg_key`, `hq_content_group`.`hcg_main`, `hq_content_group`.`hcg_created_date`, `hq_content_group`.`hcg_position` FROM `hq_content_group` WHERE `hq_content_group`.`hcg_position` = 1 ORDER BY `hq_content_group`.`hcg_id` DESC
[Fri, 22 Jan 16 10:04:31 +0000][INFO] SELECT `hq_content_group`.`hcg_id`, `hq_content_group`.`hcg_key`, `hq_content_group`.`hcg_main`, `hq_content_group`.`hcg_created_date`, `hq_content_group`.`hcg_position` FROM `hq_content_group` WHERE `hq_content_group`.`hcg_position` = 2 ORDER BY `hq_content_group`.`hcg_id` DESC
[Fri, 22 Jan 16 10:04:31 +0000][INFO] SELECT `hq_content_group`.`hcg_id`, `hq_content_group`.`hcg_key`, `hq_content_group`.`hcg_main`, `hq_content_group`.`hcg_created_date`, `hq_content_group`.`hcg_position` FROM `hq_content_group` WHERE `hq_content_group`.`hcg_position` = 3 ORDER BY `hq_content_group`.`hcg_id` DESC
[Fri, 22 Jan 16 10:09:35 +0000][INFO] SELECT IF(COUNT(*) > 0, 1, 0) FROM `INFORMATION_SCHEMA`.`TABLES` WHERE `TABLE_NAME` = 'hq_content_group' AND `TABLE_SCHEMA` = DATABASE()
[Fri, 22 Jan 16 10:09:35 +0000][INFO] DESCRIBE `hq_content_group`
[Fri, 22 Jan 16 10:09:35 +0000][INFO] SELECT `hq_content_group`.`hcg_id`, `hq_content_group`.`hcg_key`, `hq_content_group`.`hcg_main`, `hq_content_group`.`hcg_created_date`, `hq_content_group`.`hcg_position` FROM `hq_content_group` WHERE `hq_content_group`.`hcg_position` = 1 ORDER BY `hq_content_group`.`hcg_id` DESC
[Fri, 22 Jan 16 10:09:35 +0000][INFO] SELECT `hq_content_group`.`hcg_id`, `hq_content_group`.`hcg_key`, `hq_content_group`.`hcg_main`, `hq_content_group`.`hcg_created_date`, `hq_content_group`.`hcg_position` FROM `hq_content_group` WHERE `hq_content_group`.`hcg_position` = 2 ORDER BY `hq_content_group`.`hcg_id` DESC
[Fri, 22 Jan 16 10:09:35 +0000][INFO] SELECT `hq_content_group`.`hcg_id`, `hq_content_group`.`hcg_key`, `hq_content_group`.`hcg_main`, `hq_content_group`.`hcg_created_date`, `hq_content_group`.`hcg_position` FROM `hq_content_group` WHERE `hq_content_group`.`hcg_position` = 3 ORDER BY `hq_content_group`.`hcg_id` DESC
[Fri, 22 Jan 16 10:09:39 +0000][INFO] SELECT IF(COUNT(*) > 0, 1, 0) FROM `INFORMATION_SCHEMA`.`TABLES` WHERE `TABLE_NAME` = 'hq_content_group' AND `TABLE_SCHEMA` = DATABASE()
[Fri, 22 Jan 16 10:09:39 +0000][INFO] DESCRIBE `hq_content_group`
[Fri, 22 Jan 16 10:09:39 +0000][INFO] SELECT `hq_content_group`.`hcg_id`, `hq_content_group`.`hcg_key`, `hq_content_group`.`hcg_main`, `hq_content_group`.`hcg_created_date`, `hq_content_group`.`hcg_position` FROM `hq_content_group` WHERE `hq_content_group`.`hcg_position` = 1 ORDER BY `hq_content_group`.`hcg_id` DESC
[Fri, 22 Jan 16 10:09:39 +0000][INFO] SELECT `hq_content_group`.`hcg_id`, `hq_content_group`.`hcg_key`, `hq_content_group`.`hcg_main`, `hq_content_group`.`hcg_created_date`, `hq_content_group`.`hcg_position` FROM `hq_content_group` WHERE `hq_content_group`.`hcg_position` = 2 ORDER BY `hq_content_group`.`hcg_id` DESC
[Fri, 22 Jan 16 10:09:39 +0000][INFO] SELECT `hq_content_group`.`hcg_id`, `hq_content_group`.`hcg_key`, `hq_content_group`.`hcg_main`, `hq_content_group`.`hcg_created_date`, `hq_content_group`.`hcg_position` FROM `hq_content_group` WHERE `hq_content_group`.`hcg_position` = 3 ORDER BY `hq_content_group`.`hcg_id` DESC
[Fri, 22 Jan 16 10:11:59 +0000][INFO] SELECT IF(COUNT(*) > 0, 1, 0) FROM `INFORMATION_SCHEMA`.`TABLES` WHERE `TABLE_NAME` = 'hq_content_group' AND `TABLE_SCHEMA` = DATABASE()
[Fri, 22 Jan 16 10:11:59 +0000][INFO] DESCRIBE `hq_content_group`
[Fri, 22 Jan 16 10:11:59 +0000][INFO] SELECT `hq_content_group`.`hcg_id`, `hq_content_group`.`hcg_key`, `hq_content_group`.`hcg_main`, `hq_content_group`.`hcg_created_date`, `hq_content_group`.`hcg_position` FROM `hq_content_group` WHERE `hq_content_group`.`hcg_position` = 1 ORDER BY `hq_content_group`.`hcg_id` DESC
[Fri, 22 Jan 16 10:11:59 +0000][INFO] SELECT `hq_content_group`.`hcg_id`, `hq_content_group`.`hcg_key`, `hq_content_group`.`hcg_main`, `hq_content_group`.`hcg_created_date`, `hq_content_group`.`hcg_position` FROM `hq_content_group` WHERE `hq_content_group`.`hcg_position` = 2 ORDER BY `hq_content_group`.`hcg_id` DESC
[Fri, 22 Jan 16 10:11:59 +0000][INFO] SELECT `hq_content_group`.`hcg_id`, `hq_content_group`.`hcg_key`, `hq_content_group`.`hcg_main`, `hq_content_group`.`hcg_created_date`, `hq_content_group`.`hcg_position` FROM `hq_content_group` WHERE `hq_content_group`.`hcg_position` = 3 ORDER BY `hq_content_group`.`hcg_id` DESC
[Fri, 22 Jan 16 10:12:03 +0000][INFO] SELECT IF(COUNT(*) > 0, 1, 0) FROM `INFORMATION_SCHEMA`.`TABLES` WHERE `TABLE_NAME` = 'hq_content_group' AND `TABLE_SCHEMA` = DATABASE()
[Fri, 22 Jan 16 10:12:03 +0000][INFO] DESCRIBE `hq_content_group`
[Fri, 22 Jan 16 10:12:03 +0000][INFO] SELECT `hq_content_group`.`hcg_id`, `hq_content_group`.`hcg_key`, `hq_content_group`.`hcg_main`, `hq_content_group`.`hcg_created_date`, `hq_content_group`.`hcg_position` FROM `hq_content_group` WHERE `hq_content_group`.`hcg_position` = 1 ORDER BY `hq_content_group`.`hcg_id` DESC
[Fri, 22 Jan 16 10:12:03 +0000][INFO] SELECT `hq_content_group`.`hcg_id`, `hq_content_group`.`hcg_key`, `hq_content_group`.`hcg_main`, `hq_content_group`.`hcg_created_date`, `hq_content_group`.`hcg_position` FROM `hq_content_group` WHERE `hq_content_group`.`hcg_position` = 2 ORDER BY `hq_content_group`.`hcg_id` DESC
[Fri, 22 Jan 16 10:12:03 +0000][INFO] SELECT `hq_content_group`.`hcg_id`, `hq_content_group`.`hcg_key`, `hq_content_group`.`hcg_main`, `hq_content_group`.`hcg_created_date`, `hq_content_group`.`hcg_position` FROM `hq_content_group` WHERE `hq_content_group`.`hcg_position` = 3 ORDER BY `hq_content_group`.`hcg_id` DESC
[Fri, 22 Jan 16 10:13:24 +0000][INFO] SELECT IF(COUNT(*) > 0, 1, 0) FROM `INFORMATION_SCHEMA`.`TABLES` WHERE `TABLE_NAME` = 'hq_member_vip' AND `TABLE_SCHEMA` = DATABASE()
[Fri, 22 Jan 16 10:13:24 +0000][INFO] DESCRIBE `hq_member_vip`
[Fri, 22 Jan 16 10:13:24 +0000][INFO] SELECT `hq_member_vip`.`mv_id`, `hq_member_vip`.`mv_name`, `hq_member_vip`.`mv_secret`, `hq_member_vip`.`mv_nickname`, `hq_member_vip`.`mv_last_login`, `hq_member_vip`.`mv_permission` FROM `hq_member_vip` WHERE `hq_member_vip`.`mv_name` = :username LIMIT :APL0
[Fri, 22 Jan 16 10:16:08 +0000][INFO] SELECT IF(COUNT(*) > 0, 1, 0) FROM `INFORMATION_SCHEMA`.`TABLES` WHERE `TABLE_NAME` = 'hq_content_group' AND `TABLE_SCHEMA` = DATABASE()
[Fri, 22 Jan 16 10:16:08 +0000][INFO] DESCRIBE `hq_content_group`
[Fri, 22 Jan 16 10:16:08 +0000][INFO] INSERT INTO `hq_content_group` (`hcg_key`, `hcg_main`, `hcg_created_date`, `hcg_position`) VALUES (?, ?, ?, ?)
[Fri, 22 Jan 16 10:16:16 +0000][INFO] SELECT IF(COUNT(*) > 0, 1, 0) FROM `INFORMATION_SCHEMA`.`TABLES` WHERE `TABLE_NAME` = 'hq_content_group' AND `TABLE_SCHEMA` = DATABASE()
[Fri, 22 Jan 16 10:16:16 +0000][INFO] DESCRIBE `hq_content_group`
[Fri, 22 Jan 16 10:16:16 +0000][INFO] SELECT `hq_content_group`.`hcg_id`, `hq_content_group`.`hcg_key`, `hq_content_group`.`hcg_main`, `hq_content_group`.`hcg_created_date`, `hq_content_group`.`hcg_position` FROM `hq_content_group` ORDER BY `hq_content_group`.`hcg_id` DESC
[Fri, 22 Jan 16 10:16:42 +0000][INFO] SELECT IF(COUNT(*) > 0, 1, 0) FROM `INFORMATION_SCHEMA`.`TABLES` WHERE `TABLE_NAME` = 'hq_content_group' AND `TABLE_SCHEMA` = DATABASE()
[Fri, 22 Jan 16 10:16:42 +0000][INFO] DESCRIBE `hq_content_group`
[Fri, 22 Jan 16 10:16:42 +0000][INFO] SELECT `hq_content_group`.`hcg_id`, `hq_content_group`.`hcg_key`, `hq_content_group`.`hcg_main`, `hq_content_group`.`hcg_created_date`, `hq_content_group`.`hcg_position` FROM `hq_content_group` ORDER BY `hq_content_group`.`hcg_id` DESC
[Fri, 22 Jan 16 10:29:46 +0000][INFO] SELECT IF(COUNT(*) > 0, 1, 0) FROM `INFORMATION_SCHEMA`.`TABLES` WHERE `TABLE_NAME` = 'hq_content_group' AND `TABLE_SCHEMA` = DATABASE()
[Fri, 22 Jan 16 10:29:46 +0000][INFO] DESCRIBE `hq_content_group`
[Fri, 22 Jan 16 10:29:46 +0000][INFO] SELECT `hq_content_group`.`hcg_id`, `hq_content_group`.`hcg_key`, `hq_content_group`.`hcg_main`, `hq_content_group`.`hcg_created_date`, `hq_content_group`.`hcg_position` FROM `hq_content_group` WHERE `hq_content_group`.`hcg_position` = 1 ORDER BY `hq_content_group`.`hcg_id` DESC
[Fri, 22 Jan 16 10:29:46 +0000][INFO] SELECT `hq_content_group`.`hcg_id`, `hq_content_group`.`hcg_key`, `hq_content_group`.`hcg_main`, `hq_content_group`.`hcg_created_date`, `hq_content_group`.`hcg_position` FROM `hq_content_group` WHERE `hq_content_group`.`hcg_position` = 2 ORDER BY `hq_content_group`.`hcg_id` DESC
[Fri, 22 Jan 16 10:29:46 +0000][INFO] SELECT `hq_content_group`.`hcg_id`, `hq_content_group`.`hcg_key`, `hq_content_group`.`hcg_main`, `hq_content_group`.`hcg_created_date`, `hq_content_group`.`hcg_position` FROM `hq_content_group` WHERE `hq_content_group`.`hcg_position` = 3 ORDER BY `hq_content_group`.`hcg_id` DESC
[Fri, 22 Jan 16 10:38:41 +0000][INFO] SELECT IF(COUNT(*) > 0, 1, 0) FROM `INFORMATION_SCHEMA`.`TABLES` WHERE `TABLE_NAME` = 'hq_content_group' AND `TABLE_SCHEMA` = DATABASE()
[Fri, 22 Jan 16 10:38:41 +0000][INFO] DESCRIBE `hq_content_group`
[Fri, 22 Jan 16 10:38:41 +0000][INFO] SELECT `hq_content_group`.`hcg_id`, `hq_content_group`.`hcg_key`, `hq_content_group`.`hcg_main`, `hq_content_group`.`hcg_created_date`, `hq_content_group`.`hcg_position` FROM `hq_content_group` WHERE `hq_content_group`.`hcg_position` = 1 ORDER BY `hq_content_group`.`hcg_id` DESC
[Fri, 22 Jan 16 10:38:41 +0000][INFO] SELECT `hq_content_group`.`hcg_id`, `hq_content_group`.`hcg_key`, `hq_content_group`.`hcg_main`, `hq_content_group`.`hcg_created_date`, `hq_content_group`.`hcg_position` FROM `hq_content_group` WHERE `hq_content_group`.`hcg_position` = 2 ORDER BY `hq_content_group`.`hcg_id` DESC
[Fri, 22 Jan 16 10:38:41 +0000][INFO] SELECT `hq_content_group`.`hcg_id`, `hq_content_group`.`hcg_key`, `hq_content_group`.`hcg_main`, `hq_content_group`.`hcg_created_date`, `hq_content_group`.`hcg_position` FROM `hq_content_group` WHERE `hq_content_group`.`hcg_position` = 3 ORDER BY `hq_content_group`.`hcg_id` DESC
[Fri, 22 Jan 16 10:39:27 +0000][INFO] SELECT IF(COUNT(*) > 0, 1, 0) FROM `INFORMATION_SCHEMA`.`TABLES` WHERE `TABLE_NAME` = 'hq_content_group' AND `TABLE_SCHEMA` = DATABASE()
[Fri, 22 Jan 16 10:39:27 +0000][INFO] DESCRIBE `hq_content_group`
[Fri, 22 Jan 16 10:39:27 +0000][INFO] SELECT `hq_content_group`.`hcg_id`, `hq_content_group`.`hcg_key`, `hq_content_group`.`hcg_main`, `hq_content_group`.`hcg_created_date`, `hq_content_group`.`hcg_position` FROM `hq_content_group` WHERE `hq_content_group`.`hcg_position` = 1 ORDER BY `hq_content_group`.`hcg_id` DESC
[Fri, 22 Jan 16 10:39:27 +0000][INFO] SELECT `hq_content_group`.`hcg_id`, `hq_content_group`.`hcg_key`, `hq_content_group`.`hcg_main`, `hq_content_group`.`hcg_created_date`, `hq_content_group`.`hcg_position` FROM `hq_content_group` WHERE `hq_content_group`.`hcg_position` = 2 ORDER BY `hq_content_group`.`hcg_id` DESC
[Fri, 22 Jan 16 10:39:27 +0000][INFO] SELECT `hq_content_group`.`hcg_id`, `hq_content_group`.`hcg_key`, `hq_content_group`.`hcg_main`, `hq_content_group`.`hcg_created_date`, `hq_content_group`.`hcg_position` FROM `hq_content_group` WHERE `hq_content_group`.`hcg_position` = 3 ORDER BY `hq_content_group`.`hcg_id` DESC
[Fri, 22 Jan 16 10:39:59 +0000][INFO] SELECT IF(COUNT(*) > 0, 1, 0) FROM `INFORMATION_SCHEMA`.`TABLES` WHERE `TABLE_NAME` = 'hq_content_group' AND `TABLE_SCHEMA` = DATABASE()
[Fri, 22 Jan 16 10:39:59 +0000][INFO] DESCRIBE `hq_content_group`
[Fri, 22 Jan 16 10:39:59 +0000][INFO] SELECT `hq_content_group`.`hcg_id`, `hq_content_group`.`hcg_key`, `hq_content_group`.`hcg_main`, `hq_content_group`.`hcg_created_date`, `hq_content_group`.`hcg_position` FROM `hq_content_group` WHERE `hq_content_group`.`hcg_position` = 1 ORDER BY `hq_content_group`.`hcg_id` DESC
[Fri, 22 Jan 16 10:39:59 +0000][INFO] SELECT `hq_content_group`.`hcg_id`, `hq_content_group`.`hcg_key`, `hq_content_group`.`hcg_main`, `hq_content_group`.`hcg_created_date`, `hq_content_group`.`hcg_position` FROM `hq_content_group` WHERE `hq_content_group`.`hcg_position` = 2 ORDER BY `hq_content_group`.`hcg_id` DESC
[Fri, 22 Jan 16 10:39:59 +0000][INFO] SELECT `hq_content_group`.`hcg_id`, `hq_content_group`.`hcg_key`, `hq_content_group`.`hcg_main`, `hq_content_group`.`hcg_created_date`, `hq_content_group`.`hcg_position` FROM `hq_content_group` WHERE `hq_content_group`.`hcg_position` = 3 ORDER BY `hq_content_group`.`hcg_id` DESC
[Fri, 22 Jan 16 10:40:28 +0000][INFO] SELECT IF(COUNT(*) > 0, 1, 0) FROM `INFORMATION_SCHEMA`.`TABLES` WHERE `TABLE_NAME` = 'hq_content_group' AND `TABLE_SCHEMA` = DATABASE()
[Fri, 22 Jan 16 10:40:28 +0000][INFO] DESCRIBE `hq_content_group`
[Fri, 22 Jan 16 10:40:28 +0000][INFO] SELECT `hq_content_group`.`hcg_id`, `hq_content_group`.`hcg_key`, `hq_content_group`.`hcg_main`, `hq_content_group`.`hcg_created_date`, `hq_content_group`.`hcg_position` FROM `hq_content_group` WHERE `hq_content_group`.`hcg_position` = 1 ORDER BY `hq_content_group`.`hcg_id` DESC
[Fri, 22 Jan 16 10:40:28 +0000][INFO] SELECT `hq_content_group`.`hcg_id`, `hq_content_group`.`hcg_key`, `hq_content_group`.`hcg_main`, `hq_content_group`.`hcg_created_date`, `hq_content_group`.`hcg_position` FROM `hq_content_group` WHERE `hq_content_group`.`hcg_position` = 2 ORDER BY `hq_content_group`.`hcg_id` DESC
[Fri, 22 Jan 16 10:40:28 +0000][INFO] SELECT `hq_content_group`.`hcg_id`, `hq_content_group`.`hcg_key`, `hq_content_group`.`hcg_main`, `hq_content_group`.`hcg_created_date`, `hq_content_group`.`hcg_position` FROM `hq_content_group` WHERE `hq_content_group`.`hcg_position` = 3 ORDER BY `hq_content_group`.`hcg_id` DESC
[Fri, 22 Jan 16 10:56:49 +0000][INFO] SELECT IF(COUNT(*) > 0, 1, 0) FROM `INFORMATION_SCHEMA`.`TABLES` WHERE `TABLE_NAME` = 'hq_content_group' AND `TABLE_SCHEMA` = DATABASE()
[Fri, 22 Jan 16 10:56:49 +0000][INFO] DESCRIBE `hq_content_group`
[Fri, 22 Jan 16 10:56:49 +0000][INFO] SELECT `hq_content_group`.`hcg_id`, `hq_content_group`.`hcg_key`, `hq_content_group`.`hcg_main`, `hq_content_group`.`hcg_created_date`, `hq_content_group`.`hcg_position` FROM `hq_content_group` WHERE `hq_content_group`.`hcg_position` = 1 ORDER BY `hq_content_group`.`hcg_id` DESC
[Fri, 22 Jan 16 10:56:49 +0000][INFO] SELECT `hq_content_group`.`hcg_id`, `hq_content_group`.`hcg_key`, `hq_content_group`.`hcg_main`, `hq_content_group`.`hcg_created_date`, `hq_content_group`.`hcg_position` FROM `hq_content_group` WHERE `hq_content_group`.`hcg_position` = 2 ORDER BY `hq_content_group`.`hcg_id` DESC
[Fri, 22 Jan 16 10:56:49 +0000][INFO] SELECT `hq_content_group`.`hcg_id`, `hq_content_group`.`hcg_key`, `hq_content_group`.`hcg_main`, `hq_content_group`.`hcg_created_date`, `hq_content_group`.`hcg_position` FROM `hq_content_group` WHERE `hq_content_group`.`hcg_position` = 3 ORDER BY `hq_content_group`.`hcg_id` DESC
[Fri, 22 Jan 16 10:56:58 +0000][INFO] SELECT IF(COUNT(*) > 0, 1, 0) FROM `INFORMATION_SCHEMA`.`TABLES` WHERE `TABLE_NAME` = 'hq_content_group' AND `TABLE_SCHEMA` = DATABASE()
[Fri, 22 Jan 16 10:56:58 +0000][INFO] DESCRIBE `hq_content_group`
[Fri, 22 Jan 16 10:56:58 +0000][INFO] SELECT `hq_content_group`.`hcg_id`, `hq_content_group`.`hcg_key`, `hq_content_group`.`hcg_main`, `hq_content_group`.`hcg_created_date`, `hq_content_group`.`hcg_position` FROM `hq_content_group` WHERE `hq_content_group`.`hcg_position` = 1 ORDER BY `hq_content_group`.`hcg_id` DESC
[Fri, 22 Jan 16 10:56:58 +0000][INFO] SELECT `hq_content_group`.`hcg_id`, `hq_content_group`.`hcg_key`, `hq_content_group`.`hcg_main`, `hq_content_group`.`hcg_created_date`, `hq_content_group`.`hcg_position` FROM `hq_content_group` WHERE `hq_content_group`.`hcg_position` = 2 ORDER BY `hq_content_group`.`hcg_id` DESC
[Fri, 22 Jan 16 10:56:58 +0000][INFO] SELECT `hq_content_group`.`hcg_id`, `hq_content_group`.`hcg_key`, `hq_content_group`.`hcg_main`, `hq_content_group`.`hcg_created_date`, `hq_content_group`.`hcg_position` FROM `hq_content_group` WHERE `hq_content_group`.`hcg_position` = 3 ORDER BY `hq_content_group`.`hcg_id` DESC
[Fri, 22 Jan 16 11:04:10 +0000][INFO] SELECT IF(COUNT(*) > 0, 1, 0) FROM `INFORMATION_SCHEMA`.`TABLES` WHERE `TABLE_NAME` = 'hq_content_group' AND `TABLE_SCHEMA` = DATABASE()
[Fri, 22 Jan 16 11:04:10 +0000][INFO] DESCRIBE `hq_content_group`
[Fri, 22 Jan 16 11:04:10 +0000][INFO] SELECT `hq_content_group`.`hcg_id`, `hq_content_group`.`hcg_key`, `hq_content_group`.`hcg_main`, `hq_content_group`.`hcg_created_date`, `hq_content_group`.`hcg_position` FROM `hq_content_group` WHERE `hq_content_group`.`hcg_position` = 1 ORDER BY `hq_content_group`.`hcg_id` DESC
[Fri, 22 Jan 16 11:04:10 +0000][INFO] SELECT `hq_content_group`.`hcg_id`, `hq_content_group`.`hcg_key`, `hq_content_group`.`hcg_main`, `hq_content_group`.`hcg_created_date`, `hq_content_group`.`hcg_position` FROM `hq_content_group` WHERE `hq_content_group`.`hcg_position` = 2 ORDER BY `hq_content_group`.`hcg_id` DESC
[Fri, 22 Jan 16 11:04:10 +0000][INFO] SELECT `hq_content_group`.`hcg_id`, `hq_content_group`.`hcg_key`, `hq_content_group`.`hcg_main`, `hq_content_group`.`hcg_created_date`, `hq_content_group`.`hcg_position` FROM `hq_content_group` WHERE `hq_content_group`.`hcg_position` = 3 ORDER BY `hq_content_group`.`hcg_id` DESC
[Fri, 22 Jan 16 11:04:19 +0000][INFO] SELECT IF(COUNT(*) > 0, 1, 0) FROM `INFORMATION_SCHEMA`.`TABLES` WHERE `TABLE_NAME` = 'hq_content_group' AND `TABLE_SCHEMA` = DATABASE()
[Fri, 22 Jan 16 11:04:19 +0000][INFO] DESCRIBE `hq_content_group`
[Fri, 22 Jan 16 11:04:19 +0000][INFO] SELECT `hq_content_group`.`hcg_id`, `hq_content_group`.`hcg_key`, `hq_content_group`.`hcg_main`, `hq_content_group`.`hcg_created_date`, `hq_content_group`.`hcg_position` FROM `hq_content_group` WHERE `hq_content_group`.`hcg_position` = 1 ORDER BY `hq_content_group`.`hcg_id` DESC
[Fri, 22 Jan 16 11:04:19 +0000][INFO] SELECT `hq_content_group`.`hcg_id`, `hq_content_group`.`hcg_key`, `hq_content_group`.`hcg_main`, `hq_content_group`.`hcg_created_date`, `hq_content_group`.`hcg_position` FROM `hq_content_group` WHERE `hq_content_group`.`hcg_position` = 2 ORDER BY `hq_content_group`.`hcg_id` DESC
[Fri, 22 Jan 16 11:04:19 +0000][INFO] SELECT `hq_content_group`.`hcg_id`, `hq_content_group`.`hcg_key`, `hq_content_group`.`hcg_main`, `hq_content_group`.`hcg_created_date`, `hq_content_group`.`hcg_position` FROM `hq_content_group` WHERE `hq_content_group`.`hcg_position` = 3 ORDER BY `hq_content_group`.`hcg_id` DESC
