[Thu, 21 Jan 16 04:03:23 +0000][INFO] SELECT IF(COUNT(*) > 0, 1, 0) FROM `INFORMATION_SCHEMA`.`TABLES` WHERE `TABLE_NAME` = 'hq_admin_role' AND `TABLE_SCHEMA` = DATABASE()
[Thu, 21 Jan 16 04:03:23 +0000][INFO] DESCRIBE `hq_admin_role`
[Thu, 21 Jan 16 04:03:23 +0000][INFO] SELECT IF(COUNT(*) > 0, 1, 0) FROM `INFORMATION_SCHEMA`.`TABLES` WHERE `TABLE_NAME` = 'hq_admin_role' AND `TABLE_SCHEMA` = DATABASE()
[Thu, 21 Jan 16 04:03:23 +0000][INFO] DESCRIBE `hq_admin_role`
[Thu, 21 Jan 16 04:03:23 +0000][INFO] SELECT IF(COUNT(*) > 0, 1, 0) FROM `INFORMATION_SCHEMA`.`TABLES` WHERE `TABLE_NAME` = 'hq_admin_role' AND `TABLE_SCHEMA` = DATABASE()
[Thu, 21 Jan 16 04:03:23 +0000][INFO] DESCRIBE `hq_admin_role`
[Thu, 21 Jan 16 04:03:23 +0000][INFO] SELECT `hq_admin_role`.`role_name` AS `role_name`, `hq_admin_role`.`role_ar_user` AS `role_ar_user` FROM `hq_admin_role`
[Thu, 21 Jan 16 04:03:27 +0000][INFO] SELECT IF(COUNT(*) > 0, 1, 0) FROM `INFORMATION_SCHEMA`.`TABLES` WHERE `TABLE_NAME` = 'hq_admin_role' AND `TABLE_SCHEMA` = DATABASE()
[Thu, 21 Jan 16 04:03:27 +0000][INFO] DESCRIBE `hq_admin_role`
[Thu, 21 Jan 16 04:03:27 +0000][INFO] SELECT IF(COUNT(*) > 0, 1, 0) FROM `INFORMATION_SCHEMA`.`TABLES` WHERE `TABLE_NAME` = 'hq_admin_role' AND `TABLE_SCHEMA` = DATABASE()
[Thu, 21 Jan 16 04:03:27 +0000][INFO] DESCRIBE `hq_admin_role`
[Thu, 21 Jan 16 04:03:27 +0000][INFO] SELECT IF(COUNT(*) > 0, 1, 0) FROM `INFORMATION_SCHEMA`.`TABLES` WHERE `TABLE_NAME` = 'hq_admin_role' AND `TABLE_SCHEMA` = DATABASE()
[Thu, 21 Jan 16 04:03:27 +0000][INFO] DESCRIBE `hq_admin_role`
[Thu, 21 Jan 16 04:03:27 +0000][INFO] SELECT `hq_admin_role`.`role_name` AS `role_name`, `hq_admin_role`.`role_ar_user` AS `role_ar_user` FROM `hq_admin_role`
[Thu, 21 Jan 16 04:03:34 +0000][INFO] SELECT IF(COUNT(*) > 0, 1, 0) FROM `INFORMATION_SCHEMA`.`TABLES` WHERE `TABLE_NAME` = 'hq_admin_role' AND `TABLE_SCHEMA` = DATABASE()
[Thu, 21 Jan 16 04:03:34 +0000][INFO] DESCRIBE `hq_admin_role`
[Thu, 21 Jan 16 04:03:34 +0000][INFO] SELECT IF(COUNT(*) > 0, 1, 0) FROM `INFORMATION_SCHEMA`.`TABLES` WHERE `TABLE_NAME` = 'hq_admin_role' AND `TABLE_SCHEMA` = DATABASE()
[Thu, 21 Jan 16 04:03:34 +0000][INFO] DESCRIBE `hq_admin_role`
[Thu, 21 Jan 16 04:03:34 +0000][INFO] SELECT IF(COUNT(*) > 0, 1, 0) FROM `INFORMATION_SCHEMA`.`TABLES` WHERE `TABLE_NAME` = 'hq_admin_role' AND `TABLE_SCHEMA` = DATABASE()
[Thu, 21 Jan 16 04:03:34 +0000][INFO] DESCRIBE `hq_admin_role`
[Thu, 21 Jan 16 04:03:34 +0000][INFO] SELECT `hq_admin_role`.`role_name` AS `role_name`, `hq_admin_role`.`role_ar_user` AS `role_ar_user` FROM `hq_admin_role`
[Thu, 21 Jan 16 04:03:34 +0000][INFO] SELECT IF(COUNT(*) > 0, 1, 0) FROM `INFORMATION_SCHEMA`.`TABLES` WHERE `TABLE_NAME` = 'hq_user_admin' AND `TABLE_SCHEMA` = DATABASE()
[Thu, 21 Jan 16 04:03:34 +0000][INFO] DESCRIBE `hq_user_admin`
[Thu, 21 Jan 16 04:03:34 +0000][INFO] SELECT IF(COUNT(*) > 0, 1, 0) FROM `INFORMATION_SCHEMA`.`TABLES` WHERE `TABLE_NAME` = 'hq_user_admin' AND `TABLE_SCHEMA` = DATABASE()
[Thu, 21 Jan 16 04:03:34 +0000][INFO] DESCRIBE `hq_user_admin`
[Thu, 21 Jan 16 04:03:34 +0000][INFO] SELECT IF(COUNT(*) > 0, 1, 0) FROM `INFORMATION_SCHEMA`.`TABLES` WHERE `TABLE_NAME` = 'hq_user_admin' AND `TABLE_SCHEMA` = DATABASE()
[Thu, 21 Jan 16 04:03:34 +0000][INFO] DESCRIBE `hq_user_admin`
[Thu, 21 Jan 16 04:03:34 +0000][INFO] SELECT `hq_user_admin`.`usa_id`, `hq_user_admin`.`usa_username`, `hq_user_admin`.`usa_email`, `hq_user_admin`.`usa_password`, `hq_user_admin`.`usa_last_login`, `hq_user_admin`.`usa_create_date` FROM `hq_user_admin` WHERE `hq_user_admin`.`usa_username` = :userEmail AND `hq_user_admin`.`usa_password` = :userPassword LIMIT :APL0
[Thu, 21 Jan 16 04:03:34 +0000][INFO] UPDATE `hq_user_admin` SET `usa_username` = ?, `usa_email` = ?, `usa_password` = ?, `usa_last_login` = ?, `usa_create_date` = ? WHERE `usa_id` = ?
[Thu, 21 Jan 16 04:03:36 +0000][INFO] SELECT IF(COUNT(*) > 0, 1, 0) FROM `INFORMATION_SCHEMA`.`TABLES` WHERE `TABLE_NAME` = 'hq_admin_role' AND `TABLE_SCHEMA` = DATABASE()
[Thu, 21 Jan 16 04:03:36 +0000][INFO] DESCRIBE `hq_admin_role`
[Thu, 21 Jan 16 04:03:36 +0000][INFO] SELECT IF(COUNT(*) > 0, 1, 0) FROM `INFORMATION_SCHEMA`.`TABLES` WHERE `TABLE_NAME` = 'hq_admin_role' AND `TABLE_SCHEMA` = DATABASE()
[Thu, 21 Jan 16 04:03:36 +0000][INFO] DESCRIBE `hq_admin_role`
[Thu, 21 Jan 16 04:03:36 +0000][INFO] SELECT IF(COUNT(*) > 0, 1, 0) FROM `INFORMATION_SCHEMA`.`TABLES` WHERE `TABLE_NAME` = 'hq_admin_role' AND `TABLE_SCHEMA` = DATABASE()
[Thu, 21 Jan 16 04:03:36 +0000][INFO] DESCRIBE `hq_admin_role`
[Thu, 21 Jan 16 04:03:36 +0000][INFO] SELECT `hq_admin_role`.`role_name` AS `role_name`, `hq_admin_role`.`role_ar_user` AS `role_ar_user` FROM `hq_admin_role`
[Thu, 21 Jan 16 04:03:39 +0000][INFO] SELECT IF(COUNT(*) > 0, 1, 0) FROM `INFORMATION_SCHEMA`.`TABLES` WHERE `TABLE_NAME` = 'hq_admin_role' AND `TABLE_SCHEMA` = DATABASE()
[Thu, 21 Jan 16 04:03:39 +0000][INFO] DESCRIBE `hq_admin_role`
[Thu, 21 Jan 16 04:03:39 +0000][INFO] SELECT IF(COUNT(*) > 0, 1, 0) FROM `INFORMATION_SCHEMA`.`TABLES` WHERE `TABLE_NAME` = 'hq_admin_role' AND `TABLE_SCHEMA` = DATABASE()
[Thu, 21 Jan 16 04:03:39 +0000][INFO] DESCRIBE `hq_admin_role`
[Thu, 21 Jan 16 04:03:39 +0000][INFO] SELECT IF(COUNT(*) > 0, 1, 0) FROM `INFORMATION_SCHEMA`.`TABLES` WHERE `TABLE_NAME` = 'hq_admin_role' AND `TABLE_SCHEMA` = DATABASE()
[Thu, 21 Jan 16 04:03:39 +0000][INFO] DESCRIBE `hq_admin_role`
[Thu, 21 Jan 16 04:03:39 +0000][INFO] SELECT `hq_admin_role`.`role_name` AS `role_name`, `hq_admin_role`.`role_ar_user` AS `role_ar_user` FROM `hq_admin_role`
[Thu, 21 Jan 16 04:03:39 +0000][INFO] SELECT IF(COUNT(*) > 0, 1, 0) FROM `INFORMATION_SCHEMA`.`TABLES` WHERE `TABLE_NAME` = 'hq_map_setting' AND `TABLE_SCHEMA` = DATABASE()
[Thu, 21 Jan 16 04:03:39 +0000][INFO] DESCRIBE `hq_map_setting`
[Thu, 21 Jan 16 04:03:39 +0000][INFO] SELECT IF(COUNT(*) > 0, 1, 0) FROM `INFORMATION_SCHEMA`.`TABLES` WHERE `TABLE_NAME` = 'hq_category_building' AND `TABLE_SCHEMA` = DATABASE()
[Thu, 21 Jan 16 04:03:39 +0000][INFO] DESCRIBE `hq_category_building`
[Thu, 21 Jan 16 04:03:39 +0000][INFO] SELECT IF(COUNT(*) > 0, 1, 0) FROM `INFORMATION_SCHEMA`.`TABLES` WHERE `TABLE_NAME` = 'hq_map_setting' AND `TABLE_SCHEMA` = DATABASE()
[Thu, 21 Jan 16 04:03:39 +0000][INFO] DESCRIBE `hq_map_setting`
[Thu, 21 Jan 16 04:03:39 +0000][INFO] SELECT IF(COUNT(*) > 0, 1, 0) FROM `INFORMATION_SCHEMA`.`TABLES` WHERE `TABLE_NAME` = 'hq_map_setting' AND `TABLE_SCHEMA` = DATABASE()
[Thu, 21 Jan 16 04:03:39 +0000][INFO] DESCRIBE `hq_map_setting`
[Thu, 21 Jan 16 04:03:39 +0000][INFO] SELECT `hq_map_setting`.`map_id`, `hq_map_setting`.`map_width`, `hq_map_setting`.`map_height`, `hq_map_setting`.`map_center_x`, `hq_map_setting`.`map_center_y`, `hq_map_setting`.`map_khung_width`, `hq_map_setting`.`map_khung_height`, `hq_map_setting`.`map_max_id` FROM `hq_map_setting` WHERE `hq_map_setting`.`map_id` = 1 LIMIT :APL0
[Thu, 21 Jan 16 04:03:39 +0000][INFO] SELECT IF(COUNT(*) > 0, 1, 0) FROM `INFORMATION_SCHEMA`.`TABLES` WHERE `TABLE_NAME` = 'hq_category_building' AND `TABLE_SCHEMA` = DATABASE()
[Thu, 21 Jan 16 04:03:39 +0000][INFO] DESCRIBE `hq_category_building`
[Thu, 21 Jan 16 04:03:39 +0000][INFO] SELECT IF(COUNT(*) > 0, 1, 0) FROM `INFORMATION_SCHEMA`.`TABLES` WHERE `TABLE_NAME` = 'hq_category_building' AND `TABLE_SCHEMA` = DATABASE()
[Thu, 21 Jan 16 04:03:39 +0000][INFO] DESCRIBE `hq_category_building`
[Thu, 21 Jan 16 04:03:39 +0000][INFO] SELECT `hq_category_building`.`cb_id`, `hq_category_building`.`cb_name` FROM `hq_category_building`
[Thu, 21 Jan 16 04:03:40 +0000][INFO] SELECT IF(COUNT(*) > 0, 1, 0) FROM `INFORMATION_SCHEMA`.`TABLES` WHERE `TABLE_NAME` = 'hq_admin_role' AND `TABLE_SCHEMA` = DATABASE()
[Thu, 21 Jan 16 04:03:40 +0000][INFO] DESCRIBE `hq_admin_role`
[Thu, 21 Jan 16 04:03:40 +0000][INFO] SELECT IF(COUNT(*) > 0, 1, 0) FROM `INFORMATION_SCHEMA`.`TABLES` WHERE `TABLE_NAME` = 'hq_admin_role' AND `TABLE_SCHEMA` = DATABASE()
[Thu, 21 Jan 16 04:03:40 +0000][INFO] DESCRIBE `hq_admin_role`
[Thu, 21 Jan 16 04:03:40 +0000][INFO] SELECT IF(COUNT(*) > 0, 1, 0) FROM `INFORMATION_SCHEMA`.`TABLES` WHERE `TABLE_NAME` = 'hq_admin_role' AND `TABLE_SCHEMA` = DATABASE()
[Thu, 21 Jan 16 04:03:40 +0000][INFO] DESCRIBE `hq_admin_role`
[Thu, 21 Jan 16 04:03:40 +0000][INFO] SELECT `hq_admin_role`.`role_name` AS `role_name`, `hq_admin_role`.`role_ar_user` AS `role_ar_user` FROM `hq_admin_role`
[Thu, 21 Jan 16 04:03:40 +0000][INFO] SELECT IF(COUNT(*) > 0, 1, 0) FROM `INFORMATION_SCHEMA`.`TABLES` WHERE `TABLE_NAME` = 'hq_building' AND `TABLE_SCHEMA` = DATABASE()
[Thu, 21 Jan 16 04:03:40 +0000][INFO] DESCRIBE `hq_building`
[Thu, 21 Jan 16 04:03:40 +0000][INFO] SELECT IF(COUNT(*) > 0, 1, 0) FROM `INFORMATION_SCHEMA`.`TABLES` WHERE `TABLE_NAME` = 'hq_building' AND `TABLE_SCHEMA` = DATABASE()
[Thu, 21 Jan 16 04:03:40 +0000][INFO] DESCRIBE `hq_building`
[Thu, 21 Jan 16 04:03:40 +0000][INFO] SELECT IF(COUNT(*) > 0, 1, 0) FROM `INFORMATION_SCHEMA`.`TABLES` WHERE `TABLE_NAME` = 'hq_building' AND `TABLE_SCHEMA` = DATABASE()
[Thu, 21 Jan 16 04:03:40 +0000][INFO] DESCRIBE `hq_building`
[Thu, 21 Jan 16 04:03:40 +0000][INFO] SELECT `hq_building`.`bd_id`, `hq_building`.`cb_id`, `hq_building`.`bd_name`, `hq_building`.`bd_description`, `hq_building`.`bd_width`, `hq_building`.`bd_height`, `hq_building`.`bd_svg`, `hq_building`.`bd_create_date` FROM `hq_building`
[Thu, 21 Jan 16 04:03:41 +0000][INFO] SELECT IF(COUNT(*) > 0, 1, 0) FROM `INFORMATION_SCHEMA`.`TABLES` WHERE `TABLE_NAME` = 'hq_admin_role' AND `TABLE_SCHEMA` = DATABASE()
[Thu, 21 Jan 16 04:03:41 +0000][INFO] DESCRIBE `hq_admin_role`
[Thu, 21 Jan 16 04:03:41 +0000][INFO] SELECT IF(COUNT(*) > 0, 1, 0) FROM `INFORMATION_SCHEMA`.`TABLES` WHERE `TABLE_NAME` = 'hq_admin_role' AND `TABLE_SCHEMA` = DATABASE()
[Thu, 21 Jan 16 04:03:41 +0000][INFO] DESCRIBE `hq_admin_role`
[Thu, 21 Jan 16 04:03:41 +0000][INFO] SELECT IF(COUNT(*) > 0, 1, 0) FROM `INFORMATION_SCHEMA`.`TABLES` WHERE `TABLE_NAME` = 'hq_admin_role' AND `TABLE_SCHEMA` = DATABASE()
[Thu, 21 Jan 16 04:03:41 +0000][INFO] DESCRIBE `hq_admin_role`
[Thu, 21 Jan 16 04:03:41 +0000][INFO] SELECT `hq_admin_role`.`role_name` AS `role_name`, `hq_admin_role`.`role_ar_user` AS `role_ar_user` FROM `hq_admin_role`
[Thu, 21 Jan 16 04:03:41 +0000][INFO] SELECT IF(COUNT(*) > 0, 1, 0) FROM `INFORMATION_SCHEMA`.`TABLES` WHERE `TABLE_NAME` = 'hq_map_setting' AND `TABLE_SCHEMA` = DATABASE()
[Thu, 21 Jan 16 04:03:41 +0000][INFO] DESCRIBE `hq_map_setting`
[Thu, 21 Jan 16 04:03:41 +0000][INFO] SELECT IF(COUNT(*) > 0, 1, 0) FROM `INFORMATION_SCHEMA`.`TABLES` WHERE `TABLE_NAME` = 'hq_object' AND `TABLE_SCHEMA` = DATABASE()
[Thu, 21 Jan 16 04:03:41 +0000][INFO] DESCRIBE `hq_object`
[Thu, 21 Jan 16 04:03:41 +0000][INFO] SELECT IF(COUNT(*) > 0, 1, 0) FROM `INFORMATION_SCHEMA`.`TABLES` WHERE `TABLE_NAME` = 'hq_map_setting' AND `TABLE_SCHEMA` = DATABASE()
[Thu, 21 Jan 16 04:03:41 +0000][INFO] DESCRIBE `hq_map_setting`
[Thu, 21 Jan 16 04:03:41 +0000][INFO] SELECT IF(COUNT(*) > 0, 1, 0) FROM `INFORMATION_SCHEMA`.`TABLES` WHERE `TABLE_NAME` = 'hq_map_setting' AND `TABLE_SCHEMA` = DATABASE()
[Thu, 21 Jan 16 04:03:41 +0000][INFO] DESCRIBE `hq_map_setting`
[Thu, 21 Jan 16 04:03:41 +0000][INFO] SELECT `hq_map_setting`.`map_id`, `hq_map_setting`.`map_width`, `hq_map_setting`.`map_height`, `hq_map_setting`.`map_center_x`, `hq_map_setting`.`map_center_y`, `hq_map_setting`.`map_khung_width`, `hq_map_setting`.`map_khung_height`, `hq_map_setting`.`map_max_id` FROM `hq_map_setting` WHERE `hq_map_setting`.`map_id` = 1 LIMIT :APL0
[Thu, 21 Jan 16 04:03:41 +0000][INFO] SELECT IF(COUNT(*) > 0, 1, 0) FROM `INFORMATION_SCHEMA`.`TABLES` WHERE `TABLE_NAME` = 'hq_object' AND `TABLE_SCHEMA` = DATABASE()
[Thu, 21 Jan 16 04:03:41 +0000][INFO] DESCRIBE `hq_object`
[Thu, 21 Jan 16 04:03:41 +0000][INFO] SELECT IF(COUNT(*) > 0, 1, 0) FROM `INFORMATION_SCHEMA`.`TABLES` WHERE `TABLE_NAME` = 'hq_object' AND `TABLE_SCHEMA` = DATABASE()
[Thu, 21 Jan 16 04:03:41 +0000][INFO] DESCRIBE `hq_object`
[Thu, 21 Jan 16 04:03:41 +0000][INFO] SELECT `hq_object`.`ob_id`, `hq_object`.`bd_id`, `hq_object`.`u_id`, `hq_object`.`ob_name`, `hq_object`.`ob_description`, `hq_object`.`ob_css_id`, `hq_object`.`ob_css_class`, `hq_object`.`ob_position_x`, `hq_object`.`ob_position_y`, `hq_object`.`ob_width`, `hq_object`.`ob_height`, `hq_object`.`ob_zindex`, `hq_object`.`ca_id`, `hq_object`.`ob_create_date`, `hq_object`.`ob_edit_date` FROM `hq_object`
[Thu, 21 Jan 16 04:03:41 +0000][INFO] SELECT IF(COUNT(*) > 0, 1, 0) FROM `INFORMATION_SCHEMA`.`TABLES` WHERE `TABLE_NAME` = 'hq_event' AND `TABLE_SCHEMA` = DATABASE()
[Thu, 21 Jan 16 04:03:41 +0000][INFO] DESCRIBE `hq_event`
[Thu, 21 Jan 16 04:03:41 +0000][INFO] SELECT IF(COUNT(*) > 0, 1, 0) FROM `INFORMATION_SCHEMA`.`TABLES` WHERE `TABLE_NAME` = 'hq_event' AND `TABLE_SCHEMA` = DATABASE()
[Thu, 21 Jan 16 04:03:41 +0000][INFO] DESCRIBE `hq_event`
[Thu, 21 Jan 16 04:03:41 +0000][INFO] SELECT IF(COUNT(*) > 0, 1, 0) FROM `INFORMATION_SCHEMA`.`TABLES` WHERE `TABLE_NAME` = 'hq_event' AND `TABLE_SCHEMA` = DATABASE()
[Thu, 21 Jan 16 04:03:41 +0000][INFO] DESCRIBE `hq_event`
[Thu, 21 Jan 16 04:03:41 +0000][INFO] SELECT `hq_event`.`ce_id`, `hq_event`.`cte_id`, `hq_event`.`ob_id`, `hq_event`.`ce_name`, `hq_event`.`ce_event` FROM `hq_event` WHERE `hq_event`.`ob_id` = :APR0
[Thu, 21 Jan 16 04:03:41 +0000][INFO] SELECT IF(COUNT(*) > 0, 1, 0) FROM `INFORMATION_SCHEMA`.`TABLES` WHERE `TABLE_NAME` = 'hq_caterogy_event' AND `TABLE_SCHEMA` = DATABASE()
[Thu, 21 Jan 16 04:03:41 +0000][INFO] DESCRIBE `hq_caterogy_event`
[Thu, 21 Jan 16 04:03:41 +0000][INFO] SELECT IF(COUNT(*) > 0, 1, 0) FROM `INFORMATION_SCHEMA`.`TABLES` WHERE `TABLE_NAME` = 'hq_caterogy_event' AND `TABLE_SCHEMA` = DATABASE()
[Thu, 21 Jan 16 04:03:41 +0000][INFO] DESCRIBE `hq_caterogy_event`
[Thu, 21 Jan 16 04:03:41 +0000][INFO] SELECT IF(COUNT(*) > 0, 1, 0) FROM `INFORMATION_SCHEMA`.`TABLES` WHERE `TABLE_NAME` = 'hq_caterogy_event' AND `TABLE_SCHEMA` = DATABASE()
[Thu, 21 Jan 16 04:03:41 +0000][INFO] DESCRIBE `hq_caterogy_event`
[Thu, 21 Jan 16 04:03:41 +0000][INFO] SELECT `hq_caterogy_event`.`cte_id`, `hq_caterogy_event`.`cte_name`, `hq_caterogy_event`.`cte_class_css`, `hq_caterogy_event`.`cte_desription` FROM `hq_caterogy_event` WHERE `hq_caterogy_event`.`cte_id` = :APR0 LIMIT :APL0
[Thu, 21 Jan 16 04:03:41 +0000][INFO] SELECT IF(COUNT(*) > 0, 1, 0) FROM `INFORMATION_SCHEMA`.`TABLES` WHERE `TABLE_NAME` = 'hq_animation' AND `TABLE_SCHEMA` = DATABASE()
[Thu, 21 Jan 16 04:03:41 +0000][INFO] DESCRIBE `hq_animation`
[Thu, 21 Jan 16 04:03:41 +0000][INFO] SELECT IF(COUNT(*) > 0, 1, 0) FROM `INFORMATION_SCHEMA`.`TABLES` WHERE `TABLE_NAME` = 'hq_animation' AND `TABLE_SCHEMA` = DATABASE()
[Thu, 21 Jan 16 04:03:41 +0000][INFO] DESCRIBE `hq_animation`
[Thu, 21 Jan 16 04:03:41 +0000][INFO] SELECT IF(COUNT(*) > 0, 1, 0) FROM `INFORMATION_SCHEMA`.`TABLES` WHERE `TABLE_NAME` = 'hq_animation' AND `TABLE_SCHEMA` = DATABASE()
[Thu, 21 Jan 16 04:03:41 +0000][INFO] DESCRIBE `hq_animation`
[Thu, 21 Jan 16 04:03:41 +0000][INFO] SELECT `hq_animation`.`ca_id`, `hq_animation`.`ca_animation`, `hq_animation`.`ca_duration`, `hq_animation`.`ca_delay` FROM `hq_animation` WHERE `hq_animation`.`ca_id` = :APR0 LIMIT :APL0
[Thu, 21 Jan 16 04:03:41 +0000][INFO] SELECT IF(COUNT(*) > 0, 1, 0) FROM `INFORMATION_SCHEMA`.`TABLES` WHERE `TABLE_NAME` = 'hq_animation' AND `TABLE_SCHEMA` = DATABASE()
[Thu, 21 Jan 16 04:03:41 +0000][INFO] DESCRIBE `hq_animation`
[Thu, 21 Jan 16 04:03:41 +0000][INFO] SELECT IF(COUNT(*) > 0, 1, 0) FROM `INFORMATION_SCHEMA`.`TABLES` WHERE `TABLE_NAME` = 'hq_animation' AND `TABLE_SCHEMA` = DATABASE()
[Thu, 21 Jan 16 04:03:41 +0000][INFO] DESCRIBE `hq_animation`
[Thu, 21 Jan 16 04:03:41 +0000][INFO] SELECT `hq_animation`.`ca_id`, `hq_animation`.`ca_animation`, `hq_animation`.`ca_duration`, `hq_animation`.`ca_delay` FROM `hq_animation` WHERE `hq_animation`.`ca_id` = :APR0 LIMIT :APL0
[Thu, 21 Jan 16 04:03:41 +0000][INFO] SELECT IF(COUNT(*) > 0, 1, 0) FROM `INFORMATION_SCHEMA`.`TABLES` WHERE `TABLE_NAME` = 'hq_animation' AND `TABLE_SCHEMA` = DATABASE()
[Thu, 21 Jan 16 04:03:41 +0000][INFO] DESCRIBE `hq_animation`
[Thu, 21 Jan 16 04:03:41 +0000][INFO] SELECT IF(COUNT(*) > 0, 1, 0) FROM `INFORMATION_SCHEMA`.`TABLES` WHERE `TABLE_NAME` = 'hq_animation' AND `TABLE_SCHEMA` = DATABASE()
[Thu, 21 Jan 16 04:03:41 +0000][INFO] DESCRIBE `hq_animation`
[Thu, 21 Jan 16 04:03:41 +0000][INFO] SELECT `hq_animation`.`ca_id`, `hq_animation`.`ca_animation`, `hq_animation`.`ca_duration`, `hq_animation`.`ca_delay` FROM `hq_animation` WHERE `hq_animation`.`ca_id` = :APR0 LIMIT :APL0
[Thu, 21 Jan 16 04:03:41 +0000][INFO] SELECT IF(COUNT(*) > 0, 1, 0) FROM `INFORMATION_SCHEMA`.`TABLES` WHERE `TABLE_NAME` = 'hq_event' AND `TABLE_SCHEMA` = DATABASE()
[Thu, 21 Jan 16 04:03:41 +0000][INFO] DESCRIBE `hq_event`
[Thu, 21 Jan 16 04:03:41 +0000][INFO] SELECT IF(COUNT(*) > 0, 1, 0) FROM `INFORMATION_SCHEMA`.`TABLES` WHERE `TABLE_NAME` = 'hq_event' AND `TABLE_SCHEMA` = DATABASE()
[Thu, 21 Jan 16 04:03:41 +0000][INFO] DESCRIBE `hq_event`
[Thu, 21 Jan 16 04:03:41 +0000][INFO] SELECT `hq_event`.`ce_id`, `hq_event`.`cte_id`, `hq_event`.`ob_id`, `hq_event`.`ce_name`, `hq_event`.`ce_event` FROM `hq_event` WHERE `hq_event`.`ob_id` = :APR0
[Thu, 21 Jan 16 04:03:41 +0000][INFO] SELECT IF(COUNT(*) > 0, 1, 0) FROM `INFORMATION_SCHEMA`.`TABLES` WHERE `TABLE_NAME` = 'hq_animation' AND `TABLE_SCHEMA` = DATABASE()
[Thu, 21 Jan 16 04:03:41 +0000][INFO] DESCRIBE `hq_animation`
[Thu, 21 Jan 16 04:03:41 +0000][INFO] SELECT IF(COUNT(*) > 0, 1, 0) FROM `INFORMATION_SCHEMA`.`TABLES` WHERE `TABLE_NAME` = 'hq_animation' AND `TABLE_SCHEMA` = DATABASE()
[Thu, 21 Jan 16 04:03:41 +0000][INFO] DESCRIBE `hq_animation`
[Thu, 21 Jan 16 04:03:41 +0000][INFO] SELECT `hq_animation`.`ca_id`, `hq_animation`.`ca_animation`, `hq_animation`.`ca_duration`, `hq_animation`.`ca_delay` FROM `hq_animation` WHERE `hq_animation`.`ca_id` = :APR0 LIMIT :APL0
[Thu, 21 Jan 16 04:03:41 +0000][INFO] SELECT IF(COUNT(*) > 0, 1, 0) FROM `INFORMATION_SCHEMA`.`TABLES` WHERE `TABLE_NAME` = 'hq_animation' AND `TABLE_SCHEMA` = DATABASE()
[Thu, 21 Jan 16 04:03:41 +0000][INFO] DESCRIBE `hq_animation`
[Thu, 21 Jan 16 04:03:41 +0000][INFO] SELECT IF(COUNT(*) > 0, 1, 0) FROM `INFORMATION_SCHEMA`.`TABLES` WHERE `TABLE_NAME` = 'hq_animation' AND `TABLE_SCHEMA` = DATABASE()
[Thu, 21 Jan 16 04:03:41 +0000][INFO] DESCRIBE `hq_animation`
[Thu, 21 Jan 16 04:03:41 +0000][INFO] SELECT `hq_animation`.`ca_id`, `hq_animation`.`ca_animation`, `hq_animation`.`ca_duration`, `hq_animation`.`ca_delay` FROM `hq_animation` WHERE `hq_animation`.`ca_id` = :APR0 LIMIT :APL0
[Thu, 21 Jan 16 04:03:41 +0000][INFO] SELECT IF(COUNT(*) > 0, 1, 0) FROM `INFORMATION_SCHEMA`.`TABLES` WHERE `TABLE_NAME` = 'hq_animation' AND `TABLE_SCHEMA` = DATABASE()
[Thu, 21 Jan 16 04:03:41 +0000][INFO] DESCRIBE `hq_animation`
[Thu, 21 Jan 16 04:03:41 +0000][INFO] SELECT IF(COUNT(*) > 0, 1, 0) FROM `INFORMATION_SCHEMA`.`TABLES` WHERE `TABLE_NAME` = 'hq_animation' AND `TABLE_SCHEMA` = DATABASE()
[Thu, 21 Jan 16 04:03:41 +0000][INFO] DESCRIBE `hq_animation`
[Thu, 21 Jan 16 04:03:41 +0000][INFO] SELECT `hq_animation`.`ca_id`, `hq_animation`.`ca_animation`, `hq_animation`.`ca_duration`, `hq_animation`.`ca_delay` FROM `hq_animation` WHERE `hq_animation`.`ca_id` = :APR0 LIMIT :APL0
[Thu, 21 Jan 16 04:03:41 +0000][INFO] SELECT IF(COUNT(*) > 0, 1, 0) FROM `INFORMATION_SCHEMA`.`TABLES` WHERE `TABLE_NAME` = 'hq_event' AND `TABLE_SCHEMA` = DATABASE()
[Thu, 21 Jan 16 04:03:41 +0000][INFO] DESCRIBE `hq_event`
[Thu, 21 Jan 16 04:03:41 +0000][INFO] SELECT IF(COUNT(*) > 0, 1, 0) FROM `INFORMATION_SCHEMA`.`TABLES` WHERE `TABLE_NAME` = 'hq_event' AND `TABLE_SCHEMA` = DATABASE()
[Thu, 21 Jan 16 04:03:41 +0000][INFO] DESCRIBE `hq_event`
[Thu, 21 Jan 16 04:03:41 +0000][INFO] SELECT `hq_event`.`ce_id`, `hq_event`.`cte_id`, `hq_event`.`ob_id`, `hq_event`.`ce_name`, `hq_event`.`ce_event` FROM `hq_event` WHERE `hq_event`.`ob_id` = :APR0
[Thu, 21 Jan 16 04:03:41 +0000][INFO] SELECT IF(COUNT(*) > 0, 1, 0) FROM `INFORMATION_SCHEMA`.`TABLES` WHERE `TABLE_NAME` = 'hq_animation' AND `TABLE_SCHEMA` = DATABASE()
[Thu, 21 Jan 16 04:03:41 +0000][INFO] DESCRIBE `hq_animation`
[Thu, 21 Jan 16 04:03:41 +0000][INFO] SELECT IF(COUNT(*) > 0, 1, 0) FROM `INFORMATION_SCHEMA`.`TABLES` WHERE `TABLE_NAME` = 'hq_animation' AND `TABLE_SCHEMA` = DATABASE()
[Thu, 21 Jan 16 04:03:41 +0000][INFO] DESCRIBE `hq_animation`
[Thu, 21 Jan 16 04:03:41 +0000][INFO] SELECT `hq_animation`.`ca_id`, `hq_animation`.`ca_animation`, `hq_animation`.`ca_duration`, `hq_animation`.`ca_delay` FROM `hq_animation` WHERE `hq_animation`.`ca_id` = :APR0 LIMIT :APL0
[Thu, 21 Jan 16 04:03:41 +0000][INFO] SELECT IF(COUNT(*) > 0, 1, 0) FROM `INFORMATION_SCHEMA`.`TABLES` WHERE `TABLE_NAME` = 'hq_animation' AND `TABLE_SCHEMA` = DATABASE()
[Thu, 21 Jan 16 04:03:41 +0000][INFO] DESCRIBE `hq_animation`
[Thu, 21 Jan 16 04:03:41 +0000][INFO] SELECT IF(COUNT(*) > 0, 1, 0) FROM `INFORMATION_SCHEMA`.`TABLES` WHERE `TABLE_NAME` = 'hq_animation' AND `TABLE_SCHEMA` = DATABASE()
[Thu, 21 Jan 16 04:03:41 +0000][INFO] DESCRIBE `hq_animation`
[Thu, 21 Jan 16 04:03:41 +0000][INFO] SELECT `hq_animation`.`ca_id`, `hq_animation`.`ca_animation`, `hq_animation`.`ca_duration`, `hq_animation`.`ca_delay` FROM `hq_animation` WHERE `hq_animation`.`ca_id` = :APR0 LIMIT :APL0
[Thu, 21 Jan 16 04:03:41 +0000][INFO] SELECT IF(COUNT(*) > 0, 1, 0) FROM `INFORMATION_SCHEMA`.`TABLES` WHERE `TABLE_NAME` = 'hq_animation' AND `TABLE_SCHEMA` = DATABASE()
[Thu, 21 Jan 16 04:03:41 +0000][INFO] DESCRIBE `hq_animation`
[Thu, 21 Jan 16 04:03:41 +0000][INFO] SELECT IF(COUNT(*) > 0, 1, 0) FROM `INFORMATION_SCHEMA`.`TABLES` WHERE `TABLE_NAME` = 'hq_animation' AND `TABLE_SCHEMA` = DATABASE()
[Thu, 21 Jan 16 04:03:41 +0000][INFO] DESCRIBE `hq_animation`
[Thu, 21 Jan 16 04:03:41 +0000][INFO] SELECT `hq_animation`.`ca_id`, `hq_animation`.`ca_animation`, `hq_animation`.`ca_duration`, `hq_animation`.`ca_delay` FROM `hq_animation` WHERE `hq_animation`.`ca_id` = :APR0 LIMIT :APL0
[Thu, 21 Jan 16 04:03:41 +0000][INFO] SELECT IF(COUNT(*) > 0, 1, 0) FROM `INFORMATION_SCHEMA`.`TABLES` WHERE `TABLE_NAME` = 'hq_event' AND `TABLE_SCHEMA` = DATABASE()
[Thu, 21 Jan 16 04:03:41 +0000][INFO] DESCRIBE `hq_event`
[Thu, 21 Jan 16 04:03:41 +0000][INFO] SELECT IF(COUNT(*) > 0, 1, 0) FROM `INFORMATION_SCHEMA`.`TABLES` WHERE `TABLE_NAME` = 'hq_event' AND `TABLE_SCHEMA` = DATABASE()
[Thu, 21 Jan 16 04:03:41 +0000][INFO] DESCRIBE `hq_event`
[Thu, 21 Jan 16 04:03:41 +0000][INFO] SELECT `hq_event`.`ce_id`, `hq_event`.`cte_id`, `hq_event`.`ob_id`, `hq_event`.`ce_name`, `hq_event`.`ce_event` FROM `hq_event` WHERE `hq_event`.`ob_id` = :APR0
[Thu, 21 Jan 16 04:03:41 +0000][INFO] SELECT IF(COUNT(*) > 0, 1, 0) FROM `INFORMATION_SCHEMA`.`TABLES` WHERE `TABLE_NAME` = 'hq_caterogy_event' AND `TABLE_SCHEMA` = DATABASE()
[Thu, 21 Jan 16 04:03:41 +0000][INFO] DESCRIBE `hq_caterogy_event`
[Thu, 21 Jan 16 04:03:41 +0000][INFO] SELECT IF(COUNT(*) > 0, 1, 0) FROM `INFORMATION_SCHEMA`.`TABLES` WHERE `TABLE_NAME` = 'hq_caterogy_event' AND `TABLE_SCHEMA` = DATABASE()
[Thu, 21 Jan 16 04:03:41 +0000][INFO] DESCRIBE `hq_caterogy_event`
[Thu, 21 Jan 16 04:03:41 +0000][INFO] SELECT `hq_caterogy_event`.`cte_id`, `hq_caterogy_event`.`cte_name`, `hq_caterogy_event`.`cte_class_css`, `hq_caterogy_event`.`cte_desription` FROM `hq_caterogy_event` WHERE `hq_caterogy_event`.`cte_id` = :APR0 LIMIT :APL0
[Thu, 21 Jan 16 04:03:41 +0000][INFO] SELECT IF(COUNT(*) > 0, 1, 0) FROM `INFORMATION_SCHEMA`.`TABLES` WHERE `TABLE_NAME` = 'hq_animation' AND `TABLE_SCHEMA` = DATABASE()
[Thu, 21 Jan 16 04:03:41 +0000][INFO] DESCRIBE `hq_animation`
[Thu, 21 Jan 16 04:03:41 +0000][INFO] SELECT IF(COUNT(*) > 0, 1, 0) FROM `INFORMATION_SCHEMA`.`TABLES` WHERE `TABLE_NAME` = 'hq_animation' AND `TABLE_SCHEMA` = DATABASE()
[Thu, 21 Jan 16 04:03:41 +0000][INFO] DESCRIBE `hq_animation`
[Thu, 21 Jan 16 04:03:41 +0000][INFO] SELECT `hq_animation`.`ca_id`, `hq_animation`.`ca_animation`, `hq_animation`.`ca_duration`, `hq_animation`.`ca_delay` FROM `hq_animation` WHERE `hq_animation`.`ca_id` = :APR0 LIMIT :APL0
[Thu, 21 Jan 16 04:03:41 +0000][INFO] SELECT IF(COUNT(*) > 0, 1, 0) FROM `INFORMATION_SCHEMA`.`TABLES` WHERE `TABLE_NAME` = 'hq_animation' AND `TABLE_SCHEMA` = DATABASE()
[Thu, 21 Jan 16 04:03:41 +0000][INFO] DESCRIBE `hq_animation`
[Thu, 21 Jan 16 04:03:41 +0000][INFO] SELECT IF(COUNT(*) > 0, 1, 0) FROM `INFORMATION_SCHEMA`.`TABLES` WHERE `TABLE_NAME` = 'hq_animation' AND `TABLE_SCHEMA` = DATABASE()
[Thu, 21 Jan 16 04:03:41 +0000][INFO] DESCRIBE `hq_animation`
[Thu, 21 Jan 16 04:03:41 +0000][INFO] SELECT `hq_animation`.`ca_id`, `hq_animation`.`ca_animation`, `hq_animation`.`ca_duration`, `hq_animation`.`ca_delay` FROM `hq_animation` WHERE `hq_animation`.`ca_id` = :APR0 LIMIT :APL0
[Thu, 21 Jan 16 04:03:41 +0000][INFO] SELECT IF(COUNT(*) > 0, 1, 0) FROM `INFORMATION_SCHEMA`.`TABLES` WHERE `TABLE_NAME` = 'hq_animation' AND `TABLE_SCHEMA` = DATABASE()
[Thu, 21 Jan 16 04:03:41 +0000][INFO] DESCRIBE `hq_animation`
[Thu, 21 Jan 16 04:03:41 +0000][INFO] SELECT IF(COUNT(*) > 0, 1, 0) FROM `INFORMATION_SCHEMA`.`TABLES` WHERE `TABLE_NAME` = 'hq_animation' AND `TABLE_SCHEMA` = DATABASE()
[Thu, 21 Jan 16 04:03:41 +0000][INFO] DESCRIBE `hq_animation`
[Thu, 21 Jan 16 04:03:41 +0000][INFO] SELECT `hq_animation`.`ca_id`, `hq_animation`.`ca_animation`, `hq_animation`.`ca_duration`, `hq_animation`.`ca_delay` FROM `hq_animation` WHERE `hq_animation`.`ca_id` = :APR0 LIMIT :APL0
[Thu, 21 Jan 16 04:03:41 +0000][INFO] SELECT IF(COUNT(*) > 0, 1, 0) FROM `INFORMATION_SCHEMA`.`TABLES` WHERE `TABLE_NAME` = 'hq_event' AND `TABLE_SCHEMA` = DATABASE()
[Thu, 21 Jan 16 04:03:41 +0000][INFO] DESCRIBE `hq_event`
[Thu, 21 Jan 16 04:03:41 +0000][INFO] SELECT IF(COUNT(*) > 0, 1, 0) FROM `INFORMATION_SCHEMA`.`TABLES` WHERE `TABLE_NAME` = 'hq_event' AND `TABLE_SCHEMA` = DATABASE()
[Thu, 21 Jan 16 04:03:41 +0000][INFO] DESCRIBE `hq_event`
[Thu, 21 Jan 16 04:03:41 +0000][INFO] SELECT `hq_event`.`ce_id`, `hq_event`.`cte_id`, `hq_event`.`ob_id`, `hq_event`.`ce_name`, `hq_event`.`ce_event` FROM `hq_event` WHERE `hq_event`.`ob_id` = :APR0
[Thu, 21 Jan 16 04:03:41 +0000][INFO] SELECT IF(COUNT(*) > 0, 1, 0) FROM `INFORMATION_SCHEMA`.`TABLES` WHERE `TABLE_NAME` = 'hq_animation' AND `TABLE_SCHEMA` = DATABASE()
[Thu, 21 Jan 16 04:03:41 +0000][INFO] DESCRIBE `hq_animation`
[Thu, 21 Jan 16 04:03:41 +0000][INFO] SELECT IF(COUNT(*) > 0, 1, 0) FROM `INFORMATION_SCHEMA`.`TABLES` WHERE `TABLE_NAME` = 'hq_animation' AND `TABLE_SCHEMA` = DATABASE()
[Thu, 21 Jan 16 04:03:41 +0000][INFO] DESCRIBE `hq_animation`
[Thu, 21 Jan 16 04:03:41 +0000][INFO] SELECT `hq_animation`.`ca_id`, `hq_animation`.`ca_animation`, `hq_animation`.`ca_duration`, `hq_animation`.`ca_delay` FROM `hq_animation` WHERE `hq_animation`.`ca_id` = :APR0 LIMIT :APL0
[Thu, 21 Jan 16 04:03:41 +0000][INFO] SELECT IF(COUNT(*) > 0, 1, 0) FROM `INFORMATION_SCHEMA`.`TABLES` WHERE `TABLE_NAME` = 'hq_animation' AND `TABLE_SCHEMA` = DATABASE()
[Thu, 21 Jan 16 04:03:41 +0000][INFO] DESCRIBE `hq_animation`
[Thu, 21 Jan 16 04:03:41 +0000][INFO] SELECT IF(COUNT(*) > 0, 1, 0) FROM `INFORMATION_SCHEMA`.`TABLES` WHERE `TABLE_NAME` = 'hq_animation' AND `TABLE_SCHEMA` = DATABASE()
[Thu, 21 Jan 16 04:03:41 +0000][INFO] DESCRIBE `hq_animation`
[Thu, 21 Jan 16 04:03:41 +0000][INFO] SELECT `hq_animation`.`ca_id`, `hq_animation`.`ca_animation`, `hq_animation`.`ca_duration`, `hq_animation`.`ca_delay` FROM `hq_animation` WHERE `hq_animation`.`ca_id` = :APR0 LIMIT :APL0
[Thu, 21 Jan 16 04:03:41 +0000][INFO] SELECT IF(COUNT(*) > 0, 1, 0) FROM `INFORMATION_SCHEMA`.`TABLES` WHERE `TABLE_NAME` = 'hq_animation' AND `TABLE_SCHEMA` = DATABASE()
[Thu, 21 Jan 16 04:03:41 +0000][INFO] DESCRIBE `hq_animation`
[Thu, 21 Jan 16 04:03:41 +0000][INFO] SELECT IF(COUNT(*) > 0, 1, 0) FROM `INFORMATION_SCHEMA`.`TABLES` WHERE `TABLE_NAME` = 'hq_animation' AND `TABLE_SCHEMA` = DATABASE()
[Thu, 21 Jan 16 04:03:41 +0000][INFO] DESCRIBE `hq_animation`
[Thu, 21 Jan 16 04:03:41 +0000][INFO] SELECT `hq_animation`.`ca_id`, `hq_animation`.`ca_animation`, `hq_animation`.`ca_duration`, `hq_animation`.`ca_delay` FROM `hq_animation` WHERE `hq_animation`.`ca_id` = :APR0 LIMIT :APL0
[Thu, 21 Jan 16 04:03:41 +0000][INFO] SELECT IF(COUNT(*) > 0, 1, 0) FROM `INFORMATION_SCHEMA`.`TABLES` WHERE `TABLE_NAME` = 'hq_event' AND `TABLE_SCHEMA` = DATABASE()
[Thu, 21 Jan 16 04:03:41 +0000][INFO] DESCRIBE `hq_event`
[Thu, 21 Jan 16 04:03:41 +0000][INFO] SELECT IF(COUNT(*) > 0, 1, 0) FROM `INFORMATION_SCHEMA`.`TABLES` WHERE `TABLE_NAME` = 'hq_event' AND `TABLE_SCHEMA` = DATABASE()
[Thu, 21 Jan 16 04:03:41 +0000][INFO] DESCRIBE `hq_event`
[Thu, 21 Jan 16 04:03:41 +0000][INFO] SELECT `hq_event`.`ce_id`, `hq_event`.`cte_id`, `hq_event`.`ob_id`, `hq_event`.`ce_name`, `hq_event`.`ce_event` FROM `hq_event` WHERE `hq_event`.`ob_id` = :APR0
[Thu, 21 Jan 16 04:03:41 +0000][INFO] SELECT IF(COUNT(*) > 0, 1, 0) FROM `INFORMATION_SCHEMA`.`TABLES` WHERE `TABLE_NAME` = 'hq_animation' AND `TABLE_SCHEMA` = DATABASE()
[Thu, 21 Jan 16 04:03:41 +0000][INFO] DESCRIBE `hq_animation`
[Thu, 21 Jan 16 04:03:41 +0000][INFO] SELECT IF(COUNT(*) > 0, 1, 0) FROM `INFORMATION_SCHEMA`.`TABLES` WHERE `TABLE_NAME` = 'hq_animation' AND `TABLE_SCHEMA` = DATABASE()
[Thu, 21 Jan 16 04:03:41 +0000][INFO] DESCRIBE `hq_animation`
[Thu, 21 Jan 16 04:03:41 +0000][INFO] SELECT `hq_animation`.`ca_id`, `hq_animation`.`ca_animation`, `hq_animation`.`ca_duration`, `hq_animation`.`ca_delay` FROM `hq_animation` WHERE `hq_animation`.`ca_id` = :APR0 LIMIT :APL0
[Thu, 21 Jan 16 04:03:41 +0000][INFO] SELECT IF(COUNT(*) > 0, 1, 0) FROM `INFORMATION_SCHEMA`.`TABLES` WHERE `TABLE_NAME` = 'hq_animation' AND `TABLE_SCHEMA` = DATABASE()
[Thu, 21 Jan 16 04:03:41 +0000][INFO] DESCRIBE `hq_animation`
[Thu, 21 Jan 16 04:03:41 +0000][INFO] SELECT IF(COUNT(*) > 0, 1, 0) FROM `INFORMATION_SCHEMA`.`TABLES` WHERE `TABLE_NAME` = 'hq_animation' AND `TABLE_SCHEMA` = DATABASE()
[Thu, 21 Jan 16 04:03:41 +0000][INFO] DESCRIBE `hq_animation`
[Thu, 21 Jan 16 04:03:41 +0000][INFO] SELECT `hq_animation`.`ca_id`, `hq_animation`.`ca_animation`, `hq_animation`.`ca_duration`, `hq_animation`.`ca_delay` FROM `hq_animation` WHERE `hq_animation`.`ca_id` = :APR0 LIMIT :APL0
[Thu, 21 Jan 16 04:03:41 +0000][INFO] SELECT IF(COUNT(*) > 0, 1, 0) FROM `INFORMATION_SCHEMA`.`TABLES` WHERE `TABLE_NAME` = 'hq_animation' AND `TABLE_SCHEMA` = DATABASE()
[Thu, 21 Jan 16 04:03:41 +0000][INFO] DESCRIBE `hq_animation`
[Thu, 21 Jan 16 04:03:41 +0000][INFO] SELECT IF(COUNT(*) > 0, 1, 0) FROM `INFORMATION_SCHEMA`.`TABLES` WHERE `TABLE_NAME` = 'hq_animation' AND `TABLE_SCHEMA` = DATABASE()
[Thu, 21 Jan 16 04:03:41 +0000][INFO] DESCRIBE `hq_animation`
[Thu, 21 Jan 16 04:03:41 +0000][INFO] SELECT `hq_animation`.`ca_id`, `hq_animation`.`ca_animation`, `hq_animation`.`ca_duration`, `hq_animation`.`ca_delay` FROM `hq_animation` WHERE `hq_animation`.`ca_id` = :APR0 LIMIT :APL0
[Thu, 21 Jan 16 04:03:41 +0000][INFO] SELECT IF(COUNT(*) > 0, 1, 0) FROM `INFORMATION_SCHEMA`.`TABLES` WHERE `TABLE_NAME` = 'hq_event' AND `TABLE_SCHEMA` = DATABASE()
[Thu, 21 Jan 16 04:03:41 +0000][INFO] DESCRIBE `hq_event`
[Thu, 21 Jan 16 04:03:41 +0000][INFO] SELECT IF(COUNT(*) > 0, 1, 0) FROM `INFORMATION_SCHEMA`.`TABLES` WHERE `TABLE_NAME` = 'hq_event' AND `TABLE_SCHEMA` = DATABASE()
[Thu, 21 Jan 16 04:03:41 +0000][INFO] DESCRIBE `hq_event`
[Thu, 21 Jan 16 04:03:41 +0000][INFO] SELECT `hq_event`.`ce_id`, `hq_event`.`cte_id`, `hq_event`.`ob_id`, `hq_event`.`ce_name`, `hq_event`.`ce_event` FROM `hq_event` WHERE `hq_event`.`ob_id` = :APR0
[Thu, 21 Jan 16 04:03:41 +0000][INFO] SELECT IF(COUNT(*) > 0, 1, 0) FROM `INFORMATION_SCHEMA`.`TABLES` WHERE `TABLE_NAME` = 'hq_animation' AND `TABLE_SCHEMA` = DATABASE()
[Thu, 21 Jan 16 04:03:41 +0000][INFO] DESCRIBE `hq_animation`
[Thu, 21 Jan 16 04:03:41 +0000][INFO] SELECT IF(COUNT(*) > 0, 1, 0) FROM `INFORMATION_SCHEMA`.`TABLES` WHERE `TABLE_NAME` = 'hq_animation' AND `TABLE_SCHEMA` = DATABASE()
[Thu, 21 Jan 16 04:03:41 +0000][INFO] DESCRIBE `hq_animation`
[Thu, 21 Jan 16 04:03:41 +0000][INFO] SELECT `hq_animation`.`ca_id`, `hq_animation`.`ca_animation`, `hq_animation`.`ca_duration`, `hq_animation`.`ca_delay` FROM `hq_animation` WHERE `hq_animation`.`ca_id` = :APR0 LIMIT :APL0
[Thu, 21 Jan 16 04:03:41 +0000][INFO] SELECT IF(COUNT(*) > 0, 1, 0) FROM `INFORMATION_SCHEMA`.`TABLES` WHERE `TABLE_NAME` = 'hq_animation' AND `TABLE_SCHEMA` = DATABASE()
[Thu, 21 Jan 16 04:03:41 +0000][INFO] DESCRIBE `hq_animation`
[Thu, 21 Jan 16 04:03:41 +0000][INFO] SELECT IF(COUNT(*) > 0, 1, 0) FROM `INFORMATION_SCHEMA`.`TABLES` WHERE `TABLE_NAME` = 'hq_animation' AND `TABLE_SCHEMA` = DATABASE()
[Thu, 21 Jan 16 04:03:41 +0000][INFO] DESCRIBE `hq_animation`
[Thu, 21 Jan 16 04:03:41 +0000][INFO] SELECT `hq_animation`.`ca_id`, `hq_animation`.`ca_animation`, `hq_animation`.`ca_duration`, `hq_animation`.`ca_delay` FROM `hq_animation` WHERE `hq_animation`.`ca_id` = :APR0 LIMIT :APL0
[Thu, 21 Jan 16 04:03:41 +0000][INFO] SELECT IF(COUNT(*) > 0, 1, 0) FROM `INFORMATION_SCHEMA`.`TABLES` WHERE `TABLE_NAME` = 'hq_animation' AND `TABLE_SCHEMA` = DATABASE()
[Thu, 21 Jan 16 04:03:41 +0000][INFO] DESCRIBE `hq_animation`
[Thu, 21 Jan 16 04:03:41 +0000][INFO] SELECT IF(COUNT(*) > 0, 1, 0) FROM `INFORMATION_SCHEMA`.`TABLES` WHERE `TABLE_NAME` = 'hq_animation' AND `TABLE_SCHEMA` = DATABASE()
[Thu, 21 Jan 16 04:03:41 +0000][INFO] DESCRIBE `hq_animation`
[Thu, 21 Jan 16 04:03:41 +0000][INFO] SELECT `hq_animation`.`ca_id`, `hq_animation`.`ca_animation`, `hq_animation`.`ca_duration`, `hq_animation`.`ca_delay` FROM `hq_animation` WHERE `hq_animation`.`ca_id` = :APR0 LIMIT :APL0
[Thu, 21 Jan 16 04:03:43 +0000][INFO] SELECT IF(COUNT(*) > 0, 1, 0) FROM `INFORMATION_SCHEMA`.`TABLES` WHERE `TABLE_NAME` = 'hq_admin_role' AND `TABLE_SCHEMA` = DATABASE()
[Thu, 21 Jan 16 04:03:43 +0000][INFO] DESCRIBE `hq_admin_role`
[Thu, 21 Jan 16 04:03:43 +0000][INFO] SELECT IF(COUNT(*) > 0, 1, 0) FROM `INFORMATION_SCHEMA`.`TABLES` WHERE `TABLE_NAME` = 'hq_admin_role' AND `TABLE_SCHEMA` = DATABASE()
[Thu, 21 Jan 16 04:03:43 +0000][INFO] DESCRIBE `hq_admin_role`
[Thu, 21 Jan 16 04:03:43 +0000][INFO] SELECT IF(COUNT(*) > 0, 1, 0) FROM `INFORMATION_SCHEMA`.`TABLES` WHERE `TABLE_NAME` = 'hq_admin_role' AND `TABLE_SCHEMA` = DATABASE()
[Thu, 21 Jan 16 04:03:43 +0000][INFO] DESCRIBE `hq_admin_role`
[Thu, 21 Jan 16 04:03:43 +0000][INFO] SELECT `hq_admin_role`.`role_name` AS `role_name`, `hq_admin_role`.`role_ar_user` AS `role_ar_user` FROM `hq_admin_role`
[Thu, 21 Jan 16 04:03:44 +0000][INFO] SELECT IF(COUNT(*) > 0, 1, 0) FROM `INFORMATION_SCHEMA`.`TABLES` WHERE `TABLE_NAME` = 'hq_admin_role' AND `TABLE_SCHEMA` = DATABASE()
[Thu, 21 Jan 16 04:03:44 +0000][INFO] DESCRIBE `hq_admin_role`
[Thu, 21 Jan 16 04:03:44 +0000][INFO] SELECT IF(COUNT(*) > 0, 1, 0) FROM `INFORMATION_SCHEMA`.`TABLES` WHERE `TABLE_NAME` = 'hq_admin_role' AND `TABLE_SCHEMA` = DATABASE()
[Thu, 21 Jan 16 04:03:44 +0000][INFO] DESCRIBE `hq_admin_role`
[Thu, 21 Jan 16 04:03:44 +0000][INFO] SELECT IF(COUNT(*) > 0, 1, 0) FROM `INFORMATION_SCHEMA`.`TABLES` WHERE `TABLE_NAME` = 'hq_admin_role' AND `TABLE_SCHEMA` = DATABASE()
[Thu, 21 Jan 16 04:03:44 +0000][INFO] DESCRIBE `hq_admin_role`
[Thu, 21 Jan 16 04:03:44 +0000][INFO] SELECT `hq_admin_role`.`role_name` AS `role_name`, `hq_admin_role`.`role_ar_user` AS `role_ar_user` FROM `hq_admin_role`
[Thu, 21 Jan 16 04:03:44 +0000][INFO] SELECT IF(COUNT(*) > 0, 1, 0) FROM `INFORMATION_SCHEMA`.`TABLES` WHERE `TABLE_NAME` = 'hq_building' AND `TABLE_SCHEMA` = DATABASE()
[Thu, 21 Jan 16 04:03:44 +0000][INFO] DESCRIBE `hq_building`
[Thu, 21 Jan 16 04:03:44 +0000][INFO] SELECT IF(COUNT(*) > 0, 1, 0) FROM `INFORMATION_SCHEMA`.`TABLES` WHERE `TABLE_NAME` = 'hq_building' AND `TABLE_SCHEMA` = DATABASE()
[Thu, 21 Jan 16 04:03:44 +0000][INFO] DESCRIBE `hq_building`
[Thu, 21 Jan 16 04:03:44 +0000][INFO] SELECT IF(COUNT(*) > 0, 1, 0) FROM `INFORMATION_SCHEMA`.`TABLES` WHERE `TABLE_NAME` = 'hq_building' AND `TABLE_SCHEMA` = DATABASE()
[Thu, 21 Jan 16 04:03:44 +0000][INFO] DESCRIBE `hq_building`
[Thu, 21 Jan 16 04:03:44 +0000][INFO] SELECT `hq_building`.`bd_id`, `hq_building`.`cb_id`, `hq_building`.`bd_name`, `hq_building`.`bd_description`, `hq_building`.`bd_width`, `hq_building`.`bd_height`, `hq_building`.`bd_svg`, `hq_building`.`bd_create_date` FROM `hq_building`
[Thu, 21 Jan 16 04:03:44 +0000][INFO] SELECT IF(COUNT(*) > 0, 1, 0) FROM `INFORMATION_SCHEMA`.`TABLES` WHERE `TABLE_NAME` = 'hq_admin_role' AND `TABLE_SCHEMA` = DATABASE()
[Thu, 21 Jan 16 04:03:44 +0000][INFO] DESCRIBE `hq_admin_role`
[Thu, 21 Jan 16 04:03:44 +0000][INFO] SELECT IF(COUNT(*) > 0, 1, 0) FROM `INFORMATION_SCHEMA`.`TABLES` WHERE `TABLE_NAME` = 'hq_admin_role' AND `TABLE_SCHEMA` = DATABASE()
[Thu, 21 Jan 16 04:03:44 +0000][INFO] DESCRIBE `hq_admin_role`
[Thu, 21 Jan 16 04:03:44 +0000][INFO] SELECT IF(COUNT(*) > 0, 1, 0) FROM `INFORMATION_SCHEMA`.`TABLES` WHERE `TABLE_NAME` = 'hq_admin_role' AND `TABLE_SCHEMA` = DATABASE()
[Thu, 21 Jan 16 04:03:44 +0000][INFO] DESCRIBE `hq_admin_role`
[Thu, 21 Jan 16 04:03:44 +0000][INFO] SELECT `hq_admin_role`.`role_name` AS `role_name`, `hq_admin_role`.`role_ar_user` AS `role_ar_user` FROM `hq_admin_role`
[Thu, 21 Jan 16 04:03:44 +0000][INFO] SELECT IF(COUNT(*) > 0, 1, 0) FROM `INFORMATION_SCHEMA`.`TABLES` WHERE `TABLE_NAME` = 'hq_map_setting' AND `TABLE_SCHEMA` = DATABASE()
[Thu, 21 Jan 16 04:03:44 +0000][INFO] DESCRIBE `hq_map_setting`
[Thu, 21 Jan 16 04:03:44 +0000][INFO] SELECT IF(COUNT(*) > 0, 1, 0) FROM `INFORMATION_SCHEMA`.`TABLES` WHERE `TABLE_NAME` = 'hq_object' AND `TABLE_SCHEMA` = DATABASE()
[Thu, 21 Jan 16 04:03:44 +0000][INFO] DESCRIBE `hq_object`
[Thu, 21 Jan 16 04:03:44 +0000][INFO] SELECT IF(COUNT(*) > 0, 1, 0) FROM `INFORMATION_SCHEMA`.`TABLES` WHERE `TABLE_NAME` = 'hq_map_setting' AND `TABLE_SCHEMA` = DATABASE()
[Thu, 21 Jan 16 04:03:44 +0000][INFO] DESCRIBE `hq_map_setting`
[Thu, 21 Jan 16 04:03:44 +0000][INFO] SELECT IF(COUNT(*) > 0, 1, 0) FROM `INFORMATION_SCHEMA`.`TABLES` WHERE `TABLE_NAME` = 'hq_map_setting' AND `TABLE_SCHEMA` = DATABASE()
[Thu, 21 Jan 16 04:03:44 +0000][INFO] DESCRIBE `hq_map_setting`
[Thu, 21 Jan 16 04:03:44 +0000][INFO] SELECT `hq_map_setting`.`map_id`, `hq_map_setting`.`map_width`, `hq_map_setting`.`map_height`, `hq_map_setting`.`map_center_x`, `hq_map_setting`.`map_center_y`, `hq_map_setting`.`map_khung_width`, `hq_map_setting`.`map_khung_height`, `hq_map_setting`.`map_max_id` FROM `hq_map_setting` WHERE `hq_map_setting`.`map_id` = 1 LIMIT :APL0
[Thu, 21 Jan 16 04:03:44 +0000][INFO] SELECT IF(COUNT(*) > 0, 1, 0) FROM `INFORMATION_SCHEMA`.`TABLES` WHERE `TABLE_NAME` = 'hq_object' AND `TABLE_SCHEMA` = DATABASE()
[Thu, 21 Jan 16 04:03:44 +0000][INFO] DESCRIBE `hq_object`
[Thu, 21 Jan 16 04:03:44 +0000][INFO] SELECT IF(COUNT(*) > 0, 1, 0) FROM `INFORMATION_SCHEMA`.`TABLES` WHERE `TABLE_NAME` = 'hq_object' AND `TABLE_SCHEMA` = DATABASE()
[Thu, 21 Jan 16 04:03:44 +0000][INFO] DESCRIBE `hq_object`
[Thu, 21 Jan 16 04:03:44 +0000][INFO] SELECT `hq_object`.`ob_id`, `hq_object`.`bd_id`, `hq_object`.`u_id`, `hq_object`.`ob_name`, `hq_object`.`ob_description`, `hq_object`.`ob_css_id`, `hq_object`.`ob_css_class`, `hq_object`.`ob_position_x`, `hq_object`.`ob_position_y`, `hq_object`.`ob_width`, `hq_object`.`ob_height`, `hq_object`.`ob_zindex`, `hq_object`.`ca_id`, `hq_object`.`ob_create_date`, `hq_object`.`ob_edit_date` FROM `hq_object`
[Thu, 21 Jan 16 04:03:44 +0000][INFO] SELECT IF(COUNT(*) > 0, 1, 0) FROM `INFORMATION_SCHEMA`.`TABLES` WHERE `TABLE_NAME` = 'hq_event' AND `TABLE_SCHEMA` = DATABASE()
[Thu, 21 Jan 16 04:03:44 +0000][INFO] DESCRIBE `hq_event`
[Thu, 21 Jan 16 04:03:44 +0000][INFO] SELECT IF(COUNT(*) > 0, 1, 0) FROM `INFORMATION_SCHEMA`.`TABLES` WHERE `TABLE_NAME` = 'hq_event' AND `TABLE_SCHEMA` = DATABASE()
[Thu, 21 Jan 16 04:03:44 +0000][INFO] DESCRIBE `hq_event`
[Thu, 21 Jan 16 04:03:44 +0000][INFO] SELECT IF(COUNT(*) > 0, 1, 0) FROM `INFORMATION_SCHEMA`.`TABLES` WHERE `TABLE_NAME` = 'hq_event' AND `TABLE_SCHEMA` = DATABASE()
[Thu, 21 Jan 16 04:03:44 +0000][INFO] DESCRIBE `hq_event`
[Thu, 21 Jan 16 04:03:44 +0000][INFO] SELECT `hq_event`.`ce_id`, `hq_event`.`cte_id`, `hq_event`.`ob_id`, `hq_event`.`ce_name`, `hq_event`.`ce_event` FROM `hq_event` WHERE `hq_event`.`ob_id` = :APR0
[Thu, 21 Jan 16 04:03:44 +0000][INFO] SELECT IF(COUNT(*) > 0, 1, 0) FROM `INFORMATION_SCHEMA`.`TABLES` WHERE `TABLE_NAME` = 'hq_caterogy_event' AND `TABLE_SCHEMA` = DATABASE()
[Thu, 21 Jan 16 04:03:44 +0000][INFO] DESCRIBE `hq_caterogy_event`
[Thu, 21 Jan 16 04:03:44 +0000][INFO] SELECT IF(COUNT(*) > 0, 1, 0) FROM `INFORMATION_SCHEMA`.`TABLES` WHERE `TABLE_NAME` = 'hq_caterogy_event' AND `TABLE_SCHEMA` = DATABASE()
[Thu, 21 Jan 16 04:03:44 +0000][INFO] DESCRIBE `hq_caterogy_event`
[Thu, 21 Jan 16 04:03:44 +0000][INFO] SELECT IF(COUNT(*) > 0, 1, 0) FROM `INFORMATION_SCHEMA`.`TABLES` WHERE `TABLE_NAME` = 'hq_caterogy_event' AND `TABLE_SCHEMA` = DATABASE()
[Thu, 21 Jan 16 04:03:44 +0000][INFO] DESCRIBE `hq_caterogy_event`
[Thu, 21 Jan 16 04:03:44 +0000][INFO] SELECT `hq_caterogy_event`.`cte_id`, `hq_caterogy_event`.`cte_name`, `hq_caterogy_event`.`cte_class_css`, `hq_caterogy_event`.`cte_desription` FROM `hq_caterogy_event` WHERE `hq_caterogy_event`.`cte_id` = :APR0 LIMIT :APL0
[Thu, 21 Jan 16 04:03:44 +0000][INFO] SELECT IF(COUNT(*) > 0, 1, 0) FROM `INFORMATION_SCHEMA`.`TABLES` WHERE `TABLE_NAME` = 'hq_animation' AND `TABLE_SCHEMA` = DATABASE()
[Thu, 21 Jan 16 04:03:44 +0000][INFO] DESCRIBE `hq_animation`
[Thu, 21 Jan 16 04:03:44 +0000][INFO] SELECT IF(COUNT(*) > 0, 1, 0) FROM `INFORMATION_SCHEMA`.`TABLES` WHERE `TABLE_NAME` = 'hq_animation' AND `TABLE_SCHEMA` = DATABASE()
[Thu, 21 Jan 16 04:03:44 +0000][INFO] DESCRIBE `hq_animation`
[Thu, 21 Jan 16 04:03:44 +0000][INFO] SELECT IF(COUNT(*) > 0, 1, 0) FROM `INFORMATION_SCHEMA`.`TABLES` WHERE `TABLE_NAME` = 'hq_animation' AND `TABLE_SCHEMA` = DATABASE()
[Thu, 21 Jan 16 04:03:44 +0000][INFO] DESCRIBE `hq_animation`
[Thu, 21 Jan 16 04:03:44 +0000][INFO] SELECT `hq_animation`.`ca_id`, `hq_animation`.`ca_animation`, `hq_animation`.`ca_duration`, `hq_animation`.`ca_delay` FROM `hq_animation` WHERE `hq_animation`.`ca_id` = :APR0 LIMIT :APL0
[Thu, 21 Jan 16 04:03:44 +0000][INFO] SELECT IF(COUNT(*) > 0, 1, 0) FROM `INFORMATION_SCHEMA`.`TABLES` WHERE `TABLE_NAME` = 'hq_animation' AND `TABLE_SCHEMA` = DATABASE()
[Thu, 21 Jan 16 04:03:44 +0000][INFO] DESCRIBE `hq_animation`
[Thu, 21 Jan 16 04:03:44 +0000][INFO] SELECT IF(COUNT(*) > 0, 1, 0) FROM `INFORMATION_SCHEMA`.`TABLES` WHERE `TABLE_NAME` = 'hq_animation' AND `TABLE_SCHEMA` = DATABASE()
[Thu, 21 Jan 16 04:03:44 +0000][INFO] DESCRIBE `hq_animation`
[Thu, 21 Jan 16 04:03:44 +0000][INFO] SELECT `hq_animation`.`ca_id`, `hq_animation`.`ca_animation`, `hq_animation`.`ca_duration`, `hq_animation`.`ca_delay` FROM `hq_animation` WHERE `hq_animation`.`ca_id` = :APR0 LIMIT :APL0
[Thu, 21 Jan 16 04:03:44 +0000][INFO] SELECT IF(COUNT(*) > 0, 1, 0) FROM `INFORMATION_SCHEMA`.`TABLES` WHERE `TABLE_NAME` = 'hq_animation' AND `TABLE_SCHEMA` = DATABASE()
[Thu, 21 Jan 16 04:03:44 +0000][INFO] DESCRIBE `hq_animation`
[Thu, 21 Jan 16 04:03:44 +0000][INFO] SELECT IF(COUNT(*) > 0, 1, 0) FROM `INFORMATION_SCHEMA`.`TABLES` WHERE `TABLE_NAME` = 'hq_animation' AND `TABLE_SCHEMA` = DATABASE()
[Thu, 21 Jan 16 04:03:44 +0000][INFO] DESCRIBE `hq_animation`
[Thu, 21 Jan 16 04:03:44 +0000][INFO] SELECT `hq_animation`.`ca_id`, `hq_animation`.`ca_animation`, `hq_animation`.`ca_duration`, `hq_animation`.`ca_delay` FROM `hq_animation` WHERE `hq_animation`.`ca_id` = :APR0 LIMIT :APL0
[Thu, 21 Jan 16 04:03:44 +0000][INFO] SELECT IF(COUNT(*) > 0, 1, 0) FROM `INFORMATION_SCHEMA`.`TABLES` WHERE `TABLE_NAME` = 'hq_event' AND `TABLE_SCHEMA` = DATABASE()
[Thu, 21 Jan 16 04:03:44 +0000][INFO] DESCRIBE `hq_event`
[Thu, 21 Jan 16 04:03:44 +0000][INFO] SELECT IF(COUNT(*) > 0, 1, 0) FROM `INFORMATION_SCHEMA`.`TABLES` WHERE `TABLE_NAME` = 'hq_event' AND `TABLE_SCHEMA` = DATABASE()
[Thu, 21 Jan 16 04:03:44 +0000][INFO] DESCRIBE `hq_event`
[Thu, 21 Jan 16 04:03:44 +0000][INFO] SELECT `hq_event`.`ce_id`, `hq_event`.`cte_id`, `hq_event`.`ob_id`, `hq_event`.`ce_name`, `hq_event`.`ce_event` FROM `hq_event` WHERE `hq_event`.`ob_id` = :APR0
[Thu, 21 Jan 16 04:03:44 +0000][INFO] SELECT IF(COUNT(*) > 0, 1, 0) FROM `INFORMATION_SCHEMA`.`TABLES` WHERE `TABLE_NAME` = 'hq_animation' AND `TABLE_SCHEMA` = DATABASE()
[Thu, 21 Jan 16 04:03:44 +0000][INFO] DESCRIBE `hq_animation`
[Thu, 21 Jan 16 04:03:44 +0000][INFO] SELECT IF(COUNT(*) > 0, 1, 0) FROM `INFORMATION_SCHEMA`.`TABLES` WHERE `TABLE_NAME` = 'hq_animation' AND `TABLE_SCHEMA` = DATABASE()
[Thu, 21 Jan 16 04:03:44 +0000][INFO] DESCRIBE `hq_animation`
[Thu, 21 Jan 16 04:03:44 +0000][INFO] SELECT `hq_animation`.`ca_id`, `hq_animation`.`ca_animation`, `hq_animation`.`ca_duration`, `hq_animation`.`ca_delay` FROM `hq_animation` WHERE `hq_animation`.`ca_id` = :APR0 LIMIT :APL0
[Thu, 21 Jan 16 04:03:44 +0000][INFO] SELECT IF(COUNT(*) > 0, 1, 0) FROM `INFORMATION_SCHEMA`.`TABLES` WHERE `TABLE_NAME` = 'hq_animation' AND `TABLE_SCHEMA` = DATABASE()
[Thu, 21 Jan 16 04:03:44 +0000][INFO] DESCRIBE `hq_animation`
[Thu, 21 Jan 16 04:03:44 +0000][INFO] SELECT IF(COUNT(*) > 0, 1, 0) FROM `INFORMATION_SCHEMA`.`TABLES` WHERE `TABLE_NAME` = 'hq_animation' AND `TABLE_SCHEMA` = DATABASE()
[Thu, 21 Jan 16 04:03:44 +0000][INFO] DESCRIBE `hq_animation`
[Thu, 21 Jan 16 04:03:44 +0000][INFO] SELECT `hq_animation`.`ca_id`, `hq_animation`.`ca_animation`, `hq_animation`.`ca_duration`, `hq_animation`.`ca_delay` FROM `hq_animation` WHERE `hq_animation`.`ca_id` = :APR0 LIMIT :APL0
[Thu, 21 Jan 16 04:03:44 +0000][INFO] SELECT IF(COUNT(*) > 0, 1, 0) FROM `INFORMATION_SCHEMA`.`TABLES` WHERE `TABLE_NAME` = 'hq_animation' AND `TABLE_SCHEMA` = DATABASE()
[Thu, 21 Jan 16 04:03:44 +0000][INFO] DESCRIBE `hq_animation`
[Thu, 21 Jan 16 04:03:44 +0000][INFO] SELECT IF(COUNT(*) > 0, 1, 0) FROM `INFORMATION_SCHEMA`.`TABLES` WHERE `TABLE_NAME` = 'hq_animation' AND `TABLE_SCHEMA` = DATABASE()
[Thu, 21 Jan 16 04:03:44 +0000][INFO] DESCRIBE `hq_animation`
[Thu, 21 Jan 16 04:03:44 +0000][INFO] SELECT `hq_animation`.`ca_id`, `hq_animation`.`ca_animation`, `hq_animation`.`ca_duration`, `hq_animation`.`ca_delay` FROM `hq_animation` WHERE `hq_animation`.`ca_id` = :APR0 LIMIT :APL0
[Thu, 21 Jan 16 04:03:44 +0000][INFO] SELECT IF(COUNT(*) > 0, 1, 0) FROM `INFORMATION_SCHEMA`.`TABLES` WHERE `TABLE_NAME` = 'hq_event' AND `TABLE_SCHEMA` = DATABASE()
[Thu, 21 Jan 16 04:03:44 +0000][INFO] DESCRIBE `hq_event`
[Thu, 21 Jan 16 04:03:44 +0000][INFO] SELECT IF(COUNT(*) > 0, 1, 0) FROM `INFORMATION_SCHEMA`.`TABLES` WHERE `TABLE_NAME` = 'hq_event' AND `TABLE_SCHEMA` = DATABASE()
[Thu, 21 Jan 16 04:03:44 +0000][INFO] DESCRIBE `hq_event`
[Thu, 21 Jan 16 04:03:44 +0000][INFO] SELECT `hq_event`.`ce_id`, `hq_event`.`cte_id`, `hq_event`.`ob_id`, `hq_event`.`ce_name`, `hq_event`.`ce_event` FROM `hq_event` WHERE `hq_event`.`ob_id` = :APR0
[Thu, 21 Jan 16 04:03:44 +0000][INFO] SELECT IF(COUNT(*) > 0, 1, 0) FROM `INFORMATION_SCHEMA`.`TABLES` WHERE `TABLE_NAME` = 'hq_animation' AND `TABLE_SCHEMA` = DATABASE()
[Thu, 21 Jan 16 04:03:44 +0000][INFO] DESCRIBE `hq_animation`
[Thu, 21 Jan 16 04:03:44 +0000][INFO] SELECT IF(COUNT(*) > 0, 1, 0) FROM `INFORMATION_SCHEMA`.`TABLES` WHERE `TABLE_NAME` = 'hq_animation' AND `TABLE_SCHEMA` = DATABASE()
[Thu, 21 Jan 16 04:03:44 +0000][INFO] DESCRIBE `hq_animation`
[Thu, 21 Jan 16 04:03:44 +0000][INFO] SELECT `hq_animation`.`ca_id`, `hq_animation`.`ca_animation`, `hq_animation`.`ca_duration`, `hq_animation`.`ca_delay` FROM `hq_animation` WHERE `hq_animation`.`ca_id` = :APR0 LIMIT :APL0
[Thu, 21 Jan 16 04:03:44 +0000][INFO] SELECT IF(COUNT(*) > 0, 1, 0) FROM `INFORMATION_SCHEMA`.`TABLES` WHERE `TABLE_NAME` = 'hq_animation' AND `TABLE_SCHEMA` = DATABASE()
[Thu, 21 Jan 16 04:03:44 +0000][INFO] DESCRIBE `hq_animation`
[Thu, 21 Jan 16 04:03:44 +0000][INFO] SELECT IF(COUNT(*) > 0, 1, 0) FROM `INFORMATION_SCHEMA`.`TABLES` WHERE `TABLE_NAME` = 'hq_animation' AND `TABLE_SCHEMA` = DATABASE()
[Thu, 21 Jan 16 04:03:44 +0000][INFO] DESCRIBE `hq_animation`
[Thu, 21 Jan 16 04:03:44 +0000][INFO] SELECT `hq_animation`.`ca_id`, `hq_animation`.`ca_animation`, `hq_animation`.`ca_duration`, `hq_animation`.`ca_delay` FROM `hq_animation` WHERE `hq_animation`.`ca_id` = :APR0 LIMIT :APL0
[Thu, 21 Jan 16 04:03:44 +0000][INFO] SELECT IF(COUNT(*) > 0, 1, 0) FROM `INFORMATION_SCHEMA`.`TABLES` WHERE `TABLE_NAME` = 'hq_animation' AND `TABLE_SCHEMA` = DATABASE()
[Thu, 21 Jan 16 04:03:44 +0000][INFO] DESCRIBE `hq_animation`
[Thu, 21 Jan 16 04:03:44 +0000][INFO] SELECT IF(COUNT(*) > 0, 1, 0) FROM `INFORMATION_SCHEMA`.`TABLES` WHERE `TABLE_NAME` = 'hq_animation' AND `TABLE_SCHEMA` = DATABASE()
[Thu, 21 Jan 16 04:03:44 +0000][INFO] DESCRIBE `hq_animation`
[Thu, 21 Jan 16 04:03:44 +0000][INFO] SELECT `hq_animation`.`ca_id`, `hq_animation`.`ca_animation`, `hq_animation`.`ca_duration`, `hq_animation`.`ca_delay` FROM `hq_animation` WHERE `hq_animation`.`ca_id` = :APR0 LIMIT :APL0
[Thu, 21 Jan 16 04:03:44 +0000][INFO] SELECT IF(COUNT(*) > 0, 1, 0) FROM `INFORMATION_SCHEMA`.`TABLES` WHERE `TABLE_NAME` = 'hq_event' AND `TABLE_SCHEMA` = DATABASE()
[Thu, 21 Jan 16 04:03:44 +0000][INFO] DESCRIBE `hq_event`
[Thu, 21 Jan 16 04:03:44 +0000][INFO] SELECT IF(COUNT(*) > 0, 1, 0) FROM `INFORMATION_SCHEMA`.`TABLES` WHERE `TABLE_NAME` = 'hq_event' AND `TABLE_SCHEMA` = DATABASE()
[Thu, 21 Jan 16 04:03:44 +0000][INFO] DESCRIBE `hq_event`
[Thu, 21 Jan 16 04:03:44 +0000][INFO] SELECT `hq_event`.`ce_id`, `hq_event`.`cte_id`, `hq_event`.`ob_id`, `hq_event`.`ce_name`, `hq_event`.`ce_event` FROM `hq_event` WHERE `hq_event`.`ob_id` = :APR0
[Thu, 21 Jan 16 04:03:44 +0000][INFO] SELECT IF(COUNT(*) > 0, 1, 0) FROM `INFORMATION_SCHEMA`.`TABLES` WHERE `TABLE_NAME` = 'hq_caterogy_event' AND `TABLE_SCHEMA` = DATABASE()
[Thu, 21 Jan 16 04:03:44 +0000][INFO] DESCRIBE `hq_caterogy_event`
[Thu, 21 Jan 16 04:03:44 +0000][INFO] SELECT IF(COUNT(*) > 0, 1, 0) FROM `INFORMATION_SCHEMA`.`TABLES` WHERE `TABLE_NAME` = 'hq_caterogy_event' AND `TABLE_SCHEMA` = DATABASE()
[Thu, 21 Jan 16 04:03:44 +0000][INFO] DESCRIBE `hq_caterogy_event`
[Thu, 21 Jan 16 04:03:44 +0000][INFO] SELECT `hq_caterogy_event`.`cte_id`, `hq_caterogy_event`.`cte_name`, `hq_caterogy_event`.`cte_class_css`, `hq_caterogy_event`.`cte_desription` FROM `hq_caterogy_event` WHERE `hq_caterogy_event`.`cte_id` = :APR0 LIMIT :APL0
[Thu, 21 Jan 16 04:03:44 +0000][INFO] SELECT IF(COUNT(*) > 0, 1, 0) FROM `INFORMATION_SCHEMA`.`TABLES` WHERE `TABLE_NAME` = 'hq_animation' AND `TABLE_SCHEMA` = DATABASE()
[Thu, 21 Jan 16 04:03:44 +0000][INFO] DESCRIBE `hq_animation`
[Thu, 21 Jan 16 04:03:44 +0000][INFO] SELECT IF(COUNT(*) > 0, 1, 0) FROM `INFORMATION_SCHEMA`.`TABLES` WHERE `TABLE_NAME` = 'hq_animation' AND `TABLE_SCHEMA` = DATABASE()
[Thu, 21 Jan 16 04:03:44 +0000][INFO] DESCRIBE `hq_animation`
[Thu, 21 Jan 16 04:03:44 +0000][INFO] SELECT `hq_animation`.`ca_id`, `hq_animation`.`ca_animation`, `hq_animation`.`ca_duration`, `hq_animation`.`ca_delay` FROM `hq_animation` WHERE `hq_animation`.`ca_id` = :APR0 LIMIT :APL0
[Thu, 21 Jan 16 04:03:44 +0000][INFO] SELECT IF(COUNT(*) > 0, 1, 0) FROM `INFORMATION_SCHEMA`.`TABLES` WHERE `TABLE_NAME` = 'hq_animation' AND `TABLE_SCHEMA` = DATABASE()
[Thu, 21 Jan 16 04:03:44 +0000][INFO] DESCRIBE `hq_animation`
[Thu, 21 Jan 16 04:03:44 +0000][INFO] SELECT IF(COUNT(*) > 0, 1, 0) FROM `INFORMATION_SCHEMA`.`TABLES` WHERE `TABLE_NAME` = 'hq_animation' AND `TABLE_SCHEMA` = DATABASE()
[Thu, 21 Jan 16 04:03:44 +0000][INFO] DESCRIBE `hq_animation`
[Thu, 21 Jan 16 04:03:44 +0000][INFO] SELECT `hq_animation`.`ca_id`, `hq_animation`.`ca_animation`, `hq_animation`.`ca_duration`, `hq_animation`.`ca_delay` FROM `hq_animation` WHERE `hq_animation`.`ca_id` = :APR0 LIMIT :APL0
[Thu, 21 Jan 16 04:03:44 +0000][INFO] SELECT IF(COUNT(*) > 0, 1, 0) FROM `INFORMATION_SCHEMA`.`TABLES` WHERE `TABLE_NAME` = 'hq_animation' AND `TABLE_SCHEMA` = DATABASE()
[Thu, 21 Jan 16 04:03:44 +0000][INFO] DESCRIBE `hq_animation`
[Thu, 21 Jan 16 04:03:44 +0000][INFO] SELECT IF(COUNT(*) > 0, 1, 0) FROM `INFORMATION_SCHEMA`.`TABLES` WHERE `TABLE_NAME` = 'hq_animation' AND `TABLE_SCHEMA` = DATABASE()
[Thu, 21 Jan 16 04:03:44 +0000][INFO] DESCRIBE `hq_animation`
[Thu, 21 Jan 16 04:03:44 +0000][INFO] SELECT `hq_animation`.`ca_id`, `hq_animation`.`ca_animation`, `hq_animation`.`ca_duration`, `hq_animation`.`ca_delay` FROM `hq_animation` WHERE `hq_animation`.`ca_id` = :APR0 LIMIT :APL0
[Thu, 21 Jan 16 04:03:44 +0000][INFO] SELECT IF(COUNT(*) > 0, 1, 0) FROM `INFORMATION_SCHEMA`.`TABLES` WHERE `TABLE_NAME` = 'hq_event' AND `TABLE_SCHEMA` = DATABASE()
[Thu, 21 Jan 16 04:03:44 +0000][INFO] DESCRIBE `hq_event`
[Thu, 21 Jan 16 04:03:44 +0000][INFO] SELECT IF(COUNT(*) > 0, 1, 0) FROM `INFORMATION_SCHEMA`.`TABLES` WHERE `TABLE_NAME` = 'hq_event' AND `TABLE_SCHEMA` = DATABASE()
[Thu, 21 Jan 16 04:03:44 +0000][INFO] DESCRIBE `hq_event`
[Thu, 21 Jan 16 04:03:44 +0000][INFO] SELECT `hq_event`.`ce_id`, `hq_event`.`cte_id`, `hq_event`.`ob_id`, `hq_event`.`ce_name`, `hq_event`.`ce_event` FROM `hq_event` WHERE `hq_event`.`ob_id` = :APR0
[Thu, 21 Jan 16 04:03:44 +0000][INFO] SELECT IF(COUNT(*) > 0, 1, 0) FROM `INFORMATION_SCHEMA`.`TABLES` WHERE `TABLE_NAME` = 'hq_animation' AND `TABLE_SCHEMA` = DATABASE()
[Thu, 21 Jan 16 04:03:44 +0000][INFO] DESCRIBE `hq_animation`
[Thu, 21 Jan 16 04:03:44 +0000][INFO] SELECT IF(COUNT(*) > 0, 1, 0) FROM `INFORMATION_SCHEMA`.`TABLES` WHERE `TABLE_NAME` = 'hq_animation' AND `TABLE_SCHEMA` = DATABASE()
[Thu, 21 Jan 16 04:03:44 +0000][INFO] DESCRIBE `hq_animation`
[Thu, 21 Jan 16 04:03:44 +0000][INFO] SELECT `hq_animation`.`ca_id`, `hq_animation`.`ca_animation`, `hq_animation`.`ca_duration`, `hq_animation`.`ca_delay` FROM `hq_animation` WHERE `hq_animation`.`ca_id` = :APR0 LIMIT :APL0
[Thu, 21 Jan 16 04:03:44 +0000][INFO] SELECT IF(COUNT(*) > 0, 1, 0) FROM `INFORMATION_SCHEMA`.`TABLES` WHERE `TABLE_NAME` = 'hq_animation' AND `TABLE_SCHEMA` = DATABASE()
[Thu, 21 Jan 16 04:03:44 +0000][INFO] DESCRIBE `hq_animation`
[Thu, 21 Jan 16 04:03:44 +0000][INFO] SELECT IF(COUNT(*) > 0, 1, 0) FROM `INFORMATION_SCHEMA`.`TABLES` WHERE `TABLE_NAME` = 'hq_animation' AND `TABLE_SCHEMA` = DATABASE()
[Thu, 21 Jan 16 04:03:44 +0000][INFO] DESCRIBE `hq_animation`
[Thu, 21 Jan 16 04:03:44 +0000][INFO] SELECT `hq_animation`.`ca_id`, `hq_animation`.`ca_animation`, `hq_animation`.`ca_duration`, `hq_animation`.`ca_delay` FROM `hq_animation` WHERE `hq_animation`.`ca_id` = :APR0 LIMIT :APL0
[Thu, 21 Jan 16 04:03:44 +0000][INFO] SELECT IF(COUNT(*) > 0, 1, 0) FROM `INFORMATION_SCHEMA`.`TABLES` WHERE `TABLE_NAME` = 'hq_animation' AND `TABLE_SCHEMA` = DATABASE()
[Thu, 21 Jan 16 04:03:44 +0000][INFO] DESCRIBE `hq_animation`
[Thu, 21 Jan 16 04:03:44 +0000][INFO] SELECT IF(COUNT(*) > 0, 1, 0) FROM `INFORMATION_SCHEMA`.`TABLES` WHERE `TABLE_NAME` = 'hq_animation' AND `TABLE_SCHEMA` = DATABASE()
[Thu, 21 Jan 16 04:03:44 +0000][INFO] DESCRIBE `hq_animation`
[Thu, 21 Jan 16 04:03:44 +0000][INFO] SELECT `hq_animation`.`ca_id`, `hq_animation`.`ca_animation`, `hq_animation`.`ca_duration`, `hq_animation`.`ca_delay` FROM `hq_animation` WHERE `hq_animation`.`ca_id` = :APR0 LIMIT :APL0
[Thu, 21 Jan 16 04:03:44 +0000][INFO] SELECT IF(COUNT(*) > 0, 1, 0) FROM `INFORMATION_SCHEMA`.`TABLES` WHERE `TABLE_NAME` = 'hq_event' AND `TABLE_SCHEMA` = DATABASE()
[Thu, 21 Jan 16 04:03:44 +0000][INFO] DESCRIBE `hq_event`
[Thu, 21 Jan 16 04:03:44 +0000][INFO] SELECT IF(COUNT(*) > 0, 1, 0) FROM `INFORMATION_SCHEMA`.`TABLES` WHERE `TABLE_NAME` = 'hq_event' AND `TABLE_SCHEMA` = DATABASE()
[Thu, 21 Jan 16 04:03:44 +0000][INFO] DESCRIBE `hq_event`
[Thu, 21 Jan 16 04:03:44 +0000][INFO] SELECT `hq_event`.`ce_id`, `hq_event`.`cte_id`, `hq_event`.`ob_id`, `hq_event`.`ce_name`, `hq_event`.`ce_event` FROM `hq_event` WHERE `hq_event`.`ob_id` = :APR0
[Thu, 21 Jan 16 04:03:44 +0000][INFO] SELECT IF(COUNT(*) > 0, 1, 0) FROM `INFORMATION_SCHEMA`.`TABLES` WHERE `TABLE_NAME` = 'hq_animation' AND `TABLE_SCHEMA` = DATABASE()
[Thu, 21 Jan 16 04:03:44 +0000][INFO] DESCRIBE `hq_animation`
[Thu, 21 Jan 16 04:03:44 +0000][INFO] SELECT IF(COUNT(*) > 0, 1, 0) FROM `INFORMATION_SCHEMA`.`TABLES` WHERE `TABLE_NAME` = 'hq_animation' AND `TABLE_SCHEMA` = DATABASE()
[Thu, 21 Jan 16 04:03:44 +0000][INFO] DESCRIBE `hq_animation`
[Thu, 21 Jan 16 04:03:44 +0000][INFO] SELECT `hq_animation`.`ca_id`, `hq_animation`.`ca_animation`, `hq_animation`.`ca_duration`, `hq_animation`.`ca_delay` FROM `hq_animation` WHERE `hq_animation`.`ca_id` = :APR0 LIMIT :APL0
[Thu, 21 Jan 16 04:03:44 +0000][INFO] SELECT IF(COUNT(*) > 0, 1, 0) FROM `INFORMATION_SCHEMA`.`TABLES` WHERE `TABLE_NAME` = 'hq_animation' AND `TABLE_SCHEMA` = DATABASE()
[Thu, 21 Jan 16 04:03:44 +0000][INFO] DESCRIBE `hq_animation`
[Thu, 21 Jan 16 04:03:44 +0000][INFO] SELECT IF(COUNT(*) > 0, 1, 0) FROM `INFORMATION_SCHEMA`.`TABLES` WHERE `TABLE_NAME` = 'hq_animation' AND `TABLE_SCHEMA` = DATABASE()
[Thu, 21 Jan 16 04:03:44 +0000][INFO] DESCRIBE `hq_animation`
[Thu, 21 Jan 16 04:03:44 +0000][INFO] SELECT `hq_animation`.`ca_id`, `hq_animation`.`ca_animation`, `hq_animation`.`ca_duration`, `hq_animation`.`ca_delay` FROM `hq_animation` WHERE `hq_animation`.`ca_id` = :APR0 LIMIT :APL0
[Thu, 21 Jan 16 04:03:44 +0000][INFO] SELECT IF(COUNT(*) > 0, 1, 0) FROM `INFORMATION_SCHEMA`.`TABLES` WHERE `TABLE_NAME` = 'hq_animation' AND `TABLE_SCHEMA` = DATABASE()
[Thu, 21 Jan 16 04:03:44 +0000][INFO] DESCRIBE `hq_animation`
[Thu, 21 Jan 16 04:03:44 +0000][INFO] SELECT IF(COUNT(*) > 0, 1, 0) FROM `INFORMATION_SCHEMA`.`TABLES` WHERE `TABLE_NAME` = 'hq_animation' AND `TABLE_SCHEMA` = DATABASE()
[Thu, 21 Jan 16 04:03:44 +0000][INFO] DESCRIBE `hq_animation`
[Thu, 21 Jan 16 04:03:44 +0000][INFO] SELECT `hq_animation`.`ca_id`, `hq_animation`.`ca_animation`, `hq_animation`.`ca_duration`, `hq_animation`.`ca_delay` FROM `hq_animation` WHERE `hq_animation`.`ca_id` = :APR0 LIMIT :APL0
[Thu, 21 Jan 16 04:03:44 +0000][INFO] SELECT IF(COUNT(*) > 0, 1, 0) FROM `INFORMATION_SCHEMA`.`TABLES` WHERE `TABLE_NAME` = 'hq_event' AND `TABLE_SCHEMA` = DATABASE()
[Thu, 21 Jan 16 04:03:44 +0000][INFO] DESCRIBE `hq_event`
[Thu, 21 Jan 16 04:03:44 +0000][INFO] SELECT IF(COUNT(*) > 0, 1, 0) FROM `INFORMATION_SCHEMA`.`TABLES` WHERE `TABLE_NAME` = 'hq_event' AND `TABLE_SCHEMA` = DATABASE()
[Thu, 21 Jan 16 04:03:44 +0000][INFO] DESCRIBE `hq_event`
[Thu, 21 Jan 16 04:03:44 +0000][INFO] SELECT `hq_event`.`ce_id`, `hq_event`.`cte_id`, `hq_event`.`ob_id`, `hq_event`.`ce_name`, `hq_event`.`ce_event` FROM `hq_event` WHERE `hq_event`.`ob_id` = :APR0
[Thu, 21 Jan 16 04:03:44 +0000][INFO] SELECT IF(COUNT(*) > 0, 1, 0) FROM `INFORMATION_SCHEMA`.`TABLES` WHERE `TABLE_NAME` = 'hq_animation' AND `TABLE_SCHEMA` = DATABASE()
[Thu, 21 Jan 16 04:03:44 +0000][INFO] DESCRIBE `hq_animation`
[Thu, 21 Jan 16 04:03:44 +0000][INFO] SELECT IF(COUNT(*) > 0, 1, 0) FROM `INFORMATION_SCHEMA`.`TABLES` WHERE `TABLE_NAME` = 'hq_animation' AND `TABLE_SCHEMA` = DATABASE()
[Thu, 21 Jan 16 04:03:44 +0000][INFO] DESCRIBE `hq_animation`
[Thu, 21 Jan 16 04:03:44 +0000][INFO] SELECT `hq_animation`.`ca_id`, `hq_animation`.`ca_animation`, `hq_animation`.`ca_duration`, `hq_animation`.`ca_delay` FROM `hq_animation` WHERE `hq_animation`.`ca_id` = :APR0 LIMIT :APL0
[Thu, 21 Jan 16 04:03:44 +0000][INFO] SELECT IF(COUNT(*) > 0, 1, 0) FROM `INFORMATION_SCHEMA`.`TABLES` WHERE `TABLE_NAME` = 'hq_animation' AND `TABLE_SCHEMA` = DATABASE()
[Thu, 21 Jan 16 04:03:44 +0000][INFO] DESCRIBE `hq_animation`
[Thu, 21 Jan 16 04:03:44 +0000][INFO] SELECT IF(COUNT(*) > 0, 1, 0) FROM `INFORMATION_SCHEMA`.`TABLES` WHERE `TABLE_NAME` = 'hq_animation' AND `TABLE_SCHEMA` = DATABASE()
[Thu, 21 Jan 16 04:03:44 +0000][INFO] DESCRIBE `hq_animation`
[Thu, 21 Jan 16 04:03:44 +0000][INFO] SELECT `hq_animation`.`ca_id`, `hq_animation`.`ca_animation`, `hq_animation`.`ca_duration`, `hq_animation`.`ca_delay` FROM `hq_animation` WHERE `hq_animation`.`ca_id` = :APR0 LIMIT :APL0
[Thu, 21 Jan 16 04:03:44 +0000][INFO] SELECT IF(COUNT(*) > 0, 1, 0) FROM `INFORMATION_SCHEMA`.`TABLES` WHERE `TABLE_NAME` = 'hq_animation' AND `TABLE_SCHEMA` = DATABASE()
[Thu, 21 Jan 16 04:03:44 +0000][INFO] DESCRIBE `hq_animation`
[Thu, 21 Jan 16 04:03:44 +0000][INFO] SELECT IF(COUNT(*) > 0, 1, 0) FROM `INFORMATION_SCHEMA`.`TABLES` WHERE `TABLE_NAME` = 'hq_animation' AND `TABLE_SCHEMA` = DATABASE()
[Thu, 21 Jan 16 04:03:44 +0000][INFO] DESCRIBE `hq_animation`
[Thu, 21 Jan 16 04:03:44 +0000][INFO] SELECT `hq_animation`.`ca_id`, `hq_animation`.`ca_animation`, `hq_animation`.`ca_duration`, `hq_animation`.`ca_delay` FROM `hq_animation` WHERE `hq_animation`.`ca_id` = :APR0 LIMIT :APL0
[Thu, 21 Jan 16 04:03:50 +0000][INFO] SELECT IF(COUNT(*) > 0, 1, 0) FROM `INFORMATION_SCHEMA`.`TABLES` WHERE `TABLE_NAME` = 'hq_admin_role' AND `TABLE_SCHEMA` = DATABASE()
[Thu, 21 Jan 16 04:03:50 +0000][INFO] DESCRIBE `hq_admin_role`
[Thu, 21 Jan 16 04:03:50 +0000][INFO] SELECT IF(COUNT(*) > 0, 1, 0) FROM `INFORMATION_SCHEMA`.`TABLES` WHERE `TABLE_NAME` = 'hq_admin_role' AND `TABLE_SCHEMA` = DATABASE()
[Thu, 21 Jan 16 04:03:50 +0000][INFO] DESCRIBE `hq_admin_role`
[Thu, 21 Jan 16 04:03:50 +0000][INFO] SELECT IF(COUNT(*) > 0, 1, 0) FROM `INFORMATION_SCHEMA`.`TABLES` WHERE `TABLE_NAME` = 'hq_admin_role' AND `TABLE_SCHEMA` = DATABASE()
[Thu, 21 Jan 16 04:03:50 +0000][INFO] DESCRIBE `hq_admin_role`
[Thu, 21 Jan 16 04:03:50 +0000][INFO] SELECT `hq_admin_role`.`role_name` AS `role_name`, `hq_admin_role`.`role_ar_user` AS `role_ar_user` FROM `hq_admin_role`
[Thu, 21 Jan 16 04:03:50 +0000][INFO] SELECT IF(COUNT(*) > 0, 1, 0) FROM `INFORMATION_SCHEMA`.`TABLES` WHERE `TABLE_NAME` = 'hq_event' AND `TABLE_SCHEMA` = DATABASE()
[Thu, 21 Jan 16 04:03:50 +0000][INFO] DESCRIBE `hq_event`
[Thu, 21 Jan 16 04:03:50 +0000][INFO] SELECT IF(COUNT(*) > 0, 1, 0) FROM `INFORMATION_SCHEMA`.`TABLES` WHERE `TABLE_NAME` = 'hq_event' AND `TABLE_SCHEMA` = DATABASE()
[Thu, 21 Jan 16 04:03:50 +0000][INFO] DESCRIBE `hq_event`
[Thu, 21 Jan 16 04:03:50 +0000][INFO] SELECT IF(COUNT(*) > 0, 1, 0) FROM `INFORMATION_SCHEMA`.`TABLES` WHERE `TABLE_NAME` = 'hq_event' AND `TABLE_SCHEMA` = DATABASE()
[Thu, 21 Jan 16 04:03:50 +0000][INFO] DESCRIBE `hq_event`
[Thu, 21 Jan 16 04:03:50 +0000][INFO] SELECT `hq_event`.`ce_id`, `hq_event`.`cte_id`, `hq_event`.`ob_id`, `hq_event`.`ce_name`, `hq_event`.`ce_event` FROM `hq_event` WHERE `hq_event`.`ob_id` = '13' AND `hq_event`.`cte_id` = 1 LIMIT :APL0
