[Wed, 16 Dec 15 02:28:50 +0000][INFO] SELECT IF(COUNT(*) > 0, 1, 0) FROM `INFORMATION_SCHEMA`.`TABLES` WHERE `TABLE_NAME` = 'hq_map_setting' AND `TABLE_SCHEMA` = DATABASE()
[Wed, 16 Dec 15 02:28:50 +0000][INFO] DESCRIBE `hq_map_setting`
[Wed, 16 Dec 15 02:28:50 +0000][INFO] SELECT IF(COUNT(*) > 0, 1, 0) FROM `INFORMATION_SCHEMA`.`TABLES` WHERE `TABLE_NAME` = 'hq_map_setting' AND `TABLE_SCHEMA` = DATABASE()
[Wed, 16 Dec 15 02:28:50 +0000][INFO] DESCRIBE `hq_map_setting`
[Wed, 16 Dec 15 02:28:50 +0000][INFO] SELECT IF(COUNT(*) > 0, 1, 0) FROM `INFORMATION_SCHEMA`.`TABLES` WHERE `TABLE_NAME` = 'hq_map_setting' AND `TABLE_SCHEMA` = DATABASE()
[Wed, 16 Dec 15 02:28:50 +0000][INFO] DESCRIBE `hq_map_setting`
[Wed, 16 Dec 15 02:28:50 +0000][INFO] SELECT `hq_map_setting`.`map_id`, `hq_map_setting`.`map_width`, `hq_map_setting`.`map_height`, `hq_map_setting`.`map_center_x`, `hq_map_setting`.`map_center_y`, `hq_map_setting`.`map_khung_width`, `hq_map_setting`.`map_khung_height`, `hq_map_setting`.`map_max_id` FROM `hq_map_setting` WHERE `hq_map_setting`.`map_id` = 1 LIMIT :APL0
[Wed, 16 Dec 15 02:28:53 +0000][INFO] SELECT IF(COUNT(*) > 0, 1, 0) FROM `INFORMATION_SCHEMA`.`TABLES` WHERE `TABLE_NAME` = 'hq_map_setting' AND `TABLE_SCHEMA` = DATABASE()
[Wed, 16 Dec 15 02:28:53 +0000][INFO] DESCRIBE `hq_map_setting`
[Wed, 16 Dec 15 02:28:53 +0000][INFO] SELECT IF(COUNT(*) > 0, 1, 0) FROM `INFORMATION_SCHEMA`.`TABLES` WHERE `TABLE_NAME` = 'hq_object' AND `TABLE_SCHEMA` = DATABASE()
[Wed, 16 Dec 15 02:28:53 +0000][INFO] DESCRIBE `hq_object`
[Wed, 16 Dec 15 02:28:53 +0000][INFO] SELECT IF(COUNT(*) > 0, 1, 0) FROM `INFORMATION_SCHEMA`.`TABLES` WHERE `TABLE_NAME` = 'hq_map_setting' AND `TABLE_SCHEMA` = DATABASE()
[Wed, 16 Dec 15 02:28:53 +0000][INFO] DESCRIBE `hq_map_setting`
[Wed, 16 Dec 15 02:28:53 +0000][INFO] SELECT IF(COUNT(*) > 0, 1, 0) FROM `INFORMATION_SCHEMA`.`TABLES` WHERE `TABLE_NAME` = 'hq_map_setting' AND `TABLE_SCHEMA` = DATABASE()
[Wed, 16 Dec 15 02:28:53 +0000][INFO] DESCRIBE `hq_map_setting`
[Wed, 16 Dec 15 02:28:53 +0000][INFO] SELECT `hq_map_setting`.`map_id`, `hq_map_setting`.`map_width`, `hq_map_setting`.`map_height`, `hq_map_setting`.`map_center_x`, `hq_map_setting`.`map_center_y`, `hq_map_setting`.`map_khung_width`, `hq_map_setting`.`map_khung_height`, `hq_map_setting`.`map_max_id` FROM `hq_map_setting` WHERE `hq_map_setting`.`map_id` = 1 LIMIT :APL0
[Wed, 16 Dec 15 02:28:53 +0000][INFO] SELECT IF(COUNT(*) > 0, 1, 0) FROM `INFORMATION_SCHEMA`.`TABLES` WHERE `TABLE_NAME` = 'hq_object' AND `TABLE_SCHEMA` = DATABASE()
[Wed, 16 Dec 15 02:28:53 +0000][INFO] DESCRIBE `hq_object`
[Wed, 16 Dec 15 02:28:53 +0000][INFO] SELECT IF(COUNT(*) > 0, 1, 0) FROM `INFORMATION_SCHEMA`.`TABLES` WHERE `TABLE_NAME` = 'hq_object' AND `TABLE_SCHEMA` = DATABASE()
[Wed, 16 Dec 15 02:28:53 +0000][INFO] DESCRIBE `hq_object`
[Wed, 16 Dec 15 02:28:53 +0000][INFO] SELECT `hq_object`.`ob_id`, `hq_object`.`bd_id`, `hq_object`.`u_id`, `hq_object`.`ob_name`, `hq_object`.`ob_description`, `hq_object`.`ob_css_id`, `hq_object`.`ob_css_class`, `hq_object`.`ob_position_x`, `hq_object`.`ob_position_y`, `hq_object`.`ob_width`, `hq_object`.`ob_height`, `hq_object`.`ob_zindex`, `hq_object`.`ca_id`, `hq_object`.`ob_create_date`, `hq_object`.`ob_edit_date` FROM `hq_object`
[Wed, 16 Dec 15 02:28:57 +0000][INFO] SELECT IF(COUNT(*) > 0, 1, 0) FROM `INFORMATION_SCHEMA`.`TABLES` WHERE `TABLE_NAME` = 'hq_map_setting' AND `TABLE_SCHEMA` = DATABASE()
[Wed, 16 Dec 15 02:28:57 +0000][INFO] DESCRIBE `hq_map_setting`
[Wed, 16 Dec 15 02:28:57 +0000][INFO] SELECT IF(COUNT(*) > 0, 1, 0) FROM `INFORMATION_SCHEMA`.`TABLES` WHERE `TABLE_NAME` = 'hq_map_setting' AND `TABLE_SCHEMA` = DATABASE()
[Wed, 16 Dec 15 02:28:57 +0000][INFO] DESCRIBE `hq_map_setting`
[Wed, 16 Dec 15 02:28:57 +0000][INFO] SELECT IF(COUNT(*) > 0, 1, 0) FROM `INFORMATION_SCHEMA`.`TABLES` WHERE `TABLE_NAME` = 'hq_map_setting' AND `TABLE_SCHEMA` = DATABASE()
[Wed, 16 Dec 15 02:28:57 +0000][INFO] DESCRIBE `hq_map_setting`
[Wed, 16 Dec 15 02:28:57 +0000][INFO] SELECT `hq_map_setting`.`map_id`, `hq_map_setting`.`map_width`, `hq_map_setting`.`map_height`, `hq_map_setting`.`map_center_x`, `hq_map_setting`.`map_center_y`, `hq_map_setting`.`map_khung_width`, `hq_map_setting`.`map_khung_height`, `hq_map_setting`.`map_max_id` FROM `hq_map_setting` WHERE `hq_map_setting`.`map_id` = 1 LIMIT :APL0
[Wed, 16 Dec 15 02:28:58 +0000][INFO] SELECT IF(COUNT(*) > 0, 1, 0) FROM `INFORMATION_SCHEMA`.`TABLES` WHERE `TABLE_NAME` = 'hq_map_setting' AND `TABLE_SCHEMA` = DATABASE()
[Wed, 16 Dec 15 02:28:58 +0000][INFO] DESCRIBE `hq_map_setting`
[Wed, 16 Dec 15 02:28:58 +0000][INFO] SELECT IF(COUNT(*) > 0, 1, 0) FROM `INFORMATION_SCHEMA`.`TABLES` WHERE `TABLE_NAME` = 'hq_object' AND `TABLE_SCHEMA` = DATABASE()
[Wed, 16 Dec 15 02:28:58 +0000][INFO] DESCRIBE `hq_object`
[Wed, 16 Dec 15 02:28:58 +0000][INFO] SELECT IF(COUNT(*) > 0, 1, 0) FROM `INFORMATION_SCHEMA`.`TABLES` WHERE `TABLE_NAME` = 'hq_map_setting' AND `TABLE_SCHEMA` = DATABASE()
[Wed, 16 Dec 15 02:28:58 +0000][INFO] DESCRIBE `hq_map_setting`
[Wed, 16 Dec 15 02:28:58 +0000][INFO] SELECT IF(COUNT(*) > 0, 1, 0) FROM `INFORMATION_SCHEMA`.`TABLES` WHERE `TABLE_NAME` = 'hq_map_setting' AND `TABLE_SCHEMA` = DATABASE()
[Wed, 16 Dec 15 02:28:58 +0000][INFO] DESCRIBE `hq_map_setting`
[Wed, 16 Dec 15 02:28:58 +0000][INFO] SELECT `hq_map_setting`.`map_id`, `hq_map_setting`.`map_width`, `hq_map_setting`.`map_height`, `hq_map_setting`.`map_center_x`, `hq_map_setting`.`map_center_y`, `hq_map_setting`.`map_khung_width`, `hq_map_setting`.`map_khung_height`, `hq_map_setting`.`map_max_id` FROM `hq_map_setting` WHERE `hq_map_setting`.`map_id` = 1 LIMIT :APL0
[Wed, 16 Dec 15 02:28:58 +0000][INFO] SELECT IF(COUNT(*) > 0, 1, 0) FROM `INFORMATION_SCHEMA`.`TABLES` WHERE `TABLE_NAME` = 'hq_object' AND `TABLE_SCHEMA` = DATABASE()
[Wed, 16 Dec 15 02:28:58 +0000][INFO] DESCRIBE `hq_object`
[Wed, 16 Dec 15 02:28:58 +0000][INFO] SELECT IF(COUNT(*) > 0, 1, 0) FROM `INFORMATION_SCHEMA`.`TABLES` WHERE `TABLE_NAME` = 'hq_object' AND `TABLE_SCHEMA` = DATABASE()
[Wed, 16 Dec 15 02:28:58 +0000][INFO] DESCRIBE `hq_object`
[Wed, 16 Dec 15 02:28:58 +0000][INFO] SELECT `hq_object`.`ob_id`, `hq_object`.`bd_id`, `hq_object`.`u_id`, `hq_object`.`ob_name`, `hq_object`.`ob_description`, `hq_object`.`ob_css_id`, `hq_object`.`ob_css_class`, `hq_object`.`ob_position_x`, `hq_object`.`ob_position_y`, `hq_object`.`ob_width`, `hq_object`.`ob_height`, `hq_object`.`ob_zindex`, `hq_object`.`ca_id`, `hq_object`.`ob_create_date`, `hq_object`.`ob_edit_date` FROM `hq_object`
[Wed, 16 Dec 15 02:30:56 +0000][INFO] SELECT IF(COUNT(*) > 0, 1, 0) FROM `INFORMATION_SCHEMA`.`TABLES` WHERE `TABLE_NAME` = 'hq_map_setting' AND `TABLE_SCHEMA` = DATABASE()
[Wed, 16 Dec 15 02:30:56 +0000][INFO] DESCRIBE `hq_map_setting`
[Wed, 16 Dec 15 02:30:56 +0000][INFO] SELECT IF(COUNT(*) > 0, 1, 0) FROM `INFORMATION_SCHEMA`.`TABLES` WHERE `TABLE_NAME` = 'hq_map_setting' AND `TABLE_SCHEMA` = DATABASE()
[Wed, 16 Dec 15 02:30:56 +0000][INFO] DESCRIBE `hq_map_setting`
[Wed, 16 Dec 15 02:30:56 +0000][INFO] SELECT IF(COUNT(*) > 0, 1, 0) FROM `INFORMATION_SCHEMA`.`TABLES` WHERE `TABLE_NAME` = 'hq_map_setting' AND `TABLE_SCHEMA` = DATABASE()
[Wed, 16 Dec 15 02:30:56 +0000][INFO] DESCRIBE `hq_map_setting`
[Wed, 16 Dec 15 02:30:56 +0000][INFO] SELECT `hq_map_setting`.`map_id`, `hq_map_setting`.`map_width`, `hq_map_setting`.`map_height`, `hq_map_setting`.`map_center_x`, `hq_map_setting`.`map_center_y`, `hq_map_setting`.`map_khung_width`, `hq_map_setting`.`map_khung_height`, `hq_map_setting`.`map_max_id` FROM `hq_map_setting` WHERE `hq_map_setting`.`map_id` = 1 LIMIT :APL0
[Wed, 16 Dec 15 02:30:58 +0000][INFO] SELECT IF(COUNT(*) > 0, 1, 0) FROM `INFORMATION_SCHEMA`.`TABLES` WHERE `TABLE_NAME` = 'hq_map_setting' AND `TABLE_SCHEMA` = DATABASE()
[Wed, 16 Dec 15 02:30:58 +0000][INFO] DESCRIBE `hq_map_setting`
[Wed, 16 Dec 15 02:30:58 +0000][INFO] SELECT IF(COUNT(*) > 0, 1, 0) FROM `INFORMATION_SCHEMA`.`TABLES` WHERE `TABLE_NAME` = 'hq_object' AND `TABLE_SCHEMA` = DATABASE()
[Wed, 16 Dec 15 02:30:58 +0000][INFO] DESCRIBE `hq_object`
[Wed, 16 Dec 15 02:30:58 +0000][INFO] SELECT IF(COUNT(*) > 0, 1, 0) FROM `INFORMATION_SCHEMA`.`TABLES` WHERE `TABLE_NAME` = 'hq_map_setting' AND `TABLE_SCHEMA` = DATABASE()
[Wed, 16 Dec 15 02:30:58 +0000][INFO] DESCRIBE `hq_map_setting`
[Wed, 16 Dec 15 02:30:58 +0000][INFO] SELECT IF(COUNT(*) > 0, 1, 0) FROM `INFORMATION_SCHEMA`.`TABLES` WHERE `TABLE_NAME` = 'hq_map_setting' AND `TABLE_SCHEMA` = DATABASE()
[Wed, 16 Dec 15 02:30:58 +0000][INFO] DESCRIBE `hq_map_setting`
[Wed, 16 Dec 15 02:30:58 +0000][INFO] SELECT `hq_map_setting`.`map_id`, `hq_map_setting`.`map_width`, `hq_map_setting`.`map_height`, `hq_map_setting`.`map_center_x`, `hq_map_setting`.`map_center_y`, `hq_map_setting`.`map_khung_width`, `hq_map_setting`.`map_khung_height`, `hq_map_setting`.`map_max_id` FROM `hq_map_setting` WHERE `hq_map_setting`.`map_id` = 1 LIMIT :APL0
[Wed, 16 Dec 15 02:30:58 +0000][INFO] SELECT IF(COUNT(*) > 0, 1, 0) FROM `INFORMATION_SCHEMA`.`TABLES` WHERE `TABLE_NAME` = 'hq_object' AND `TABLE_SCHEMA` = DATABASE()
[Wed, 16 Dec 15 02:30:58 +0000][INFO] DESCRIBE `hq_object`
[Wed, 16 Dec 15 02:30:58 +0000][INFO] SELECT IF(COUNT(*) > 0, 1, 0) FROM `INFORMATION_SCHEMA`.`TABLES` WHERE `TABLE_NAME` = 'hq_object' AND `TABLE_SCHEMA` = DATABASE()
[Wed, 16 Dec 15 02:30:58 +0000][INFO] DESCRIBE `hq_object`
[Wed, 16 Dec 15 02:30:58 +0000][INFO] SELECT `hq_object`.`ob_id`, `hq_object`.`bd_id`, `hq_object`.`u_id`, `hq_object`.`ob_name`, `hq_object`.`ob_description`, `hq_object`.`ob_css_id`, `hq_object`.`ob_css_class`, `hq_object`.`ob_position_x`, `hq_object`.`ob_position_y`, `hq_object`.`ob_width`, `hq_object`.`ob_height`, `hq_object`.`ob_zindex`, `hq_object`.`ca_id`, `hq_object`.`ob_create_date`, `hq_object`.`ob_edit_date` FROM `hq_object`
