[Wed, 30 Dec 15 17:28:16 +0000][INFO] SELECT IF(COUNT(*) > 0, 1, 0) FROM `INFORMATION_SCHEMA`.`TABLES` WHERE `TABLE_NAME` = 'hq_admin_role' AND `TABLE_SCHEMA` = DATABASE()
[Wed, 30 Dec 15 17:28:16 +0000][INFO] DESCRIBE `hq_admin_role`
[Wed, 30 Dec 15 17:28:16 +0000][INFO] SELECT IF(COUNT(*) > 0, 1, 0) FROM `INFORMATION_SCHEMA`.`TABLES` WHERE `TABLE_NAME` = 'hq_admin_role' AND `TABLE_SCHEMA` = DATABASE()
[Wed, 30 Dec 15 17:28:16 +0000][INFO] DESCRIBE `hq_admin_role`
[Wed, 30 Dec 15 17:28:16 +0000][INFO] SELECT IF(COUNT(*) > 0, 1, 0) FROM `INFORMATION_SCHEMA`.`TABLES` WHERE `TABLE_NAME` = 'hq_admin_role' AND `TABLE_SCHEMA` = DATABASE()
[Wed, 30 Dec 15 17:28:16 +0000][INFO] DESCRIBE `hq_admin_role`
[Wed, 30 Dec 15 17:28:16 +0000][INFO] SELECT `hq_admin_role`.`role_name` AS `role_name`, `hq_admin_role`.`role_ar_user` AS `role_ar_user` FROM `hq_admin_role`
[Wed, 30 Dec 15 17:28:20 +0000][INFO] SELECT IF(COUNT(*) > 0, 1, 0) FROM `INFORMATION_SCHEMA`.`TABLES` WHERE `TABLE_NAME` = 'hq_user_admin' AND `TABLE_SCHEMA` = DATABASE()
[Wed, 30 Dec 15 17:28:20 +0000][INFO] DESCRIBE `hq_user_admin`
[Wed, 30 Dec 15 17:28:20 +0000][INFO] SELECT IF(COUNT(*) > 0, 1, 0) FROM `INFORMATION_SCHEMA`.`TABLES` WHERE `TABLE_NAME` = 'hq_user_admin' AND `TABLE_SCHEMA` = DATABASE()
[Wed, 30 Dec 15 17:28:20 +0000][INFO] DESCRIBE `hq_user_admin`
[Wed, 30 Dec 15 17:28:20 +0000][INFO] SELECT IF(COUNT(*) > 0, 1, 0) FROM `INFORMATION_SCHEMA`.`TABLES` WHERE `TABLE_NAME` = 'hq_user_admin' AND `TABLE_SCHEMA` = DATABASE()
[Wed, 30 Dec 15 17:28:20 +0000][INFO] DESCRIBE `hq_user_admin`
[Wed, 30 Dec 15 17:28:20 +0000][INFO] SELECT `hq_user_admin`.`usa_id`, `hq_user_admin`.`usa_username`, `hq_user_admin`.`usa_email`, `hq_user_admin`.`usa_password`, `hq_user_admin`.`usa_last_login`, `hq_user_admin`.`usa_create_date` FROM `hq_user_admin` WHERE `hq_user_admin`.`usa_username` = :userEmail AND `hq_user_admin`.`usa_password` = :userPassword LIMIT :APL0
[Wed, 30 Dec 15 17:28:20 +0000][INFO] UPDATE `hq_user_admin` SET `usa_username` = ?, `usa_email` = ?, `usa_password` = ?, `usa_last_login` = ?, `usa_create_date` = ? WHERE `usa_id` = ?
[Wed, 30 Dec 15 17:28:22 +0000][INFO] SELECT IF(COUNT(*) > 0, 1, 0) FROM `INFORMATION_SCHEMA`.`TABLES` WHERE `TABLE_NAME` = 'hq_admin_role' AND `TABLE_SCHEMA` = DATABASE()
[Wed, 30 Dec 15 17:28:22 +0000][INFO] DESCRIBE `hq_admin_role`
[Wed, 30 Dec 15 17:28:22 +0000][INFO] SELECT IF(COUNT(*) > 0, 1, 0) FROM `INFORMATION_SCHEMA`.`TABLES` WHERE `TABLE_NAME` = 'hq_admin_role' AND `TABLE_SCHEMA` = DATABASE()
[Wed, 30 Dec 15 17:28:22 +0000][INFO] DESCRIBE `hq_admin_role`
[Wed, 30 Dec 15 17:28:22 +0000][INFO] SELECT IF(COUNT(*) > 0, 1, 0) FROM `INFORMATION_SCHEMA`.`TABLES` WHERE `TABLE_NAME` = 'hq_admin_role' AND `TABLE_SCHEMA` = DATABASE()
[Wed, 30 Dec 15 17:28:22 +0000][INFO] DESCRIBE `hq_admin_role`
[Wed, 30 Dec 15 17:28:22 +0000][INFO] SELECT `hq_admin_role`.`role_name` AS `role_name`, `hq_admin_role`.`role_ar_user` AS `role_ar_user` FROM `hq_admin_role`
[Wed, 30 Dec 15 17:28:27 +0000][INFO] SELECT IF(COUNT(*) > 0, 1, 0) FROM `INFORMATION_SCHEMA`.`TABLES` WHERE `TABLE_NAME` = 'hq_admin_role' AND `TABLE_SCHEMA` = DATABASE()
[Wed, 30 Dec 15 17:28:27 +0000][INFO] DESCRIBE `hq_admin_role`
[Wed, 30 Dec 15 17:28:27 +0000][INFO] SELECT IF(COUNT(*) > 0, 1, 0) FROM `INFORMATION_SCHEMA`.`TABLES` WHERE `TABLE_NAME` = 'hq_admin_role' AND `TABLE_SCHEMA` = DATABASE()
[Wed, 30 Dec 15 17:28:27 +0000][INFO] DESCRIBE `hq_admin_role`
[Wed, 30 Dec 15 17:28:27 +0000][INFO] SELECT IF(COUNT(*) > 0, 1, 0) FROM `INFORMATION_SCHEMA`.`TABLES` WHERE `TABLE_NAME` = 'hq_admin_role' AND `TABLE_SCHEMA` = DATABASE()
[Wed, 30 Dec 15 17:28:27 +0000][INFO] DESCRIBE `hq_admin_role`
[Wed, 30 Dec 15 17:28:27 +0000][INFO] SELECT `hq_admin_role`.`role_name` AS `role_name`, `hq_admin_role`.`role_ar_user` AS `role_ar_user` FROM `hq_admin_role`
[Wed, 30 Dec 15 17:28:27 +0000][INFO] SELECT IF(COUNT(*) > 0, 1, 0) FROM `INFORMATION_SCHEMA`.`TABLES` WHERE `TABLE_NAME` = 'hq_caterogy_event' AND `TABLE_SCHEMA` = DATABASE()
[Wed, 30 Dec 15 17:28:27 +0000][INFO] DESCRIBE `hq_caterogy_event`
[Wed, 30 Dec 15 17:28:27 +0000][INFO] SELECT IF(COUNT(*) > 0, 1, 0) FROM `INFORMATION_SCHEMA`.`TABLES` WHERE `TABLE_NAME` = 'hq_caterogy_event' AND `TABLE_SCHEMA` = DATABASE()
[Wed, 30 Dec 15 17:28:27 +0000][INFO] DESCRIBE `hq_caterogy_event`
[Wed, 30 Dec 15 17:28:27 +0000][INFO] SELECT IF(COUNT(*) > 0, 1, 0) FROM `INFORMATION_SCHEMA`.`TABLES` WHERE `TABLE_NAME` = 'hq_caterogy_event' AND `TABLE_SCHEMA` = DATABASE()
[Wed, 30 Dec 15 17:28:27 +0000][INFO] DESCRIBE `hq_caterogy_event`
[Wed, 30 Dec 15 17:28:27 +0000][INFO] SELECT `hq_caterogy_event`.`cte_id`, `hq_caterogy_event`.`cte_name`, `hq_caterogy_event`.`cte_class_css`, `hq_caterogy_event`.`cte_desription` FROM `hq_caterogy_event` ORDER BY `hq_caterogy_event`.`cte_id` DESC
