[Wed, 16 Mar 16 16:52:43 +0000][INFO] SELECT IF(COUNT(*) > 0, 1, 0) FROM `INFORMATION_SCHEMA`.`TABLES` WHERE `TABLE_NAME` = 'hq_admin_role' AND `TABLE_SCHEMA` = DATABASE()
[Wed, 16 Mar 16 16:52:43 +0000][INFO] DESCRIBE `hq_admin_role`
[Wed, 16 Mar 16 16:52:43 +0000][INFO] SELECT IF(COUNT(*) > 0, 1, 0) FROM `INFORMATION_SCHEMA`.`TABLES` WHERE `TABLE_NAME` = 'hq_admin_role' AND `TABLE_SCHEMA` = DATABASE()
[Wed, 16 Mar 16 16:52:43 +0000][INFO] DESCRIBE `hq_admin_role`
[Wed, 16 Mar 16 16:52:43 +0000][INFO] SELECT IF(COUNT(*) > 0, 1, 0) FROM `INFORMATION_SCHEMA`.`TABLES` WHERE `TABLE_NAME` = 'hq_admin_role' AND `TABLE_SCHEMA` = DATABASE()
[Wed, 16 Mar 16 16:52:43 +0000][INFO] DESCRIBE `hq_admin_role`
[Wed, 16 Mar 16 16:52:43 +0000][INFO] SELECT `hq_admin_role`.`role_name` AS `role_name`, `hq_admin_role`.`role_ar_user` AS `role_ar_user` FROM `hq_admin_role`
[Wed, 16 Mar 16 16:52:50 +0000][INFO] SELECT IF(COUNT(*) > 0, 1, 0) FROM `INFORMATION_SCHEMA`.`TABLES` WHERE `TABLE_NAME` = 'hq_admin_role' AND `TABLE_SCHEMA` = DATABASE()
[Wed, 16 Mar 16 16:52:50 +0000][INFO] DESCRIBE `hq_admin_role`
[Wed, 16 Mar 16 16:52:50 +0000][INFO] SELECT IF(COUNT(*) > 0, 1, 0) FROM `INFORMATION_SCHEMA`.`TABLES` WHERE `TABLE_NAME` = 'hq_admin_role' AND `TABLE_SCHEMA` = DATABASE()
[Wed, 16 Mar 16 16:52:50 +0000][INFO] DESCRIBE `hq_admin_role`
[Wed, 16 Mar 16 16:52:50 +0000][INFO] SELECT IF(COUNT(*) > 0, 1, 0) FROM `INFORMATION_SCHEMA`.`TABLES` WHERE `TABLE_NAME` = 'hq_admin_role' AND `TABLE_SCHEMA` = DATABASE()
[Wed, 16 Mar 16 16:52:50 +0000][INFO] DESCRIBE `hq_admin_role`
[Wed, 16 Mar 16 16:52:50 +0000][INFO] SELECT `hq_admin_role`.`role_name` AS `role_name`, `hq_admin_role`.`role_ar_user` AS `role_ar_user` FROM `hq_admin_role`
[Wed, 16 Mar 16 16:52:50 +0000][INFO] SELECT IF(COUNT(*) > 0, 1, 0) FROM `INFORMATION_SCHEMA`.`TABLES` WHERE `TABLE_NAME` = 'hq_user_admin' AND `TABLE_SCHEMA` = DATABASE()
[Wed, 16 Mar 16 16:52:50 +0000][INFO] DESCRIBE `hq_user_admin`
[Wed, 16 Mar 16 16:52:50 +0000][INFO] SELECT IF(COUNT(*) > 0, 1, 0) FROM `INFORMATION_SCHEMA`.`TABLES` WHERE `TABLE_NAME` = 'hq_user_admin' AND `TABLE_SCHEMA` = DATABASE()
[Wed, 16 Mar 16 16:52:50 +0000][INFO] DESCRIBE `hq_user_admin`
[Wed, 16 Mar 16 16:52:50 +0000][INFO] SELECT IF(COUNT(*) > 0, 1, 0) FROM `INFORMATION_SCHEMA`.`TABLES` WHERE `TABLE_NAME` = 'hq_user_admin' AND `TABLE_SCHEMA` = DATABASE()
[Wed, 16 Mar 16 16:52:50 +0000][INFO] DESCRIBE `hq_user_admin`
[Wed, 16 Mar 16 16:52:50 +0000][INFO] SELECT `hq_user_admin`.`usa_id`, `hq_user_admin`.`usa_username`, `hq_user_admin`.`usa_email`, `hq_user_admin`.`usa_password`, `hq_user_admin`.`usa_last_login`, `hq_user_admin`.`usa_create_date` FROM `hq_user_admin` WHERE `hq_user_admin`.`usa_username` = :userEmail AND `hq_user_admin`.`usa_password` = :userPassword LIMIT :APL0
[Wed, 16 Mar 16 16:52:50 +0000][INFO] UPDATE `hq_user_admin` SET `usa_username` = ?, `usa_email` = ?, `usa_password` = ?, `usa_last_login` = ?, `usa_create_date` = ? WHERE `usa_id` = ?
[Wed, 16 Mar 16 16:52:50 +0000][INFO] SELECT IF(COUNT(*) > 0, 1, 0) FROM `INFORMATION_SCHEMA`.`TABLES` WHERE `TABLE_NAME` = 'hq_admin_role' AND `TABLE_SCHEMA` = DATABASE()
[Wed, 16 Mar 16 16:52:50 +0000][INFO] DESCRIBE `hq_admin_role`
[Wed, 16 Mar 16 16:52:50 +0000][INFO] SELECT IF(COUNT(*) > 0, 1, 0) FROM `INFORMATION_SCHEMA`.`TABLES` WHERE `TABLE_NAME` = 'hq_admin_role' AND `TABLE_SCHEMA` = DATABASE()
[Wed, 16 Mar 16 16:52:50 +0000][INFO] DESCRIBE `hq_admin_role`
[Wed, 16 Mar 16 16:52:50 +0000][INFO] SELECT IF(COUNT(*) > 0, 1, 0) FROM `INFORMATION_SCHEMA`.`TABLES` WHERE `TABLE_NAME` = 'hq_admin_role' AND `TABLE_SCHEMA` = DATABASE()
[Wed, 16 Mar 16 16:52:50 +0000][INFO] DESCRIBE `hq_admin_role`
[Wed, 16 Mar 16 16:52:50 +0000][INFO] SELECT `hq_admin_role`.`role_name` AS `role_name`, `hq_admin_role`.`role_ar_user` AS `role_ar_user` FROM `hq_admin_role`
[Wed, 16 Mar 16 16:52:50 +0000][INFO] SELECT IF(COUNT(*) > 0, 1, 0) FROM `INFORMATION_SCHEMA`.`TABLES` WHERE `TABLE_NAME` = 'hq_user_admin' AND `TABLE_SCHEMA` = DATABASE()
[Wed, 16 Mar 16 16:52:50 +0000][INFO] DESCRIBE `hq_user_admin`
[Wed, 16 Mar 16 16:52:50 +0000][INFO] SELECT IF(COUNT(*) > 0, 1, 0) FROM `INFORMATION_SCHEMA`.`TABLES` WHERE `TABLE_NAME` = 'hq_user_admin' AND `TABLE_SCHEMA` = DATABASE()
[Wed, 16 Mar 16 16:52:50 +0000][INFO] DESCRIBE `hq_user_admin`
[Wed, 16 Mar 16 16:52:50 +0000][INFO] SELECT IF(COUNT(*) > 0, 1, 0) FROM `INFORMATION_SCHEMA`.`TABLES` WHERE `TABLE_NAME` = 'hq_user_admin' AND `TABLE_SCHEMA` = DATABASE()
[Wed, 16 Mar 16 16:52:50 +0000][INFO] DESCRIBE `hq_user_admin`
[Wed, 16 Mar 16 16:52:50 +0000][INFO] SELECT `hq_user_admin`.`usa_id`, `hq_user_admin`.`usa_username`, `hq_user_admin`.`usa_email`, `hq_user_admin`.`usa_password`, `hq_user_admin`.`usa_last_login`, `hq_user_admin`.`usa_create_date` FROM `hq_user_admin` WHERE `hq_user_admin`.`usa_username` = :userEmail AND `hq_user_admin`.`usa_password` = :userPassword LIMIT :APL0
[Wed, 16 Mar 16 16:52:50 +0000][INFO] UPDATE `hq_user_admin` SET `usa_username` = ?, `usa_email` = ?, `usa_password` = ?, `usa_last_login` = ?, `usa_create_date` = ? WHERE `usa_id` = ?
[Wed, 16 Mar 16 16:52:52 +0000][INFO] SELECT IF(COUNT(*) > 0, 1, 0) FROM `INFORMATION_SCHEMA`.`TABLES` WHERE `TABLE_NAME` = 'hq_admin_role' AND `TABLE_SCHEMA` = DATABASE()
[Wed, 16 Mar 16 16:52:52 +0000][INFO] DESCRIBE `hq_admin_role`
[Wed, 16 Mar 16 16:52:52 +0000][INFO] SELECT IF(COUNT(*) > 0, 1, 0) FROM `INFORMATION_SCHEMA`.`TABLES` WHERE `TABLE_NAME` = 'hq_admin_role' AND `TABLE_SCHEMA` = DATABASE()
[Wed, 16 Mar 16 16:52:52 +0000][INFO] DESCRIBE `hq_admin_role`
[Wed, 16 Mar 16 16:52:52 +0000][INFO] SELECT IF(COUNT(*) > 0, 1, 0) FROM `INFORMATION_SCHEMA`.`TABLES` WHERE `TABLE_NAME` = 'hq_admin_role' AND `TABLE_SCHEMA` = DATABASE()
[Wed, 16 Mar 16 16:52:52 +0000][INFO] DESCRIBE `hq_admin_role`
[Wed, 16 Mar 16 16:52:52 +0000][INFO] SELECT `hq_admin_role`.`role_name` AS `role_name`, `hq_admin_role`.`role_ar_user` AS `role_ar_user` FROM `hq_admin_role`
[Wed, 16 Mar 16 16:52:52 +0000][INFO] SELECT IF(COUNT(*) > 0, 1, 0) FROM `INFORMATION_SCHEMA`.`TABLES` WHERE `TABLE_NAME` = 'hq_admin_role' AND `TABLE_SCHEMA` = DATABASE()
[Wed, 16 Mar 16 16:52:52 +0000][INFO] DESCRIBE `hq_admin_role`
[Wed, 16 Mar 16 16:52:52 +0000][INFO] SELECT IF(COUNT(*) > 0, 1, 0) FROM `INFORMATION_SCHEMA`.`TABLES` WHERE `TABLE_NAME` = 'hq_admin_role' AND `TABLE_SCHEMA` = DATABASE()
[Wed, 16 Mar 16 16:52:52 +0000][INFO] DESCRIBE `hq_admin_role`
[Wed, 16 Mar 16 16:52:52 +0000][INFO] SELECT IF(COUNT(*) > 0, 1, 0) FROM `INFORMATION_SCHEMA`.`TABLES` WHERE `TABLE_NAME` = 'hq_admin_role' AND `TABLE_SCHEMA` = DATABASE()
[Wed, 16 Mar 16 16:52:52 +0000][INFO] DESCRIBE `hq_admin_role`
[Wed, 16 Mar 16 16:52:52 +0000][INFO] SELECT `hq_admin_role`.`role_name` AS `role_name`, `hq_admin_role`.`role_ar_user` AS `role_ar_user` FROM `hq_admin_role`
[Wed, 16 Mar 16 16:52:57 +0000][INFO] SELECT IF(COUNT(*) > 0, 1, 0) FROM `INFORMATION_SCHEMA`.`TABLES` WHERE `TABLE_NAME` = 'hq_admin_role' AND `TABLE_SCHEMA` = DATABASE()
[Wed, 16 Mar 16 16:52:57 +0000][INFO] DESCRIBE `hq_admin_role`
[Wed, 16 Mar 16 16:52:57 +0000][INFO] SELECT IF(COUNT(*) > 0, 1, 0) FROM `INFORMATION_SCHEMA`.`TABLES` WHERE `TABLE_NAME` = 'hq_admin_role' AND `TABLE_SCHEMA` = DATABASE()
[Wed, 16 Mar 16 16:52:57 +0000][INFO] DESCRIBE `hq_admin_role`
[Wed, 16 Mar 16 16:52:57 +0000][INFO] SELECT IF(COUNT(*) > 0, 1, 0) FROM `INFORMATION_SCHEMA`.`TABLES` WHERE `TABLE_NAME` = 'hq_admin_role' AND `TABLE_SCHEMA` = DATABASE()
[Wed, 16 Mar 16 16:52:57 +0000][INFO] DESCRIBE `hq_admin_role`
[Wed, 16 Mar 16 16:52:57 +0000][INFO] SELECT `hq_admin_role`.`role_name` AS `role_name`, `hq_admin_role`.`role_ar_user` AS `role_ar_user` FROM `hq_admin_role`
[Wed, 16 Mar 16 16:53:26 +0000][INFO] SELECT IF(COUNT(*) > 0, 1, 0) FROM `INFORMATION_SCHEMA`.`TABLES` WHERE `TABLE_NAME` = 'hq_admin_role' AND `TABLE_SCHEMA` = DATABASE()
[Wed, 16 Mar 16 16:53:26 +0000][INFO] DESCRIBE `hq_admin_role`
[Wed, 16 Mar 16 16:53:26 +0000][INFO] SELECT IF(COUNT(*) > 0, 1, 0) FROM `INFORMATION_SCHEMA`.`TABLES` WHERE `TABLE_NAME` = 'hq_admin_role' AND `TABLE_SCHEMA` = DATABASE()
[Wed, 16 Mar 16 16:53:26 +0000][INFO] DESCRIBE `hq_admin_role`
[Wed, 16 Mar 16 16:53:26 +0000][INFO] SELECT IF(COUNT(*) > 0, 1, 0) FROM `INFORMATION_SCHEMA`.`TABLES` WHERE `TABLE_NAME` = 'hq_admin_role' AND `TABLE_SCHEMA` = DATABASE()
[Wed, 16 Mar 16 16:53:26 +0000][INFO] DESCRIBE `hq_admin_role`
[Wed, 16 Mar 16 16:53:26 +0000][INFO] SELECT `hq_admin_role`.`role_name` AS `role_name`, `hq_admin_role`.`role_ar_user` AS `role_ar_user` FROM `hq_admin_role`
[Wed, 16 Mar 16 16:53:44 +0000][INFO] SELECT IF(COUNT(*) > 0, 1, 0) FROM `INFORMATION_SCHEMA`.`TABLES` WHERE `TABLE_NAME` = 'hq_admin_role' AND `TABLE_SCHEMA` = DATABASE()
[Wed, 16 Mar 16 16:53:44 +0000][INFO] DESCRIBE `hq_admin_role`
[Wed, 16 Mar 16 16:53:44 +0000][INFO] SELECT IF(COUNT(*) > 0, 1, 0) FROM `INFORMATION_SCHEMA`.`TABLES` WHERE `TABLE_NAME` = 'hq_admin_role' AND `TABLE_SCHEMA` = DATABASE()
[Wed, 16 Mar 16 16:53:44 +0000][INFO] DESCRIBE `hq_admin_role`
[Wed, 16 Mar 16 16:53:44 +0000][INFO] SELECT IF(COUNT(*) > 0, 1, 0) FROM `INFORMATION_SCHEMA`.`TABLES` WHERE `TABLE_NAME` = 'hq_admin_role' AND `TABLE_SCHEMA` = DATABASE()
[Wed, 16 Mar 16 16:53:44 +0000][INFO] DESCRIBE `hq_admin_role`
[Wed, 16 Mar 16 16:53:44 +0000][INFO] SELECT `hq_admin_role`.`role_name` AS `role_name`, `hq_admin_role`.`role_ar_user` AS `role_ar_user` FROM `hq_admin_role`
[Wed, 16 Mar 16 16:53:44 +0000][INFO] SELECT IF(COUNT(*) > 0, 1, 0) FROM `INFORMATION_SCHEMA`.`TABLES` WHERE `TABLE_NAME` = 'hq_order_status' AND `TABLE_SCHEMA` = DATABASE()
[Wed, 16 Mar 16 16:53:44 +0000][INFO] DESCRIBE `hq_order_status`
[Wed, 16 Mar 16 16:53:44 +0000][INFO] SELECT IF(COUNT(*) > 0, 1, 0) FROM `INFORMATION_SCHEMA`.`TABLES` WHERE `TABLE_NAME` = 'hq_order' AND `TABLE_SCHEMA` = DATABASE()
[Wed, 16 Mar 16 16:53:44 +0000][INFO] DESCRIBE `hq_order`
[Wed, 16 Mar 16 16:53:44 +0000][INFO] SELECT IF(COUNT(*) > 0, 1, 0) FROM `INFORMATION_SCHEMA`.`TABLES` WHERE `TABLE_NAME` = 'hq_zone_province' AND `TABLE_SCHEMA` = DATABASE()
[Wed, 16 Mar 16 16:53:44 +0000][INFO] DESCRIBE `hq_zone_province`
[Wed, 16 Mar 16 16:53:44 +0000][INFO] SELECT IF(COUNT(*) > 0, 1, 0) FROM `INFORMATION_SCHEMA`.`TABLES` WHERE `TABLE_NAME` = 'hq_zone_province' AND `TABLE_SCHEMA` = DATABASE()
[Wed, 16 Mar 16 16:53:44 +0000][INFO] DESCRIBE `hq_zone_province`
[Wed, 16 Mar 16 16:53:44 +0000][INFO] SELECT IF(COUNT(*) > 0, 1, 0) FROM `INFORMATION_SCHEMA`.`TABLES` WHERE `TABLE_NAME` = 'hq_zone_province' AND `TABLE_SCHEMA` = DATABASE()
[Wed, 16 Mar 16 16:53:44 +0000][INFO] DESCRIBE `hq_zone_province`
[Wed, 16 Mar 16 16:53:44 +0000][INFO] SELECT `hq_zone_province`.`zp_id`, `hq_zone_province`.`zp_name`, `hq_zone_province`.`zp_type` FROM `hq_zone_province`
[Wed, 16 Mar 16 16:53:44 +0000][INFO] SELECT IF(COUNT(*) > 0, 1, 0) FROM `INFORMATION_SCHEMA`.`TABLES` WHERE `TABLE_NAME` = 'hq_order' AND `TABLE_SCHEMA` = DATABASE()
[Wed, 16 Mar 16 16:53:44 +0000][INFO] DESCRIBE `hq_order`
[Wed, 16 Mar 16 16:53:44 +0000][INFO] SELECT IF(COUNT(*) > 0, 1, 0) FROM `INFORMATION_SCHEMA`.`TABLES` WHERE `TABLE_NAME` = 'hq_order' AND `TABLE_SCHEMA` = DATABASE()
[Wed, 16 Mar 16 16:53:44 +0000][INFO] DESCRIBE `hq_order`
[Wed, 16 Mar 16 16:53:44 +0000][INFO] SELECT `hq_order`.`or_id`, `hq_order`.`or_public_id`, `hq_order`.`us_id`, `hq_order`.`or_user_name`, `hq_order`.`or_email`, `hq_order`.`or_phone`, `hq_order`.`or_address`, `hq_order`.`or_total`, `hq_order`.`os_id`, `hq_order`.`or_edit_date`, `hq_order`.`or_create_date` FROM `hq_order` WHERE `hq_order`.`os_id` = 7
[Wed, 16 Mar 16 16:53:44 +0000][INFO] SELECT IF(COUNT(*) > 0, 1, 0) FROM `INFORMATION_SCHEMA`.`TABLES` WHERE `TABLE_NAME` = 'hq_order_status' AND `TABLE_SCHEMA` = DATABASE()
[Wed, 16 Mar 16 16:53:44 +0000][INFO] DESCRIBE `hq_order_status`
[Wed, 16 Mar 16 16:53:44 +0000][INFO] SELECT IF(COUNT(*) > 0, 1, 0) FROM `INFORMATION_SCHEMA`.`TABLES` WHERE `TABLE_NAME` = 'hq_order_status' AND `TABLE_SCHEMA` = DATABASE()
[Wed, 16 Mar 16 16:53:44 +0000][INFO] DESCRIBE `hq_order_status`
[Wed, 16 Mar 16 16:53:44 +0000][INFO] SELECT `hq_order_status`.`os_id`, `hq_order_status`.`os_name`, `hq_order_status`.`os_description` FROM `hq_order_status`
[Wed, 16 Mar 16 16:54:03 +0000][INFO] SELECT IF(COUNT(*) > 0, 1, 0) FROM `INFORMATION_SCHEMA`.`TABLES` WHERE `TABLE_NAME` = 'hq_admin_role' AND `TABLE_SCHEMA` = DATABASE()
[Wed, 16 Mar 16 16:54:03 +0000][INFO] DESCRIBE `hq_admin_role`
[Wed, 16 Mar 16 16:54:03 +0000][INFO] SELECT IF(COUNT(*) > 0, 1, 0) FROM `INFORMATION_SCHEMA`.`TABLES` WHERE `TABLE_NAME` = 'hq_admin_role' AND `TABLE_SCHEMA` = DATABASE()
[Wed, 16 Mar 16 16:54:03 +0000][INFO] DESCRIBE `hq_admin_role`
[Wed, 16 Mar 16 16:54:03 +0000][INFO] SELECT IF(COUNT(*) > 0, 1, 0) FROM `INFORMATION_SCHEMA`.`TABLES` WHERE `TABLE_NAME` = 'hq_admin_role' AND `TABLE_SCHEMA` = DATABASE()
[Wed, 16 Mar 16 16:54:03 +0000][INFO] DESCRIBE `hq_admin_role`
[Wed, 16 Mar 16 16:54:03 +0000][INFO] SELECT `hq_admin_role`.`role_name` AS `role_name`, `hq_admin_role`.`role_ar_user` AS `role_ar_user` FROM `hq_admin_role`
[Wed, 16 Mar 16 16:54:03 +0000][INFO] SELECT IF(COUNT(*) > 0, 1, 0) FROM `INFORMATION_SCHEMA`.`TABLES` WHERE `TABLE_NAME` = 'hq_order_status' AND `TABLE_SCHEMA` = DATABASE()
[Wed, 16 Mar 16 16:54:03 +0000][INFO] DESCRIBE `hq_order_status`
[Wed, 16 Mar 16 16:54:03 +0000][INFO] SELECT IF(COUNT(*) > 0, 1, 0) FROM `INFORMATION_SCHEMA`.`TABLES` WHERE `TABLE_NAME` = 'hq_order' AND `TABLE_SCHEMA` = DATABASE()
[Wed, 16 Mar 16 16:54:03 +0000][INFO] DESCRIBE `hq_order`
[Wed, 16 Mar 16 16:54:03 +0000][INFO] SELECT IF(COUNT(*) > 0, 1, 0) FROM `INFORMATION_SCHEMA`.`TABLES` WHERE `TABLE_NAME` = 'hq_zone_province' AND `TABLE_SCHEMA` = DATABASE()
[Wed, 16 Mar 16 16:54:03 +0000][INFO] DESCRIBE `hq_zone_province`
[Wed, 16 Mar 16 16:54:03 +0000][INFO] SELECT IF(COUNT(*) > 0, 1, 0) FROM `INFORMATION_SCHEMA`.`TABLES` WHERE `TABLE_NAME` = 'hq_zone_province' AND `TABLE_SCHEMA` = DATABASE()
[Wed, 16 Mar 16 16:54:03 +0000][INFO] DESCRIBE `hq_zone_province`
[Wed, 16 Mar 16 16:54:03 +0000][INFO] SELECT IF(COUNT(*) > 0, 1, 0) FROM `INFORMATION_SCHEMA`.`TABLES` WHERE `TABLE_NAME` = 'hq_zone_province' AND `TABLE_SCHEMA` = DATABASE()
[Wed, 16 Mar 16 16:54:03 +0000][INFO] DESCRIBE `hq_zone_province`
[Wed, 16 Mar 16 16:54:03 +0000][INFO] SELECT `hq_zone_province`.`zp_id`, `hq_zone_province`.`zp_name`, `hq_zone_province`.`zp_type` FROM `hq_zone_province`
[Wed, 16 Mar 16 16:54:03 +0000][INFO] SELECT IF(COUNT(*) > 0, 1, 0) FROM `INFORMATION_SCHEMA`.`TABLES` WHERE `TABLE_NAME` = 'hq_order' AND `TABLE_SCHEMA` = DATABASE()
[Wed, 16 Mar 16 16:54:03 +0000][INFO] DESCRIBE `hq_order`
[Wed, 16 Mar 16 16:54:03 +0000][INFO] SELECT IF(COUNT(*) > 0, 1, 0) FROM `INFORMATION_SCHEMA`.`TABLES` WHERE `TABLE_NAME` = 'hq_order' AND `TABLE_SCHEMA` = DATABASE()
[Wed, 16 Mar 16 16:54:03 +0000][INFO] DESCRIBE `hq_order`
[Wed, 16 Mar 16 16:54:03 +0000][INFO] SELECT `hq_order`.`or_id`, `hq_order`.`or_public_id`, `hq_order`.`us_id`, `hq_order`.`or_user_name`, `hq_order`.`or_email`, `hq_order`.`or_phone`, `hq_order`.`or_address`, `hq_order`.`or_total`, `hq_order`.`os_id`, `hq_order`.`or_edit_date`, `hq_order`.`or_create_date` FROM `hq_order` WHERE `hq_order`.`os_id` = 7
[Wed, 16 Mar 16 16:54:03 +0000][INFO] SELECT IF(COUNT(*) > 0, 1, 0) FROM `INFORMATION_SCHEMA`.`TABLES` WHERE `TABLE_NAME` = 'hq_order_status' AND `TABLE_SCHEMA` = DATABASE()
[Wed, 16 Mar 16 16:54:03 +0000][INFO] DESCRIBE `hq_order_status`
[Wed, 16 Mar 16 16:54:03 +0000][INFO] SELECT IF(COUNT(*) > 0, 1, 0) FROM `INFORMATION_SCHEMA`.`TABLES` WHERE `TABLE_NAME` = 'hq_order_status' AND `TABLE_SCHEMA` = DATABASE()
[Wed, 16 Mar 16 16:54:03 +0000][INFO] DESCRIBE `hq_order_status`
[Wed, 16 Mar 16 16:54:03 +0000][INFO] SELECT `hq_order_status`.`os_id`, `hq_order_status`.`os_name`, `hq_order_status`.`os_description` FROM `hq_order_status`
[Wed, 16 Mar 16 16:54:22 +0000][INFO] SELECT IF(COUNT(*) > 0, 1, 0) FROM `INFORMATION_SCHEMA`.`TABLES` WHERE `TABLE_NAME` = 'hq_admin_role' AND `TABLE_SCHEMA` = DATABASE()
[Wed, 16 Mar 16 16:54:22 +0000][INFO] DESCRIBE `hq_admin_role`
[Wed, 16 Mar 16 16:54:22 +0000][INFO] SELECT IF(COUNT(*) > 0, 1, 0) FROM `INFORMATION_SCHEMA`.`TABLES` WHERE `TABLE_NAME` = 'hq_admin_role' AND `TABLE_SCHEMA` = DATABASE()
[Wed, 16 Mar 16 16:54:22 +0000][INFO] DESCRIBE `hq_admin_role`
[Wed, 16 Mar 16 16:54:22 +0000][INFO] SELECT IF(COUNT(*) > 0, 1, 0) FROM `INFORMATION_SCHEMA`.`TABLES` WHERE `TABLE_NAME` = 'hq_admin_role' AND `TABLE_SCHEMA` = DATABASE()
[Wed, 16 Mar 16 16:54:22 +0000][INFO] DESCRIBE `hq_admin_role`
[Wed, 16 Mar 16 16:54:22 +0000][INFO] SELECT `hq_admin_role`.`role_name` AS `role_name`, `hq_admin_role`.`role_ar_user` AS `role_ar_user` FROM `hq_admin_role`
[Wed, 16 Mar 16 16:54:22 +0000][INFO] SELECT IF(COUNT(*) > 0, 1, 0) FROM `INFORMATION_SCHEMA`.`TABLES` WHERE `TABLE_NAME` = 'hq_order_status' AND `TABLE_SCHEMA` = DATABASE()
[Wed, 16 Mar 16 16:54:22 +0000][INFO] DESCRIBE `hq_order_status`
[Wed, 16 Mar 16 16:54:22 +0000][INFO] SELECT IF(COUNT(*) > 0, 1, 0) FROM `INFORMATION_SCHEMA`.`TABLES` WHERE `TABLE_NAME` = 'hq_order' AND `TABLE_SCHEMA` = DATABASE()
[Wed, 16 Mar 16 16:54:22 +0000][INFO] DESCRIBE `hq_order`
[Wed, 16 Mar 16 16:54:22 +0000][INFO] SELECT IF(COUNT(*) > 0, 1, 0) FROM `INFORMATION_SCHEMA`.`TABLES` WHERE `TABLE_NAME` = 'hq_zone_province' AND `TABLE_SCHEMA` = DATABASE()
[Wed, 16 Mar 16 16:54:22 +0000][INFO] DESCRIBE `hq_zone_province`
[Wed, 16 Mar 16 16:54:22 +0000][INFO] SELECT IF(COUNT(*) > 0, 1, 0) FROM `INFORMATION_SCHEMA`.`TABLES` WHERE `TABLE_NAME` = 'hq_zone_province' AND `TABLE_SCHEMA` = DATABASE()
[Wed, 16 Mar 16 16:54:22 +0000][INFO] DESCRIBE `hq_zone_province`
[Wed, 16 Mar 16 16:54:22 +0000][INFO] SELECT IF(COUNT(*) > 0, 1, 0) FROM `INFORMATION_SCHEMA`.`TABLES` WHERE `TABLE_NAME` = 'hq_zone_province' AND `TABLE_SCHEMA` = DATABASE()
[Wed, 16 Mar 16 16:54:22 +0000][INFO] DESCRIBE `hq_zone_province`
[Wed, 16 Mar 16 16:54:22 +0000][INFO] SELECT `hq_zone_province`.`zp_id`, `hq_zone_province`.`zp_name`, `hq_zone_province`.`zp_type` FROM `hq_zone_province`
[Wed, 16 Mar 16 16:54:22 +0000][INFO] SELECT IF(COUNT(*) > 0, 1, 0) FROM `INFORMATION_SCHEMA`.`TABLES` WHERE `TABLE_NAME` = 'hq_order' AND `TABLE_SCHEMA` = DATABASE()
[Wed, 16 Mar 16 16:54:22 +0000][INFO] DESCRIBE `hq_order`
[Wed, 16 Mar 16 16:54:22 +0000][INFO] SELECT IF(COUNT(*) > 0, 1, 0) FROM `INFORMATION_SCHEMA`.`TABLES` WHERE `TABLE_NAME` = 'hq_order' AND `TABLE_SCHEMA` = DATABASE()
[Wed, 16 Mar 16 16:54:22 +0000][INFO] DESCRIBE `hq_order`
[Wed, 16 Mar 16 16:54:22 +0000][INFO] SELECT `hq_order`.`or_id`, `hq_order`.`or_public_id`, `hq_order`.`us_id`, `hq_order`.`or_user_name`, `hq_order`.`or_email`, `hq_order`.`or_phone`, `hq_order`.`or_address`, `hq_order`.`or_total`, `hq_order`.`os_id`, `hq_order`.`or_edit_date`, `hq_order`.`or_create_date` FROM `hq_order` WHERE `hq_order`.`os_id` = 7
[Wed, 16 Mar 16 16:54:22 +0000][INFO] SELECT IF(COUNT(*) > 0, 1, 0) FROM `INFORMATION_SCHEMA`.`TABLES` WHERE `TABLE_NAME` = 'hq_order_status' AND `TABLE_SCHEMA` = DATABASE()
[Wed, 16 Mar 16 16:54:22 +0000][INFO] DESCRIBE `hq_order_status`
[Wed, 16 Mar 16 16:54:22 +0000][INFO] SELECT IF(COUNT(*) > 0, 1, 0) FROM `INFORMATION_SCHEMA`.`TABLES` WHERE `TABLE_NAME` = 'hq_order_status' AND `TABLE_SCHEMA` = DATABASE()
[Wed, 16 Mar 16 16:54:22 +0000][INFO] DESCRIBE `hq_order_status`
[Wed, 16 Mar 16 16:54:22 +0000][INFO] SELECT `hq_order_status`.`os_id`, `hq_order_status`.`os_name`, `hq_order_status`.`os_description` FROM `hq_order_status`
[Wed, 16 Mar 16 16:56:39 +0000][INFO] SELECT IF(COUNT(*) > 0, 1, 0) FROM `INFORMATION_SCHEMA`.`TABLES` WHERE `TABLE_NAME` = 'hq_admin_role' AND `TABLE_SCHEMA` = DATABASE()
[Wed, 16 Mar 16 16:56:39 +0000][INFO] DESCRIBE `hq_admin_role`
[Wed, 16 Mar 16 16:56:39 +0000][INFO] SELECT IF(COUNT(*) > 0, 1, 0) FROM `INFORMATION_SCHEMA`.`TABLES` WHERE `TABLE_NAME` = 'hq_admin_role' AND `TABLE_SCHEMA` = DATABASE()
[Wed, 16 Mar 16 16:56:39 +0000][INFO] DESCRIBE `hq_admin_role`
[Wed, 16 Mar 16 16:56:39 +0000][INFO] SELECT IF(COUNT(*) > 0, 1, 0) FROM `INFORMATION_SCHEMA`.`TABLES` WHERE `TABLE_NAME` = 'hq_admin_role' AND `TABLE_SCHEMA` = DATABASE()
[Wed, 16 Mar 16 16:56:39 +0000][INFO] DESCRIBE `hq_admin_role`
[Wed, 16 Mar 16 16:56:39 +0000][INFO] SELECT `hq_admin_role`.`role_name` AS `role_name`, `hq_admin_role`.`role_ar_user` AS `role_ar_user` FROM `hq_admin_role`
[Wed, 16 Mar 16 16:56:39 +0000][INFO] SELECT IF(COUNT(*) > 0, 1, 0) FROM `INFORMATION_SCHEMA`.`TABLES` WHERE `TABLE_NAME` = 'hq_order_status' AND `TABLE_SCHEMA` = DATABASE()
[Wed, 16 Mar 16 16:56:39 +0000][INFO] DESCRIBE `hq_order_status`
[Wed, 16 Mar 16 16:56:39 +0000][INFO] SELECT IF(COUNT(*) > 0, 1, 0) FROM `INFORMATION_SCHEMA`.`TABLES` WHERE `TABLE_NAME` = 'hq_order' AND `TABLE_SCHEMA` = DATABASE()
[Wed, 16 Mar 16 16:56:39 +0000][INFO] DESCRIBE `hq_order`
[Wed, 16 Mar 16 16:56:39 +0000][INFO] SELECT IF(COUNT(*) > 0, 1, 0) FROM `INFORMATION_SCHEMA`.`TABLES` WHERE `TABLE_NAME` = 'hq_zone_province' AND `TABLE_SCHEMA` = DATABASE()
[Wed, 16 Mar 16 16:56:39 +0000][INFO] DESCRIBE `hq_zone_province`
[Wed, 16 Mar 16 16:56:39 +0000][INFO] SELECT IF(COUNT(*) > 0, 1, 0) FROM `INFORMATION_SCHEMA`.`TABLES` WHERE `TABLE_NAME` = 'hq_zone_province' AND `TABLE_SCHEMA` = DATABASE()
[Wed, 16 Mar 16 16:56:39 +0000][INFO] DESCRIBE `hq_zone_province`
[Wed, 16 Mar 16 16:56:39 +0000][INFO] SELECT IF(COUNT(*) > 0, 1, 0) FROM `INFORMATION_SCHEMA`.`TABLES` WHERE `TABLE_NAME` = 'hq_zone_province' AND `TABLE_SCHEMA` = DATABASE()
[Wed, 16 Mar 16 16:56:39 +0000][INFO] DESCRIBE `hq_zone_province`
[Wed, 16 Mar 16 16:56:39 +0000][INFO] SELECT `hq_zone_province`.`zp_id`, `hq_zone_province`.`zp_name`, `hq_zone_province`.`zp_type` FROM `hq_zone_province`
[Wed, 16 Mar 16 16:56:39 +0000][INFO] SELECT IF(COUNT(*) > 0, 1, 0) FROM `INFORMATION_SCHEMA`.`TABLES` WHERE `TABLE_NAME` = 'hq_order' AND `TABLE_SCHEMA` = DATABASE()
[Wed, 16 Mar 16 16:56:39 +0000][INFO] DESCRIBE `hq_order`
[Wed, 16 Mar 16 16:56:39 +0000][INFO] SELECT IF(COUNT(*) > 0, 1, 0) FROM `INFORMATION_SCHEMA`.`TABLES` WHERE `TABLE_NAME` = 'hq_order' AND `TABLE_SCHEMA` = DATABASE()
[Wed, 16 Mar 16 16:56:39 +0000][INFO] DESCRIBE `hq_order`
[Wed, 16 Mar 16 16:56:39 +0000][INFO] SELECT `hq_order`.`or_id`, `hq_order`.`or_public_id`, `hq_order`.`us_id`, `hq_order`.`or_name`, `hq_order`.`or_email`, `hq_order`.`or_phone`, `hq_order`.`or_address`, `hq_order`.`zp_id`, `hq_order`.`zd_id`, `hq_order`.`zw_id`, `hq_order`.`or_total`, `hq_order`.`os_id`, `hq_order`.`or_edit_date`, `hq_order`.`or_create_date` FROM `hq_order` WHERE `hq_order`.`os_id` = 7
[Wed, 16 Mar 16 16:56:39 +0000][INFO] SELECT IF(COUNT(*) > 0, 1, 0) FROM `INFORMATION_SCHEMA`.`TABLES` WHERE `TABLE_NAME` = 'hq_order_status' AND `TABLE_SCHEMA` = DATABASE()
[Wed, 16 Mar 16 16:56:39 +0000][INFO] DESCRIBE `hq_order_status`
[Wed, 16 Mar 16 16:56:39 +0000][INFO] SELECT IF(COUNT(*) > 0, 1, 0) FROM `INFORMATION_SCHEMA`.`TABLES` WHERE `TABLE_NAME` = 'hq_order_status' AND `TABLE_SCHEMA` = DATABASE()
[Wed, 16 Mar 16 16:56:39 +0000][INFO] DESCRIBE `hq_order_status`
[Wed, 16 Mar 16 16:56:39 +0000][INFO] SELECT `hq_order_status`.`os_id`, `hq_order_status`.`os_name`, `hq_order_status`.`os_description` FROM `hq_order_status`
[Wed, 16 Mar 16 16:56:39 +0000][INFO] SELECT IF(COUNT(*) > 0, 1, 0) FROM `INFORMATION_SCHEMA`.`TABLES` WHERE `TABLE_NAME` = 'hq_order_status' AND `TABLE_SCHEMA` = DATABASE()
[Wed, 16 Mar 16 16:56:39 +0000][INFO] DESCRIBE `hq_order_status`
[Wed, 16 Mar 16 16:56:39 +0000][INFO] SELECT IF(COUNT(*) > 0, 1, 0) FROM `INFORMATION_SCHEMA`.`TABLES` WHERE `TABLE_NAME` = 'hq_order_status' AND `TABLE_SCHEMA` = DATABASE()
[Wed, 16 Mar 16 16:56:39 +0000][INFO] DESCRIBE `hq_order_status`
[Wed, 16 Mar 16 16:56:39 +0000][INFO] SELECT `hq_order_status`.`os_id`, `hq_order_status`.`os_name`, `hq_order_status`.`os_description` FROM `hq_order_status` WHERE `hq_order_status`.`os_id` = :APR0 LIMIT :APL0
[Wed, 16 Mar 16 16:56:42 +0000][INFO] SELECT IF(COUNT(*) > 0, 1, 0) FROM `INFORMATION_SCHEMA`.`TABLES` WHERE `TABLE_NAME` = 'hq_admin_role' AND `TABLE_SCHEMA` = DATABASE()
[Wed, 16 Mar 16 16:56:42 +0000][INFO] DESCRIBE `hq_admin_role`
[Wed, 16 Mar 16 16:56:42 +0000][INFO] SELECT IF(COUNT(*) > 0, 1, 0) FROM `INFORMATION_SCHEMA`.`TABLES` WHERE `TABLE_NAME` = 'hq_admin_role' AND `TABLE_SCHEMA` = DATABASE()
[Wed, 16 Mar 16 16:56:42 +0000][INFO] DESCRIBE `hq_admin_role`
[Wed, 16 Mar 16 16:56:42 +0000][INFO] SELECT IF(COUNT(*) > 0, 1, 0) FROM `INFORMATION_SCHEMA`.`TABLES` WHERE `TABLE_NAME` = 'hq_admin_role' AND `TABLE_SCHEMA` = DATABASE()
[Wed, 16 Mar 16 16:56:42 +0000][INFO] DESCRIBE `hq_admin_role`
[Wed, 16 Mar 16 16:56:42 +0000][INFO] SELECT `hq_admin_role`.`role_name` AS `role_name`, `hq_admin_role`.`role_ar_user` AS `role_ar_user` FROM `hq_admin_role`
[Wed, 16 Mar 16 16:56:42 +0000][INFO] SELECT IF(COUNT(*) > 0, 1, 0) FROM `INFORMATION_SCHEMA`.`TABLES` WHERE `TABLE_NAME` = 'hq_order' AND `TABLE_SCHEMA` = DATABASE()
[Wed, 16 Mar 16 16:56:42 +0000][INFO] DESCRIBE `hq_order`
[Wed, 16 Mar 16 16:56:42 +0000][INFO] SELECT IF(COUNT(*) > 0, 1, 0) FROM `INFORMATION_SCHEMA`.`TABLES` WHERE `TABLE_NAME` = 'hq_order' AND `TABLE_SCHEMA` = DATABASE()
[Wed, 16 Mar 16 16:56:42 +0000][INFO] DESCRIBE `hq_order`
[Wed, 16 Mar 16 16:56:42 +0000][INFO] SELECT IF(COUNT(*) > 0, 1, 0) FROM `INFORMATION_SCHEMA`.`TABLES` WHERE `TABLE_NAME` = 'hq_order' AND `TABLE_SCHEMA` = DATABASE()
[Wed, 16 Mar 16 16:56:42 +0000][INFO] DESCRIBE `hq_order`
[Wed, 16 Mar 16 16:56:42 +0000][INFO] SELECT IF(COUNT(*) > 0, 1, 0) FROM `INFORMATION_SCHEMA`.`TABLES` WHERE `TABLE_NAME` = 'hq_order' AND `TABLE_SCHEMA` = DATABASE()
[Wed, 16 Mar 16 16:56:42 +0000][INFO] DESCRIBE `hq_order`
[Wed, 16 Mar 16 16:56:42 +0000][INFO] SELECT `hq_order`.`or_id`, `hq_order`.`or_public_id`, `hq_order`.`us_id`, `hq_order`.`or_name`, `hq_order`.`or_email`, `hq_order`.`or_phone`, `hq_order`.`or_address`, `hq_order`.`zp_id`, `hq_order`.`zd_id`, `hq_order`.`zw_id`, `hq_order`.`or_total`, `hq_order`.`os_id`, `hq_order`.`or_edit_date`, `hq_order`.`or_create_date` FROM `hq_order` WHERE `hq_order`.`or_id` = 1 LIMIT :APL0
