[Sat, 06 Feb 16 06:41:10 +0000][INFO] SELECT IF(COUNT(*) > 0, 1, 0) FROM `INFORMATION_SCHEMA`.`TABLES` WHERE `TABLE_NAME` = 'hq_member_vip' AND `TABLE_SCHEMA` = DATABASE()
[Sat, 06 Feb 16 06:41:10 +0000][INFO] DESCRIBE `hq_member_vip`
[Sat, 06 Feb 16 06:41:10 +0000][INFO] SELECT `hq_member_vip`.`mv_id`, `hq_member_vip`.`mv_name`, `hq_member_vip`.`mv_secret`, `hq_member_vip`.`mv_nickname`, `hq_member_vip`.`mv_last_login`, `hq_member_vip`.`mv_permission` FROM `hq_member_vip` WHERE `hq_member_vip`.`mv_name` = :username LIMIT :APL0
[Sat, 06 Feb 16 06:41:16 +0000][INFO] SELECT IF(COUNT(*) > 0, 1, 0) FROM `INFORMATION_SCHEMA`.`TABLES` WHERE `TABLE_NAME` = 'hq_content_group' AND `TABLE_SCHEMA` = DATABASE()
[Sat, 06 Feb 16 06:41:16 +0000][INFO] DESCRIBE `hq_content_group`
[Sat, 06 Feb 16 06:41:16 +0000][INFO] SELECT `hq_content_group`.`hcg_id`, `hq_content_group`.`hcg_key`, `hq_content_group`.`hcg_main`, `hq_content_group`.`hcg_created_date`, `hq_content_group`.`hcg_position` FROM `hq_content_group` WHERE `hq_content_group`.`hcg_position` = 1 ORDER BY `hq_content_group`.`hcg_id` DESC
[Sat, 06 Feb 16 06:41:16 +0000][INFO] SELECT `hq_content_group`.`hcg_id`, `hq_content_group`.`hcg_key`, `hq_content_group`.`hcg_main`, `hq_content_group`.`hcg_created_date`, `hq_content_group`.`hcg_position` FROM `hq_content_group` WHERE `hq_content_group`.`hcg_position` = 2 ORDER BY `hq_content_group`.`hcg_id` DESC
[Sat, 06 Feb 16 06:41:16 +0000][INFO] SELECT `hq_content_group`.`hcg_id`, `hq_content_group`.`hcg_key`, `hq_content_group`.`hcg_main`, `hq_content_group`.`hcg_created_date`, `hq_content_group`.`hcg_position` FROM `hq_content_group` WHERE `hq_content_group`.`hcg_position` = 3 ORDER BY `hq_content_group`.`hcg_id` DESC
[Sat, 06 Feb 16 06:41:19 +0000][INFO] SELECT IF(COUNT(*) > 0, 1, 0) FROM `INFORMATION_SCHEMA`.`TABLES` WHERE `TABLE_NAME` = 'hq_categories_group' AND `TABLE_SCHEMA` = DATABASE()
[Sat, 06 Feb 16 06:41:19 +0000][INFO] DESCRIBE `hq_categories_group`
[Sat, 06 Feb 16 06:41:19 +0000][INFO] SELECT `hq_categories_group`.`hcag_id`, `hq_categories_group`.`hcag_name`, `hq_categories_group`.`hcag_list_categories`, `hq_categories_group`.`hcag_created_date` FROM `hq_categories_group` ORDER BY `hq_categories_group`.`hcag_name` ASC
[Sat, 06 Feb 16 06:41:24 +0000][INFO] SELECT IF(COUNT(*) > 0, 1, 0) FROM `INFORMATION_SCHEMA`.`TABLES` WHERE `TABLE_NAME` = 'hq_categories_group' AND `TABLE_SCHEMA` = DATABASE()
[Sat, 06 Feb 16 06:41:24 +0000][INFO] DESCRIBE `hq_categories_group`
[Sat, 06 Feb 16 06:41:24 +0000][INFO] SELECT `hq_categories_group`.`hcag_id`, `hq_categories_group`.`hcag_name`, `hq_categories_group`.`hcag_list_categories`, `hq_categories_group`.`hcag_created_date` FROM `hq_categories_group` WHERE `hq_categories_group`.`hcag_id` = :id LIMIT :APL0
[Sat, 06 Feb 16 06:41:24 +0000][INFO] SELECT IF(COUNT(*) > 0, 1, 0) FROM `INFORMATION_SCHEMA`.`TABLES` WHERE `TABLE_NAME` = 'hq_website_categories' AND `TABLE_SCHEMA` = DATABASE()
[Sat, 06 Feb 16 06:41:24 +0000][INFO] DESCRIBE `hq_website_categories`
[Sat, 06 Feb 16 06:41:24 +0000][INFO] SELECT `hq_website_categories`.`hwc_id`, `hq_website_categories`.`hwc_parent`, `hq_website_categories`.`hwc_name`, `hq_website_categories`.`hwc_slug`, `hq_website_categories`.`hwc_description`, `hq_website_categories`.`hwc_old_des`, `hq_website_categories`.`hwc_website`, `hq_website_categories`.`hwc_status`, `hq_website_categories`.`hwc_created_date` FROM `hq_website_categories` WHERE `hq_website_categories`.`hwc_id` = :id LIMIT :APL0
[Sat, 06 Feb 16 06:41:24 +0000][INFO] SELECT IF(COUNT(*) > 0, 1, 0) FROM `INFORMATION_SCHEMA`.`TABLES` WHERE `TABLE_NAME` = 'hq_website' AND `TABLE_SCHEMA` = DATABASE()
[Sat, 06 Feb 16 06:41:24 +0000][INFO] DESCRIBE `hq_website`
[Sat, 06 Feb 16 06:41:24 +0000][INFO] SELECT `hq_website`.`hw_id`, `hq_website`.`hw_link`, `hq_website`.`hw_link_circle`, `hq_website`.`hw_created_date` FROM `hq_website` WHERE `hq_website`.`hw_id` = :id LIMIT :APL0
[Sat, 06 Feb 16 06:41:24 +0000][INFO] SELECT `hq_website_categories`.`hwc_id`, `hq_website_categories`.`hwc_parent`, `hq_website_categories`.`hwc_name`, `hq_website_categories`.`hwc_slug`, `hq_website_categories`.`hwc_description`, `hq_website_categories`.`hwc_old_des`, `hq_website_categories`.`hwc_website`, `hq_website_categories`.`hwc_status`, `hq_website_categories`.`hwc_created_date` FROM `hq_website_categories` WHERE `hq_website_categories`.`hwc_id` = :id LIMIT :APL0
[Sat, 06 Feb 16 06:41:24 +0000][INFO] SELECT `hq_website`.`hw_id`, `hq_website`.`hw_link`, `hq_website`.`hw_link_circle`, `hq_website`.`hw_created_date` FROM `hq_website` WHERE `hq_website`.`hw_id` = :id LIMIT :APL0
[Sat, 06 Feb 16 06:41:26 +0000][INFO] SELECT IF(COUNT(*) > 0, 1, 0) FROM `INFORMATION_SCHEMA`.`TABLES` WHERE `TABLE_NAME` = 'hq_website_categories' AND `TABLE_SCHEMA` = DATABASE()
[Sat, 06 Feb 16 06:41:26 +0000][INFO] DESCRIBE `hq_website_categories`
[Sat, 06 Feb 16 06:41:26 +0000][INFO] SELECT `hq_website_categories`.`hwc_id`, `hq_website_categories`.`hwc_parent`, `hq_website_categories`.`hwc_name`, `hq_website_categories`.`hwc_slug`, `hq_website_categories`.`hwc_description`, `hq_website_categories`.`hwc_old_des`, `hq_website_categories`.`hwc_website`, `hq_website_categories`.`hwc_status`, `hq_website_categories`.`hwc_created_date` FROM `hq_website_categories` WHERE `hq_website_categories`.`hwc_id` = :id LIMIT :APL0
[Sat, 06 Feb 16 06:41:26 +0000][INFO] SELECT IF(COUNT(*) > 0, 1, 0) FROM `INFORMATION_SCHEMA`.`TABLES` WHERE `TABLE_NAME` = 'hq_website' AND `TABLE_SCHEMA` = DATABASE()
[Sat, 06 Feb 16 06:41:26 +0000][INFO] DESCRIBE `hq_website`
[Sat, 06 Feb 16 06:41:26 +0000][INFO] SELECT `hq_website`.`hw_id`, `hq_website`.`hw_link`, `hq_website`.`hw_link_circle`, `hq_website`.`hw_created_date` FROM `hq_website` WHERE `hq_website`.`hw_id` = :id LIMIT :APL0
[Sat, 06 Feb 16 06:41:28 +0000][INFO] SELECT IF(COUNT(*) > 0, 1, 0) FROM `INFORMATION_SCHEMA`.`TABLES` WHERE `TABLE_NAME` = 'hq_website_categories' AND `TABLE_SCHEMA` = DATABASE()
[Sat, 06 Feb 16 06:41:28 +0000][INFO] DESCRIBE `hq_website_categories`
[Sat, 06 Feb 16 06:41:28 +0000][INFO] SELECT `hq_website_categories`.`hwc_id`, `hq_website_categories`.`hwc_parent`, `hq_website_categories`.`hwc_name`, `hq_website_categories`.`hwc_slug`, `hq_website_categories`.`hwc_description`, `hq_website_categories`.`hwc_old_des`, `hq_website_categories`.`hwc_website`, `hq_website_categories`.`hwc_status`, `hq_website_categories`.`hwc_created_date` FROM `hq_website_categories` WHERE `hq_website_categories`.`hwc_id` = :id LIMIT :APL0
[Sat, 06 Feb 16 06:41:28 +0000][INFO] SELECT IF(COUNT(*) > 0, 1, 0) FROM `INFORMATION_SCHEMA`.`TABLES` WHERE `TABLE_NAME` = 'hq_website' AND `TABLE_SCHEMA` = DATABASE()
[Sat, 06 Feb 16 06:41:28 +0000][INFO] DESCRIBE `hq_website`
[Sat, 06 Feb 16 06:41:28 +0000][INFO] SELECT `hq_website`.`hw_id`, `hq_website`.`hw_link`, `hq_website`.`hw_link_circle`, `hq_website`.`hw_created_date` FROM `hq_website` WHERE `hq_website`.`hw_id` = :id LIMIT :APL0
[Sat, 06 Feb 16 06:41:35 +0000][INFO] SELECT IF(COUNT(*) > 0, 1, 0) FROM `INFORMATION_SCHEMA`.`TABLES` WHERE `TABLE_NAME` = 'hq_website_categories' AND `TABLE_SCHEMA` = DATABASE()
[Sat, 06 Feb 16 06:41:35 +0000][INFO] DESCRIBE `hq_website_categories`
[Sat, 06 Feb 16 06:41:35 +0000][INFO] SELECT `hq_website_categories`.`hwc_id`, `hq_website_categories`.`hwc_parent`, `hq_website_categories`.`hwc_name`, `hq_website_categories`.`hwc_slug`, `hq_website_categories`.`hwc_description`, `hq_website_categories`.`hwc_old_des`, `hq_website_categories`.`hwc_website`, `hq_website_categories`.`hwc_status`, `hq_website_categories`.`hwc_created_date` FROM `hq_website_categories` WHERE `hq_website_categories`.`hwc_id` = :id LIMIT :APL0
[Sat, 06 Feb 16 06:41:35 +0000][INFO] SELECT IF(COUNT(*) > 0, 1, 0) FROM `INFORMATION_SCHEMA`.`TABLES` WHERE `TABLE_NAME` = 'hq_website' AND `TABLE_SCHEMA` = DATABASE()
[Sat, 06 Feb 16 06:41:35 +0000][INFO] DESCRIBE `hq_website`
[Sat, 06 Feb 16 06:41:35 +0000][INFO] SELECT `hq_website`.`hw_id`, `hq_website`.`hw_link`, `hq_website`.`hw_link_circle`, `hq_website`.`hw_created_date` FROM `hq_website` WHERE `hq_website`.`hw_id` = :id LIMIT :APL0
[Sat, 06 Feb 16 06:41:36 +0000][INFO] SELECT IF(COUNT(*) > 0, 1, 0) FROM `INFORMATION_SCHEMA`.`TABLES` WHERE `TABLE_NAME` = 'hq_website_categories' AND `TABLE_SCHEMA` = DATABASE()
[Sat, 06 Feb 16 06:41:36 +0000][INFO] DESCRIBE `hq_website_categories`
[Sat, 06 Feb 16 06:41:36 +0000][INFO] SELECT `hq_website_categories`.`hwc_id`, `hq_website_categories`.`hwc_parent`, `hq_website_categories`.`hwc_name`, `hq_website_categories`.`hwc_slug`, `hq_website_categories`.`hwc_description`, `hq_website_categories`.`hwc_old_des`, `hq_website_categories`.`hwc_website`, `hq_website_categories`.`hwc_status`, `hq_website_categories`.`hwc_created_date` FROM `hq_website_categories` WHERE `hq_website_categories`.`hwc_id` = :id LIMIT :APL0
[Sat, 06 Feb 16 06:41:36 +0000][INFO] SELECT IF(COUNT(*) > 0, 1, 0) FROM `INFORMATION_SCHEMA`.`TABLES` WHERE `TABLE_NAME` = 'hq_website' AND `TABLE_SCHEMA` = DATABASE()
[Sat, 06 Feb 16 06:41:36 +0000][INFO] DESCRIBE `hq_website`
[Sat, 06 Feb 16 06:41:36 +0000][INFO] SELECT `hq_website`.`hw_id`, `hq_website`.`hw_link`, `hq_website`.`hw_link_circle`, `hq_website`.`hw_created_date` FROM `hq_website` WHERE `hq_website`.`hw_id` = :id LIMIT :APL0
[Sat, 06 Feb 16 06:43:12 +0000][INFO] SELECT IF(COUNT(*) > 0, 1, 0) FROM `INFORMATION_SCHEMA`.`TABLES` WHERE `TABLE_NAME` = 'hq_categories_group' AND `TABLE_SCHEMA` = DATABASE()
[Sat, 06 Feb 16 06:43:12 +0000][INFO] DESCRIBE `hq_categories_group`
[Sat, 06 Feb 16 06:43:12 +0000][INFO] SELECT `hq_categories_group`.`hcag_id`, `hq_categories_group`.`hcag_name`, `hq_categories_group`.`hcag_list_categories`, `hq_categories_group`.`hcag_created_date` FROM `hq_categories_group` WHERE `hq_categories_group`.`hcag_id` = :id LIMIT :APL0
[Sat, 06 Feb 16 06:43:12 +0000][INFO] SELECT IF(COUNT(*) > 0, 1, 0) FROM `INFORMATION_SCHEMA`.`TABLES` WHERE `TABLE_NAME` = 'hq_website_categories' AND `TABLE_SCHEMA` = DATABASE()
[Sat, 06 Feb 16 06:43:12 +0000][INFO] DESCRIBE `hq_website_categories`
[Sat, 06 Feb 16 06:43:12 +0000][INFO] SELECT `hq_website_categories`.`hwc_id`, `hq_website_categories`.`hwc_parent`, `hq_website_categories`.`hwc_name`, `hq_website_categories`.`hwc_slug`, `hq_website_categories`.`hwc_description`, `hq_website_categories`.`hwc_old_des`, `hq_website_categories`.`hwc_website`, `hq_website_categories`.`hwc_status`, `hq_website_categories`.`hwc_created_date` FROM `hq_website_categories` WHERE `hq_website_categories`.`hwc_id` = :id LIMIT :APL0
[Sat, 06 Feb 16 06:43:12 +0000][INFO] SELECT IF(COUNT(*) > 0, 1, 0) FROM `INFORMATION_SCHEMA`.`TABLES` WHERE `TABLE_NAME` = 'hq_website' AND `TABLE_SCHEMA` = DATABASE()
[Sat, 06 Feb 16 06:43:12 +0000][INFO] DESCRIBE `hq_website`
[Sat, 06 Feb 16 06:43:12 +0000][INFO] SELECT `hq_website`.`hw_id`, `hq_website`.`hw_link`, `hq_website`.`hw_link_circle`, `hq_website`.`hw_created_date` FROM `hq_website` WHERE `hq_website`.`hw_id` = :id LIMIT :APL0
[Sat, 06 Feb 16 06:43:12 +0000][INFO] SELECT `hq_website_categories`.`hwc_id`, `hq_website_categories`.`hwc_parent`, `hq_website_categories`.`hwc_name`, `hq_website_categories`.`hwc_slug`, `hq_website_categories`.`hwc_description`, `hq_website_categories`.`hwc_old_des`, `hq_website_categories`.`hwc_website`, `hq_website_categories`.`hwc_status`, `hq_website_categories`.`hwc_created_date` FROM `hq_website_categories` WHERE `hq_website_categories`.`hwc_id` = :id LIMIT :APL0
[Sat, 06 Feb 16 06:43:12 +0000][INFO] SELECT `hq_website`.`hw_id`, `hq_website`.`hw_link`, `hq_website`.`hw_link_circle`, `hq_website`.`hw_created_date` FROM `hq_website` WHERE `hq_website`.`hw_id` = :id LIMIT :APL0
[Sat, 06 Feb 16 06:43:14 +0000][INFO] SELECT IF(COUNT(*) > 0, 1, 0) FROM `INFORMATION_SCHEMA`.`TABLES` WHERE `TABLE_NAME` = 'hq_website_categories' AND `TABLE_SCHEMA` = DATABASE()
[Sat, 06 Feb 16 06:43:14 +0000][INFO] DESCRIBE `hq_website_categories`
[Sat, 06 Feb 16 06:43:14 +0000][INFO] SELECT `hq_website_categories`.`hwc_id`, `hq_website_categories`.`hwc_parent`, `hq_website_categories`.`hwc_name`, `hq_website_categories`.`hwc_slug`, `hq_website_categories`.`hwc_description`, `hq_website_categories`.`hwc_old_des`, `hq_website_categories`.`hwc_website`, `hq_website_categories`.`hwc_status`, `hq_website_categories`.`hwc_created_date` FROM `hq_website_categories` WHERE `hq_website_categories`.`hwc_id` = :id LIMIT :APL0
[Sat, 06 Feb 16 06:43:14 +0000][INFO] SELECT IF(COUNT(*) > 0, 1, 0) FROM `INFORMATION_SCHEMA`.`TABLES` WHERE `TABLE_NAME` = 'hq_website' AND `TABLE_SCHEMA` = DATABASE()
[Sat, 06 Feb 16 06:43:14 +0000][INFO] DESCRIBE `hq_website`
[Sat, 06 Feb 16 06:43:14 +0000][INFO] SELECT `hq_website`.`hw_id`, `hq_website`.`hw_link`, `hq_website`.`hw_link_circle`, `hq_website`.`hw_created_date` FROM `hq_website` WHERE `hq_website`.`hw_id` = :id LIMIT :APL0
[Sat, 06 Feb 16 06:43:15 +0000][INFO] SELECT IF(COUNT(*) > 0, 1, 0) FROM `INFORMATION_SCHEMA`.`TABLES` WHERE `TABLE_NAME` = 'hq_website_categories' AND `TABLE_SCHEMA` = DATABASE()
[Sat, 06 Feb 16 06:43:15 +0000][INFO] DESCRIBE `hq_website_categories`
[Sat, 06 Feb 16 06:43:15 +0000][INFO] SELECT `hq_website_categories`.`hwc_id`, `hq_website_categories`.`hwc_parent`, `hq_website_categories`.`hwc_name`, `hq_website_categories`.`hwc_slug`, `hq_website_categories`.`hwc_description`, `hq_website_categories`.`hwc_old_des`, `hq_website_categories`.`hwc_website`, `hq_website_categories`.`hwc_status`, `hq_website_categories`.`hwc_created_date` FROM `hq_website_categories` WHERE `hq_website_categories`.`hwc_id` = :id LIMIT :APL0
[Sat, 06 Feb 16 06:43:15 +0000][INFO] SELECT IF(COUNT(*) > 0, 1, 0) FROM `INFORMATION_SCHEMA`.`TABLES` WHERE `TABLE_NAME` = 'hq_website' AND `TABLE_SCHEMA` = DATABASE()
[Sat, 06 Feb 16 06:43:15 +0000][INFO] DESCRIBE `hq_website`
[Sat, 06 Feb 16 06:43:15 +0000][INFO] SELECT `hq_website`.`hw_id`, `hq_website`.`hw_link`, `hq_website`.`hw_link_circle`, `hq_website`.`hw_created_date` FROM `hq_website` WHERE `hq_website`.`hw_id` = :id LIMIT :APL0
[Sat, 06 Feb 16 06:43:17 +0000][INFO] SELECT IF(COUNT(*) > 0, 1, 0) FROM `INFORMATION_SCHEMA`.`TABLES` WHERE `TABLE_NAME` = 'hq_website_categories' AND `TABLE_SCHEMA` = DATABASE()
[Sat, 06 Feb 16 06:43:17 +0000][INFO] DESCRIBE `hq_website_categories`
[Sat, 06 Feb 16 06:43:17 +0000][INFO] SELECT `hq_website_categories`.`hwc_id`, `hq_website_categories`.`hwc_parent`, `hq_website_categories`.`hwc_name`, `hq_website_categories`.`hwc_slug`, `hq_website_categories`.`hwc_description`, `hq_website_categories`.`hwc_old_des`, `hq_website_categories`.`hwc_website`, `hq_website_categories`.`hwc_status`, `hq_website_categories`.`hwc_created_date` FROM `hq_website_categories` WHERE `hq_website_categories`.`hwc_id` = :id LIMIT :APL0
[Sat, 06 Feb 16 06:43:17 +0000][INFO] SELECT IF(COUNT(*) > 0, 1, 0) FROM `INFORMATION_SCHEMA`.`TABLES` WHERE `TABLE_NAME` = 'hq_website' AND `TABLE_SCHEMA` = DATABASE()
[Sat, 06 Feb 16 06:43:17 +0000][INFO] DESCRIBE `hq_website`
[Sat, 06 Feb 16 06:43:17 +0000][INFO] SELECT `hq_website`.`hw_id`, `hq_website`.`hw_link`, `hq_website`.`hw_link_circle`, `hq_website`.`hw_created_date` FROM `hq_website` WHERE `hq_website`.`hw_id` = :id LIMIT :APL0
[Sat, 06 Feb 16 06:43:17 +0000][INFO] UPDATE `hq_website_categories` SET `hwc_status` = ?, `hwc_old_des` = ? WHERE hwc_id='1'
[Sat, 06 Feb 16 06:43:17 +0000][INFO] SELECT IF(COUNT(*) > 0, 1, 0) FROM `INFORMATION_SCHEMA`.`TABLES` WHERE `TABLE_NAME` = 'hq_website_categories' AND `TABLE_SCHEMA` = DATABASE()
[Sat, 06 Feb 16 06:43:17 +0000][INFO] DESCRIBE `hq_website_categories`
[Sat, 06 Feb 16 06:43:17 +0000][INFO] SELECT `hq_website_categories`.`hwc_id`, `hq_website_categories`.`hwc_parent`, `hq_website_categories`.`hwc_name`, `hq_website_categories`.`hwc_slug`, `hq_website_categories`.`hwc_description`, `hq_website_categories`.`hwc_old_des`, `hq_website_categories`.`hwc_website`, `hq_website_categories`.`hwc_status`, `hq_website_categories`.`hwc_created_date` FROM `hq_website_categories` WHERE `hq_website_categories`.`hwc_id` = :id LIMIT :APL0
[Sat, 06 Feb 16 06:43:17 +0000][INFO] SELECT IF(COUNT(*) > 0, 1, 0) FROM `INFORMATION_SCHEMA`.`TABLES` WHERE `TABLE_NAME` = 'hq_website' AND `TABLE_SCHEMA` = DATABASE()
[Sat, 06 Feb 16 06:43:17 +0000][INFO] DESCRIBE `hq_website`
[Sat, 06 Feb 16 06:43:17 +0000][INFO] SELECT `hq_website`.`hw_id`, `hq_website`.`hw_link`, `hq_website`.`hw_link_circle`, `hq_website`.`hw_created_date` FROM `hq_website` WHERE `hq_website`.`hw_id` = :id LIMIT :APL0
[Sat, 06 Feb 16 06:43:18 +0000][INFO] UPDATE `hq_website_categories` SET `hwc_status` = ?, `hwc_old_des` = ? WHERE hwc_id='2'
[Sat, 06 Feb 16 06:49:09 +0000][INFO] SELECT IF(COUNT(*) > 0, 1, 0) FROM `INFORMATION_SCHEMA`.`TABLES` WHERE `TABLE_NAME` = 'hq_post' AND `TABLE_SCHEMA` = DATABASE()
[Sat, 06 Feb 16 06:49:09 +0000][INFO] DESCRIBE `hq_post`
[Sat, 06 Feb 16 06:49:09 +0000][INFO] SELECT `hq_post`.`hp_id`, `hq_post`.`hp_title`, `hq_post`.`hp_tag`, `hq_post`.`hp_slug`, `hq_post`.`hp_post_description`, `hq_post`.`hp_group_categories`, `hq_post`.`hp_feature_image`, `hq_post`.`hp_focus_keyword`, `hq_post`.`hp_meta_key`, `hq_post`.`hp_meta_des`, `hq_post`.`hp_spin_1`, `hq_post`.`hp_image_1`, `hq_post`.`hp_spin_2`, `hq_post`.`hp_image_2`, `hq_post`.`hp_spin_3`, `hq_post`.`hp_created_date`, `hq_post`.`hp_number_post` FROM `hq_post` ORDER BY `hq_post`.`hp_title` ASC
[Sat, 06 Feb 16 06:49:12 +0000][INFO] SELECT IF(COUNT(*) > 0, 1, 0) FROM `INFORMATION_SCHEMA`.`TABLES` WHERE `TABLE_NAME` = 'hq_post' AND `TABLE_SCHEMA` = DATABASE()
[Sat, 06 Feb 16 06:49:12 +0000][INFO] DESCRIBE `hq_post`
[Sat, 06 Feb 16 06:49:12 +0000][INFO] SELECT `hq_post`.`hp_id`, `hq_post`.`hp_title`, `hq_post`.`hp_tag`, `hq_post`.`hp_slug`, `hq_post`.`hp_post_description`, `hq_post`.`hp_group_categories`, `hq_post`.`hp_feature_image`, `hq_post`.`hp_focus_keyword`, `hq_post`.`hp_meta_key`, `hq_post`.`hp_meta_des`, `hq_post`.`hp_spin_1`, `hq_post`.`hp_image_1`, `hq_post`.`hp_spin_2`, `hq_post`.`hp_image_2`, `hq_post`.`hp_spin_3`, `hq_post`.`hp_created_date`, `hq_post`.`hp_number_post` FROM `hq_post` WHERE `hq_post`.`hp_id` = :id LIMIT :APL0
[Sat, 06 Feb 16 06:49:12 +0000][INFO] SELECT IF(COUNT(*) > 0, 1, 0) FROM `INFORMATION_SCHEMA`.`TABLES` WHERE `TABLE_NAME` = 'hq_categories_group' AND `TABLE_SCHEMA` = DATABASE()
[Sat, 06 Feb 16 06:49:12 +0000][INFO] DESCRIBE `hq_categories_group`
[Sat, 06 Feb 16 06:49:12 +0000][INFO] SELECT `hq_categories_group`.`hcag_id`, `hq_categories_group`.`hcag_name`, `hq_categories_group`.`hcag_list_categories`, `hq_categories_group`.`hcag_created_date` FROM `hq_categories_group` WHERE `hq_categories_group`.`hcag_id` = :id LIMIT :APL0
[Sat, 06 Feb 16 06:49:12 +0000][INFO] SELECT IF(COUNT(*) > 0, 1, 0) FROM `INFORMATION_SCHEMA`.`TABLES` WHERE `TABLE_NAME` = 'hq_website_categories' AND `TABLE_SCHEMA` = DATABASE()
[Sat, 06 Feb 16 06:49:12 +0000][INFO] DESCRIBE `hq_website_categories`
[Sat, 06 Feb 16 06:49:12 +0000][INFO] SELECT `hq_website_categories`.`hwc_id`, `hq_website_categories`.`hwc_parent`, `hq_website_categories`.`hwc_name`, `hq_website_categories`.`hwc_slug`, `hq_website_categories`.`hwc_description`, `hq_website_categories`.`hwc_old_des`, `hq_website_categories`.`hwc_website`, `hq_website_categories`.`hwc_status`, `hq_website_categories`.`hwc_created_date` FROM `hq_website_categories` WHERE `hq_website_categories`.`hwc_id` = :id LIMIT :APL0
[Sat, 06 Feb 16 06:49:12 +0000][INFO] SELECT IF(COUNT(*) > 0, 1, 0) FROM `INFORMATION_SCHEMA`.`TABLES` WHERE `TABLE_NAME` = 'hq_website' AND `TABLE_SCHEMA` = DATABASE()
[Sat, 06 Feb 16 06:49:12 +0000][INFO] DESCRIBE `hq_website`
[Sat, 06 Feb 16 06:49:12 +0000][INFO] SELECT `hq_website`.`hw_id`, `hq_website`.`hw_link`, `hq_website`.`hw_link_circle`, `hq_website`.`hw_created_date` FROM `hq_website` WHERE `hq_website`.`hw_id` = :id LIMIT :APL0
[Sat, 06 Feb 16 06:49:12 +0000][INFO] SELECT `hq_website_categories`.`hwc_id`, `hq_website_categories`.`hwc_parent`, `hq_website_categories`.`hwc_name`, `hq_website_categories`.`hwc_slug`, `hq_website_categories`.`hwc_description`, `hq_website_categories`.`hwc_old_des`, `hq_website_categories`.`hwc_website`, `hq_website_categories`.`hwc_status`, `hq_website_categories`.`hwc_created_date` FROM `hq_website_categories` WHERE `hq_website_categories`.`hwc_id` = :id LIMIT :APL0
[Sat, 06 Feb 16 06:49:12 +0000][INFO] SELECT `hq_website`.`hw_id`, `hq_website`.`hw_link`, `hq_website`.`hw_link_circle`, `hq_website`.`hw_created_date` FROM `hq_website` WHERE `hq_website`.`hw_id` = :id LIMIT :APL0
[Sat, 06 Feb 16 06:49:15 +0000][INFO] SELECT IF(COUNT(*) > 0, 1, 0) FROM `INFORMATION_SCHEMA`.`TABLES` WHERE `TABLE_NAME` = 'hq_website_categories' AND `TABLE_SCHEMA` = DATABASE()
[Sat, 06 Feb 16 06:49:15 +0000][INFO] DESCRIBE `hq_website_categories`
[Sat, 06 Feb 16 06:49:15 +0000][INFO] SELECT `hq_website_categories`.`hwc_id`, `hq_website_categories`.`hwc_parent`, `hq_website_categories`.`hwc_name`, `hq_website_categories`.`hwc_slug`, `hq_website_categories`.`hwc_description`, `hq_website_categories`.`hwc_old_des`, `hq_website_categories`.`hwc_website`, `hq_website_categories`.`hwc_status`, `hq_website_categories`.`hwc_created_date` FROM `hq_website_categories` WHERE `hq_website_categories`.`hwc_id` = :id LIMIT :APL0
[Sat, 06 Feb 16 06:49:15 +0000][INFO] SELECT IF(COUNT(*) > 0, 1, 0) FROM `INFORMATION_SCHEMA`.`TABLES` WHERE `TABLE_NAME` = 'hq_website' AND `TABLE_SCHEMA` = DATABASE()
[Sat, 06 Feb 16 06:49:15 +0000][INFO] DESCRIBE `hq_website`
[Sat, 06 Feb 16 06:49:15 +0000][INFO] SELECT `hq_website`.`hw_id`, `hq_website`.`hw_link`, `hq_website`.`hw_link_circle`, `hq_website`.`hw_created_date` FROM `hq_website` WHERE `hq_website`.`hw_id` = :id LIMIT :APL0
[Sat, 06 Feb 16 06:49:16 +0000][INFO] SELECT IF(COUNT(*) > 0, 1, 0) FROM `INFORMATION_SCHEMA`.`TABLES` WHERE `TABLE_NAME` = 'hq_website_categories' AND `TABLE_SCHEMA` = DATABASE()
[Sat, 06 Feb 16 06:49:16 +0000][INFO] DESCRIBE `hq_website_categories`
[Sat, 06 Feb 16 06:49:16 +0000][INFO] SELECT `hq_website_categories`.`hwc_id`, `hq_website_categories`.`hwc_parent`, `hq_website_categories`.`hwc_name`, `hq_website_categories`.`hwc_slug`, `hq_website_categories`.`hwc_description`, `hq_website_categories`.`hwc_old_des`, `hq_website_categories`.`hwc_website`, `hq_website_categories`.`hwc_status`, `hq_website_categories`.`hwc_created_date` FROM `hq_website_categories` WHERE `hq_website_categories`.`hwc_id` = :id LIMIT :APL0
[Sat, 06 Feb 16 06:49:16 +0000][INFO] SELECT IF(COUNT(*) > 0, 1, 0) FROM `INFORMATION_SCHEMA`.`TABLES` WHERE `TABLE_NAME` = 'hq_website' AND `TABLE_SCHEMA` = DATABASE()
[Sat, 06 Feb 16 06:49:16 +0000][INFO] DESCRIBE `hq_website`
[Sat, 06 Feb 16 06:49:16 +0000][INFO] SELECT `hq_website`.`hw_id`, `hq_website`.`hw_link`, `hq_website`.`hw_link_circle`, `hq_website`.`hw_created_date` FROM `hq_website` WHERE `hq_website`.`hw_id` = :id LIMIT :APL0
[Sat, 06 Feb 16 06:49:31 +0000][INFO] SELECT IF(COUNT(*) > 0, 1, 0) FROM `INFORMATION_SCHEMA`.`TABLES` WHERE `TABLE_NAME` = 'hq_website_categories' AND `TABLE_SCHEMA` = DATABASE()
[Sat, 06 Feb 16 06:49:31 +0000][INFO] DESCRIBE `hq_website_categories`
[Sat, 06 Feb 16 06:49:31 +0000][INFO] SELECT `hq_website_categories`.`hwc_id`, `hq_website_categories`.`hwc_parent`, `hq_website_categories`.`hwc_name`, `hq_website_categories`.`hwc_slug`, `hq_website_categories`.`hwc_description`, `hq_website_categories`.`hwc_old_des`, `hq_website_categories`.`hwc_website`, `hq_website_categories`.`hwc_status`, `hq_website_categories`.`hwc_created_date` FROM `hq_website_categories` WHERE `hq_website_categories`.`hwc_id` = :id LIMIT :APL0
[Sat, 06 Feb 16 06:49:31 +0000][INFO] SELECT IF(COUNT(*) > 0, 1, 0) FROM `INFORMATION_SCHEMA`.`TABLES` WHERE `TABLE_NAME` = 'hq_website' AND `TABLE_SCHEMA` = DATABASE()
[Sat, 06 Feb 16 06:49:31 +0000][INFO] DESCRIBE `hq_website`
[Sat, 06 Feb 16 06:49:31 +0000][INFO] SELECT `hq_website`.`hw_id`, `hq_website`.`hw_link`, `hq_website`.`hw_link_circle`, `hq_website`.`hw_created_date` FROM `hq_website` WHERE `hq_website`.`hw_id` = :id LIMIT :APL0
[Sat, 06 Feb 16 06:49:32 +0000][INFO] SELECT IF(COUNT(*) > 0, 1, 0) FROM `INFORMATION_SCHEMA`.`TABLES` WHERE `TABLE_NAME` = 'hq_website_categories' AND `TABLE_SCHEMA` = DATABASE()
[Sat, 06 Feb 16 06:49:32 +0000][INFO] DESCRIBE `hq_website_categories`
[Sat, 06 Feb 16 06:49:32 +0000][INFO] SELECT `hq_website_categories`.`hwc_id`, `hq_website_categories`.`hwc_parent`, `hq_website_categories`.`hwc_name`, `hq_website_categories`.`hwc_slug`, `hq_website_categories`.`hwc_description`, `hq_website_categories`.`hwc_old_des`, `hq_website_categories`.`hwc_website`, `hq_website_categories`.`hwc_status`, `hq_website_categories`.`hwc_created_date` FROM `hq_website_categories` WHERE `hq_website_categories`.`hwc_id` = :id LIMIT :APL0
[Sat, 06 Feb 16 06:49:32 +0000][INFO] SELECT IF(COUNT(*) > 0, 1, 0) FROM `INFORMATION_SCHEMA`.`TABLES` WHERE `TABLE_NAME` = 'hq_website' AND `TABLE_SCHEMA` = DATABASE()
[Sat, 06 Feb 16 06:49:32 +0000][INFO] DESCRIBE `hq_website`
[Sat, 06 Feb 16 06:49:32 +0000][INFO] SELECT `hq_website`.`hw_id`, `hq_website`.`hw_link`, `hq_website`.`hw_link_circle`, `hq_website`.`hw_created_date` FROM `hq_website` WHERE `hq_website`.`hw_id` = :id LIMIT :APL0
[Sat, 06 Feb 16 06:51:35 +0000][INFO] SELECT IF(COUNT(*) > 0, 1, 0) FROM `INFORMATION_SCHEMA`.`TABLES` WHERE `TABLE_NAME` = 'hq_post' AND `TABLE_SCHEMA` = DATABASE()
[Sat, 06 Feb 16 06:51:35 +0000][INFO] DESCRIBE `hq_post`
[Sat, 06 Feb 16 06:51:35 +0000][INFO] SELECT `hq_post`.`hp_id`, `hq_post`.`hp_title`, `hq_post`.`hp_tag`, `hq_post`.`hp_slug`, `hq_post`.`hp_post_description`, `hq_post`.`hp_group_categories`, `hq_post`.`hp_feature_image`, `hq_post`.`hp_focus_keyword`, `hq_post`.`hp_meta_key`, `hq_post`.`hp_meta_des`, `hq_post`.`hp_spin_1`, `hq_post`.`hp_image_1`, `hq_post`.`hp_spin_2`, `hq_post`.`hp_image_2`, `hq_post`.`hp_spin_3`, `hq_post`.`hp_created_date`, `hq_post`.`hp_number_post` FROM `hq_post` ORDER BY `hq_post`.`hp_title` ASC
