[Fri, 11 Dec 15 15:13:28 +0100][INFO] SELECT IF(COUNT(*) > 0, 1, 0) FROM `INFORMATION_SCHEMA`.`TABLES` WHERE `TABLE_NAME` = 'hq_map_setting' AND `TABLE_SCHEMA` = DATABASE()
[Fri, 11 Dec 15 15:13:28 +0100][INFO] DESCRIBE `hq_map_setting`
[Fri, 11 Dec 15 15:13:28 +0100][INFO] SELECT IF(COUNT(*) > 0, 1, 0) FROM `INFORMATION_SCHEMA`.`TABLES` WHERE `TABLE_NAME` = 'hq_map_setting' AND `TABLE_SCHEMA` = DATABASE()
[Fri, 11 Dec 15 15:13:28 +0100][INFO] DESCRIBE `hq_map_setting`
[Fri, 11 Dec 15 15:13:28 +0100][INFO] SELECT IF(COUNT(*) > 0, 1, 0) FROM `INFORMATION_SCHEMA`.`TABLES` WHERE `TABLE_NAME` = 'hq_map_setting' AND `TABLE_SCHEMA` = DATABASE()
[Fri, 11 Dec 15 15:13:28 +0100][INFO] DESCRIBE `hq_map_setting`
[Fri, 11 Dec 15 15:13:28 +0100][INFO] SELECT `hq_map_setting`.`map_id`, `hq_map_setting`.`map_width`, `hq_map_setting`.`map_height`, `hq_map_setting`.`map_center_x`, `hq_map_setting`.`map_center_y`, `hq_map_setting`.`map_max_id` FROM `hq_map_setting` WHERE `hq_map_setting`.`map_id` = 1 LIMIT :APL0
[Fri, 11 Dec 15 15:35:43 +0100][INFO] SELECT IF(COUNT(*) > 0, 1, 0) FROM `INFORMATION_SCHEMA`.`TABLES` WHERE `TABLE_NAME` = 'hq_map_setting' AND `TABLE_SCHEMA` = DATABASE()
[Fri, 11 Dec 15 15:35:43 +0100][INFO] DESCRIBE `hq_map_setting`
[Fri, 11 Dec 15 15:35:43 +0100][INFO] SELECT IF(COUNT(*) > 0, 1, 0) FROM `INFORMATION_SCHEMA`.`TABLES` WHERE `TABLE_NAME` = 'hq_object' AND `TABLE_SCHEMA` = DATABASE()
[Fri, 11 Dec 15 15:35:43 +0100][INFO] DESCRIBE `hq_object`
[Fri, 11 Dec 15 15:35:43 +0100][INFO] UPDATE `hq_map_setting` SET `map_max_id` = ? WHERE map_id='1'
[Fri, 11 Dec 15 15:35:44 +0100][INFO] SELECT IF(COUNT(*) > 0, 1, 0) FROM `INFORMATION_SCHEMA`.`TABLES` WHERE `TABLE_NAME` = 'hq_object' AND `TABLE_SCHEMA` = DATABASE()
[Fri, 11 Dec 15 15:35:44 +0100][INFO] DESCRIBE `hq_object`
[Fri, 11 Dec 15 15:35:44 +0100][INFO] SELECT IF(COUNT(*) > 0, 1, 0) FROM `INFORMATION_SCHEMA`.`TABLES` WHERE `TABLE_NAME` = 'hq_object' AND `TABLE_SCHEMA` = DATABASE()
[Fri, 11 Dec 15 15:35:44 +0100][INFO] DESCRIBE `hq_object`
[Fri, 11 Dec 15 15:35:44 +0100][INFO] SELECT `hq_object`.`ob_id`, `hq_object`.`bd_id`, `hq_object`.`u_id`, `hq_object`.`ob_name`, `hq_object`.`ob_description`, `hq_object`.`ob_css_id`, `hq_object`.`ob_css_class`, `hq_object`.`ob_position_x`, `hq_object`.`ob_position_y`, `hq_object`.`ob_width`, `hq_object`.`ob_height`, `hq_object`.`ob_zindex`, `hq_object`.`ca_id`, `hq_object`.`ob_create_date`, `hq_object`.`ob_edit_date` FROM `hq_object` WHERE `hq_object`.`ob_css_id` = '4' LIMIT :APL0
[Fri, 11 Dec 15 15:35:44 +0100][INFO] INSERT INTO `hq_object` (`bd_id`, `u_id`, `ob_name`, `ob_description`, `ob_css_id`, `ob_css_class`, `ob_position_x`, `ob_position_y`, `ob_width`, `ob_height`, `ob_zindex`, `ca_id`, `ob_create_date`, `ob_edit_date`) VALUES (?, DEFAULT, DEFAULT, DEFAULT, ?, DEFAULT, ?, ?, ?, ?, ?, DEFAULT, ?, DEFAULT)
[Fri, 11 Dec 15 15:35:44 +0100][INFO] SELECT IF(COUNT(*) > 0, 1, 0) FROM `INFORMATION_SCHEMA`.`TABLES` WHERE `TABLE_NAME` = 'hq_object' AND `TABLE_SCHEMA` = DATABASE()
[Fri, 11 Dec 15 15:35:44 +0100][INFO] DESCRIBE `hq_object`
[Fri, 11 Dec 15 15:35:44 +0100][INFO] SELECT `hq_object`.`ob_id`, `hq_object`.`bd_id`, `hq_object`.`u_id`, `hq_object`.`ob_name`, `hq_object`.`ob_description`, `hq_object`.`ob_css_id`, `hq_object`.`ob_css_class`, `hq_object`.`ob_position_x`, `hq_object`.`ob_position_y`, `hq_object`.`ob_width`, `hq_object`.`ob_height`, `hq_object`.`ob_zindex`, `hq_object`.`ca_id`, `hq_object`.`ob_create_date`, `hq_object`.`ob_edit_date` FROM `hq_object` WHERE `hq_object`.`ob_css_id` = '5' LIMIT :APL0
[Fri, 11 Dec 15 15:35:44 +0100][INFO] UPDATE `hq_object` SET `bd_id` = ?, `u_id` = null, `ob_name` = null, `ob_description` = null, `ob_css_id` = ?, `ob_css_class` = null, `ob_position_x` = ?, `ob_position_y` = ?, `ob_width` = ?, `ob_height` = ?, `ob_zindex` = ?, `ca_id` = null, `ob_create_date` = ?, `ob_edit_date` = null WHERE `ob_id` = ?
[Fri, 11 Dec 15 15:37:42 +0100][INFO] SELECT IF(COUNT(*) > 0, 1, 0) FROM `INFORMATION_SCHEMA`.`TABLES` WHERE `TABLE_NAME` = 'hq_map_setting' AND `TABLE_SCHEMA` = DATABASE()
[Fri, 11 Dec 15 15:37:42 +0100][INFO] DESCRIBE `hq_map_setting`
[Fri, 11 Dec 15 15:37:42 +0100][INFO] SELECT IF(COUNT(*) > 0, 1, 0) FROM `INFORMATION_SCHEMA`.`TABLES` WHERE `TABLE_NAME` = 'hq_object' AND `TABLE_SCHEMA` = DATABASE()
[Fri, 11 Dec 15 15:37:42 +0100][INFO] DESCRIBE `hq_object`
[Fri, 11 Dec 15 15:37:42 +0100][INFO] UPDATE `hq_map_setting` SET `map_max_id` = ? WHERE map_id='1'
[Fri, 11 Dec 15 15:37:42 +0100][INFO] SELECT IF(COUNT(*) > 0, 1, 0) FROM `INFORMATION_SCHEMA`.`TABLES` WHERE `TABLE_NAME` = 'hq_object' AND `TABLE_SCHEMA` = DATABASE()
[Fri, 11 Dec 15 15:37:42 +0100][INFO] DESCRIBE `hq_object`
[Fri, 11 Dec 15 15:37:42 +0100][INFO] SELECT IF(COUNT(*) > 0, 1, 0) FROM `INFORMATION_SCHEMA`.`TABLES` WHERE `TABLE_NAME` = 'hq_object' AND `TABLE_SCHEMA` = DATABASE()
[Fri, 11 Dec 15 15:37:42 +0100][INFO] DESCRIBE `hq_object`
[Fri, 11 Dec 15 15:37:42 +0100][INFO] SELECT `hq_object`.`ob_id`, `hq_object`.`bd_id`, `hq_object`.`u_id`, `hq_object`.`ob_name`, `hq_object`.`ob_description`, `hq_object`.`ob_css_id`, `hq_object`.`ob_css_class`, `hq_object`.`ob_position_x`, `hq_object`.`ob_position_y`, `hq_object`.`ob_width`, `hq_object`.`ob_height`, `hq_object`.`ob_zindex`, `hq_object`.`ca_id`, `hq_object`.`ob_create_date`, `hq_object`.`ob_edit_date` FROM `hq_object` WHERE `hq_object`.`ob_css_id` = '4' LIMIT :APL0
[Fri, 11 Dec 15 15:37:42 +0100][INFO] INSERT INTO `hq_object` (`bd_id`, `u_id`, `ob_name`, `ob_description`, `ob_css_id`, `ob_css_class`, `ob_position_x`, `ob_position_y`, `ob_width`, `ob_height`, `ob_zindex`, `ca_id`, `ob_create_date`, `ob_edit_date`) VALUES (?, DEFAULT, DEFAULT, DEFAULT, ?, DEFAULT, ?, ?, ?, ?, ?, DEFAULT, ?, DEFAULT)
[Fri, 11 Dec 15 15:37:42 +0100][INFO] SELECT IF(COUNT(*) > 0, 1, 0) FROM `INFORMATION_SCHEMA`.`TABLES` WHERE `TABLE_NAME` = 'hq_object' AND `TABLE_SCHEMA` = DATABASE()
[Fri, 11 Dec 15 15:37:42 +0100][INFO] DESCRIBE `hq_object`
[Fri, 11 Dec 15 15:37:42 +0100][INFO] SELECT `hq_object`.`ob_id`, `hq_object`.`bd_id`, `hq_object`.`u_id`, `hq_object`.`ob_name`, `hq_object`.`ob_description`, `hq_object`.`ob_css_id`, `hq_object`.`ob_css_class`, `hq_object`.`ob_position_x`, `hq_object`.`ob_position_y`, `hq_object`.`ob_width`, `hq_object`.`ob_height`, `hq_object`.`ob_zindex`, `hq_object`.`ca_id`, `hq_object`.`ob_create_date`, `hq_object`.`ob_edit_date` FROM `hq_object` WHERE `hq_object`.`ob_css_id` = '5' LIMIT :APL0
[Fri, 11 Dec 15 15:37:42 +0100][INFO] UPDATE `hq_object` SET `bd_id` = ?, `u_id` = null, `ob_name` = null, `ob_description` = null, `ob_css_id` = ?, `ob_css_class` = null, `ob_position_x` = ?, `ob_position_y` = ?, `ob_width` = ?, `ob_height` = ?, `ob_zindex` = ?, `ca_id` = null, `ob_create_date` = ?, `ob_edit_date` = null WHERE `ob_id` = ?
[Fri, 11 Dec 15 17:04:51 +0100][INFO] SELECT IF(COUNT(*) > 0, 1, 0) FROM `INFORMATION_SCHEMA`.`TABLES` WHERE `TABLE_NAME` = 'hq_map_setting' AND `TABLE_SCHEMA` = DATABASE()
[Fri, 11 Dec 15 17:04:51 +0100][INFO] DESCRIBE `hq_map_setting`
[Fri, 11 Dec 15 17:04:51 +0100][INFO] SELECT IF(COUNT(*) > 0, 1, 0) FROM `INFORMATION_SCHEMA`.`TABLES` WHERE `TABLE_NAME` = 'hq_map_setting' AND `TABLE_SCHEMA` = DATABASE()
[Fri, 11 Dec 15 17:04:51 +0100][INFO] DESCRIBE `hq_map_setting`
[Fri, 11 Dec 15 17:04:51 +0100][INFO] SELECT IF(COUNT(*) > 0, 1, 0) FROM `INFORMATION_SCHEMA`.`TABLES` WHERE `TABLE_NAME` = 'hq_map_setting' AND `TABLE_SCHEMA` = DATABASE()
[Fri, 11 Dec 15 17:04:51 +0100][INFO] DESCRIBE `hq_map_setting`
[Fri, 11 Dec 15 17:04:51 +0100][INFO] SELECT `hq_map_setting`.`map_id`, `hq_map_setting`.`map_width`, `hq_map_setting`.`map_height`, `hq_map_setting`.`map_center_x`, `hq_map_setting`.`map_center_y`, `hq_map_setting`.`map_max_id` FROM `hq_map_setting` WHERE `hq_map_setting`.`map_id` = 1 LIMIT :APL0
[Fri, 11 Dec 15 17:06:20 +0100][INFO] SELECT IF(COUNT(*) > 0, 1, 0) FROM `INFORMATION_SCHEMA`.`TABLES` WHERE `TABLE_NAME` = 'hq_map_setting' AND `TABLE_SCHEMA` = DATABASE()
[Fri, 11 Dec 15 17:06:20 +0100][INFO] DESCRIBE `hq_map_setting`
[Fri, 11 Dec 15 17:06:20 +0100][INFO] SELECT IF(COUNT(*) > 0, 1, 0) FROM `INFORMATION_SCHEMA`.`TABLES` WHERE `TABLE_NAME` = 'hq_map_setting' AND `TABLE_SCHEMA` = DATABASE()
[Fri, 11 Dec 15 17:06:20 +0100][INFO] DESCRIBE `hq_map_setting`
[Fri, 11 Dec 15 17:06:20 +0100][INFO] SELECT IF(COUNT(*) > 0, 1, 0) FROM `INFORMATION_SCHEMA`.`TABLES` WHERE `TABLE_NAME` = 'hq_map_setting' AND `TABLE_SCHEMA` = DATABASE()
[Fri, 11 Dec 15 17:06:20 +0100][INFO] DESCRIBE `hq_map_setting`
[Fri, 11 Dec 15 17:06:20 +0100][INFO] SELECT `hq_map_setting`.`map_id`, `hq_map_setting`.`map_width`, `hq_map_setting`.`map_height`, `hq_map_setting`.`map_center_x`, `hq_map_setting`.`map_center_y`, `hq_map_setting`.`map_max_id` FROM `hq_map_setting` WHERE `hq_map_setting`.`map_id` = 1 LIMIT :APL0
