[Mon, 22 Feb 16 07:39:27 +0000][INFO] SELECT IF(COUNT(*) > 0, 1, 0) FROM `INFORMATION_SCHEMA`.`TABLES` WHERE `TABLE_NAME` = 'hq_admin_role' AND `TABLE_SCHEMA` = DATABASE()
[Mon, 22 Feb 16 07:39:27 +0000][INFO] DESCRIBE `hq_admin_role`
[Mon, 22 Feb 16 07:39:27 +0000][INFO] SELECT IF(COUNT(*) > 0, 1, 0) FROM `INFORMATION_SCHEMA`.`TABLES` WHERE `TABLE_NAME` = 'hq_admin_role' AND `TABLE_SCHEMA` = DATABASE()
[Mon, 22 Feb 16 07:39:27 +0000][INFO] DESCRIBE `hq_admin_role`
[Mon, 22 Feb 16 07:39:27 +0000][INFO] SELECT IF(COUNT(*) > 0, 1, 0) FROM `INFORMATION_SCHEMA`.`TABLES` WHERE `TABLE_NAME` = 'hq_admin_role' AND `TABLE_SCHEMA` = DATABASE()
[Mon, 22 Feb 16 07:39:27 +0000][INFO] DESCRIBE `hq_admin_role`
[Mon, 22 Feb 16 07:39:27 +0000][INFO] SELECT `hq_admin_role`.`role_name` AS `role_name`, `hq_admin_role`.`role_ar_user` AS `role_ar_user` FROM `hq_admin_role`
[Mon, 22 Feb 16 07:39:34 +0000][INFO] SELECT IF(COUNT(*) > 0, 1, 0) FROM `INFORMATION_SCHEMA`.`TABLES` WHERE `TABLE_NAME` = 'hq_admin_role' AND `TABLE_SCHEMA` = DATABASE()
[Mon, 22 Feb 16 07:39:34 +0000][INFO] DESCRIBE `hq_admin_role`
[Mon, 22 Feb 16 07:39:34 +0000][INFO] SELECT IF(COUNT(*) > 0, 1, 0) FROM `INFORMATION_SCHEMA`.`TABLES` WHERE `TABLE_NAME` = 'hq_admin_role' AND `TABLE_SCHEMA` = DATABASE()
[Mon, 22 Feb 16 07:39:34 +0000][INFO] DESCRIBE `hq_admin_role`
[Mon, 22 Feb 16 07:39:34 +0000][INFO] SELECT IF(COUNT(*) > 0, 1, 0) FROM `INFORMATION_SCHEMA`.`TABLES` WHERE `TABLE_NAME` = 'hq_admin_role' AND `TABLE_SCHEMA` = DATABASE()
[Mon, 22 Feb 16 07:39:34 +0000][INFO] DESCRIBE `hq_admin_role`
[Mon, 22 Feb 16 07:39:34 +0000][INFO] SELECT `hq_admin_role`.`role_name` AS `role_name`, `hq_admin_role`.`role_ar_user` AS `role_ar_user` FROM `hq_admin_role`
[Mon, 22 Feb 16 07:39:34 +0000][INFO] SELECT IF(COUNT(*) > 0, 1, 0) FROM `INFORMATION_SCHEMA`.`TABLES` WHERE `TABLE_NAME` = 'hq_user_admin' AND `TABLE_SCHEMA` = DATABASE()
[Mon, 22 Feb 16 07:39:34 +0000][INFO] DESCRIBE `hq_user_admin`
[Mon, 22 Feb 16 07:39:34 +0000][INFO] SELECT IF(COUNT(*) > 0, 1, 0) FROM `INFORMATION_SCHEMA`.`TABLES` WHERE `TABLE_NAME` = 'hq_user_admin' AND `TABLE_SCHEMA` = DATABASE()
[Mon, 22 Feb 16 07:39:34 +0000][INFO] DESCRIBE `hq_user_admin`
[Mon, 22 Feb 16 07:39:34 +0000][INFO] SELECT IF(COUNT(*) > 0, 1, 0) FROM `INFORMATION_SCHEMA`.`TABLES` WHERE `TABLE_NAME` = 'hq_user_admin' AND `TABLE_SCHEMA` = DATABASE()
[Mon, 22 Feb 16 07:39:34 +0000][INFO] DESCRIBE `hq_user_admin`
[Mon, 22 Feb 16 07:39:34 +0000][INFO] SELECT `hq_user_admin`.`usa_id`, `hq_user_admin`.`usa_username`, `hq_user_admin`.`usa_email`, `hq_user_admin`.`usa_password`, `hq_user_admin`.`usa_last_login`, `hq_user_admin`.`usa_create_date` FROM `hq_user_admin` WHERE `hq_user_admin`.`usa_username` = :userEmail AND `hq_user_admin`.`usa_password` = :userPassword LIMIT :APL0
[Mon, 22 Feb 16 07:39:34 +0000][INFO] UPDATE `hq_user_admin` SET `usa_username` = ?, `usa_email` = ?, `usa_password` = ?, `usa_last_login` = ?, `usa_create_date` = ? WHERE `usa_id` = ?
[Mon, 22 Feb 16 07:39:36 +0000][INFO] SELECT IF(COUNT(*) > 0, 1, 0) FROM `INFORMATION_SCHEMA`.`TABLES` WHERE `TABLE_NAME` = 'hq_admin_role' AND `TABLE_SCHEMA` = DATABASE()
[Mon, 22 Feb 16 07:39:36 +0000][INFO] DESCRIBE `hq_admin_role`
[Mon, 22 Feb 16 07:39:36 +0000][INFO] SELECT IF(COUNT(*) > 0, 1, 0) FROM `INFORMATION_SCHEMA`.`TABLES` WHERE `TABLE_NAME` = 'hq_admin_role' AND `TABLE_SCHEMA` = DATABASE()
[Mon, 22 Feb 16 07:39:36 +0000][INFO] DESCRIBE `hq_admin_role`
[Mon, 22 Feb 16 07:39:36 +0000][INFO] SELECT IF(COUNT(*) > 0, 1, 0) FROM `INFORMATION_SCHEMA`.`TABLES` WHERE `TABLE_NAME` = 'hq_admin_role' AND `TABLE_SCHEMA` = DATABASE()
[Mon, 22 Feb 16 07:39:36 +0000][INFO] DESCRIBE `hq_admin_role`
[Mon, 22 Feb 16 07:39:36 +0000][INFO] SELECT `hq_admin_role`.`role_name` AS `role_name`, `hq_admin_role`.`role_ar_user` AS `role_ar_user` FROM `hq_admin_role`
[Mon, 22 Feb 16 07:39:43 +0000][INFO] SELECT IF(COUNT(*) > 0, 1, 0) FROM `INFORMATION_SCHEMA`.`TABLES` WHERE `TABLE_NAME` = 'hq_admin_role' AND `TABLE_SCHEMA` = DATABASE()
[Mon, 22 Feb 16 07:39:43 +0000][INFO] DESCRIBE `hq_admin_role`
[Mon, 22 Feb 16 07:39:43 +0000][INFO] SELECT IF(COUNT(*) > 0, 1, 0) FROM `INFORMATION_SCHEMA`.`TABLES` WHERE `TABLE_NAME` = 'hq_admin_role' AND `TABLE_SCHEMA` = DATABASE()
[Mon, 22 Feb 16 07:39:43 +0000][INFO] DESCRIBE `hq_admin_role`
[Mon, 22 Feb 16 07:39:43 +0000][INFO] SELECT IF(COUNT(*) > 0, 1, 0) FROM `INFORMATION_SCHEMA`.`TABLES` WHERE `TABLE_NAME` = 'hq_admin_role' AND `TABLE_SCHEMA` = DATABASE()
[Mon, 22 Feb 16 07:39:43 +0000][INFO] DESCRIBE `hq_admin_role`
[Mon, 22 Feb 16 07:39:43 +0000][INFO] SELECT `hq_admin_role`.`role_name` AS `role_name`, `hq_admin_role`.`role_ar_user` AS `role_ar_user` FROM `hq_admin_role`
[Mon, 22 Feb 16 07:39:43 +0000][INFO] SELECT IF(COUNT(*) > 0, 1, 0) FROM `INFORMATION_SCHEMA`.`TABLES` WHERE `TABLE_NAME` = 'hq_admin_role' AND `TABLE_SCHEMA` = DATABASE()
[Mon, 22 Feb 16 07:39:43 +0000][INFO] DESCRIBE `hq_admin_role`
[Mon, 22 Feb 16 07:39:43 +0000][INFO] SELECT IF(COUNT(*) > 0, 1, 0) FROM `INFORMATION_SCHEMA`.`TABLES` WHERE `TABLE_NAME` = 'hq_user_admin' AND `TABLE_SCHEMA` = DATABASE()
[Mon, 22 Feb 16 07:39:43 +0000][INFO] DESCRIBE `hq_user_admin`
[Mon, 22 Feb 16 07:39:43 +0000][INFO] SELECT IF(COUNT(*) > 0, 1, 0) FROM `INFORMATION_SCHEMA`.`TABLES` WHERE `TABLE_NAME` = 'hq_user_admin' AND `TABLE_SCHEMA` = DATABASE()
[Mon, 22 Feb 16 07:39:43 +0000][INFO] DESCRIBE `hq_user_admin`
[Mon, 22 Feb 16 07:39:43 +0000][INFO] SELECT IF(COUNT(*) > 0, 1, 0) FROM `INFORMATION_SCHEMA`.`TABLES` WHERE `TABLE_NAME` = 'hq_user_admin' AND `TABLE_SCHEMA` = DATABASE()
[Mon, 22 Feb 16 07:39:43 +0000][INFO] DESCRIBE `hq_user_admin`
[Mon, 22 Feb 16 07:39:43 +0000][INFO] SELECT `hq_user_admin`.`usa_username` AS `usa_username` FROM `hq_user_admin`
[Mon, 22 Feb 16 07:39:43 +0000][INFO] SELECT IF(COUNT(*) > 0, 1, 0) FROM `INFORMATION_SCHEMA`.`TABLES` WHERE `TABLE_NAME` = 'hq_admin_role' AND `TABLE_SCHEMA` = DATABASE()
[Mon, 22 Feb 16 07:39:43 +0000][INFO] DESCRIBE `hq_admin_role`
[Mon, 22 Feb 16 07:39:43 +0000][INFO] SELECT `hq_admin_role`.`role_id`, `hq_admin_role`.`role_name`, `hq_admin_role`.`role_ar_user` FROM `hq_admin_role`
[Mon, 22 Feb 16 07:44:49 +0000][INFO] SELECT IF(COUNT(*) > 0, 1, 0) FROM `INFORMATION_SCHEMA`.`TABLES` WHERE `TABLE_NAME` = 'hq_admin_role' AND `TABLE_SCHEMA` = DATABASE()
[Mon, 22 Feb 16 07:44:49 +0000][INFO] DESCRIBE `hq_admin_role`
[Mon, 22 Feb 16 07:44:49 +0000][INFO] SELECT IF(COUNT(*) > 0, 1, 0) FROM `INFORMATION_SCHEMA`.`TABLES` WHERE `TABLE_NAME` = 'hq_admin_role' AND `TABLE_SCHEMA` = DATABASE()
[Mon, 22 Feb 16 07:44:49 +0000][INFO] DESCRIBE `hq_admin_role`
[Mon, 22 Feb 16 07:44:49 +0000][INFO] SELECT IF(COUNT(*) > 0, 1, 0) FROM `INFORMATION_SCHEMA`.`TABLES` WHERE `TABLE_NAME` = 'hq_admin_role' AND `TABLE_SCHEMA` = DATABASE()
[Mon, 22 Feb 16 07:44:49 +0000][INFO] DESCRIBE `hq_admin_role`
[Mon, 22 Feb 16 07:44:49 +0000][INFO] SELECT `hq_admin_role`.`role_name` AS `role_name`, `hq_admin_role`.`role_ar_user` AS `role_ar_user` FROM `hq_admin_role`
