[Mon, 21 Dec 15 04:22:32 +0000][INFO] SELECT IF(COUNT(*) > 0, 1, 0) FROM `INFORMATION_SCHEMA`.`TABLES` WHERE `TABLE_NAME` = 'hq_map_setting' AND `TABLE_SCHEMA` = DATABASE()
[Mon, 21 Dec 15 04:22:32 +0000][INFO] DESCRIBE `hq_map_setting`
[Mon, 21 Dec 15 04:22:32 +0000][INFO] SELECT IF(COUNT(*) > 0, 1, 0) FROM `INFORMATION_SCHEMA`.`TABLES` WHERE `TABLE_NAME` = 'hq_category_building' AND `TABLE_SCHEMA` = DATABASE()
[Mon, 21 Dec 15 04:22:32 +0000][INFO] DESCRIBE `hq_category_building`
[Mon, 21 Dec 15 04:22:32 +0000][INFO] SELECT IF(COUNT(*) > 0, 1, 0) FROM `INFORMATION_SCHEMA`.`TABLES` WHERE `TABLE_NAME` = 'hq_map_setting' AND `TABLE_SCHEMA` = DATABASE()
[Mon, 21 Dec 15 04:22:32 +0000][INFO] DESCRIBE `hq_map_setting`
[Mon, 21 Dec 15 04:22:32 +0000][INFO] SELECT IF(COUNT(*) > 0, 1, 0) FROM `INFORMATION_SCHEMA`.`TABLES` WHERE `TABLE_NAME` = 'hq_map_setting' AND `TABLE_SCHEMA` = DATABASE()
[Mon, 21 Dec 15 04:22:32 +0000][INFO] DESCRIBE `hq_map_setting`
[Mon, 21 Dec 15 04:22:32 +0000][INFO] SELECT `hq_map_setting`.`map_id`, `hq_map_setting`.`map_width`, `hq_map_setting`.`map_height`, `hq_map_setting`.`map_center_x`, `hq_map_setting`.`map_center_y`, `hq_map_setting`.`map_khung_width`, `hq_map_setting`.`map_khung_height`, `hq_map_setting`.`map_max_id` FROM `hq_map_setting` WHERE `hq_map_setting`.`map_id` = 1 LIMIT :APL0
[Mon, 21 Dec 15 04:22:32 +0000][INFO] SELECT IF(COUNT(*) > 0, 1, 0) FROM `INFORMATION_SCHEMA`.`TABLES` WHERE `TABLE_NAME` = 'hq_category_building' AND `TABLE_SCHEMA` = DATABASE()
[Mon, 21 Dec 15 04:22:32 +0000][INFO] DESCRIBE `hq_category_building`
[Mon, 21 Dec 15 04:22:32 +0000][INFO] SELECT IF(COUNT(*) > 0, 1, 0) FROM `INFORMATION_SCHEMA`.`TABLES` WHERE `TABLE_NAME` = 'hq_category_building' AND `TABLE_SCHEMA` = DATABASE()
[Mon, 21 Dec 15 04:22:32 +0000][INFO] DESCRIBE `hq_category_building`
[Mon, 21 Dec 15 04:22:32 +0000][INFO] SELECT `hq_category_building`.`cb_id`, `hq_category_building`.`cb_name` FROM `hq_category_building`
[Mon, 21 Dec 15 04:22:34 +0000][INFO] SELECT IF(COUNT(*) > 0, 1, 0) FROM `INFORMATION_SCHEMA`.`TABLES` WHERE `TABLE_NAME` = 'hq_map_setting' AND `TABLE_SCHEMA` = DATABASE()
[Mon, 21 Dec 15 04:22:34 +0000][INFO] DESCRIBE `hq_map_setting`
[Mon, 21 Dec 15 04:22:34 +0000][INFO] SELECT IF(COUNT(*) > 0, 1, 0) FROM `INFORMATION_SCHEMA`.`TABLES` WHERE `TABLE_NAME` = 'hq_object' AND `TABLE_SCHEMA` = DATABASE()
[Mon, 21 Dec 15 04:22:34 +0000][INFO] DESCRIBE `hq_object`
[Mon, 21 Dec 15 04:22:34 +0000][INFO] SELECT IF(COUNT(*) > 0, 1, 0) FROM `INFORMATION_SCHEMA`.`TABLES` WHERE `TABLE_NAME` = 'hq_map_setting' AND `TABLE_SCHEMA` = DATABASE()
[Mon, 21 Dec 15 04:22:34 +0000][INFO] DESCRIBE `hq_map_setting`
[Mon, 21 Dec 15 04:22:34 +0000][INFO] SELECT IF(COUNT(*) > 0, 1, 0) FROM `INFORMATION_SCHEMA`.`TABLES` WHERE `TABLE_NAME` = 'hq_map_setting' AND `TABLE_SCHEMA` = DATABASE()
[Mon, 21 Dec 15 04:22:34 +0000][INFO] DESCRIBE `hq_map_setting`
[Mon, 21 Dec 15 04:22:34 +0000][INFO] SELECT `hq_map_setting`.`map_id`, `hq_map_setting`.`map_width`, `hq_map_setting`.`map_height`, `hq_map_setting`.`map_center_x`, `hq_map_setting`.`map_center_y`, `hq_map_setting`.`map_khung_width`, `hq_map_setting`.`map_khung_height`, `hq_map_setting`.`map_max_id` FROM `hq_map_setting` WHERE `hq_map_setting`.`map_id` = 1 LIMIT :APL0
[Mon, 21 Dec 15 04:22:34 +0000][INFO] SELECT IF(COUNT(*) > 0, 1, 0) FROM `INFORMATION_SCHEMA`.`TABLES` WHERE `TABLE_NAME` = 'hq_object' AND `TABLE_SCHEMA` = DATABASE()
[Mon, 21 Dec 15 04:22:34 +0000][INFO] DESCRIBE `hq_object`
[Mon, 21 Dec 15 04:22:34 +0000][INFO] SELECT IF(COUNT(*) > 0, 1, 0) FROM `INFORMATION_SCHEMA`.`TABLES` WHERE `TABLE_NAME` = 'hq_object' AND `TABLE_SCHEMA` = DATABASE()
[Mon, 21 Dec 15 04:22:34 +0000][INFO] DESCRIBE `hq_object`
[Mon, 21 Dec 15 04:22:34 +0000][INFO] SELECT `hq_object`.`ob_id`, `hq_object`.`bd_id`, `hq_object`.`u_id`, `hq_object`.`ob_name`, `hq_object`.`ob_description`, `hq_object`.`ob_css_id`, `hq_object`.`ob_css_class`, `hq_object`.`ob_position_x`, `hq_object`.`ob_position_y`, `hq_object`.`ob_width`, `hq_object`.`ob_height`, `hq_object`.`ob_zindex`, `hq_object`.`ca_id`, `hq_object`.`ob_create_date`, `hq_object`.`ob_edit_date` FROM `hq_object`
[Mon, 21 Dec 15 06:22:36 +0000][INFO] SELECT IF(COUNT(*) > 0, 1, 0) FROM `INFORMATION_SCHEMA`.`TABLES` WHERE `TABLE_NAME` = 'hq_map_setting' AND `TABLE_SCHEMA` = DATABASE()
[Mon, 21 Dec 15 06:22:36 +0000][INFO] DESCRIBE `hq_map_setting`
[Mon, 21 Dec 15 06:22:36 +0000][INFO] SELECT IF(COUNT(*) > 0, 1, 0) FROM `INFORMATION_SCHEMA`.`TABLES` WHERE `TABLE_NAME` = 'hq_category_building' AND `TABLE_SCHEMA` = DATABASE()
[Mon, 21 Dec 15 06:22:36 +0000][INFO] DESCRIBE `hq_category_building`
[Mon, 21 Dec 15 06:22:36 +0000][INFO] SELECT IF(COUNT(*) > 0, 1, 0) FROM `INFORMATION_SCHEMA`.`TABLES` WHERE `TABLE_NAME` = 'hq_map_setting' AND `TABLE_SCHEMA` = DATABASE()
[Mon, 21 Dec 15 06:22:36 +0000][INFO] DESCRIBE `hq_map_setting`
[Mon, 21 Dec 15 06:22:36 +0000][INFO] SELECT IF(COUNT(*) > 0, 1, 0) FROM `INFORMATION_SCHEMA`.`TABLES` WHERE `TABLE_NAME` = 'hq_map_setting' AND `TABLE_SCHEMA` = DATABASE()
[Mon, 21 Dec 15 06:22:36 +0000][INFO] DESCRIBE `hq_map_setting`
[Mon, 21 Dec 15 06:22:36 +0000][INFO] SELECT `hq_map_setting`.`map_id`, `hq_map_setting`.`map_width`, `hq_map_setting`.`map_height`, `hq_map_setting`.`map_center_x`, `hq_map_setting`.`map_center_y`, `hq_map_setting`.`map_khung_width`, `hq_map_setting`.`map_khung_height`, `hq_map_setting`.`map_max_id` FROM `hq_map_setting` WHERE `hq_map_setting`.`map_id` = 1 LIMIT :APL0
[Mon, 21 Dec 15 06:22:36 +0000][INFO] SELECT IF(COUNT(*) > 0, 1, 0) FROM `INFORMATION_SCHEMA`.`TABLES` WHERE `TABLE_NAME` = 'hq_category_building' AND `TABLE_SCHEMA` = DATABASE()
[Mon, 21 Dec 15 06:22:36 +0000][INFO] DESCRIBE `hq_category_building`
[Mon, 21 Dec 15 06:22:36 +0000][INFO] SELECT IF(COUNT(*) > 0, 1, 0) FROM `INFORMATION_SCHEMA`.`TABLES` WHERE `TABLE_NAME` = 'hq_category_building' AND `TABLE_SCHEMA` = DATABASE()
[Mon, 21 Dec 15 06:22:36 +0000][INFO] DESCRIBE `hq_category_building`
[Mon, 21 Dec 15 06:22:36 +0000][INFO] SELECT `hq_category_building`.`cb_id`, `hq_category_building`.`cb_name` FROM `hq_category_building`
[Mon, 21 Dec 15 06:22:37 +0000][INFO] SELECT IF(COUNT(*) > 0, 1, 0) FROM `INFORMATION_SCHEMA`.`TABLES` WHERE `TABLE_NAME` = 'hq_map_setting' AND `TABLE_SCHEMA` = DATABASE()
[Mon, 21 Dec 15 06:22:37 +0000][INFO] DESCRIBE `hq_map_setting`
[Mon, 21 Dec 15 06:22:37 +0000][INFO] SELECT IF(COUNT(*) > 0, 1, 0) FROM `INFORMATION_SCHEMA`.`TABLES` WHERE `TABLE_NAME` = 'hq_object' AND `TABLE_SCHEMA` = DATABASE()
[Mon, 21 Dec 15 06:22:37 +0000][INFO] DESCRIBE `hq_object`
[Mon, 21 Dec 15 06:22:37 +0000][INFO] SELECT IF(COUNT(*) > 0, 1, 0) FROM `INFORMATION_SCHEMA`.`TABLES` WHERE `TABLE_NAME` = 'hq_map_setting' AND `TABLE_SCHEMA` = DATABASE()
[Mon, 21 Dec 15 06:22:37 +0000][INFO] DESCRIBE `hq_map_setting`
[Mon, 21 Dec 15 06:22:37 +0000][INFO] SELECT IF(COUNT(*) > 0, 1, 0) FROM `INFORMATION_SCHEMA`.`TABLES` WHERE `TABLE_NAME` = 'hq_map_setting' AND `TABLE_SCHEMA` = DATABASE()
[Mon, 21 Dec 15 06:22:37 +0000][INFO] DESCRIBE `hq_map_setting`
[Mon, 21 Dec 15 06:22:37 +0000][INFO] SELECT `hq_map_setting`.`map_id`, `hq_map_setting`.`map_width`, `hq_map_setting`.`map_height`, `hq_map_setting`.`map_center_x`, `hq_map_setting`.`map_center_y`, `hq_map_setting`.`map_khung_width`, `hq_map_setting`.`map_khung_height`, `hq_map_setting`.`map_max_id` FROM `hq_map_setting` WHERE `hq_map_setting`.`map_id` = 1 LIMIT :APL0
[Mon, 21 Dec 15 06:22:37 +0000][INFO] SELECT IF(COUNT(*) > 0, 1, 0) FROM `INFORMATION_SCHEMA`.`TABLES` WHERE `TABLE_NAME` = 'hq_object' AND `TABLE_SCHEMA` = DATABASE()
[Mon, 21 Dec 15 06:22:37 +0000][INFO] DESCRIBE `hq_object`
[Mon, 21 Dec 15 06:22:37 +0000][INFO] SELECT IF(COUNT(*) > 0, 1, 0) FROM `INFORMATION_SCHEMA`.`TABLES` WHERE `TABLE_NAME` = 'hq_object' AND `TABLE_SCHEMA` = DATABASE()
[Mon, 21 Dec 15 06:22:37 +0000][INFO] DESCRIBE `hq_object`
[Mon, 21 Dec 15 06:22:37 +0000][INFO] SELECT `hq_object`.`ob_id`, `hq_object`.`bd_id`, `hq_object`.`u_id`, `hq_object`.`ob_name`, `hq_object`.`ob_description`, `hq_object`.`ob_css_id`, `hq_object`.`ob_css_class`, `hq_object`.`ob_position_x`, `hq_object`.`ob_position_y`, `hq_object`.`ob_width`, `hq_object`.`ob_height`, `hq_object`.`ob_zindex`, `hq_object`.`ca_id`, `hq_object`.`ob_create_date`, `hq_object`.`ob_edit_date` FROM `hq_object`
[Mon, 21 Dec 15 06:22:48 +0000][INFO] SELECT IF(COUNT(*) > 0, 1, 0) FROM `INFORMATION_SCHEMA`.`TABLES` WHERE `TABLE_NAME` = 'hq_map_setting' AND `TABLE_SCHEMA` = DATABASE()
[Mon, 21 Dec 15 06:22:48 +0000][INFO] DESCRIBE `hq_map_setting`
[Mon, 21 Dec 15 06:22:48 +0000][INFO] SELECT IF(COUNT(*) > 0, 1, 0) FROM `INFORMATION_SCHEMA`.`TABLES` WHERE `TABLE_NAME` = 'hq_category_building' AND `TABLE_SCHEMA` = DATABASE()
[Mon, 21 Dec 15 06:22:48 +0000][INFO] DESCRIBE `hq_category_building`
[Mon, 21 Dec 15 06:22:48 +0000][INFO] SELECT IF(COUNT(*) > 0, 1, 0) FROM `INFORMATION_SCHEMA`.`TABLES` WHERE `TABLE_NAME` = 'hq_map_setting' AND `TABLE_SCHEMA` = DATABASE()
[Mon, 21 Dec 15 06:22:48 +0000][INFO] DESCRIBE `hq_map_setting`
[Mon, 21 Dec 15 06:22:48 +0000][INFO] SELECT IF(COUNT(*) > 0, 1, 0) FROM `INFORMATION_SCHEMA`.`TABLES` WHERE `TABLE_NAME` = 'hq_map_setting' AND `TABLE_SCHEMA` = DATABASE()
[Mon, 21 Dec 15 06:22:48 +0000][INFO] DESCRIBE `hq_map_setting`
[Mon, 21 Dec 15 06:22:48 +0000][INFO] SELECT `hq_map_setting`.`map_id`, `hq_map_setting`.`map_width`, `hq_map_setting`.`map_height`, `hq_map_setting`.`map_center_x`, `hq_map_setting`.`map_center_y`, `hq_map_setting`.`map_khung_width`, `hq_map_setting`.`map_khung_height`, `hq_map_setting`.`map_max_id` FROM `hq_map_setting` WHERE `hq_map_setting`.`map_id` = 1 LIMIT :APL0
[Mon, 21 Dec 15 06:22:48 +0000][INFO] SELECT IF(COUNT(*) > 0, 1, 0) FROM `INFORMATION_SCHEMA`.`TABLES` WHERE `TABLE_NAME` = 'hq_category_building' AND `TABLE_SCHEMA` = DATABASE()
[Mon, 21 Dec 15 06:22:48 +0000][INFO] DESCRIBE `hq_category_building`
[Mon, 21 Dec 15 06:22:48 +0000][INFO] SELECT IF(COUNT(*) > 0, 1, 0) FROM `INFORMATION_SCHEMA`.`TABLES` WHERE `TABLE_NAME` = 'hq_category_building' AND `TABLE_SCHEMA` = DATABASE()
[Mon, 21 Dec 15 06:22:48 +0000][INFO] DESCRIBE `hq_category_building`
[Mon, 21 Dec 15 06:22:48 +0000][INFO] SELECT `hq_category_building`.`cb_id`, `hq_category_building`.`cb_name` FROM `hq_category_building`
[Mon, 21 Dec 15 06:26:54 +0000][INFO] SELECT IF(COUNT(*) > 0, 1, 0) FROM `INFORMATION_SCHEMA`.`TABLES` WHERE `TABLE_NAME` = 'hq_map_setting' AND `TABLE_SCHEMA` = DATABASE()
[Mon, 21 Dec 15 06:26:54 +0000][INFO] DESCRIBE `hq_map_setting`
[Mon, 21 Dec 15 06:26:54 +0000][INFO] SELECT IF(COUNT(*) > 0, 1, 0) FROM `INFORMATION_SCHEMA`.`TABLES` WHERE `TABLE_NAME` = 'hq_category_building' AND `TABLE_SCHEMA` = DATABASE()
[Mon, 21 Dec 15 06:26:54 +0000][INFO] DESCRIBE `hq_category_building`
[Mon, 21 Dec 15 06:26:54 +0000][INFO] SELECT IF(COUNT(*) > 0, 1, 0) FROM `INFORMATION_SCHEMA`.`TABLES` WHERE `TABLE_NAME` = 'hq_map_setting' AND `TABLE_SCHEMA` = DATABASE()
[Mon, 21 Dec 15 06:26:54 +0000][INFO] DESCRIBE `hq_map_setting`
[Mon, 21 Dec 15 06:26:54 +0000][INFO] SELECT IF(COUNT(*) > 0, 1, 0) FROM `INFORMATION_SCHEMA`.`TABLES` WHERE `TABLE_NAME` = 'hq_map_setting' AND `TABLE_SCHEMA` = DATABASE()
[Mon, 21 Dec 15 06:26:54 +0000][INFO] DESCRIBE `hq_map_setting`
[Mon, 21 Dec 15 06:26:54 +0000][INFO] SELECT `hq_map_setting`.`map_id`, `hq_map_setting`.`map_width`, `hq_map_setting`.`map_height`, `hq_map_setting`.`map_center_x`, `hq_map_setting`.`map_center_y`, `hq_map_setting`.`map_khung_width`, `hq_map_setting`.`map_khung_height`, `hq_map_setting`.`map_max_id` FROM `hq_map_setting` WHERE `hq_map_setting`.`map_id` = 1 LIMIT :APL0
[Mon, 21 Dec 15 06:26:54 +0000][INFO] SELECT IF(COUNT(*) > 0, 1, 0) FROM `INFORMATION_SCHEMA`.`TABLES` WHERE `TABLE_NAME` = 'hq_category_building' AND `TABLE_SCHEMA` = DATABASE()
[Mon, 21 Dec 15 06:26:54 +0000][INFO] DESCRIBE `hq_category_building`
[Mon, 21 Dec 15 06:26:54 +0000][INFO] SELECT IF(COUNT(*) > 0, 1, 0) FROM `INFORMATION_SCHEMA`.`TABLES` WHERE `TABLE_NAME` = 'hq_category_building' AND `TABLE_SCHEMA` = DATABASE()
[Mon, 21 Dec 15 06:26:54 +0000][INFO] DESCRIBE `hq_category_building`
[Mon, 21 Dec 15 06:26:54 +0000][INFO] SELECT `hq_category_building`.`cb_id`, `hq_category_building`.`cb_name` FROM `hq_category_building`
[Mon, 21 Dec 15 06:26:57 +0000][INFO] SELECT IF(COUNT(*) > 0, 1, 0) FROM `INFORMATION_SCHEMA`.`TABLES` WHERE `TABLE_NAME` = 'hq_map_setting' AND `TABLE_SCHEMA` = DATABASE()
[Mon, 21 Dec 15 06:26:57 +0000][INFO] DESCRIBE `hq_map_setting`
[Mon, 21 Dec 15 06:26:57 +0000][INFO] SELECT IF(COUNT(*) > 0, 1, 0) FROM `INFORMATION_SCHEMA`.`TABLES` WHERE `TABLE_NAME` = 'hq_object' AND `TABLE_SCHEMA` = DATABASE()
[Mon, 21 Dec 15 06:26:57 +0000][INFO] DESCRIBE `hq_object`
[Mon, 21 Dec 15 06:26:57 +0000][INFO] SELECT IF(COUNT(*) > 0, 1, 0) FROM `INFORMATION_SCHEMA`.`TABLES` WHERE `TABLE_NAME` = 'hq_map_setting' AND `TABLE_SCHEMA` = DATABASE()
[Mon, 21 Dec 15 06:26:57 +0000][INFO] DESCRIBE `hq_map_setting`
[Mon, 21 Dec 15 06:26:57 +0000][INFO] SELECT IF(COUNT(*) > 0, 1, 0) FROM `INFORMATION_SCHEMA`.`TABLES` WHERE `TABLE_NAME` = 'hq_map_setting' AND `TABLE_SCHEMA` = DATABASE()
[Mon, 21 Dec 15 06:26:57 +0000][INFO] DESCRIBE `hq_map_setting`
[Mon, 21 Dec 15 06:26:57 +0000][INFO] SELECT `hq_map_setting`.`map_id`, `hq_map_setting`.`map_width`, `hq_map_setting`.`map_height`, `hq_map_setting`.`map_center_x`, `hq_map_setting`.`map_center_y`, `hq_map_setting`.`map_khung_width`, `hq_map_setting`.`map_khung_height`, `hq_map_setting`.`map_max_id` FROM `hq_map_setting` WHERE `hq_map_setting`.`map_id` = 1 LIMIT :APL0
[Mon, 21 Dec 15 06:26:57 +0000][INFO] SELECT IF(COUNT(*) > 0, 1, 0) FROM `INFORMATION_SCHEMA`.`TABLES` WHERE `TABLE_NAME` = 'hq_object' AND `TABLE_SCHEMA` = DATABASE()
[Mon, 21 Dec 15 06:26:57 +0000][INFO] DESCRIBE `hq_object`
[Mon, 21 Dec 15 06:26:57 +0000][INFO] SELECT IF(COUNT(*) > 0, 1, 0) FROM `INFORMATION_SCHEMA`.`TABLES` WHERE `TABLE_NAME` = 'hq_object' AND `TABLE_SCHEMA` = DATABASE()
[Mon, 21 Dec 15 06:26:57 +0000][INFO] DESCRIBE `hq_object`
[Mon, 21 Dec 15 06:26:57 +0000][INFO] SELECT `hq_object`.`ob_id`, `hq_object`.`bd_id`, `hq_object`.`u_id`, `hq_object`.`ob_name`, `hq_object`.`ob_description`, `hq_object`.`ob_css_id`, `hq_object`.`ob_css_class`, `hq_object`.`ob_position_x`, `hq_object`.`ob_position_y`, `hq_object`.`ob_width`, `hq_object`.`ob_height`, `hq_object`.`ob_zindex`, `hq_object`.`ca_id`, `hq_object`.`ob_create_date`, `hq_object`.`ob_edit_date` FROM `hq_object`
[Mon, 21 Dec 15 06:29:37 +0000][INFO] SELECT IF(COUNT(*) > 0, 1, 0) FROM `INFORMATION_SCHEMA`.`TABLES` WHERE `TABLE_NAME` = 'hq_category_building' AND `TABLE_SCHEMA` = DATABASE()
[Mon, 21 Dec 15 06:29:37 +0000][INFO] DESCRIBE `hq_category_building`
[Mon, 21 Dec 15 06:29:37 +0000][INFO] SELECT IF(COUNT(*) > 0, 1, 0) FROM `INFORMATION_SCHEMA`.`TABLES` WHERE `TABLE_NAME` = 'hq_category_building' AND `TABLE_SCHEMA` = DATABASE()
[Mon, 21 Dec 15 06:29:37 +0000][INFO] DESCRIBE `hq_category_building`
[Mon, 21 Dec 15 06:29:37 +0000][INFO] SELECT IF(COUNT(*) > 0, 1, 0) FROM `INFORMATION_SCHEMA`.`TABLES` WHERE `TABLE_NAME` = 'hq_category_building' AND `TABLE_SCHEMA` = DATABASE()
[Mon, 21 Dec 15 06:29:37 +0000][INFO] DESCRIBE `hq_category_building`
[Mon, 21 Dec 15 06:29:37 +0000][INFO] SELECT `hq_category_building`.`cb_id`, `hq_category_building`.`cb_name` FROM `hq_category_building` ORDER BY `hq_category_building`.`cb_id` DESC
[Mon, 21 Dec 15 06:29:41 +0000][INFO] SELECT IF(COUNT(*) > 0, 1, 0) FROM `INFORMATION_SCHEMA`.`TABLES` WHERE `TABLE_NAME` = 'hq_building' AND `TABLE_SCHEMA` = DATABASE()
[Mon, 21 Dec 15 06:29:41 +0000][INFO] DESCRIBE `hq_building`
[Mon, 21 Dec 15 06:29:41 +0000][INFO] SELECT IF(COUNT(*) > 0, 1, 0) FROM `INFORMATION_SCHEMA`.`TABLES` WHERE `TABLE_NAME` = 'hq_category_building' AND `TABLE_SCHEMA` = DATABASE()
[Mon, 21 Dec 15 06:29:41 +0000][INFO] DESCRIBE `hq_category_building`
[Mon, 21 Dec 15 06:29:41 +0000][INFO] SELECT IF(COUNT(*) > 0, 1, 0) FROM `INFORMATION_SCHEMA`.`TABLES` WHERE `TABLE_NAME` = 'hq_building' AND `TABLE_SCHEMA` = DATABASE()
[Mon, 21 Dec 15 06:29:41 +0000][INFO] DESCRIBE `hq_building`
[Mon, 21 Dec 15 06:29:41 +0000][INFO] SELECT IF(COUNT(*) > 0, 1, 0) FROM `INFORMATION_SCHEMA`.`TABLES` WHERE `TABLE_NAME` = 'hq_building' AND `TABLE_SCHEMA` = DATABASE()
[Mon, 21 Dec 15 06:29:41 +0000][INFO] DESCRIBE `hq_building`
[Mon, 21 Dec 15 06:29:41 +0000][INFO] SELECT `hq_building`.`bd_id`, `hq_building`.`cb_id`, `hq_building`.`bd_name`, `hq_building`.`bd_description`, `hq_building`.`bd_width`, `hq_building`.`bd_height`, `hq_building`.`bd_svg`, `hq_building`.`bd_create_date` FROM `hq_building`
[Mon, 21 Dec 15 06:29:41 +0000][INFO] SELECT IF(COUNT(*) > 0, 1, 0) FROM `INFORMATION_SCHEMA`.`TABLES` WHERE `TABLE_NAME` = 'hq_category_building' AND `TABLE_SCHEMA` = DATABASE()
[Mon, 21 Dec 15 06:29:41 +0000][INFO] DESCRIBE `hq_category_building`
[Mon, 21 Dec 15 06:29:41 +0000][INFO] SELECT IF(COUNT(*) > 0, 1, 0) FROM `INFORMATION_SCHEMA`.`TABLES` WHERE `TABLE_NAME` = 'hq_category_building' AND `TABLE_SCHEMA` = DATABASE()
[Mon, 21 Dec 15 06:29:41 +0000][INFO] DESCRIBE `hq_category_building`
[Mon, 21 Dec 15 06:29:41 +0000][INFO] SELECT `hq_category_building`.`cb_id`, `hq_category_building`.`cb_name` FROM `hq_category_building`
[Mon, 21 Dec 15 06:29:41 +0000][INFO] SELECT IF(COUNT(*) > 0, 1, 0) FROM `INFORMATION_SCHEMA`.`TABLES` WHERE `TABLE_NAME` = 'hq_category_building' AND `TABLE_SCHEMA` = DATABASE()
[Mon, 21 Dec 15 06:29:41 +0000][INFO] DESCRIBE `hq_category_building`
[Mon, 21 Dec 15 06:29:41 +0000][INFO] SELECT IF(COUNT(*) > 0, 1, 0) FROM `INFORMATION_SCHEMA`.`TABLES` WHERE `TABLE_NAME` = 'hq_category_building' AND `TABLE_SCHEMA` = DATABASE()
[Mon, 21 Dec 15 06:29:41 +0000][INFO] DESCRIBE `hq_category_building`
[Mon, 21 Dec 15 06:29:41 +0000][INFO] SELECT `hq_category_building`.`cb_id`, `hq_category_building`.`cb_name` FROM `hq_category_building` WHERE `hq_category_building`.`cb_id` = :APR0 LIMIT :APL0
[Mon, 21 Dec 15 06:29:41 +0000][INFO] SELECT IF(COUNT(*) > 0, 1, 0) FROM `INFORMATION_SCHEMA`.`TABLES` WHERE `TABLE_NAME` = 'hq_category_building' AND `TABLE_SCHEMA` = DATABASE()
[Mon, 21 Dec 15 06:29:41 +0000][INFO] DESCRIBE `hq_category_building`
[Mon, 21 Dec 15 06:29:41 +0000][INFO] SELECT IF(COUNT(*) > 0, 1, 0) FROM `INFORMATION_SCHEMA`.`TABLES` WHERE `TABLE_NAME` = 'hq_category_building' AND `TABLE_SCHEMA` = DATABASE()
[Mon, 21 Dec 15 06:29:41 +0000][INFO] DESCRIBE `hq_category_building`
[Mon, 21 Dec 15 06:29:41 +0000][INFO] SELECT `hq_category_building`.`cb_id`, `hq_category_building`.`cb_name` FROM `hq_category_building` WHERE `hq_category_building`.`cb_id` = :APR0 LIMIT :APL0
[Mon, 21 Dec 15 06:29:41 +0000][INFO] SELECT IF(COUNT(*) > 0, 1, 0) FROM `INFORMATION_SCHEMA`.`TABLES` WHERE `TABLE_NAME` = 'hq_category_building' AND `TABLE_SCHEMA` = DATABASE()
[Mon, 21 Dec 15 06:29:41 +0000][INFO] DESCRIBE `hq_category_building`
[Mon, 21 Dec 15 06:29:41 +0000][INFO] SELECT IF(COUNT(*) > 0, 1, 0) FROM `INFORMATION_SCHEMA`.`TABLES` WHERE `TABLE_NAME` = 'hq_category_building' AND `TABLE_SCHEMA` = DATABASE()
[Mon, 21 Dec 15 06:29:41 +0000][INFO] DESCRIBE `hq_category_building`
[Mon, 21 Dec 15 06:29:41 +0000][INFO] SELECT `hq_category_building`.`cb_id`, `hq_category_building`.`cb_name` FROM `hq_category_building` WHERE `hq_category_building`.`cb_id` = :APR0 LIMIT :APL0
[Mon, 21 Dec 15 06:29:50 +0000][INFO] SELECT IF(COUNT(*) > 0, 1, 0) FROM `INFORMATION_SCHEMA`.`TABLES` WHERE `TABLE_NAME` = 'hq_map_setting' AND `TABLE_SCHEMA` = DATABASE()
[Mon, 21 Dec 15 06:29:50 +0000][INFO] DESCRIBE `hq_map_setting`
[Mon, 21 Dec 15 06:29:50 +0000][INFO] SELECT IF(COUNT(*) > 0, 1, 0) FROM `INFORMATION_SCHEMA`.`TABLES` WHERE `TABLE_NAME` = 'hq_category_building' AND `TABLE_SCHEMA` = DATABASE()
[Mon, 21 Dec 15 06:29:50 +0000][INFO] DESCRIBE `hq_category_building`
[Mon, 21 Dec 15 06:29:50 +0000][INFO] SELECT IF(COUNT(*) > 0, 1, 0) FROM `INFORMATION_SCHEMA`.`TABLES` WHERE `TABLE_NAME` = 'hq_map_setting' AND `TABLE_SCHEMA` = DATABASE()
[Mon, 21 Dec 15 06:29:50 +0000][INFO] DESCRIBE `hq_map_setting`
[Mon, 21 Dec 15 06:29:50 +0000][INFO] SELECT IF(COUNT(*) > 0, 1, 0) FROM `INFORMATION_SCHEMA`.`TABLES` WHERE `TABLE_NAME` = 'hq_map_setting' AND `TABLE_SCHEMA` = DATABASE()
[Mon, 21 Dec 15 06:29:50 +0000][INFO] DESCRIBE `hq_map_setting`
[Mon, 21 Dec 15 06:29:50 +0000][INFO] SELECT `hq_map_setting`.`map_id`, `hq_map_setting`.`map_width`, `hq_map_setting`.`map_height`, `hq_map_setting`.`map_center_x`, `hq_map_setting`.`map_center_y`, `hq_map_setting`.`map_khung_width`, `hq_map_setting`.`map_khung_height`, `hq_map_setting`.`map_max_id` FROM `hq_map_setting` WHERE `hq_map_setting`.`map_id` = 1 LIMIT :APL0
[Mon, 21 Dec 15 06:29:50 +0000][INFO] SELECT IF(COUNT(*) > 0, 1, 0) FROM `INFORMATION_SCHEMA`.`TABLES` WHERE `TABLE_NAME` = 'hq_category_building' AND `TABLE_SCHEMA` = DATABASE()
[Mon, 21 Dec 15 06:29:50 +0000][INFO] DESCRIBE `hq_category_building`
[Mon, 21 Dec 15 06:29:50 +0000][INFO] SELECT IF(COUNT(*) > 0, 1, 0) FROM `INFORMATION_SCHEMA`.`TABLES` WHERE `TABLE_NAME` = 'hq_category_building' AND `TABLE_SCHEMA` = DATABASE()
[Mon, 21 Dec 15 06:29:50 +0000][INFO] DESCRIBE `hq_category_building`
[Mon, 21 Dec 15 06:29:50 +0000][INFO] SELECT `hq_category_building`.`cb_id`, `hq_category_building`.`cb_name` FROM `hq_category_building`
[Mon, 21 Dec 15 06:29:51 +0000][INFO] SELECT IF(COUNT(*) > 0, 1, 0) FROM `INFORMATION_SCHEMA`.`TABLES` WHERE `TABLE_NAME` = 'hq_map_setting' AND `TABLE_SCHEMA` = DATABASE()
[Mon, 21 Dec 15 06:29:51 +0000][INFO] DESCRIBE `hq_map_setting`
[Mon, 21 Dec 15 06:29:51 +0000][INFO] SELECT IF(COUNT(*) > 0, 1, 0) FROM `INFORMATION_SCHEMA`.`TABLES` WHERE `TABLE_NAME` = 'hq_object' AND `TABLE_SCHEMA` = DATABASE()
[Mon, 21 Dec 15 06:29:51 +0000][INFO] DESCRIBE `hq_object`
[Mon, 21 Dec 15 06:29:51 +0000][INFO] SELECT IF(COUNT(*) > 0, 1, 0) FROM `INFORMATION_SCHEMA`.`TABLES` WHERE `TABLE_NAME` = 'hq_map_setting' AND `TABLE_SCHEMA` = DATABASE()
[Mon, 21 Dec 15 06:29:51 +0000][INFO] DESCRIBE `hq_map_setting`
[Mon, 21 Dec 15 06:29:51 +0000][INFO] SELECT IF(COUNT(*) > 0, 1, 0) FROM `INFORMATION_SCHEMA`.`TABLES` WHERE `TABLE_NAME` = 'hq_map_setting' AND `TABLE_SCHEMA` = DATABASE()
[Mon, 21 Dec 15 06:29:51 +0000][INFO] DESCRIBE `hq_map_setting`
[Mon, 21 Dec 15 06:29:51 +0000][INFO] SELECT `hq_map_setting`.`map_id`, `hq_map_setting`.`map_width`, `hq_map_setting`.`map_height`, `hq_map_setting`.`map_center_x`, `hq_map_setting`.`map_center_y`, `hq_map_setting`.`map_khung_width`, `hq_map_setting`.`map_khung_height`, `hq_map_setting`.`map_max_id` FROM `hq_map_setting` WHERE `hq_map_setting`.`map_id` = 1 LIMIT :APL0
[Mon, 21 Dec 15 06:29:51 +0000][INFO] SELECT IF(COUNT(*) > 0, 1, 0) FROM `INFORMATION_SCHEMA`.`TABLES` WHERE `TABLE_NAME` = 'hq_object' AND `TABLE_SCHEMA` = DATABASE()
[Mon, 21 Dec 15 06:29:51 +0000][INFO] DESCRIBE `hq_object`
[Mon, 21 Dec 15 06:29:51 +0000][INFO] SELECT IF(COUNT(*) > 0, 1, 0) FROM `INFORMATION_SCHEMA`.`TABLES` WHERE `TABLE_NAME` = 'hq_object' AND `TABLE_SCHEMA` = DATABASE()
[Mon, 21 Dec 15 06:29:51 +0000][INFO] DESCRIBE `hq_object`
[Mon, 21 Dec 15 06:29:51 +0000][INFO] SELECT `hq_object`.`ob_id`, `hq_object`.`bd_id`, `hq_object`.`u_id`, `hq_object`.`ob_name`, `hq_object`.`ob_description`, `hq_object`.`ob_css_id`, `hq_object`.`ob_css_class`, `hq_object`.`ob_position_x`, `hq_object`.`ob_position_y`, `hq_object`.`ob_width`, `hq_object`.`ob_height`, `hq_object`.`ob_zindex`, `hq_object`.`ca_id`, `hq_object`.`ob_create_date`, `hq_object`.`ob_edit_date` FROM `hq_object`
