[Sun, 24 Jan 16 08:07:26 +0000][INFO] SELECT IF(COUNT(*) > 0, 1, 0) FROM `INFORMATION_SCHEMA`.`TABLES` WHERE `TABLE_NAME` = 'hq_member_vip' AND `TABLE_SCHEMA` = DATABASE()
[Sun, 24 Jan 16 08:07:26 +0000][INFO] DESCRIBE `hq_member_vip`
[Sun, 24 Jan 16 08:07:26 +0000][INFO] SELECT `hq_member_vip`.`mv_id`, `hq_member_vip`.`mv_name`, `hq_member_vip`.`mv_secret`, `hq_member_vip`.`mv_nickname`, `hq_member_vip`.`mv_last_login`, `hq_member_vip`.`mv_permission` FROM `hq_member_vip` WHERE `hq_member_vip`.`mv_name` = :username LIMIT :APL0
[Sun, 24 Jan 16 08:07:31 +0000][INFO] SELECT IF(COUNT(*) > 0, 1, 0) FROM `INFORMATION_SCHEMA`.`TABLES` WHERE `TABLE_NAME` = 'hq_content_group' AND `TABLE_SCHEMA` = DATABASE()
[Sun, 24 Jan 16 08:07:31 +0000][INFO] DESCRIBE `hq_content_group`
[Sun, 24 Jan 16 08:07:31 +0000][INFO] SELECT `hq_content_group`.`hcg_id`, `hq_content_group`.`hcg_key`, `hq_content_group`.`hcg_main`, `hq_content_group`.`hcg_created_date`, `hq_content_group`.`hcg_position` FROM `hq_content_group` WHERE `hq_content_group`.`hcg_position` = 1 ORDER BY `hq_content_group`.`hcg_id` DESC
[Sun, 24 Jan 16 08:07:31 +0000][INFO] SELECT `hq_content_group`.`hcg_id`, `hq_content_group`.`hcg_key`, `hq_content_group`.`hcg_main`, `hq_content_group`.`hcg_created_date`, `hq_content_group`.`hcg_position` FROM `hq_content_group` WHERE `hq_content_group`.`hcg_position` = 2 ORDER BY `hq_content_group`.`hcg_id` DESC
[Sun, 24 Jan 16 08:07:31 +0000][INFO] SELECT `hq_content_group`.`hcg_id`, `hq_content_group`.`hcg_key`, `hq_content_group`.`hcg_main`, `hq_content_group`.`hcg_created_date`, `hq_content_group`.`hcg_position` FROM `hq_content_group` WHERE `hq_content_group`.`hcg_position` = 3 ORDER BY `hq_content_group`.`hcg_id` DESC
[Sun, 24 Jan 16 08:07:33 +0000][INFO] SELECT IF(COUNT(*) > 0, 1, 0) FROM `INFORMATION_SCHEMA`.`TABLES` WHERE `TABLE_NAME` = 'hq_content_group' AND `TABLE_SCHEMA` = DATABASE()
[Sun, 24 Jan 16 08:07:33 +0000][INFO] DESCRIBE `hq_content_group`
[Sun, 24 Jan 16 08:07:33 +0000][INFO] SELECT `hq_content_group`.`hcg_id`, `hq_content_group`.`hcg_key`, `hq_content_group`.`hcg_main`, `hq_content_group`.`hcg_created_date`, `hq_content_group`.`hcg_position` FROM `hq_content_group` WHERE `hq_content_group`.`hcg_position` = 1 ORDER BY `hq_content_group`.`hcg_id` DESC
[Sun, 24 Jan 16 08:07:33 +0000][INFO] SELECT `hq_content_group`.`hcg_id`, `hq_content_group`.`hcg_key`, `hq_content_group`.`hcg_main`, `hq_content_group`.`hcg_created_date`, `hq_content_group`.`hcg_position` FROM `hq_content_group` WHERE `hq_content_group`.`hcg_position` = 2 ORDER BY `hq_content_group`.`hcg_id` DESC
[Sun, 24 Jan 16 08:07:33 +0000][INFO] SELECT `hq_content_group`.`hcg_id`, `hq_content_group`.`hcg_key`, `hq_content_group`.`hcg_main`, `hq_content_group`.`hcg_created_date`, `hq_content_group`.`hcg_position` FROM `hq_content_group` WHERE `hq_content_group`.`hcg_position` = 3 ORDER BY `hq_content_group`.`hcg_id` DESC
[Sun, 24 Jan 16 08:25:05 +0000][INFO] SELECT IF(COUNT(*) > 0, 1, 0) FROM `INFORMATION_SCHEMA`.`TABLES` WHERE `TABLE_NAME` = 'hq_content_group' AND `TABLE_SCHEMA` = DATABASE()
[Sun, 24 Jan 16 08:25:05 +0000][INFO] DESCRIBE `hq_content_group`
[Sun, 24 Jan 16 08:25:05 +0000][INFO] SELECT `hq_content_group`.`hcg_id`, `hq_content_group`.`hcg_key`, `hq_content_group`.`hcg_main`, `hq_content_group`.`hcg_created_date`, `hq_content_group`.`hcg_position` FROM `hq_content_group` WHERE `hq_content_group`.`hcg_position` = 1 ORDER BY `hq_content_group`.`hcg_id` DESC
[Sun, 24 Jan 16 08:25:05 +0000][INFO] SELECT `hq_content_group`.`hcg_id`, `hq_content_group`.`hcg_key`, `hq_content_group`.`hcg_main`, `hq_content_group`.`hcg_created_date`, `hq_content_group`.`hcg_position` FROM `hq_content_group` WHERE `hq_content_group`.`hcg_position` = 2 ORDER BY `hq_content_group`.`hcg_id` DESC
[Sun, 24 Jan 16 08:25:05 +0000][INFO] SELECT `hq_content_group`.`hcg_id`, `hq_content_group`.`hcg_key`, `hq_content_group`.`hcg_main`, `hq_content_group`.`hcg_created_date`, `hq_content_group`.`hcg_position` FROM `hq_content_group` WHERE `hq_content_group`.`hcg_position` = 3 ORDER BY `hq_content_group`.`hcg_id` DESC
[Sun, 24 Jan 16 08:25:10 +0000][INFO] SELECT IF(COUNT(*) > 0, 1, 0) FROM `INFORMATION_SCHEMA`.`TABLES` WHERE `TABLE_NAME` = 'hq_content_group' AND `TABLE_SCHEMA` = DATABASE()
[Sun, 24 Jan 16 08:25:10 +0000][INFO] DESCRIBE `hq_content_group`
[Sun, 24 Jan 16 08:25:10 +0000][INFO] SELECT `hq_content_group`.`hcg_id`, `hq_content_group`.`hcg_key`, `hq_content_group`.`hcg_main`, `hq_content_group`.`hcg_created_date`, `hq_content_group`.`hcg_position` FROM `hq_content_group` WHERE `hq_content_group`.`hcg_position` = 1 ORDER BY `hq_content_group`.`hcg_id` DESC
[Sun, 24 Jan 16 08:25:10 +0000][INFO] SELECT `hq_content_group`.`hcg_id`, `hq_content_group`.`hcg_key`, `hq_content_group`.`hcg_main`, `hq_content_group`.`hcg_created_date`, `hq_content_group`.`hcg_position` FROM `hq_content_group` WHERE `hq_content_group`.`hcg_position` = 2 ORDER BY `hq_content_group`.`hcg_id` DESC
[Sun, 24 Jan 16 08:25:10 +0000][INFO] SELECT `hq_content_group`.`hcg_id`, `hq_content_group`.`hcg_key`, `hq_content_group`.`hcg_main`, `hq_content_group`.`hcg_created_date`, `hq_content_group`.`hcg_position` FROM `hq_content_group` WHERE `hq_content_group`.`hcg_position` = 3 ORDER BY `hq_content_group`.`hcg_id` DESC
[Sun, 24 Jan 16 08:28:26 +0000][INFO] SELECT IF(COUNT(*) > 0, 1, 0) FROM `INFORMATION_SCHEMA`.`TABLES` WHERE `TABLE_NAME` = 'hq_content_group' AND `TABLE_SCHEMA` = DATABASE()
[Sun, 24 Jan 16 08:28:26 +0000][INFO] DESCRIBE `hq_content_group`
[Sun, 24 Jan 16 08:28:26 +0000][INFO] SELECT `hq_content_group`.`hcg_id`, `hq_content_group`.`hcg_key`, `hq_content_group`.`hcg_main`, `hq_content_group`.`hcg_created_date`, `hq_content_group`.`hcg_position` FROM `hq_content_group` WHERE `hq_content_group`.`hcg_position` = 1 ORDER BY `hq_content_group`.`hcg_id` DESC
[Sun, 24 Jan 16 08:28:26 +0000][INFO] SELECT `hq_content_group`.`hcg_id`, `hq_content_group`.`hcg_key`, `hq_content_group`.`hcg_main`, `hq_content_group`.`hcg_created_date`, `hq_content_group`.`hcg_position` FROM `hq_content_group` WHERE `hq_content_group`.`hcg_position` = 2 ORDER BY `hq_content_group`.`hcg_id` DESC
[Sun, 24 Jan 16 08:28:26 +0000][INFO] SELECT `hq_content_group`.`hcg_id`, `hq_content_group`.`hcg_key`, `hq_content_group`.`hcg_main`, `hq_content_group`.`hcg_created_date`, `hq_content_group`.`hcg_position` FROM `hq_content_group` WHERE `hq_content_group`.`hcg_position` = 3 ORDER BY `hq_content_group`.`hcg_id` DESC
[Sun, 24 Jan 16 08:28:29 +0000][INFO] SELECT IF(COUNT(*) > 0, 1, 0) FROM `INFORMATION_SCHEMA`.`TABLES` WHERE `TABLE_NAME` = 'hq_content_group' AND `TABLE_SCHEMA` = DATABASE()
[Sun, 24 Jan 16 08:28:29 +0000][INFO] DESCRIBE `hq_content_group`
[Sun, 24 Jan 16 08:28:29 +0000][INFO] SELECT `hq_content_group`.`hcg_id`, `hq_content_group`.`hcg_key`, `hq_content_group`.`hcg_main`, `hq_content_group`.`hcg_created_date`, `hq_content_group`.`hcg_position` FROM `hq_content_group` WHERE `hq_content_group`.`hcg_position` = 1 ORDER BY `hq_content_group`.`hcg_id` DESC
[Sun, 24 Jan 16 08:28:29 +0000][INFO] SELECT `hq_content_group`.`hcg_id`, `hq_content_group`.`hcg_key`, `hq_content_group`.`hcg_main`, `hq_content_group`.`hcg_created_date`, `hq_content_group`.`hcg_position` FROM `hq_content_group` WHERE `hq_content_group`.`hcg_position` = 2 ORDER BY `hq_content_group`.`hcg_id` DESC
[Sun, 24 Jan 16 08:28:29 +0000][INFO] SELECT `hq_content_group`.`hcg_id`, `hq_content_group`.`hcg_key`, `hq_content_group`.`hcg_main`, `hq_content_group`.`hcg_created_date`, `hq_content_group`.`hcg_position` FROM `hq_content_group` WHERE `hq_content_group`.`hcg_position` = 3 ORDER BY `hq_content_group`.`hcg_id` DESC
[Sun, 24 Jan 16 08:33:44 +0000][INFO] SELECT IF(COUNT(*) > 0, 1, 0) FROM `INFORMATION_SCHEMA`.`TABLES` WHERE `TABLE_NAME` = 'hq_content_group' AND `TABLE_SCHEMA` = DATABASE()
[Sun, 24 Jan 16 08:33:44 +0000][INFO] DESCRIBE `hq_content_group`
[Sun, 24 Jan 16 08:33:44 +0000][INFO] SELECT `hq_content_group`.`hcg_id`, `hq_content_group`.`hcg_key`, `hq_content_group`.`hcg_main`, `hq_content_group`.`hcg_created_date`, `hq_content_group`.`hcg_position` FROM `hq_content_group` WHERE `hq_content_group`.`hcg_position` = 1 ORDER BY `hq_content_group`.`hcg_id` DESC
[Sun, 24 Jan 16 08:33:44 +0000][INFO] SELECT `hq_content_group`.`hcg_id`, `hq_content_group`.`hcg_key`, `hq_content_group`.`hcg_main`, `hq_content_group`.`hcg_created_date`, `hq_content_group`.`hcg_position` FROM `hq_content_group` WHERE `hq_content_group`.`hcg_position` = 2 ORDER BY `hq_content_group`.`hcg_id` DESC
[Sun, 24 Jan 16 08:33:44 +0000][INFO] SELECT `hq_content_group`.`hcg_id`, `hq_content_group`.`hcg_key`, `hq_content_group`.`hcg_main`, `hq_content_group`.`hcg_created_date`, `hq_content_group`.`hcg_position` FROM `hq_content_group` WHERE `hq_content_group`.`hcg_position` = 3 ORDER BY `hq_content_group`.`hcg_id` DESC
[Sun, 24 Jan 16 08:33:47 +0000][INFO] SELECT IF(COUNT(*) > 0, 1, 0) FROM `INFORMATION_SCHEMA`.`TABLES` WHERE `TABLE_NAME` = 'hq_content_group' AND `TABLE_SCHEMA` = DATABASE()
[Sun, 24 Jan 16 08:33:47 +0000][INFO] DESCRIBE `hq_content_group`
[Sun, 24 Jan 16 08:33:47 +0000][INFO] SELECT `hq_content_group`.`hcg_id`, `hq_content_group`.`hcg_key`, `hq_content_group`.`hcg_main`, `hq_content_group`.`hcg_created_date`, `hq_content_group`.`hcg_position` FROM `hq_content_group` WHERE `hq_content_group`.`hcg_position` = 1 ORDER BY `hq_content_group`.`hcg_id` DESC
[Sun, 24 Jan 16 08:33:47 +0000][INFO] SELECT `hq_content_group`.`hcg_id`, `hq_content_group`.`hcg_key`, `hq_content_group`.`hcg_main`, `hq_content_group`.`hcg_created_date`, `hq_content_group`.`hcg_position` FROM `hq_content_group` WHERE `hq_content_group`.`hcg_position` = 2 ORDER BY `hq_content_group`.`hcg_id` DESC
[Sun, 24 Jan 16 08:33:47 +0000][INFO] SELECT `hq_content_group`.`hcg_id`, `hq_content_group`.`hcg_key`, `hq_content_group`.`hcg_main`, `hq_content_group`.`hcg_created_date`, `hq_content_group`.`hcg_position` FROM `hq_content_group` WHERE `hq_content_group`.`hcg_position` = 3 ORDER BY `hq_content_group`.`hcg_id` DESC
[Sun, 24 Jan 16 08:35:41 +0000][INFO] SELECT IF(COUNT(*) > 0, 1, 0) FROM `INFORMATION_SCHEMA`.`TABLES` WHERE `TABLE_NAME` = 'hq_content_group' AND `TABLE_SCHEMA` = DATABASE()
[Sun, 24 Jan 16 08:35:41 +0000][INFO] DESCRIBE `hq_content_group`
[Sun, 24 Jan 16 08:35:41 +0000][INFO] SELECT `hq_content_group`.`hcg_id`, `hq_content_group`.`hcg_key`, `hq_content_group`.`hcg_main`, `hq_content_group`.`hcg_created_date`, `hq_content_group`.`hcg_position` FROM `hq_content_group` WHERE `hq_content_group`.`hcg_position` = 1 ORDER BY `hq_content_group`.`hcg_id` DESC
[Sun, 24 Jan 16 08:35:41 +0000][INFO] SELECT `hq_content_group`.`hcg_id`, `hq_content_group`.`hcg_key`, `hq_content_group`.`hcg_main`, `hq_content_group`.`hcg_created_date`, `hq_content_group`.`hcg_position` FROM `hq_content_group` WHERE `hq_content_group`.`hcg_position` = 2 ORDER BY `hq_content_group`.`hcg_id` DESC
[Sun, 24 Jan 16 08:35:41 +0000][INFO] SELECT `hq_content_group`.`hcg_id`, `hq_content_group`.`hcg_key`, `hq_content_group`.`hcg_main`, `hq_content_group`.`hcg_created_date`, `hq_content_group`.`hcg_position` FROM `hq_content_group` WHERE `hq_content_group`.`hcg_position` = 3 ORDER BY `hq_content_group`.`hcg_id` DESC
[Sun, 24 Jan 16 08:35:56 +0000][INFO] SELECT IF(COUNT(*) > 0, 1, 0) FROM `INFORMATION_SCHEMA`.`TABLES` WHERE `TABLE_NAME` = 'hq_content_group' AND `TABLE_SCHEMA` = DATABASE()
[Sun, 24 Jan 16 08:35:56 +0000][INFO] DESCRIBE `hq_content_group`
[Sun, 24 Jan 16 08:35:56 +0000][INFO] SELECT `hq_content_group`.`hcg_id`, `hq_content_group`.`hcg_key`, `hq_content_group`.`hcg_main`, `hq_content_group`.`hcg_created_date`, `hq_content_group`.`hcg_position` FROM `hq_content_group` WHERE `hq_content_group`.`hcg_position` = 1 ORDER BY `hq_content_group`.`hcg_id` DESC
[Sun, 24 Jan 16 08:35:56 +0000][INFO] SELECT `hq_content_group`.`hcg_id`, `hq_content_group`.`hcg_key`, `hq_content_group`.`hcg_main`, `hq_content_group`.`hcg_created_date`, `hq_content_group`.`hcg_position` FROM `hq_content_group` WHERE `hq_content_group`.`hcg_position` = 2 ORDER BY `hq_content_group`.`hcg_id` DESC
[Sun, 24 Jan 16 08:35:56 +0000][INFO] SELECT `hq_content_group`.`hcg_id`, `hq_content_group`.`hcg_key`, `hq_content_group`.`hcg_main`, `hq_content_group`.`hcg_created_date`, `hq_content_group`.`hcg_position` FROM `hq_content_group` WHERE `hq_content_group`.`hcg_position` = 3 ORDER BY `hq_content_group`.`hcg_id` DESC
[Sun, 24 Jan 16 08:38:40 +0000][INFO] SELECT IF(COUNT(*) > 0, 1, 0) FROM `INFORMATION_SCHEMA`.`TABLES` WHERE `TABLE_NAME` = 'hq_content_group' AND `TABLE_SCHEMA` = DATABASE()
[Sun, 24 Jan 16 08:38:40 +0000][INFO] DESCRIBE `hq_content_group`
[Sun, 24 Jan 16 08:38:40 +0000][INFO] SELECT `hq_content_group`.`hcg_id`, `hq_content_group`.`hcg_key`, `hq_content_group`.`hcg_main`, `hq_content_group`.`hcg_created_date`, `hq_content_group`.`hcg_position` FROM `hq_content_group` WHERE `hq_content_group`.`hcg_position` = 1 ORDER BY `hq_content_group`.`hcg_id` DESC
[Sun, 24 Jan 16 08:38:40 +0000][INFO] SELECT `hq_content_group`.`hcg_id`, `hq_content_group`.`hcg_key`, `hq_content_group`.`hcg_main`, `hq_content_group`.`hcg_created_date`, `hq_content_group`.`hcg_position` FROM `hq_content_group` WHERE `hq_content_group`.`hcg_position` = 2 ORDER BY `hq_content_group`.`hcg_id` DESC
[Sun, 24 Jan 16 08:38:40 +0000][INFO] SELECT `hq_content_group`.`hcg_id`, `hq_content_group`.`hcg_key`, `hq_content_group`.`hcg_main`, `hq_content_group`.`hcg_created_date`, `hq_content_group`.`hcg_position` FROM `hq_content_group` WHERE `hq_content_group`.`hcg_position` = 3 ORDER BY `hq_content_group`.`hcg_id` DESC
[Sun, 24 Jan 16 08:38:48 +0000][INFO] SELECT IF(COUNT(*) > 0, 1, 0) FROM `INFORMATION_SCHEMA`.`TABLES` WHERE `TABLE_NAME` = 'hq_content_group' AND `TABLE_SCHEMA` = DATABASE()
[Sun, 24 Jan 16 08:38:48 +0000][INFO] DESCRIBE `hq_content_group`
[Sun, 24 Jan 16 08:38:48 +0000][INFO] SELECT `hq_content_group`.`hcg_id`, `hq_content_group`.`hcg_key`, `hq_content_group`.`hcg_main`, `hq_content_group`.`hcg_created_date`, `hq_content_group`.`hcg_position` FROM `hq_content_group` WHERE `hq_content_group`.`hcg_position` = 1 ORDER BY `hq_content_group`.`hcg_id` DESC
[Sun, 24 Jan 16 08:38:48 +0000][INFO] SELECT `hq_content_group`.`hcg_id`, `hq_content_group`.`hcg_key`, `hq_content_group`.`hcg_main`, `hq_content_group`.`hcg_created_date`, `hq_content_group`.`hcg_position` FROM `hq_content_group` WHERE `hq_content_group`.`hcg_position` = 2 ORDER BY `hq_content_group`.`hcg_id` DESC
[Sun, 24 Jan 16 08:38:48 +0000][INFO] SELECT `hq_content_group`.`hcg_id`, `hq_content_group`.`hcg_key`, `hq_content_group`.`hcg_main`, `hq_content_group`.`hcg_created_date`, `hq_content_group`.`hcg_position` FROM `hq_content_group` WHERE `hq_content_group`.`hcg_position` = 3 ORDER BY `hq_content_group`.`hcg_id` DESC
[Sun, 24 Jan 16 08:39:24 +0000][INFO] SELECT IF(COUNT(*) > 0, 1, 0) FROM `INFORMATION_SCHEMA`.`TABLES` WHERE `TABLE_NAME` = 'hq_content_group' AND `TABLE_SCHEMA` = DATABASE()
[Sun, 24 Jan 16 08:39:24 +0000][INFO] DESCRIBE `hq_content_group`
[Sun, 24 Jan 16 08:39:24 +0000][INFO] SELECT `hq_content_group`.`hcg_id`, `hq_content_group`.`hcg_key`, `hq_content_group`.`hcg_main`, `hq_content_group`.`hcg_created_date`, `hq_content_group`.`hcg_position` FROM `hq_content_group` WHERE `hq_content_group`.`hcg_position` = 1 ORDER BY `hq_content_group`.`hcg_id` DESC
[Sun, 24 Jan 16 08:39:24 +0000][INFO] SELECT `hq_content_group`.`hcg_id`, `hq_content_group`.`hcg_key`, `hq_content_group`.`hcg_main`, `hq_content_group`.`hcg_created_date`, `hq_content_group`.`hcg_position` FROM `hq_content_group` WHERE `hq_content_group`.`hcg_position` = 2 ORDER BY `hq_content_group`.`hcg_id` DESC
[Sun, 24 Jan 16 08:39:24 +0000][INFO] SELECT `hq_content_group`.`hcg_id`, `hq_content_group`.`hcg_key`, `hq_content_group`.`hcg_main`, `hq_content_group`.`hcg_created_date`, `hq_content_group`.`hcg_position` FROM `hq_content_group` WHERE `hq_content_group`.`hcg_position` = 3 ORDER BY `hq_content_group`.`hcg_id` DESC
[Sun, 24 Jan 16 08:39:26 +0000][INFO] SELECT IF(COUNT(*) > 0, 1, 0) FROM `INFORMATION_SCHEMA`.`TABLES` WHERE `TABLE_NAME` = 'hq_content_group' AND `TABLE_SCHEMA` = DATABASE()
[Sun, 24 Jan 16 08:39:26 +0000][INFO] DESCRIBE `hq_content_group`
[Sun, 24 Jan 16 08:39:26 +0000][INFO] SELECT `hq_content_group`.`hcg_id`, `hq_content_group`.`hcg_key`, `hq_content_group`.`hcg_main`, `hq_content_group`.`hcg_created_date`, `hq_content_group`.`hcg_position` FROM `hq_content_group` WHERE `hq_content_group`.`hcg_position` = 1 ORDER BY `hq_content_group`.`hcg_id` DESC
[Sun, 24 Jan 16 08:39:26 +0000][INFO] SELECT `hq_content_group`.`hcg_id`, `hq_content_group`.`hcg_key`, `hq_content_group`.`hcg_main`, `hq_content_group`.`hcg_created_date`, `hq_content_group`.`hcg_position` FROM `hq_content_group` WHERE `hq_content_group`.`hcg_position` = 2 ORDER BY `hq_content_group`.`hcg_id` DESC
[Sun, 24 Jan 16 08:39:26 +0000][INFO] SELECT `hq_content_group`.`hcg_id`, `hq_content_group`.`hcg_key`, `hq_content_group`.`hcg_main`, `hq_content_group`.`hcg_created_date`, `hq_content_group`.`hcg_position` FROM `hq_content_group` WHERE `hq_content_group`.`hcg_position` = 3 ORDER BY `hq_content_group`.`hcg_id` DESC
[Sun, 24 Jan 16 08:40:00 +0000][INFO] SELECT IF(COUNT(*) > 0, 1, 0) FROM `INFORMATION_SCHEMA`.`TABLES` WHERE `TABLE_NAME` = 'hq_content_group' AND `TABLE_SCHEMA` = DATABASE()
[Sun, 24 Jan 16 08:40:00 +0000][INFO] DESCRIBE `hq_content_group`
[Sun, 24 Jan 16 08:40:00 +0000][INFO] SELECT `hq_content_group`.`hcg_id`, `hq_content_group`.`hcg_key`, `hq_content_group`.`hcg_main`, `hq_content_group`.`hcg_created_date`, `hq_content_group`.`hcg_position` FROM `hq_content_group` WHERE `hq_content_group`.`hcg_position` = 1 ORDER BY `hq_content_group`.`hcg_id` DESC
[Sun, 24 Jan 16 08:40:00 +0000][INFO] SELECT `hq_content_group`.`hcg_id`, `hq_content_group`.`hcg_key`, `hq_content_group`.`hcg_main`, `hq_content_group`.`hcg_created_date`, `hq_content_group`.`hcg_position` FROM `hq_content_group` WHERE `hq_content_group`.`hcg_position` = 2 ORDER BY `hq_content_group`.`hcg_id` DESC
[Sun, 24 Jan 16 08:40:00 +0000][INFO] SELECT `hq_content_group`.`hcg_id`, `hq_content_group`.`hcg_key`, `hq_content_group`.`hcg_main`, `hq_content_group`.`hcg_created_date`, `hq_content_group`.`hcg_position` FROM `hq_content_group` WHERE `hq_content_group`.`hcg_position` = 3 ORDER BY `hq_content_group`.`hcg_id` DESC
[Sun, 24 Jan 16 08:40:12 +0000][INFO] SELECT IF(COUNT(*) > 0, 1, 0) FROM `INFORMATION_SCHEMA`.`TABLES` WHERE `TABLE_NAME` = 'hq_content_group' AND `TABLE_SCHEMA` = DATABASE()
[Sun, 24 Jan 16 08:40:12 +0000][INFO] DESCRIBE `hq_content_group`
[Sun, 24 Jan 16 08:40:12 +0000][INFO] SELECT `hq_content_group`.`hcg_id`, `hq_content_group`.`hcg_key`, `hq_content_group`.`hcg_main`, `hq_content_group`.`hcg_created_date`, `hq_content_group`.`hcg_position` FROM `hq_content_group` WHERE `hq_content_group`.`hcg_position` = 1 ORDER BY `hq_content_group`.`hcg_id` DESC
[Sun, 24 Jan 16 08:40:12 +0000][INFO] SELECT `hq_content_group`.`hcg_id`, `hq_content_group`.`hcg_key`, `hq_content_group`.`hcg_main`, `hq_content_group`.`hcg_created_date`, `hq_content_group`.`hcg_position` FROM `hq_content_group` WHERE `hq_content_group`.`hcg_position` = 2 ORDER BY `hq_content_group`.`hcg_id` DESC
[Sun, 24 Jan 16 08:40:12 +0000][INFO] SELECT `hq_content_group`.`hcg_id`, `hq_content_group`.`hcg_key`, `hq_content_group`.`hcg_main`, `hq_content_group`.`hcg_created_date`, `hq_content_group`.`hcg_position` FROM `hq_content_group` WHERE `hq_content_group`.`hcg_position` = 3 ORDER BY `hq_content_group`.`hcg_id` DESC
[Sun, 24 Jan 16 08:43:01 +0000][INFO] SELECT IF(COUNT(*) > 0, 1, 0) FROM `INFORMATION_SCHEMA`.`TABLES` WHERE `TABLE_NAME` = 'hq_content_group' AND `TABLE_SCHEMA` = DATABASE()
[Sun, 24 Jan 16 08:43:01 +0000][INFO] DESCRIBE `hq_content_group`
[Sun, 24 Jan 16 08:43:01 +0000][INFO] SELECT `hq_content_group`.`hcg_id`, `hq_content_group`.`hcg_key`, `hq_content_group`.`hcg_main`, `hq_content_group`.`hcg_created_date`, `hq_content_group`.`hcg_position` FROM `hq_content_group` WHERE `hq_content_group`.`hcg_position` = 1 ORDER BY `hq_content_group`.`hcg_id` DESC
[Sun, 24 Jan 16 08:43:01 +0000][INFO] SELECT `hq_content_group`.`hcg_id`, `hq_content_group`.`hcg_key`, `hq_content_group`.`hcg_main`, `hq_content_group`.`hcg_created_date`, `hq_content_group`.`hcg_position` FROM `hq_content_group` WHERE `hq_content_group`.`hcg_position` = 2 ORDER BY `hq_content_group`.`hcg_id` DESC
[Sun, 24 Jan 16 08:43:01 +0000][INFO] SELECT `hq_content_group`.`hcg_id`, `hq_content_group`.`hcg_key`, `hq_content_group`.`hcg_main`, `hq_content_group`.`hcg_created_date`, `hq_content_group`.`hcg_position` FROM `hq_content_group` WHERE `hq_content_group`.`hcg_position` = 3 ORDER BY `hq_content_group`.`hcg_id` DESC
[Sun, 24 Jan 16 08:43:04 +0000][INFO] SELECT IF(COUNT(*) > 0, 1, 0) FROM `INFORMATION_SCHEMA`.`TABLES` WHERE `TABLE_NAME` = 'hq_content_group' AND `TABLE_SCHEMA` = DATABASE()
[Sun, 24 Jan 16 08:43:04 +0000][INFO] DESCRIBE `hq_content_group`
[Sun, 24 Jan 16 08:43:04 +0000][INFO] SELECT `hq_content_group`.`hcg_id`, `hq_content_group`.`hcg_key`, `hq_content_group`.`hcg_main`, `hq_content_group`.`hcg_created_date`, `hq_content_group`.`hcg_position` FROM `hq_content_group` WHERE `hq_content_group`.`hcg_position` = 1 ORDER BY `hq_content_group`.`hcg_id` DESC
[Sun, 24 Jan 16 08:43:04 +0000][INFO] SELECT `hq_content_group`.`hcg_id`, `hq_content_group`.`hcg_key`, `hq_content_group`.`hcg_main`, `hq_content_group`.`hcg_created_date`, `hq_content_group`.`hcg_position` FROM `hq_content_group` WHERE `hq_content_group`.`hcg_position` = 2 ORDER BY `hq_content_group`.`hcg_id` DESC
[Sun, 24 Jan 16 08:43:04 +0000][INFO] SELECT `hq_content_group`.`hcg_id`, `hq_content_group`.`hcg_key`, `hq_content_group`.`hcg_main`, `hq_content_group`.`hcg_created_date`, `hq_content_group`.`hcg_position` FROM `hq_content_group` WHERE `hq_content_group`.`hcg_position` = 3 ORDER BY `hq_content_group`.`hcg_id` DESC
[Sun, 24 Jan 16 08:43:29 +0000][INFO] SELECT IF(COUNT(*) > 0, 1, 0) FROM `INFORMATION_SCHEMA`.`TABLES` WHERE `TABLE_NAME` = 'hq_content_group' AND `TABLE_SCHEMA` = DATABASE()
[Sun, 24 Jan 16 08:43:29 +0000][INFO] DESCRIBE `hq_content_group`
[Sun, 24 Jan 16 08:43:29 +0000][INFO] SELECT `hq_content_group`.`hcg_id`, `hq_content_group`.`hcg_key`, `hq_content_group`.`hcg_main`, `hq_content_group`.`hcg_created_date`, `hq_content_group`.`hcg_position` FROM `hq_content_group` WHERE `hq_content_group`.`hcg_position` = 1 ORDER BY `hq_content_group`.`hcg_id` DESC
[Sun, 24 Jan 16 08:43:29 +0000][INFO] SELECT `hq_content_group`.`hcg_id`, `hq_content_group`.`hcg_key`, `hq_content_group`.`hcg_main`, `hq_content_group`.`hcg_created_date`, `hq_content_group`.`hcg_position` FROM `hq_content_group` WHERE `hq_content_group`.`hcg_position` = 2 ORDER BY `hq_content_group`.`hcg_id` DESC
[Sun, 24 Jan 16 08:43:29 +0000][INFO] SELECT `hq_content_group`.`hcg_id`, `hq_content_group`.`hcg_key`, `hq_content_group`.`hcg_main`, `hq_content_group`.`hcg_created_date`, `hq_content_group`.`hcg_position` FROM `hq_content_group` WHERE `hq_content_group`.`hcg_position` = 3 ORDER BY `hq_content_group`.`hcg_id` DESC
[Sun, 24 Jan 16 08:43:31 +0000][INFO] SELECT IF(COUNT(*) > 0, 1, 0) FROM `INFORMATION_SCHEMA`.`TABLES` WHERE `TABLE_NAME` = 'hq_content_group' AND `TABLE_SCHEMA` = DATABASE()
[Sun, 24 Jan 16 08:43:31 +0000][INFO] DESCRIBE `hq_content_group`
[Sun, 24 Jan 16 08:43:31 +0000][INFO] SELECT `hq_content_group`.`hcg_id`, `hq_content_group`.`hcg_key`, `hq_content_group`.`hcg_main`, `hq_content_group`.`hcg_created_date`, `hq_content_group`.`hcg_position` FROM `hq_content_group` WHERE `hq_content_group`.`hcg_position` = 1 ORDER BY `hq_content_group`.`hcg_id` DESC
[Sun, 24 Jan 16 08:43:31 +0000][INFO] SELECT `hq_content_group`.`hcg_id`, `hq_content_group`.`hcg_key`, `hq_content_group`.`hcg_main`, `hq_content_group`.`hcg_created_date`, `hq_content_group`.`hcg_position` FROM `hq_content_group` WHERE `hq_content_group`.`hcg_position` = 2 ORDER BY `hq_content_group`.`hcg_id` DESC
[Sun, 24 Jan 16 08:43:31 +0000][INFO] SELECT `hq_content_group`.`hcg_id`, `hq_content_group`.`hcg_key`, `hq_content_group`.`hcg_main`, `hq_content_group`.`hcg_created_date`, `hq_content_group`.`hcg_position` FROM `hq_content_group` WHERE `hq_content_group`.`hcg_position` = 3 ORDER BY `hq_content_group`.`hcg_id` DESC
[Sun, 24 Jan 16 08:44:26 +0000][INFO] SELECT IF(COUNT(*) > 0, 1, 0) FROM `INFORMATION_SCHEMA`.`TABLES` WHERE `TABLE_NAME` = 'hq_content_group' AND `TABLE_SCHEMA` = DATABASE()
[Sun, 24 Jan 16 08:44:26 +0000][INFO] DESCRIBE `hq_content_group`
[Sun, 24 Jan 16 08:44:26 +0000][INFO] SELECT `hq_content_group`.`hcg_id`, `hq_content_group`.`hcg_key`, `hq_content_group`.`hcg_main`, `hq_content_group`.`hcg_created_date`, `hq_content_group`.`hcg_position` FROM `hq_content_group` WHERE `hq_content_group`.`hcg_position` = 1 ORDER BY `hq_content_group`.`hcg_id` DESC
[Sun, 24 Jan 16 08:44:26 +0000][INFO] SELECT `hq_content_group`.`hcg_id`, `hq_content_group`.`hcg_key`, `hq_content_group`.`hcg_main`, `hq_content_group`.`hcg_created_date`, `hq_content_group`.`hcg_position` FROM `hq_content_group` WHERE `hq_content_group`.`hcg_position` = 2 ORDER BY `hq_content_group`.`hcg_id` DESC
[Sun, 24 Jan 16 08:44:26 +0000][INFO] SELECT `hq_content_group`.`hcg_id`, `hq_content_group`.`hcg_key`, `hq_content_group`.`hcg_main`, `hq_content_group`.`hcg_created_date`, `hq_content_group`.`hcg_position` FROM `hq_content_group` WHERE `hq_content_group`.`hcg_position` = 3 ORDER BY `hq_content_group`.`hcg_id` DESC
[Sun, 24 Jan 16 08:44:29 +0000][INFO] SELECT IF(COUNT(*) > 0, 1, 0) FROM `INFORMATION_SCHEMA`.`TABLES` WHERE `TABLE_NAME` = 'hq_content_group' AND `TABLE_SCHEMA` = DATABASE()
[Sun, 24 Jan 16 08:44:29 +0000][INFO] DESCRIBE `hq_content_group`
[Sun, 24 Jan 16 08:44:29 +0000][INFO] SELECT `hq_content_group`.`hcg_id`, `hq_content_group`.`hcg_key`, `hq_content_group`.`hcg_main`, `hq_content_group`.`hcg_created_date`, `hq_content_group`.`hcg_position` FROM `hq_content_group` WHERE `hq_content_group`.`hcg_position` = 1 ORDER BY `hq_content_group`.`hcg_id` DESC
[Sun, 24 Jan 16 08:44:29 +0000][INFO] SELECT `hq_content_group`.`hcg_id`, `hq_content_group`.`hcg_key`, `hq_content_group`.`hcg_main`, `hq_content_group`.`hcg_created_date`, `hq_content_group`.`hcg_position` FROM `hq_content_group` WHERE `hq_content_group`.`hcg_position` = 2 ORDER BY `hq_content_group`.`hcg_id` DESC
[Sun, 24 Jan 16 08:44:29 +0000][INFO] SELECT `hq_content_group`.`hcg_id`, `hq_content_group`.`hcg_key`, `hq_content_group`.`hcg_main`, `hq_content_group`.`hcg_created_date`, `hq_content_group`.`hcg_position` FROM `hq_content_group` WHERE `hq_content_group`.`hcg_position` = 3 ORDER BY `hq_content_group`.`hcg_id` DESC
[Sun, 24 Jan 16 08:44:47 +0000][INFO] SELECT IF(COUNT(*) > 0, 1, 0) FROM `INFORMATION_SCHEMA`.`TABLES` WHERE `TABLE_NAME` = 'hq_content_group' AND `TABLE_SCHEMA` = DATABASE()
[Sun, 24 Jan 16 08:44:47 +0000][INFO] DESCRIBE `hq_content_group`
[Sun, 24 Jan 16 08:44:47 +0000][INFO] SELECT `hq_content_group`.`hcg_id`, `hq_content_group`.`hcg_key`, `hq_content_group`.`hcg_main`, `hq_content_group`.`hcg_created_date`, `hq_content_group`.`hcg_position` FROM `hq_content_group` WHERE `hq_content_group`.`hcg_position` = 1 ORDER BY `hq_content_group`.`hcg_id` DESC
[Sun, 24 Jan 16 08:44:47 +0000][INFO] SELECT `hq_content_group`.`hcg_id`, `hq_content_group`.`hcg_key`, `hq_content_group`.`hcg_main`, `hq_content_group`.`hcg_created_date`, `hq_content_group`.`hcg_position` FROM `hq_content_group` WHERE `hq_content_group`.`hcg_position` = 2 ORDER BY `hq_content_group`.`hcg_id` DESC
[Sun, 24 Jan 16 08:44:47 +0000][INFO] SELECT `hq_content_group`.`hcg_id`, `hq_content_group`.`hcg_key`, `hq_content_group`.`hcg_main`, `hq_content_group`.`hcg_created_date`, `hq_content_group`.`hcg_position` FROM `hq_content_group` WHERE `hq_content_group`.`hcg_position` = 3 ORDER BY `hq_content_group`.`hcg_id` DESC
[Sun, 24 Jan 16 08:44:48 +0000][INFO] SELECT IF(COUNT(*) > 0, 1, 0) FROM `INFORMATION_SCHEMA`.`TABLES` WHERE `TABLE_NAME` = 'hq_content_group' AND `TABLE_SCHEMA` = DATABASE()
[Sun, 24 Jan 16 08:44:48 +0000][INFO] DESCRIBE `hq_content_group`
[Sun, 24 Jan 16 08:44:48 +0000][INFO] SELECT `hq_content_group`.`hcg_id`, `hq_content_group`.`hcg_key`, `hq_content_group`.`hcg_main`, `hq_content_group`.`hcg_created_date`, `hq_content_group`.`hcg_position` FROM `hq_content_group` WHERE `hq_content_group`.`hcg_position` = 1 ORDER BY `hq_content_group`.`hcg_id` DESC
[Sun, 24 Jan 16 08:44:48 +0000][INFO] SELECT `hq_content_group`.`hcg_id`, `hq_content_group`.`hcg_key`, `hq_content_group`.`hcg_main`, `hq_content_group`.`hcg_created_date`, `hq_content_group`.`hcg_position` FROM `hq_content_group` WHERE `hq_content_group`.`hcg_position` = 2 ORDER BY `hq_content_group`.`hcg_id` DESC
[Sun, 24 Jan 16 08:44:48 +0000][INFO] SELECT `hq_content_group`.`hcg_id`, `hq_content_group`.`hcg_key`, `hq_content_group`.`hcg_main`, `hq_content_group`.`hcg_created_date`, `hq_content_group`.`hcg_position` FROM `hq_content_group` WHERE `hq_content_group`.`hcg_position` = 3 ORDER BY `hq_content_group`.`hcg_id` DESC
[Sun, 24 Jan 16 08:45:14 +0000][INFO] SELECT IF(COUNT(*) > 0, 1, 0) FROM `INFORMATION_SCHEMA`.`TABLES` WHERE `TABLE_NAME` = 'hq_content_group' AND `TABLE_SCHEMA` = DATABASE()
[Sun, 24 Jan 16 08:45:14 +0000][INFO] DESCRIBE `hq_content_group`
[Sun, 24 Jan 16 08:45:14 +0000][INFO] SELECT `hq_content_group`.`hcg_id`, `hq_content_group`.`hcg_key`, `hq_content_group`.`hcg_main`, `hq_content_group`.`hcg_created_date`, `hq_content_group`.`hcg_position` FROM `hq_content_group` WHERE `hq_content_group`.`hcg_position` = 1 ORDER BY `hq_content_group`.`hcg_id` DESC
[Sun, 24 Jan 16 08:45:14 +0000][INFO] SELECT `hq_content_group`.`hcg_id`, `hq_content_group`.`hcg_key`, `hq_content_group`.`hcg_main`, `hq_content_group`.`hcg_created_date`, `hq_content_group`.`hcg_position` FROM `hq_content_group` WHERE `hq_content_group`.`hcg_position` = 2 ORDER BY `hq_content_group`.`hcg_id` DESC
[Sun, 24 Jan 16 08:45:14 +0000][INFO] SELECT `hq_content_group`.`hcg_id`, `hq_content_group`.`hcg_key`, `hq_content_group`.`hcg_main`, `hq_content_group`.`hcg_created_date`, `hq_content_group`.`hcg_position` FROM `hq_content_group` WHERE `hq_content_group`.`hcg_position` = 3 ORDER BY `hq_content_group`.`hcg_id` DESC
[Sun, 24 Jan 16 08:46:03 +0000][INFO] SELECT IF(COUNT(*) > 0, 1, 0) FROM `INFORMATION_SCHEMA`.`TABLES` WHERE `TABLE_NAME` = 'hq_content_group' AND `TABLE_SCHEMA` = DATABASE()
[Sun, 24 Jan 16 08:46:03 +0000][INFO] DESCRIBE `hq_content_group`
[Sun, 24 Jan 16 08:46:04 +0000][INFO] SELECT `hq_content_group`.`hcg_id`, `hq_content_group`.`hcg_key`, `hq_content_group`.`hcg_main`, `hq_content_group`.`hcg_created_date`, `hq_content_group`.`hcg_position` FROM `hq_content_group` WHERE `hq_content_group`.`hcg_position` = 1 ORDER BY `hq_content_group`.`hcg_id` DESC
[Sun, 24 Jan 16 08:46:04 +0000][INFO] SELECT `hq_content_group`.`hcg_id`, `hq_content_group`.`hcg_key`, `hq_content_group`.`hcg_main`, `hq_content_group`.`hcg_created_date`, `hq_content_group`.`hcg_position` FROM `hq_content_group` WHERE `hq_content_group`.`hcg_position` = 2 ORDER BY `hq_content_group`.`hcg_id` DESC
[Sun, 24 Jan 16 08:46:04 +0000][INFO] SELECT `hq_content_group`.`hcg_id`, `hq_content_group`.`hcg_key`, `hq_content_group`.`hcg_main`, `hq_content_group`.`hcg_created_date`, `hq_content_group`.`hcg_position` FROM `hq_content_group` WHERE `hq_content_group`.`hcg_position` = 3 ORDER BY `hq_content_group`.`hcg_id` DESC
[Sun, 24 Jan 16 08:49:24 +0000][INFO] SELECT IF(COUNT(*) > 0, 1, 0) FROM `INFORMATION_SCHEMA`.`TABLES` WHERE `TABLE_NAME` = 'hq_content_group' AND `TABLE_SCHEMA` = DATABASE()
[Sun, 24 Jan 16 08:49:24 +0000][INFO] DESCRIBE `hq_content_group`
[Sun, 24 Jan 16 08:49:24 +0000][INFO] SELECT `hq_content_group`.`hcg_id`, `hq_content_group`.`hcg_key`, `hq_content_group`.`hcg_main`, `hq_content_group`.`hcg_created_date`, `hq_content_group`.`hcg_position` FROM `hq_content_group` WHERE `hq_content_group`.`hcg_position` = 1 ORDER BY `hq_content_group`.`hcg_id` DESC
[Sun, 24 Jan 16 08:49:24 +0000][INFO] SELECT `hq_content_group`.`hcg_id`, `hq_content_group`.`hcg_key`, `hq_content_group`.`hcg_main`, `hq_content_group`.`hcg_created_date`, `hq_content_group`.`hcg_position` FROM `hq_content_group` WHERE `hq_content_group`.`hcg_position` = 2 ORDER BY `hq_content_group`.`hcg_id` DESC
[Sun, 24 Jan 16 08:49:24 +0000][INFO] SELECT `hq_content_group`.`hcg_id`, `hq_content_group`.`hcg_key`, `hq_content_group`.`hcg_main`, `hq_content_group`.`hcg_created_date`, `hq_content_group`.`hcg_position` FROM `hq_content_group` WHERE `hq_content_group`.`hcg_position` = 3 ORDER BY `hq_content_group`.`hcg_id` DESC
[Sun, 24 Jan 16 08:49:27 +0000][INFO] SELECT IF(COUNT(*) > 0, 1, 0) FROM `INFORMATION_SCHEMA`.`TABLES` WHERE `TABLE_NAME` = 'hq_content_group' AND `TABLE_SCHEMA` = DATABASE()
[Sun, 24 Jan 16 08:49:27 +0000][INFO] DESCRIBE `hq_content_group`
[Sun, 24 Jan 16 08:49:27 +0000][INFO] SELECT `hq_content_group`.`hcg_id`, `hq_content_group`.`hcg_key`, `hq_content_group`.`hcg_main`, `hq_content_group`.`hcg_created_date`, `hq_content_group`.`hcg_position` FROM `hq_content_group` WHERE `hq_content_group`.`hcg_position` = 1 ORDER BY `hq_content_group`.`hcg_id` DESC
[Sun, 24 Jan 16 08:49:27 +0000][INFO] SELECT `hq_content_group`.`hcg_id`, `hq_content_group`.`hcg_key`, `hq_content_group`.`hcg_main`, `hq_content_group`.`hcg_created_date`, `hq_content_group`.`hcg_position` FROM `hq_content_group` WHERE `hq_content_group`.`hcg_position` = 2 ORDER BY `hq_content_group`.`hcg_id` DESC
[Sun, 24 Jan 16 08:49:27 +0000][INFO] SELECT `hq_content_group`.`hcg_id`, `hq_content_group`.`hcg_key`, `hq_content_group`.`hcg_main`, `hq_content_group`.`hcg_created_date`, `hq_content_group`.`hcg_position` FROM `hq_content_group` WHERE `hq_content_group`.`hcg_position` = 3 ORDER BY `hq_content_group`.`hcg_id` DESC
[Sun, 24 Jan 16 08:49:53 +0000][INFO] SELECT IF(COUNT(*) > 0, 1, 0) FROM `INFORMATION_SCHEMA`.`TABLES` WHERE `TABLE_NAME` = 'hq_content_group' AND `TABLE_SCHEMA` = DATABASE()
[Sun, 24 Jan 16 08:49:53 +0000][INFO] DESCRIBE `hq_content_group`
[Sun, 24 Jan 16 08:49:53 +0000][INFO] SELECT `hq_content_group`.`hcg_id`, `hq_content_group`.`hcg_key`, `hq_content_group`.`hcg_main`, `hq_content_group`.`hcg_created_date`, `hq_content_group`.`hcg_position` FROM `hq_content_group` WHERE `hq_content_group`.`hcg_position` = 1 ORDER BY `hq_content_group`.`hcg_id` DESC
[Sun, 24 Jan 16 08:49:53 +0000][INFO] SELECT `hq_content_group`.`hcg_id`, `hq_content_group`.`hcg_key`, `hq_content_group`.`hcg_main`, `hq_content_group`.`hcg_created_date`, `hq_content_group`.`hcg_position` FROM `hq_content_group` WHERE `hq_content_group`.`hcg_position` = 2 ORDER BY `hq_content_group`.`hcg_id` DESC
[Sun, 24 Jan 16 08:49:53 +0000][INFO] SELECT `hq_content_group`.`hcg_id`, `hq_content_group`.`hcg_key`, `hq_content_group`.`hcg_main`, `hq_content_group`.`hcg_created_date`, `hq_content_group`.`hcg_position` FROM `hq_content_group` WHERE `hq_content_group`.`hcg_position` = 3 ORDER BY `hq_content_group`.`hcg_id` DESC
[Sun, 24 Jan 16 09:01:21 +0000][INFO] SELECT IF(COUNT(*) > 0, 1, 0) FROM `INFORMATION_SCHEMA`.`TABLES` WHERE `TABLE_NAME` = 'hq_content_group' AND `TABLE_SCHEMA` = DATABASE()
[Sun, 24 Jan 16 09:01:21 +0000][INFO] DESCRIBE `hq_content_group`
[Sun, 24 Jan 16 09:01:21 +0000][INFO] SELECT `hq_content_group`.`hcg_id`, `hq_content_group`.`hcg_key`, `hq_content_group`.`hcg_main`, `hq_content_group`.`hcg_created_date`, `hq_content_group`.`hcg_position` FROM `hq_content_group` WHERE `hq_content_group`.`hcg_position` = 1 ORDER BY `hq_content_group`.`hcg_id` DESC
[Sun, 24 Jan 16 09:01:21 +0000][INFO] SELECT `hq_content_group`.`hcg_id`, `hq_content_group`.`hcg_key`, `hq_content_group`.`hcg_main`, `hq_content_group`.`hcg_created_date`, `hq_content_group`.`hcg_position` FROM `hq_content_group` WHERE `hq_content_group`.`hcg_position` = 2 ORDER BY `hq_content_group`.`hcg_id` DESC
[Sun, 24 Jan 16 09:01:21 +0000][INFO] SELECT `hq_content_group`.`hcg_id`, `hq_content_group`.`hcg_key`, `hq_content_group`.`hcg_main`, `hq_content_group`.`hcg_created_date`, `hq_content_group`.`hcg_position` FROM `hq_content_group` WHERE `hq_content_group`.`hcg_position` = 3 ORDER BY `hq_content_group`.`hcg_id` DESC
[Sun, 24 Jan 16 09:01:24 +0000][INFO] SELECT IF(COUNT(*) > 0, 1, 0) FROM `INFORMATION_SCHEMA`.`TABLES` WHERE `TABLE_NAME` = 'hq_content_group' AND `TABLE_SCHEMA` = DATABASE()
[Sun, 24 Jan 16 09:01:24 +0000][INFO] DESCRIBE `hq_content_group`
[Sun, 24 Jan 16 09:01:24 +0000][INFO] SELECT `hq_content_group`.`hcg_id`, `hq_content_group`.`hcg_key`, `hq_content_group`.`hcg_main`, `hq_content_group`.`hcg_created_date`, `hq_content_group`.`hcg_position` FROM `hq_content_group` WHERE `hq_content_group`.`hcg_position` = 1 ORDER BY `hq_content_group`.`hcg_id` DESC
[Sun, 24 Jan 16 09:01:24 +0000][INFO] SELECT `hq_content_group`.`hcg_id`, `hq_content_group`.`hcg_key`, `hq_content_group`.`hcg_main`, `hq_content_group`.`hcg_created_date`, `hq_content_group`.`hcg_position` FROM `hq_content_group` WHERE `hq_content_group`.`hcg_position` = 2 ORDER BY `hq_content_group`.`hcg_id` DESC
[Sun, 24 Jan 16 09:01:24 +0000][INFO] SELECT `hq_content_group`.`hcg_id`, `hq_content_group`.`hcg_key`, `hq_content_group`.`hcg_main`, `hq_content_group`.`hcg_created_date`, `hq_content_group`.`hcg_position` FROM `hq_content_group` WHERE `hq_content_group`.`hcg_position` = 3 ORDER BY `hq_content_group`.`hcg_id` DESC
[Sun, 24 Jan 16 09:03:22 +0000][INFO] SELECT IF(COUNT(*) > 0, 1, 0) FROM `INFORMATION_SCHEMA`.`TABLES` WHERE `TABLE_NAME` = 'hq_content_group' AND `TABLE_SCHEMA` = DATABASE()
[Sun, 24 Jan 16 09:03:22 +0000][INFO] DESCRIBE `hq_content_group`
[Sun, 24 Jan 16 09:03:22 +0000][INFO] SELECT `hq_content_group`.`hcg_id`, `hq_content_group`.`hcg_key`, `hq_content_group`.`hcg_main`, `hq_content_group`.`hcg_created_date`, `hq_content_group`.`hcg_position` FROM `hq_content_group` WHERE `hq_content_group`.`hcg_position` = 1 ORDER BY `hq_content_group`.`hcg_id` DESC
[Sun, 24 Jan 16 09:03:22 +0000][INFO] SELECT `hq_content_group`.`hcg_id`, `hq_content_group`.`hcg_key`, `hq_content_group`.`hcg_main`, `hq_content_group`.`hcg_created_date`, `hq_content_group`.`hcg_position` FROM `hq_content_group` WHERE `hq_content_group`.`hcg_position` = 2 ORDER BY `hq_content_group`.`hcg_id` DESC
[Sun, 24 Jan 16 09:03:22 +0000][INFO] SELECT `hq_content_group`.`hcg_id`, `hq_content_group`.`hcg_key`, `hq_content_group`.`hcg_main`, `hq_content_group`.`hcg_created_date`, `hq_content_group`.`hcg_position` FROM `hq_content_group` WHERE `hq_content_group`.`hcg_position` = 3 ORDER BY `hq_content_group`.`hcg_id` DESC
[Sun, 24 Jan 16 09:03:37 +0000][INFO] SELECT IF(COUNT(*) > 0, 1, 0) FROM `INFORMATION_SCHEMA`.`TABLES` WHERE `TABLE_NAME` = 'hq_content_group' AND `TABLE_SCHEMA` = DATABASE()
[Sun, 24 Jan 16 09:03:37 +0000][INFO] DESCRIBE `hq_content_group`
[Sun, 24 Jan 16 09:03:37 +0000][INFO] SELECT `hq_content_group`.`hcg_id`, `hq_content_group`.`hcg_key`, `hq_content_group`.`hcg_main`, `hq_content_group`.`hcg_created_date`, `hq_content_group`.`hcg_position` FROM `hq_content_group` WHERE `hq_content_group`.`hcg_position` = 1 ORDER BY `hq_content_group`.`hcg_id` DESC
[Sun, 24 Jan 16 09:03:37 +0000][INFO] SELECT `hq_content_group`.`hcg_id`, `hq_content_group`.`hcg_key`, `hq_content_group`.`hcg_main`, `hq_content_group`.`hcg_created_date`, `hq_content_group`.`hcg_position` FROM `hq_content_group` WHERE `hq_content_group`.`hcg_position` = 2 ORDER BY `hq_content_group`.`hcg_id` DESC
[Sun, 24 Jan 16 09:03:37 +0000][INFO] SELECT `hq_content_group`.`hcg_id`, `hq_content_group`.`hcg_key`, `hq_content_group`.`hcg_main`, `hq_content_group`.`hcg_created_date`, `hq_content_group`.`hcg_position` FROM `hq_content_group` WHERE `hq_content_group`.`hcg_position` = 3 ORDER BY `hq_content_group`.`hcg_id` DESC
[Sun, 24 Jan 16 09:04:41 +0000][INFO] SELECT IF(COUNT(*) > 0, 1, 0) FROM `INFORMATION_SCHEMA`.`TABLES` WHERE `TABLE_NAME` = 'hq_content_group' AND `TABLE_SCHEMA` = DATABASE()
[Sun, 24 Jan 16 09:04:41 +0000][INFO] DESCRIBE `hq_content_group`
[Sun, 24 Jan 16 09:04:41 +0000][INFO] SELECT `hq_content_group`.`hcg_id`, `hq_content_group`.`hcg_key`, `hq_content_group`.`hcg_main`, `hq_content_group`.`hcg_created_date`, `hq_content_group`.`hcg_position` FROM `hq_content_group` WHERE `hq_content_group`.`hcg_position` = 1 ORDER BY `hq_content_group`.`hcg_id` DESC
[Sun, 24 Jan 16 09:04:41 +0000][INFO] SELECT `hq_content_group`.`hcg_id`, `hq_content_group`.`hcg_key`, `hq_content_group`.`hcg_main`, `hq_content_group`.`hcg_created_date`, `hq_content_group`.`hcg_position` FROM `hq_content_group` WHERE `hq_content_group`.`hcg_position` = 2 ORDER BY `hq_content_group`.`hcg_id` DESC
[Sun, 24 Jan 16 09:04:41 +0000][INFO] SELECT `hq_content_group`.`hcg_id`, `hq_content_group`.`hcg_key`, `hq_content_group`.`hcg_main`, `hq_content_group`.`hcg_created_date`, `hq_content_group`.`hcg_position` FROM `hq_content_group` WHERE `hq_content_group`.`hcg_position` = 3 ORDER BY `hq_content_group`.`hcg_id` DESC
[Sun, 24 Jan 16 09:05:09 +0000][INFO] SELECT IF(COUNT(*) > 0, 1, 0) FROM `INFORMATION_SCHEMA`.`TABLES` WHERE `TABLE_NAME` = 'hq_content_group' AND `TABLE_SCHEMA` = DATABASE()
[Sun, 24 Jan 16 09:05:09 +0000][INFO] DESCRIBE `hq_content_group`
[Sun, 24 Jan 16 09:05:09 +0000][INFO] SELECT `hq_content_group`.`hcg_id`, `hq_content_group`.`hcg_key`, `hq_content_group`.`hcg_main`, `hq_content_group`.`hcg_created_date`, `hq_content_group`.`hcg_position` FROM `hq_content_group` WHERE `hq_content_group`.`hcg_position` = 1 ORDER BY `hq_content_group`.`hcg_id` DESC
[Sun, 24 Jan 16 09:05:09 +0000][INFO] SELECT `hq_content_group`.`hcg_id`, `hq_content_group`.`hcg_key`, `hq_content_group`.`hcg_main`, `hq_content_group`.`hcg_created_date`, `hq_content_group`.`hcg_position` FROM `hq_content_group` WHERE `hq_content_group`.`hcg_position` = 2 ORDER BY `hq_content_group`.`hcg_id` DESC
[Sun, 24 Jan 16 09:05:09 +0000][INFO] SELECT `hq_content_group`.`hcg_id`, `hq_content_group`.`hcg_key`, `hq_content_group`.`hcg_main`, `hq_content_group`.`hcg_created_date`, `hq_content_group`.`hcg_position` FROM `hq_content_group` WHERE `hq_content_group`.`hcg_position` = 3 ORDER BY `hq_content_group`.`hcg_id` DESC
[Sun, 24 Jan 16 09:06:27 +0000][INFO] SELECT IF(COUNT(*) > 0, 1, 0) FROM `INFORMATION_SCHEMA`.`TABLES` WHERE `TABLE_NAME` = 'hq_content_group' AND `TABLE_SCHEMA` = DATABASE()
[Sun, 24 Jan 16 09:06:27 +0000][INFO] DESCRIBE `hq_content_group`
[Sun, 24 Jan 16 09:06:27 +0000][INFO] SELECT `hq_content_group`.`hcg_id`, `hq_content_group`.`hcg_key`, `hq_content_group`.`hcg_main`, `hq_content_group`.`hcg_created_date`, `hq_content_group`.`hcg_position` FROM `hq_content_group` WHERE `hq_content_group`.`hcg_position` = 1 ORDER BY `hq_content_group`.`hcg_id` DESC
[Sun, 24 Jan 16 09:06:27 +0000][INFO] SELECT `hq_content_group`.`hcg_id`, `hq_content_group`.`hcg_key`, `hq_content_group`.`hcg_main`, `hq_content_group`.`hcg_created_date`, `hq_content_group`.`hcg_position` FROM `hq_content_group` WHERE `hq_content_group`.`hcg_position` = 2 ORDER BY `hq_content_group`.`hcg_id` DESC
[Sun, 24 Jan 16 09:06:27 +0000][INFO] SELECT `hq_content_group`.`hcg_id`, `hq_content_group`.`hcg_key`, `hq_content_group`.`hcg_main`, `hq_content_group`.`hcg_created_date`, `hq_content_group`.`hcg_position` FROM `hq_content_group` WHERE `hq_content_group`.`hcg_position` = 3 ORDER BY `hq_content_group`.`hcg_id` DESC
[Sun, 24 Jan 16 09:09:20 +0000][INFO] SELECT IF(COUNT(*) > 0, 1, 0) FROM `INFORMATION_SCHEMA`.`TABLES` WHERE `TABLE_NAME` = 'hq_content_group' AND `TABLE_SCHEMA` = DATABASE()
[Sun, 24 Jan 16 09:09:20 +0000][INFO] DESCRIBE `hq_content_group`
[Sun, 24 Jan 16 09:09:20 +0000][INFO] SELECT `hq_content_group`.`hcg_id`, `hq_content_group`.`hcg_key`, `hq_content_group`.`hcg_main`, `hq_content_group`.`hcg_created_date`, `hq_content_group`.`hcg_position` FROM `hq_content_group` WHERE `hq_content_group`.`hcg_position` = 1 ORDER BY `hq_content_group`.`hcg_id` DESC
[Sun, 24 Jan 16 09:09:20 +0000][INFO] SELECT `hq_content_group`.`hcg_id`, `hq_content_group`.`hcg_key`, `hq_content_group`.`hcg_main`, `hq_content_group`.`hcg_created_date`, `hq_content_group`.`hcg_position` FROM `hq_content_group` WHERE `hq_content_group`.`hcg_position` = 2 ORDER BY `hq_content_group`.`hcg_id` DESC
[Sun, 24 Jan 16 09:09:20 +0000][INFO] SELECT `hq_content_group`.`hcg_id`, `hq_content_group`.`hcg_key`, `hq_content_group`.`hcg_main`, `hq_content_group`.`hcg_created_date`, `hq_content_group`.`hcg_position` FROM `hq_content_group` WHERE `hq_content_group`.`hcg_position` = 3 ORDER BY `hq_content_group`.`hcg_id` DESC
[Sun, 24 Jan 16 09:13:16 +0000][INFO] SELECT IF(COUNT(*) > 0, 1, 0) FROM `INFORMATION_SCHEMA`.`TABLES` WHERE `TABLE_NAME` = 'hq_content_group' AND `TABLE_SCHEMA` = DATABASE()
[Sun, 24 Jan 16 09:13:16 +0000][INFO] DESCRIBE `hq_content_group`
[Sun, 24 Jan 16 09:13:16 +0000][INFO] SELECT `hq_content_group`.`hcg_id`, `hq_content_group`.`hcg_key`, `hq_content_group`.`hcg_main`, `hq_content_group`.`hcg_created_date`, `hq_content_group`.`hcg_position` FROM `hq_content_group` WHERE `hq_content_group`.`hcg_position` = 1 ORDER BY `hq_content_group`.`hcg_id` DESC
[Sun, 24 Jan 16 09:13:16 +0000][INFO] SELECT `hq_content_group`.`hcg_id`, `hq_content_group`.`hcg_key`, `hq_content_group`.`hcg_main`, `hq_content_group`.`hcg_created_date`, `hq_content_group`.`hcg_position` FROM `hq_content_group` WHERE `hq_content_group`.`hcg_position` = 2 ORDER BY `hq_content_group`.`hcg_id` DESC
[Sun, 24 Jan 16 09:13:16 +0000][INFO] SELECT `hq_content_group`.`hcg_id`, `hq_content_group`.`hcg_key`, `hq_content_group`.`hcg_main`, `hq_content_group`.`hcg_created_date`, `hq_content_group`.`hcg_position` FROM `hq_content_group` WHERE `hq_content_group`.`hcg_position` = 3 ORDER BY `hq_content_group`.`hcg_id` DESC
[Sun, 24 Jan 16 09:17:58 +0000][INFO] SELECT IF(COUNT(*) > 0, 1, 0) FROM `INFORMATION_SCHEMA`.`TABLES` WHERE `TABLE_NAME` = 'hq_content_group' AND `TABLE_SCHEMA` = DATABASE()
[Sun, 24 Jan 16 09:17:58 +0000][INFO] DESCRIBE `hq_content_group`
[Sun, 24 Jan 16 09:17:58 +0000][INFO] SELECT `hq_content_group`.`hcg_id`, `hq_content_group`.`hcg_key`, `hq_content_group`.`hcg_main`, `hq_content_group`.`hcg_created_date`, `hq_content_group`.`hcg_position` FROM `hq_content_group` WHERE `hq_content_group`.`hcg_position` = 1 ORDER BY `hq_content_group`.`hcg_id` DESC
[Sun, 24 Jan 16 09:17:58 +0000][INFO] SELECT `hq_content_group`.`hcg_id`, `hq_content_group`.`hcg_key`, `hq_content_group`.`hcg_main`, `hq_content_group`.`hcg_created_date`, `hq_content_group`.`hcg_position` FROM `hq_content_group` WHERE `hq_content_group`.`hcg_position` = 2 ORDER BY `hq_content_group`.`hcg_id` DESC
[Sun, 24 Jan 16 09:17:58 +0000][INFO] SELECT `hq_content_group`.`hcg_id`, `hq_content_group`.`hcg_key`, `hq_content_group`.`hcg_main`, `hq_content_group`.`hcg_created_date`, `hq_content_group`.`hcg_position` FROM `hq_content_group` WHERE `hq_content_group`.`hcg_position` = 3 ORDER BY `hq_content_group`.`hcg_id` DESC
[Sun, 24 Jan 16 09:20:48 +0000][INFO] SELECT IF(COUNT(*) > 0, 1, 0) FROM `INFORMATION_SCHEMA`.`TABLES` WHERE `TABLE_NAME` = 'hq_content_group' AND `TABLE_SCHEMA` = DATABASE()
[Sun, 24 Jan 16 09:20:48 +0000][INFO] DESCRIBE `hq_content_group`
[Sun, 24 Jan 16 09:20:48 +0000][INFO] SELECT `hq_content_group`.`hcg_id`, `hq_content_group`.`hcg_key`, `hq_content_group`.`hcg_main`, `hq_content_group`.`hcg_created_date`, `hq_content_group`.`hcg_position` FROM `hq_content_group` WHERE `hq_content_group`.`hcg_position` = 1 ORDER BY `hq_content_group`.`hcg_id` DESC
[Sun, 24 Jan 16 09:20:48 +0000][INFO] SELECT `hq_content_group`.`hcg_id`, `hq_content_group`.`hcg_key`, `hq_content_group`.`hcg_main`, `hq_content_group`.`hcg_created_date`, `hq_content_group`.`hcg_position` FROM `hq_content_group` WHERE `hq_content_group`.`hcg_position` = 2 ORDER BY `hq_content_group`.`hcg_id` DESC
[Sun, 24 Jan 16 09:20:48 +0000][INFO] SELECT `hq_content_group`.`hcg_id`, `hq_content_group`.`hcg_key`, `hq_content_group`.`hcg_main`, `hq_content_group`.`hcg_created_date`, `hq_content_group`.`hcg_position` FROM `hq_content_group` WHERE `hq_content_group`.`hcg_position` = 3 ORDER BY `hq_content_group`.`hcg_id` DESC
[Sun, 24 Jan 16 09:21:07 +0000][INFO] SELECT IF(COUNT(*) > 0, 1, 0) FROM `INFORMATION_SCHEMA`.`TABLES` WHERE `TABLE_NAME` = 'hq_content_group' AND `TABLE_SCHEMA` = DATABASE()
[Sun, 24 Jan 16 09:21:07 +0000][INFO] DESCRIBE `hq_content_group`
[Sun, 24 Jan 16 09:21:07 +0000][INFO] SELECT `hq_content_group`.`hcg_id`, `hq_content_group`.`hcg_key`, `hq_content_group`.`hcg_main`, `hq_content_group`.`hcg_created_date`, `hq_content_group`.`hcg_position` FROM `hq_content_group` WHERE `hq_content_group`.`hcg_position` = 1 ORDER BY `hq_content_group`.`hcg_id` DESC
[Sun, 24 Jan 16 09:21:07 +0000][INFO] SELECT `hq_content_group`.`hcg_id`, `hq_content_group`.`hcg_key`, `hq_content_group`.`hcg_main`, `hq_content_group`.`hcg_created_date`, `hq_content_group`.`hcg_position` FROM `hq_content_group` WHERE `hq_content_group`.`hcg_position` = 2 ORDER BY `hq_content_group`.`hcg_id` DESC
[Sun, 24 Jan 16 09:21:07 +0000][INFO] SELECT `hq_content_group`.`hcg_id`, `hq_content_group`.`hcg_key`, `hq_content_group`.`hcg_main`, `hq_content_group`.`hcg_created_date`, `hq_content_group`.`hcg_position` FROM `hq_content_group` WHERE `hq_content_group`.`hcg_position` = 3 ORDER BY `hq_content_group`.`hcg_id` DESC
[Sun, 24 Jan 16 09:22:25 +0000][INFO] SELECT IF(COUNT(*) > 0, 1, 0) FROM `INFORMATION_SCHEMA`.`TABLES` WHERE `TABLE_NAME` = 'hq_content_group' AND `TABLE_SCHEMA` = DATABASE()
[Sun, 24 Jan 16 09:22:25 +0000][INFO] DESCRIBE `hq_content_group`
[Sun, 24 Jan 16 09:22:25 +0000][INFO] SELECT `hq_content_group`.`hcg_id`, `hq_content_group`.`hcg_key`, `hq_content_group`.`hcg_main`, `hq_content_group`.`hcg_created_date`, `hq_content_group`.`hcg_position` FROM `hq_content_group` WHERE `hq_content_group`.`hcg_position` = 1 ORDER BY `hq_content_group`.`hcg_id` DESC
[Sun, 24 Jan 16 09:22:25 +0000][INFO] SELECT `hq_content_group`.`hcg_id`, `hq_content_group`.`hcg_key`, `hq_content_group`.`hcg_main`, `hq_content_group`.`hcg_created_date`, `hq_content_group`.`hcg_position` FROM `hq_content_group` WHERE `hq_content_group`.`hcg_position` = 2 ORDER BY `hq_content_group`.`hcg_id` DESC
[Sun, 24 Jan 16 09:22:25 +0000][INFO] SELECT `hq_content_group`.`hcg_id`, `hq_content_group`.`hcg_key`, `hq_content_group`.`hcg_main`, `hq_content_group`.`hcg_created_date`, `hq_content_group`.`hcg_position` FROM `hq_content_group` WHERE `hq_content_group`.`hcg_position` = 3 ORDER BY `hq_content_group`.`hcg_id` DESC
[Sun, 24 Jan 16 09:22:48 +0000][INFO] SELECT IF(COUNT(*) > 0, 1, 0) FROM `INFORMATION_SCHEMA`.`TABLES` WHERE `TABLE_NAME` = 'hq_content_group' AND `TABLE_SCHEMA` = DATABASE()
[Sun, 24 Jan 16 09:22:48 +0000][INFO] DESCRIBE `hq_content_group`
[Sun, 24 Jan 16 09:22:48 +0000][INFO] SELECT `hq_content_group`.`hcg_id`, `hq_content_group`.`hcg_key`, `hq_content_group`.`hcg_main`, `hq_content_group`.`hcg_created_date`, `hq_content_group`.`hcg_position` FROM `hq_content_group` WHERE `hq_content_group`.`hcg_position` = 1 ORDER BY `hq_content_group`.`hcg_id` DESC
[Sun, 24 Jan 16 09:22:48 +0000][INFO] SELECT `hq_content_group`.`hcg_id`, `hq_content_group`.`hcg_key`, `hq_content_group`.`hcg_main`, `hq_content_group`.`hcg_created_date`, `hq_content_group`.`hcg_position` FROM `hq_content_group` WHERE `hq_content_group`.`hcg_position` = 2 ORDER BY `hq_content_group`.`hcg_id` DESC
[Sun, 24 Jan 16 09:22:48 +0000][INFO] SELECT `hq_content_group`.`hcg_id`, `hq_content_group`.`hcg_key`, `hq_content_group`.`hcg_main`, `hq_content_group`.`hcg_created_date`, `hq_content_group`.`hcg_position` FROM `hq_content_group` WHERE `hq_content_group`.`hcg_position` = 3 ORDER BY `hq_content_group`.`hcg_id` DESC
[Sun, 24 Jan 16 09:23:45 +0000][INFO] SELECT IF(COUNT(*) > 0, 1, 0) FROM `INFORMATION_SCHEMA`.`TABLES` WHERE `TABLE_NAME` = 'hq_content' AND `TABLE_SCHEMA` = DATABASE()
[Sun, 24 Jan 16 09:23:45 +0000][INFO] DESCRIBE `hq_content`
[Sun, 24 Jan 16 09:24:46 +0000][INFO] SELECT IF(COUNT(*) > 0, 1, 0) FROM `INFORMATION_SCHEMA`.`TABLES` WHERE `TABLE_NAME` = 'hq_post' AND `TABLE_SCHEMA` = DATABASE()
[Sun, 24 Jan 16 09:24:46 +0000][INFO] DESCRIBE `hq_post`
[Sun, 24 Jan 16 09:24:53 +0000][INFO] SELECT IF(COUNT(*) > 0, 1, 0) FROM `INFORMATION_SCHEMA`.`TABLES` WHERE `TABLE_NAME` = 'hq_post' AND `TABLE_SCHEMA` = DATABASE()
[Sun, 24 Jan 16 09:24:53 +0000][INFO] DESCRIBE `hq_post`
[Sun, 24 Jan 16 09:25:28 +0000][INFO] SELECT IF(COUNT(*) > 0, 1, 0) FROM `INFORMATION_SCHEMA`.`TABLES` WHERE `TABLE_NAME` = 'hq_post' AND `TABLE_SCHEMA` = DATABASE()
[Sun, 24 Jan 16 09:25:29 +0000][INFO] DESCRIBE `hq_post`
[Sun, 24 Jan 16 09:25:44 +0000][INFO] SELECT IF(COUNT(*) > 0, 1, 0) FROM `INFORMATION_SCHEMA`.`TABLES` WHERE `TABLE_NAME` = 'hq_post' AND `TABLE_SCHEMA` = DATABASE()
[Sun, 24 Jan 16 09:25:44 +0000][INFO] DESCRIBE `hq_post`
[Sun, 24 Jan 16 09:39:13 +0000][INFO] SELECT IF(COUNT(*) > 0, 1, 0) FROM `INFORMATION_SCHEMA`.`TABLES` WHERE `TABLE_NAME` = 'hq_content' AND `TABLE_SCHEMA` = DATABASE()
[Sun, 24 Jan 16 09:39:13 +0000][INFO] DESCRIBE `hq_content`
[Sun, 24 Jan 16 09:39:13 +0000][INFO] SELECT `hq_content`.`hc_id`, `hq_content`.`hc_hcg_id`, `hq_content`.`hc_hcg_key`, `hq_content`.`hc_description`, `hq_content`.`hc_title`, `hq_content`.`hc_created_date` FROM `hq_content` WHERE `hq_content`.`hc_hcg_id` = :id
[Sun, 24 Jan 16 09:39:22 +0000][INFO] SELECT IF(COUNT(*) > 0, 1, 0) FROM `INFORMATION_SCHEMA`.`TABLES` WHERE `TABLE_NAME` = 'hq_content_group' AND `TABLE_SCHEMA` = DATABASE()
[Sun, 24 Jan 16 09:39:22 +0000][INFO] DESCRIBE `hq_content_group`
[Sun, 24 Jan 16 09:39:22 +0000][INFO] SELECT `hq_content_group`.`hcg_id`, `hq_content_group`.`hcg_key`, `hq_content_group`.`hcg_main`, `hq_content_group`.`hcg_created_date`, `hq_content_group`.`hcg_position` FROM `hq_content_group` ORDER BY `hq_content_group`.`hcg_id` DESC
[Sun, 24 Jan 16 09:39:32 +0000][INFO] SELECT IF(COUNT(*) > 0, 1, 0) FROM `INFORMATION_SCHEMA`.`TABLES` WHERE `TABLE_NAME` = 'hq_content' AND `TABLE_SCHEMA` = DATABASE()
[Sun, 24 Jan 16 09:39:32 +0000][INFO] DESCRIBE `hq_content`
[Sun, 24 Jan 16 09:39:32 +0000][INFO] SELECT `hq_content`.`hc_id`, `hq_content`.`hc_hcg_id`, `hq_content`.`hc_hcg_key`, `hq_content`.`hc_description`, `hq_content`.`hc_title`, `hq_content`.`hc_created_date` FROM `hq_content` WHERE `hq_content`.`hc_created_date` >= :from_date AND `hq_content`.`hc_created_date` <= :to_date
[Sun, 24 Jan 16 09:39:34 +0000][INFO] SELECT IF(COUNT(*) > 0, 1, 0) FROM `INFORMATION_SCHEMA`.`TABLES` WHERE `TABLE_NAME` = 'hq_content_group' AND `TABLE_SCHEMA` = DATABASE()
[Sun, 24 Jan 16 09:39:34 +0000][INFO] DESCRIBE `hq_content_group`
[Sun, 24 Jan 16 09:39:34 +0000][INFO] SELECT `hq_content_group`.`hcg_id`, `hq_content_group`.`hcg_key`, `hq_content_group`.`hcg_main`, `hq_content_group`.`hcg_created_date`, `hq_content_group`.`hcg_position` FROM `hq_content_group` ORDER BY `hq_content_group`.`hcg_id` DESC
[Sun, 24 Jan 16 09:39:48 +0000][INFO] SELECT IF(COUNT(*) > 0, 1, 0) FROM `INFORMATION_SCHEMA`.`TABLES` WHERE `TABLE_NAME` = 'hq_content_group' AND `TABLE_SCHEMA` = DATABASE()
[Sun, 24 Jan 16 09:39:48 +0000][INFO] DESCRIBE `hq_content_group`
[Sun, 24 Jan 16 09:39:48 +0000][INFO] SELECT `hq_content_group`.`hcg_id`, `hq_content_group`.`hcg_key`, `hq_content_group`.`hcg_main`, `hq_content_group`.`hcg_created_date`, `hq_content_group`.`hcg_position` FROM `hq_content_group` WHERE `hq_content_group`.`hcg_id` = :id LIMIT :APL0
[Sun, 24 Jan 16 09:39:48 +0000][INFO] SELECT IF(COUNT(*) > 0, 1, 0) FROM `INFORMATION_SCHEMA`.`TABLES` WHERE `TABLE_NAME` = 'hq_content' AND `TABLE_SCHEMA` = DATABASE()
[Sun, 24 Jan 16 09:39:48 +0000][INFO] DESCRIBE `hq_content`
[Sun, 24 Jan 16 09:39:49 +0000][INFO] INSERT INTO `hq_content` (`hc_hcg_id`, `hc_hcg_key`, `hc_description`, `hc_title`, `hc_created_date`) VALUES (?, ?, ?, ?, ?)
[Sun, 24 Jan 16 09:39:53 +0000][INFO] SELECT IF(COUNT(*) > 0, 1, 0) FROM `INFORMATION_SCHEMA`.`TABLES` WHERE `TABLE_NAME` = 'hq_content_group' AND `TABLE_SCHEMA` = DATABASE()
[Sun, 24 Jan 16 09:39:53 +0000][INFO] DESCRIBE `hq_content_group`
[Sun, 24 Jan 16 09:39:53 +0000][INFO] SELECT `hq_content_group`.`hcg_id`, `hq_content_group`.`hcg_key`, `hq_content_group`.`hcg_main`, `hq_content_group`.`hcg_created_date`, `hq_content_group`.`hcg_position` FROM `hq_content_group` ORDER BY `hq_content_group`.`hcg_id` DESC
[Sun, 24 Jan 16 09:40:00 +0000][INFO] SELECT IF(COUNT(*) > 0, 1, 0) FROM `INFORMATION_SCHEMA`.`TABLES` WHERE `TABLE_NAME` = 'hq_content_group' AND `TABLE_SCHEMA` = DATABASE()
[Sun, 24 Jan 16 09:40:00 +0000][INFO] DESCRIBE `hq_content_group`
[Sun, 24 Jan 16 09:40:00 +0000][INFO] SELECT `hq_content_group`.`hcg_id`, `hq_content_group`.`hcg_key`, `hq_content_group`.`hcg_main`, `hq_content_group`.`hcg_created_date`, `hq_content_group`.`hcg_position` FROM `hq_content_group` WHERE `hq_content_group`.`hcg_id` = :id LIMIT :APL0
[Sun, 24 Jan 16 09:40:00 +0000][INFO] SELECT IF(COUNT(*) > 0, 1, 0) FROM `INFORMATION_SCHEMA`.`TABLES` WHERE `TABLE_NAME` = 'hq_content' AND `TABLE_SCHEMA` = DATABASE()
[Sun, 24 Jan 16 09:40:00 +0000][INFO] DESCRIBE `hq_content`
[Sun, 24 Jan 16 09:40:00 +0000][INFO] INSERT INTO `hq_content` (`hc_hcg_id`, `hc_hcg_key`, `hc_description`, `hc_title`, `hc_created_date`) VALUES (?, ?, ?, ?, ?)
[Sun, 24 Jan 16 09:40:03 +0000][INFO] SELECT IF(COUNT(*) > 0, 1, 0) FROM `INFORMATION_SCHEMA`.`TABLES` WHERE `TABLE_NAME` = 'hq_content_group' AND `TABLE_SCHEMA` = DATABASE()
[Sun, 24 Jan 16 09:40:03 +0000][INFO] DESCRIBE `hq_content_group`
[Sun, 24 Jan 16 09:40:03 +0000][INFO] SELECT `hq_content_group`.`hcg_id`, `hq_content_group`.`hcg_key`, `hq_content_group`.`hcg_main`, `hq_content_group`.`hcg_created_date`, `hq_content_group`.`hcg_position` FROM `hq_content_group` ORDER BY `hq_content_group`.`hcg_id` DESC
[Sun, 24 Jan 16 09:40:14 +0000][INFO] SELECT IF(COUNT(*) > 0, 1, 0) FROM `INFORMATION_SCHEMA`.`TABLES` WHERE `TABLE_NAME` = 'hq_content_group' AND `TABLE_SCHEMA` = DATABASE()
[Sun, 24 Jan 16 09:40:14 +0000][INFO] DESCRIBE `hq_content_group`
[Sun, 24 Jan 16 09:40:14 +0000][INFO] SELECT `hq_content_group`.`hcg_id`, `hq_content_group`.`hcg_key`, `hq_content_group`.`hcg_main`, `hq_content_group`.`hcg_created_date`, `hq_content_group`.`hcg_position` FROM `hq_content_group` WHERE `hq_content_group`.`hcg_id` = :id LIMIT :APL0
[Sun, 24 Jan 16 09:40:14 +0000][INFO] SELECT IF(COUNT(*) > 0, 1, 0) FROM `INFORMATION_SCHEMA`.`TABLES` WHERE `TABLE_NAME` = 'hq_content' AND `TABLE_SCHEMA` = DATABASE()
[Sun, 24 Jan 16 09:40:14 +0000][INFO] DESCRIBE `hq_content`
[Sun, 24 Jan 16 09:40:14 +0000][INFO] INSERT INTO `hq_content` (`hc_hcg_id`, `hc_hcg_key`, `hc_description`, `hc_title`, `hc_created_date`) VALUES (?, ?, ?, ?, ?)
[Sun, 24 Jan 16 09:40:20 +0000][INFO] SELECT IF(COUNT(*) > 0, 1, 0) FROM `INFORMATION_SCHEMA`.`TABLES` WHERE `TABLE_NAME` = 'hq_content_group' AND `TABLE_SCHEMA` = DATABASE()
[Sun, 24 Jan 16 09:40:20 +0000][INFO] DESCRIBE `hq_content_group`
[Sun, 24 Jan 16 09:40:20 +0000][INFO] SELECT `hq_content_group`.`hcg_id`, `hq_content_group`.`hcg_key`, `hq_content_group`.`hcg_main`, `hq_content_group`.`hcg_created_date`, `hq_content_group`.`hcg_position` FROM `hq_content_group` WHERE `hq_content_group`.`hcg_id` = :id LIMIT :APL0
[Sun, 24 Jan 16 09:40:20 +0000][INFO] SELECT IF(COUNT(*) > 0, 1, 0) FROM `INFORMATION_SCHEMA`.`TABLES` WHERE `TABLE_NAME` = 'hq_content' AND `TABLE_SCHEMA` = DATABASE()
[Sun, 24 Jan 16 09:40:20 +0000][INFO] DESCRIBE `hq_content`
[Sun, 24 Jan 16 09:40:20 +0000][INFO] INSERT INTO `hq_content` (`hc_hcg_id`, `hc_hcg_key`, `hc_description`, `hc_title`, `hc_created_date`) VALUES (?, ?, ?, ?, ?)
[Sun, 24 Jan 16 09:40:22 +0000][INFO] SELECT IF(COUNT(*) > 0, 1, 0) FROM `INFORMATION_SCHEMA`.`TABLES` WHERE `TABLE_NAME` = 'hq_content_group' AND `TABLE_SCHEMA` = DATABASE()
[Sun, 24 Jan 16 09:40:22 +0000][INFO] DESCRIBE `hq_content_group`
[Sun, 24 Jan 16 09:40:22 +0000][INFO] SELECT `hq_content_group`.`hcg_id`, `hq_content_group`.`hcg_key`, `hq_content_group`.`hcg_main`, `hq_content_group`.`hcg_created_date`, `hq_content_group`.`hcg_position` FROM `hq_content_group` WHERE `hq_content_group`.`hcg_position` = 1 ORDER BY `hq_content_group`.`hcg_id` DESC
[Sun, 24 Jan 16 09:40:22 +0000][INFO] SELECT `hq_content_group`.`hcg_id`, `hq_content_group`.`hcg_key`, `hq_content_group`.`hcg_main`, `hq_content_group`.`hcg_created_date`, `hq_content_group`.`hcg_position` FROM `hq_content_group` WHERE `hq_content_group`.`hcg_position` = 2 ORDER BY `hq_content_group`.`hcg_id` DESC
[Sun, 24 Jan 16 09:40:22 +0000][INFO] SELECT `hq_content_group`.`hcg_id`, `hq_content_group`.`hcg_key`, `hq_content_group`.`hcg_main`, `hq_content_group`.`hcg_created_date`, `hq_content_group`.`hcg_position` FROM `hq_content_group` WHERE `hq_content_group`.`hcg_position` = 3 ORDER BY `hq_content_group`.`hcg_id` DESC
[Sun, 24 Jan 16 09:40:24 +0000][INFO] SELECT IF(COUNT(*) > 0, 1, 0) FROM `INFORMATION_SCHEMA`.`TABLES` WHERE `TABLE_NAME` = 'hq_content_group' AND `TABLE_SCHEMA` = DATABASE()
[Sun, 24 Jan 16 09:40:24 +0000][INFO] DESCRIBE `hq_content_group`
[Sun, 24 Jan 16 09:40:24 +0000][INFO] SELECT `hq_content_group`.`hcg_id`, `hq_content_group`.`hcg_key`, `hq_content_group`.`hcg_main`, `hq_content_group`.`hcg_created_date`, `hq_content_group`.`hcg_position` FROM `hq_content_group` WHERE `hq_content_group`.`hcg_position` = 1 ORDER BY `hq_content_group`.`hcg_id` DESC
[Sun, 24 Jan 16 09:40:24 +0000][INFO] SELECT `hq_content_group`.`hcg_id`, `hq_content_group`.`hcg_key`, `hq_content_group`.`hcg_main`, `hq_content_group`.`hcg_created_date`, `hq_content_group`.`hcg_position` FROM `hq_content_group` WHERE `hq_content_group`.`hcg_position` = 2 ORDER BY `hq_content_group`.`hcg_id` DESC
[Sun, 24 Jan 16 09:40:24 +0000][INFO] SELECT `hq_content_group`.`hcg_id`, `hq_content_group`.`hcg_key`, `hq_content_group`.`hcg_main`, `hq_content_group`.`hcg_created_date`, `hq_content_group`.`hcg_position` FROM `hq_content_group` WHERE `hq_content_group`.`hcg_position` = 3 ORDER BY `hq_content_group`.`hcg_id` DESC
[Sun, 24 Jan 16 09:40:52 +0000][INFO] SELECT IF(COUNT(*) > 0, 1, 0) FROM `INFORMATION_SCHEMA`.`TABLES` WHERE `TABLE_NAME` = 'hq_content' AND `TABLE_SCHEMA` = DATABASE()
[Sun, 24 Jan 16 09:40:52 +0000][INFO] DESCRIBE `hq_content`
[Sun, 24 Jan 16 09:40:52 +0000][INFO] SELECT `hq_content`.`hc_id`, `hq_content`.`hc_hcg_id`, `hq_content`.`hc_hcg_key`, `hq_content`.`hc_description`, `hq_content`.`hc_title`, `hq_content`.`hc_created_date` FROM `hq_content` WHERE `hq_content`.`hc_hcg_id` = :id
[Sun, 24 Jan 16 09:40:52 +0000][INFO] SELECT `hq_content`.`hc_id`, `hq_content`.`hc_hcg_id`, `hq_content`.`hc_hcg_key`, `hq_content`.`hc_description`, `hq_content`.`hc_title`, `hq_content`.`hc_created_date` FROM `hq_content` WHERE `hq_content`.`hc_hcg_id` = :id
[Sun, 24 Jan 16 09:40:52 +0000][INFO] SELECT `hq_content`.`hc_id`, `hq_content`.`hc_hcg_id`, `hq_content`.`hc_hcg_key`, `hq_content`.`hc_description`, `hq_content`.`hc_title`, `hq_content`.`hc_created_date` FROM `hq_content` WHERE `hq_content`.`hc_hcg_id` = :id
[Sun, 24 Jan 16 09:40:52 +0000][INFO] SELECT IF(COUNT(*) > 0, 1, 0) FROM `INFORMATION_SCHEMA`.`TABLES` WHERE `TABLE_NAME` = 'hq_post' AND `TABLE_SCHEMA` = DATABASE()
[Sun, 24 Jan 16 09:40:52 +0000][INFO] DESCRIBE `hq_post`
[Sun, 24 Jan 16 09:40:52 +0000][INFO] INSERT INTO `hq_post` (`hp_title`, `hp_spin_1`, `hp_image_1`, `hp_spin_2`, `hp_image_2`, `hp_spin_3`, `hp_created_date`, `hp_number_post`) VALUES (?, ?, ?, ?, ?, ?, ?, ?)
[Sun, 24 Jan 16 09:40:56 +0000][INFO] SELECT IF(COUNT(*) > 0, 1, 0) FROM `INFORMATION_SCHEMA`.`TABLES` WHERE `TABLE_NAME` = 'hq_content_group' AND `TABLE_SCHEMA` = DATABASE()
[Sun, 24 Jan 16 09:40:56 +0000][INFO] DESCRIBE `hq_content_group`
[Sun, 24 Jan 16 09:40:56 +0000][INFO] SELECT `hq_content_group`.`hcg_id`, `hq_content_group`.`hcg_key`, `hq_content_group`.`hcg_main`, `hq_content_group`.`hcg_created_date`, `hq_content_group`.`hcg_position` FROM `hq_content_group` WHERE `hq_content_group`.`hcg_position` = 1 ORDER BY `hq_content_group`.`hcg_id` DESC
[Sun, 24 Jan 16 09:40:56 +0000][INFO] SELECT `hq_content_group`.`hcg_id`, `hq_content_group`.`hcg_key`, `hq_content_group`.`hcg_main`, `hq_content_group`.`hcg_created_date`, `hq_content_group`.`hcg_position` FROM `hq_content_group` WHERE `hq_content_group`.`hcg_position` = 2 ORDER BY `hq_content_group`.`hcg_id` DESC
[Sun, 24 Jan 16 09:40:56 +0000][INFO] SELECT `hq_content_group`.`hcg_id`, `hq_content_group`.`hcg_key`, `hq_content_group`.`hcg_main`, `hq_content_group`.`hcg_created_date`, `hq_content_group`.`hcg_position` FROM `hq_content_group` WHERE `hq_content_group`.`hcg_position` = 3 ORDER BY `hq_content_group`.`hcg_id` DESC
[Sun, 24 Jan 16 09:41:51 +0000][INFO] SELECT IF(COUNT(*) > 0, 1, 0) FROM `INFORMATION_SCHEMA`.`TABLES` WHERE `TABLE_NAME` = 'hq_content_group' AND `TABLE_SCHEMA` = DATABASE()
[Sun, 24 Jan 16 09:41:51 +0000][INFO] DESCRIBE `hq_content_group`
[Sun, 24 Jan 16 09:41:51 +0000][INFO] SELECT `hq_content_group`.`hcg_id`, `hq_content_group`.`hcg_key`, `hq_content_group`.`hcg_main`, `hq_content_group`.`hcg_created_date`, `hq_content_group`.`hcg_position` FROM `hq_content_group` WHERE `hq_content_group`.`hcg_position` = 1 ORDER BY `hq_content_group`.`hcg_id` DESC
[Sun, 24 Jan 16 09:41:51 +0000][INFO] SELECT `hq_content_group`.`hcg_id`, `hq_content_group`.`hcg_key`, `hq_content_group`.`hcg_main`, `hq_content_group`.`hcg_created_date`, `hq_content_group`.`hcg_position` FROM `hq_content_group` WHERE `hq_content_group`.`hcg_position` = 2 ORDER BY `hq_content_group`.`hcg_id` DESC
[Sun, 24 Jan 16 09:41:51 +0000][INFO] SELECT `hq_content_group`.`hcg_id`, `hq_content_group`.`hcg_key`, `hq_content_group`.`hcg_main`, `hq_content_group`.`hcg_created_date`, `hq_content_group`.`hcg_position` FROM `hq_content_group` WHERE `hq_content_group`.`hcg_position` = 3 ORDER BY `hq_content_group`.`hcg_id` DESC
[Sun, 24 Jan 16 09:42:01 +0000][INFO] SELECT IF(COUNT(*) > 0, 1, 0) FROM `INFORMATION_SCHEMA`.`TABLES` WHERE `TABLE_NAME` = 'hq_content_group' AND `TABLE_SCHEMA` = DATABASE()
[Sun, 24 Jan 16 09:42:01 +0000][INFO] DESCRIBE `hq_content_group`
[Sun, 24 Jan 16 09:42:01 +0000][INFO] SELECT `hq_content_group`.`hcg_id`, `hq_content_group`.`hcg_key`, `hq_content_group`.`hcg_main`, `hq_content_group`.`hcg_created_date`, `hq_content_group`.`hcg_position` FROM `hq_content_group` WHERE `hq_content_group`.`hcg_position` = 1 ORDER BY `hq_content_group`.`hcg_id` DESC
[Sun, 24 Jan 16 09:42:01 +0000][INFO] SELECT `hq_content_group`.`hcg_id`, `hq_content_group`.`hcg_key`, `hq_content_group`.`hcg_main`, `hq_content_group`.`hcg_created_date`, `hq_content_group`.`hcg_position` FROM `hq_content_group` WHERE `hq_content_group`.`hcg_position` = 2 ORDER BY `hq_content_group`.`hcg_id` DESC
[Sun, 24 Jan 16 09:42:01 +0000][INFO] SELECT `hq_content_group`.`hcg_id`, `hq_content_group`.`hcg_key`, `hq_content_group`.`hcg_main`, `hq_content_group`.`hcg_created_date`, `hq_content_group`.`hcg_position` FROM `hq_content_group` WHERE `hq_content_group`.`hcg_position` = 3 ORDER BY `hq_content_group`.`hcg_id` DESC
[Sun, 24 Jan 16 09:44:42 +0000][INFO] SELECT IF(COUNT(*) > 0, 1, 0) FROM `INFORMATION_SCHEMA`.`TABLES` WHERE `TABLE_NAME` = 'hq_content_group' AND `TABLE_SCHEMA` = DATABASE()
[Sun, 24 Jan 16 09:44:42 +0000][INFO] DESCRIBE `hq_content_group`
[Sun, 24 Jan 16 09:44:42 +0000][INFO] SELECT `hq_content_group`.`hcg_id`, `hq_content_group`.`hcg_key`, `hq_content_group`.`hcg_main`, `hq_content_group`.`hcg_created_date`, `hq_content_group`.`hcg_position` FROM `hq_content_group` WHERE `hq_content_group`.`hcg_position` = 1 ORDER BY `hq_content_group`.`hcg_id` DESC
[Sun, 24 Jan 16 09:44:42 +0000][INFO] SELECT `hq_content_group`.`hcg_id`, `hq_content_group`.`hcg_key`, `hq_content_group`.`hcg_main`, `hq_content_group`.`hcg_created_date`, `hq_content_group`.`hcg_position` FROM `hq_content_group` WHERE `hq_content_group`.`hcg_position` = 2 ORDER BY `hq_content_group`.`hcg_id` DESC
[Sun, 24 Jan 16 09:44:42 +0000][INFO] SELECT `hq_content_group`.`hcg_id`, `hq_content_group`.`hcg_key`, `hq_content_group`.`hcg_main`, `hq_content_group`.`hcg_created_date`, `hq_content_group`.`hcg_position` FROM `hq_content_group` WHERE `hq_content_group`.`hcg_position` = 3 ORDER BY `hq_content_group`.`hcg_id` DESC
[Sun, 24 Jan 16 09:44:46 +0000][INFO] SELECT IF(COUNT(*) > 0, 1, 0) FROM `INFORMATION_SCHEMA`.`TABLES` WHERE `TABLE_NAME` = 'hq_post' AND `TABLE_SCHEMA` = DATABASE()
[Sun, 24 Jan 16 09:44:46 +0000][INFO] DESCRIBE `hq_post`
[Sun, 24 Jan 16 09:44:46 +0000][INFO] SELECT `hq_post`.`hp_id`, `hq_post`.`hp_title`, `hq_post`.`hp_spin_1`, `hq_post`.`hp_image_1`, `hq_post`.`hp_spin_2`, `hq_post`.`hp_image_2`, `hq_post`.`hp_spin_3`, `hq_post`.`hp_created_date`, `hq_post`.`hp_number_post` FROM `hq_post` WHERE `hq_post`.`hp_spin_1` = :group_1
[Sun, 24 Jan 16 09:45:33 +0000][INFO] SELECT IF(COUNT(*) > 0, 1, 0) FROM `INFORMATION_SCHEMA`.`TABLES` WHERE `TABLE_NAME` = 'hq_post' AND `TABLE_SCHEMA` = DATABASE()
[Sun, 24 Jan 16 09:45:33 +0000][INFO] DESCRIBE `hq_post`
[Sun, 24 Jan 16 09:45:33 +0000][INFO] SELECT `hq_post`.`hp_id`, `hq_post`.`hp_title`, `hq_post`.`hp_spin_1`, `hq_post`.`hp_image_1`, `hq_post`.`hp_spin_2`, `hq_post`.`hp_image_2`, `hq_post`.`hp_spin_3`, `hq_post`.`hp_created_date`, `hq_post`.`hp_number_post` FROM `hq_post` WHERE `hq_post`.`hp_id` = :id LIMIT :APL0
[Sun, 24 Jan 16 09:45:33 +0000][INFO] SELECT IF(COUNT(*) > 0, 1, 0) FROM `INFORMATION_SCHEMA`.`TABLES` WHERE `TABLE_NAME` = 'hq_content_group' AND `TABLE_SCHEMA` = DATABASE()
[Sun, 24 Jan 16 09:45:33 +0000][INFO] DESCRIBE `hq_content_group`
[Sun, 24 Jan 16 09:45:33 +0000][INFO] SELECT `hq_content_group`.`hcg_id`, `hq_content_group`.`hcg_key`, `hq_content_group`.`hcg_main`, `hq_content_group`.`hcg_created_date`, `hq_content_group`.`hcg_position` FROM `hq_content_group` WHERE `hq_content_group`.`hcg_position` = 1 ORDER BY `hq_content_group`.`hcg_id` DESC
[Sun, 24 Jan 16 09:45:33 +0000][INFO] SELECT `hq_content_group`.`hcg_id`, `hq_content_group`.`hcg_key`, `hq_content_group`.`hcg_main`, `hq_content_group`.`hcg_created_date`, `hq_content_group`.`hcg_position` FROM `hq_content_group` WHERE `hq_content_group`.`hcg_position` = 2 ORDER BY `hq_content_group`.`hcg_id` DESC
[Sun, 24 Jan 16 09:45:33 +0000][INFO] SELECT `hq_content_group`.`hcg_id`, `hq_content_group`.`hcg_key`, `hq_content_group`.`hcg_main`, `hq_content_group`.`hcg_created_date`, `hq_content_group`.`hcg_position` FROM `hq_content_group` WHERE `hq_content_group`.`hcg_position` = 3 ORDER BY `hq_content_group`.`hcg_id` DESC
[Sun, 24 Jan 16 09:45:44 +0000][INFO] SELECT IF(COUNT(*) > 0, 1, 0) FROM `INFORMATION_SCHEMA`.`TABLES` WHERE `TABLE_NAME` = 'hq_content_group' AND `TABLE_SCHEMA` = DATABASE()
[Sun, 24 Jan 16 09:45:44 +0000][INFO] DESCRIBE `hq_content_group`
[Sun, 24 Jan 16 09:45:44 +0000][INFO] SELECT `hq_content_group`.`hcg_id`, `hq_content_group`.`hcg_key`, `hq_content_group`.`hcg_main`, `hq_content_group`.`hcg_created_date`, `hq_content_group`.`hcg_position` FROM `hq_content_group` WHERE `hq_content_group`.`hcg_position` = 1 ORDER BY `hq_content_group`.`hcg_id` DESC
[Sun, 24 Jan 16 09:45:44 +0000][INFO] SELECT `hq_content_group`.`hcg_id`, `hq_content_group`.`hcg_key`, `hq_content_group`.`hcg_main`, `hq_content_group`.`hcg_created_date`, `hq_content_group`.`hcg_position` FROM `hq_content_group` WHERE `hq_content_group`.`hcg_position` = 2 ORDER BY `hq_content_group`.`hcg_id` DESC
[Sun, 24 Jan 16 09:45:44 +0000][INFO] SELECT `hq_content_group`.`hcg_id`, `hq_content_group`.`hcg_key`, `hq_content_group`.`hcg_main`, `hq_content_group`.`hcg_created_date`, `hq_content_group`.`hcg_position` FROM `hq_content_group` WHERE `hq_content_group`.`hcg_position` = 3 ORDER BY `hq_content_group`.`hcg_id` DESC
[Sun, 24 Jan 16 09:45:46 +0000][INFO] SELECT IF(COUNT(*) > 0, 1, 0) FROM `INFORMATION_SCHEMA`.`TABLES` WHERE `TABLE_NAME` = 'hq_post' AND `TABLE_SCHEMA` = DATABASE()
[Sun, 24 Jan 16 09:45:46 +0000][INFO] DESCRIBE `hq_post`
[Sun, 24 Jan 16 09:45:46 +0000][INFO] SELECT `hq_post`.`hp_id`, `hq_post`.`hp_title`, `hq_post`.`hp_spin_1`, `hq_post`.`hp_image_1`, `hq_post`.`hp_spin_2`, `hq_post`.`hp_image_2`, `hq_post`.`hp_spin_3`, `hq_post`.`hp_created_date`, `hq_post`.`hp_number_post` FROM `hq_post` WHERE `hq_post`.`hp_id` = :id LIMIT :APL0
[Sun, 24 Jan 16 09:45:46 +0000][INFO] SELECT IF(COUNT(*) > 0, 1, 0) FROM `INFORMATION_SCHEMA`.`TABLES` WHERE `TABLE_NAME` = 'hq_content_group' AND `TABLE_SCHEMA` = DATABASE()
[Sun, 24 Jan 16 09:45:46 +0000][INFO] DESCRIBE `hq_content_group`
[Sun, 24 Jan 16 09:45:46 +0000][INFO] SELECT `hq_content_group`.`hcg_id`, `hq_content_group`.`hcg_key`, `hq_content_group`.`hcg_main`, `hq_content_group`.`hcg_created_date`, `hq_content_group`.`hcg_position` FROM `hq_content_group` WHERE `hq_content_group`.`hcg_position` = 1 ORDER BY `hq_content_group`.`hcg_id` DESC
[Sun, 24 Jan 16 09:45:46 +0000][INFO] SELECT `hq_content_group`.`hcg_id`, `hq_content_group`.`hcg_key`, `hq_content_group`.`hcg_main`, `hq_content_group`.`hcg_created_date`, `hq_content_group`.`hcg_position` FROM `hq_content_group` WHERE `hq_content_group`.`hcg_position` = 2 ORDER BY `hq_content_group`.`hcg_id` DESC
[Sun, 24 Jan 16 09:45:46 +0000][INFO] SELECT `hq_content_group`.`hcg_id`, `hq_content_group`.`hcg_key`, `hq_content_group`.`hcg_main`, `hq_content_group`.`hcg_created_date`, `hq_content_group`.`hcg_position` FROM `hq_content_group` WHERE `hq_content_group`.`hcg_position` = 3 ORDER BY `hq_content_group`.`hcg_id` DESC
[Sun, 24 Jan 16 09:47:14 +0000][INFO] SELECT IF(COUNT(*) > 0, 1, 0) FROM `INFORMATION_SCHEMA`.`TABLES` WHERE `TABLE_NAME` = 'hq_post' AND `TABLE_SCHEMA` = DATABASE()
[Sun, 24 Jan 16 09:47:14 +0000][INFO] DESCRIBE `hq_post`
[Sun, 24 Jan 16 09:47:14 +0000][INFO] SELECT `hq_post`.`hp_id`, `hq_post`.`hp_title`, `hq_post`.`hp_spin_1`, `hq_post`.`hp_image_1`, `hq_post`.`hp_spin_2`, `hq_post`.`hp_image_2`, `hq_post`.`hp_spin_3`, `hq_post`.`hp_created_date`, `hq_post`.`hp_number_post` FROM `hq_post` WHERE `hq_post`.`hp_spin_1` = :group_1
[Sun, 24 Jan 16 09:47:16 +0000][INFO] SELECT IF(COUNT(*) > 0, 1, 0) FROM `INFORMATION_SCHEMA`.`TABLES` WHERE `TABLE_NAME` = 'hq_post' AND `TABLE_SCHEMA` = DATABASE()
[Sun, 24 Jan 16 09:47:16 +0000][INFO] DESCRIBE `hq_post`
[Sun, 24 Jan 16 09:47:16 +0000][INFO] SELECT `hq_post`.`hp_id`, `hq_post`.`hp_title`, `hq_post`.`hp_spin_1`, `hq_post`.`hp_image_1`, `hq_post`.`hp_spin_2`, `hq_post`.`hp_image_2`, `hq_post`.`hp_spin_3`, `hq_post`.`hp_created_date`, `hq_post`.`hp_number_post` FROM `hq_post` WHERE `hq_post`.`hp_id` = :id LIMIT :APL0
[Sun, 24 Jan 16 09:47:16 +0000][INFO] SELECT IF(COUNT(*) > 0, 1, 0) FROM `INFORMATION_SCHEMA`.`TABLES` WHERE `TABLE_NAME` = 'hq_content_group' AND `TABLE_SCHEMA` = DATABASE()
[Sun, 24 Jan 16 09:47:16 +0000][INFO] DESCRIBE `hq_content_group`
[Sun, 24 Jan 16 09:47:16 +0000][INFO] SELECT `hq_content_group`.`hcg_id`, `hq_content_group`.`hcg_key`, `hq_content_group`.`hcg_main`, `hq_content_group`.`hcg_created_date`, `hq_content_group`.`hcg_position` FROM `hq_content_group` WHERE `hq_content_group`.`hcg_position` = 1 ORDER BY `hq_content_group`.`hcg_id` DESC
[Sun, 24 Jan 16 09:47:16 +0000][INFO] SELECT `hq_content_group`.`hcg_id`, `hq_content_group`.`hcg_key`, `hq_content_group`.`hcg_main`, `hq_content_group`.`hcg_created_date`, `hq_content_group`.`hcg_position` FROM `hq_content_group` WHERE `hq_content_group`.`hcg_position` = 2 ORDER BY `hq_content_group`.`hcg_id` DESC
[Sun, 24 Jan 16 09:47:16 +0000][INFO] SELECT `hq_content_group`.`hcg_id`, `hq_content_group`.`hcg_key`, `hq_content_group`.`hcg_main`, `hq_content_group`.`hcg_created_date`, `hq_content_group`.`hcg_position` FROM `hq_content_group` WHERE `hq_content_group`.`hcg_position` = 3 ORDER BY `hq_content_group`.`hcg_id` DESC
[Sun, 24 Jan 16 09:47:19 +0000][INFO] SELECT IF(COUNT(*) > 0, 1, 0) FROM `INFORMATION_SCHEMA`.`TABLES` WHERE `TABLE_NAME` = 'hq_content' AND `TABLE_SCHEMA` = DATABASE()
[Sun, 24 Jan 16 09:47:19 +0000][INFO] DESCRIBE `hq_content`
[Sun, 24 Jan 16 09:47:19 +0000][INFO] SELECT `hq_content`.`hc_id`, `hq_content`.`hc_hcg_id`, `hq_content`.`hc_hcg_key`, `hq_content`.`hc_description`, `hq_content`.`hc_title`, `hq_content`.`hc_created_date` FROM `hq_content` WHERE `hq_content`.`hc_hcg_id` = :id
[Sun, 24 Jan 16 09:47:19 +0000][INFO] SELECT `hq_content`.`hc_id`, `hq_content`.`hc_hcg_id`, `hq_content`.`hc_hcg_key`, `hq_content`.`hc_description`, `hq_content`.`hc_title`, `hq_content`.`hc_created_date` FROM `hq_content` WHERE `hq_content`.`hc_hcg_id` = :id
[Sun, 24 Jan 16 09:47:19 +0000][INFO] SELECT `hq_content`.`hc_id`, `hq_content`.`hc_hcg_id`, `hq_content`.`hc_hcg_key`, `hq_content`.`hc_description`, `hq_content`.`hc_title`, `hq_content`.`hc_created_date` FROM `hq_content` WHERE `hq_content`.`hc_hcg_id` = :id
[Sun, 24 Jan 16 09:47:19 +0000][INFO] UPDATE `hq_post` SET `hp_title` = ?, `hp_spin_1` = ?, `hp_image_1` = ?, `hp_spin_2` = ?, `hp_image_2` = ?, `hp_spin_3` = ?, `hp_number_post` = ? WHERE hp_id='1'
[Sun, 24 Jan 16 09:47:23 +0000][INFO] SELECT IF(COUNT(*) > 0, 1, 0) FROM `INFORMATION_SCHEMA`.`TABLES` WHERE `TABLE_NAME` = 'hq_content_group' AND `TABLE_SCHEMA` = DATABASE()
[Sun, 24 Jan 16 09:47:23 +0000][INFO] DESCRIBE `hq_content_group`
[Sun, 24 Jan 16 09:47:23 +0000][INFO] SELECT `hq_content_group`.`hcg_id`, `hq_content_group`.`hcg_key`, `hq_content_group`.`hcg_main`, `hq_content_group`.`hcg_created_date`, `hq_content_group`.`hcg_position` FROM `hq_content_group` WHERE `hq_content_group`.`hcg_position` = 1 ORDER BY `hq_content_group`.`hcg_id` DESC
[Sun, 24 Jan 16 09:47:23 +0000][INFO] SELECT `hq_content_group`.`hcg_id`, `hq_content_group`.`hcg_key`, `hq_content_group`.`hcg_main`, `hq_content_group`.`hcg_created_date`, `hq_content_group`.`hcg_position` FROM `hq_content_group` WHERE `hq_content_group`.`hcg_position` = 2 ORDER BY `hq_content_group`.`hcg_id` DESC
[Sun, 24 Jan 16 09:47:23 +0000][INFO] SELECT `hq_content_group`.`hcg_id`, `hq_content_group`.`hcg_key`, `hq_content_group`.`hcg_main`, `hq_content_group`.`hcg_created_date`, `hq_content_group`.`hcg_position` FROM `hq_content_group` WHERE `hq_content_group`.`hcg_position` = 3 ORDER BY `hq_content_group`.`hcg_id` DESC
[Sun, 24 Jan 16 09:47:30 +0000][INFO] SELECT IF(COUNT(*) > 0, 1, 0) FROM `INFORMATION_SCHEMA`.`TABLES` WHERE `TABLE_NAME` = 'hq_post' AND `TABLE_SCHEMA` = DATABASE()
[Sun, 24 Jan 16 09:47:30 +0000][INFO] DESCRIBE `hq_post`
[Sun, 24 Jan 16 09:47:30 +0000][INFO] SELECT `hq_post`.`hp_id`, `hq_post`.`hp_title`, `hq_post`.`hp_spin_1`, `hq_post`.`hp_image_1`, `hq_post`.`hp_spin_2`, `hq_post`.`hp_image_2`, `hq_post`.`hp_spin_3`, `hq_post`.`hp_created_date`, `hq_post`.`hp_number_post` FROM `hq_post` WHERE `hq_post`.`hp_spin_1` = :group_1
[Sun, 24 Jan 16 09:47:56 +0000][INFO] SELECT IF(COUNT(*) > 0, 1, 0) FROM `INFORMATION_SCHEMA`.`TABLES` WHERE `TABLE_NAME` = 'hq_post' AND `TABLE_SCHEMA` = DATABASE()
[Sun, 24 Jan 16 09:47:56 +0000][INFO] DESCRIBE `hq_post`
[Sun, 24 Jan 16 09:47:56 +0000][INFO] SELECT `hq_post`.`hp_id`, `hq_post`.`hp_title`, `hq_post`.`hp_spin_1`, `hq_post`.`hp_image_1`, `hq_post`.`hp_spin_2`, `hq_post`.`hp_image_2`, `hq_post`.`hp_spin_3`, `hq_post`.`hp_created_date`, `hq_post`.`hp_number_post` FROM `hq_post` WHERE `hq_post`.`hp_id` = :id LIMIT :APL0
[Sun, 24 Jan 16 09:47:56 +0000][INFO] SELECT IF(COUNT(*) > 0, 1, 0) FROM `INFORMATION_SCHEMA`.`TABLES` WHERE `TABLE_NAME` = 'hq_content_group' AND `TABLE_SCHEMA` = DATABASE()
[Sun, 24 Jan 16 09:47:56 +0000][INFO] DESCRIBE `hq_content_group`
[Sun, 24 Jan 16 09:47:56 +0000][INFO] SELECT `hq_content_group`.`hcg_id`, `hq_content_group`.`hcg_key`, `hq_content_group`.`hcg_main`, `hq_content_group`.`hcg_created_date`, `hq_content_group`.`hcg_position` FROM `hq_content_group` WHERE `hq_content_group`.`hcg_position` = 1 ORDER BY `hq_content_group`.`hcg_id` DESC
[Sun, 24 Jan 16 09:47:56 +0000][INFO] SELECT `hq_content_group`.`hcg_id`, `hq_content_group`.`hcg_key`, `hq_content_group`.`hcg_main`, `hq_content_group`.`hcg_created_date`, `hq_content_group`.`hcg_position` FROM `hq_content_group` WHERE `hq_content_group`.`hcg_position` = 2 ORDER BY `hq_content_group`.`hcg_id` DESC
[Sun, 24 Jan 16 09:47:56 +0000][INFO] SELECT `hq_content_group`.`hcg_id`, `hq_content_group`.`hcg_key`, `hq_content_group`.`hcg_main`, `hq_content_group`.`hcg_created_date`, `hq_content_group`.`hcg_position` FROM `hq_content_group` WHERE `hq_content_group`.`hcg_position` = 3 ORDER BY `hq_content_group`.`hcg_id` DESC
[Sun, 24 Jan 16 09:47:59 +0000][INFO] SELECT IF(COUNT(*) > 0, 1, 0) FROM `INFORMATION_SCHEMA`.`TABLES` WHERE `TABLE_NAME` = 'hq_content' AND `TABLE_SCHEMA` = DATABASE()
[Sun, 24 Jan 16 09:47:59 +0000][INFO] DESCRIBE `hq_content`
[Sun, 24 Jan 16 09:47:59 +0000][INFO] SELECT `hq_content`.`hc_id`, `hq_content`.`hc_hcg_id`, `hq_content`.`hc_hcg_key`, `hq_content`.`hc_description`, `hq_content`.`hc_title`, `hq_content`.`hc_created_date` FROM `hq_content` WHERE `hq_content`.`hc_hcg_id` = :id
[Sun, 24 Jan 16 09:48:18 +0000][INFO] SELECT IF(COUNT(*) > 0, 1, 0) FROM `INFORMATION_SCHEMA`.`TABLES` WHERE `TABLE_NAME` = 'hq_content' AND `TABLE_SCHEMA` = DATABASE()
[Sun, 24 Jan 16 09:48:18 +0000][INFO] DESCRIBE `hq_content`
[Sun, 24 Jan 16 09:48:18 +0000][INFO] SELECT `hq_content`.`hc_id`, `hq_content`.`hc_hcg_id`, `hq_content`.`hc_hcg_key`, `hq_content`.`hc_description`, `hq_content`.`hc_title`, `hq_content`.`hc_created_date` FROM `hq_content` WHERE `hq_content`.`hc_hcg_id` = :id
[Sun, 24 Jan 16 09:48:53 +0000][INFO] SELECT IF(COUNT(*) > 0, 1, 0) FROM `INFORMATION_SCHEMA`.`TABLES` WHERE `TABLE_NAME` = 'hq_content' AND `TABLE_SCHEMA` = DATABASE()
[Sun, 24 Jan 16 09:48:53 +0000][INFO] DESCRIBE `hq_content`
[Sun, 24 Jan 16 09:48:53 +0000][INFO] SELECT `hq_content`.`hc_id`, `hq_content`.`hc_hcg_id`, `hq_content`.`hc_hcg_key`, `hq_content`.`hc_description`, `hq_content`.`hc_title`, `hq_content`.`hc_created_date` FROM `hq_content` WHERE `hq_content`.`hc_hcg_id` = :id
[Sun, 24 Jan 16 09:48:53 +0000][INFO] SELECT `hq_content`.`hc_id`, `hq_content`.`hc_hcg_id`, `hq_content`.`hc_hcg_key`, `hq_content`.`hc_description`, `hq_content`.`hc_title`, `hq_content`.`hc_created_date` FROM `hq_content` WHERE `hq_content`.`hc_hcg_id` = :id
[Sun, 24 Jan 16 09:48:53 +0000][INFO] SELECT `hq_content`.`hc_id`, `hq_content`.`hc_hcg_id`, `hq_content`.`hc_hcg_key`, `hq_content`.`hc_description`, `hq_content`.`hc_title`, `hq_content`.`hc_created_date` FROM `hq_content` WHERE `hq_content`.`hc_hcg_id` = :id
[Sun, 24 Jan 16 09:49:06 +0000][INFO] SELECT IF(COUNT(*) > 0, 1, 0) FROM `INFORMATION_SCHEMA`.`TABLES` WHERE `TABLE_NAME` = 'hq_content' AND `TABLE_SCHEMA` = DATABASE()
[Sun, 24 Jan 16 09:49:06 +0000][INFO] DESCRIBE `hq_content`
[Sun, 24 Jan 16 09:49:06 +0000][INFO] SELECT `hq_content`.`hc_id`, `hq_content`.`hc_hcg_id`, `hq_content`.`hc_hcg_key`, `hq_content`.`hc_description`, `hq_content`.`hc_title`, `hq_content`.`hc_created_date` FROM `hq_content` WHERE `hq_content`.`hc_hcg_id` = :id
[Sun, 24 Jan 16 09:49:06 +0000][INFO] SELECT `hq_content`.`hc_id`, `hq_content`.`hc_hcg_id`, `hq_content`.`hc_hcg_key`, `hq_content`.`hc_description`, `hq_content`.`hc_title`, `hq_content`.`hc_created_date` FROM `hq_content` WHERE `hq_content`.`hc_hcg_id` = :id
[Sun, 24 Jan 16 09:49:06 +0000][INFO] SELECT `hq_content`.`hc_id`, `hq_content`.`hc_hcg_id`, `hq_content`.`hc_hcg_key`, `hq_content`.`hc_description`, `hq_content`.`hc_title`, `hq_content`.`hc_created_date` FROM `hq_content` WHERE `hq_content`.`hc_hcg_id` = :id
[Sun, 24 Jan 16 09:49:06 +0000][INFO] UPDATE `hq_post` SET `hp_title` = ?, `hp_spin_1` = ?, `hp_image_1` = ?, `hp_spin_2` = ?, `hp_image_2` = ?, `hp_spin_3` = ?, `hp_number_post` = ? WHERE hp_id='1'
[Sun, 24 Jan 16 09:49:08 +0000][INFO] SELECT IF(COUNT(*) > 0, 1, 0) FROM `INFORMATION_SCHEMA`.`TABLES` WHERE `TABLE_NAME` = 'hq_content_group' AND `TABLE_SCHEMA` = DATABASE()
[Sun, 24 Jan 16 09:49:08 +0000][INFO] DESCRIBE `hq_content_group`
[Sun, 24 Jan 16 09:49:08 +0000][INFO] SELECT `hq_content_group`.`hcg_id`, `hq_content_group`.`hcg_key`, `hq_content_group`.`hcg_main`, `hq_content_group`.`hcg_created_date`, `hq_content_group`.`hcg_position` FROM `hq_content_group` WHERE `hq_content_group`.`hcg_position` = 1 ORDER BY `hq_content_group`.`hcg_id` DESC
[Sun, 24 Jan 16 09:49:08 +0000][INFO] SELECT `hq_content_group`.`hcg_id`, `hq_content_group`.`hcg_key`, `hq_content_group`.`hcg_main`, `hq_content_group`.`hcg_created_date`, `hq_content_group`.`hcg_position` FROM `hq_content_group` WHERE `hq_content_group`.`hcg_position` = 2 ORDER BY `hq_content_group`.`hcg_id` DESC
[Sun, 24 Jan 16 09:49:08 +0000][INFO] SELECT `hq_content_group`.`hcg_id`, `hq_content_group`.`hcg_key`, `hq_content_group`.`hcg_main`, `hq_content_group`.`hcg_created_date`, `hq_content_group`.`hcg_position` FROM `hq_content_group` WHERE `hq_content_group`.`hcg_position` = 3 ORDER BY `hq_content_group`.`hcg_id` DESC
[Sun, 24 Jan 16 09:49:14 +0000][INFO] SELECT IF(COUNT(*) > 0, 1, 0) FROM `INFORMATION_SCHEMA`.`TABLES` WHERE `TABLE_NAME` = 'hq_post' AND `TABLE_SCHEMA` = DATABASE()
[Sun, 24 Jan 16 09:49:14 +0000][INFO] DESCRIBE `hq_post`
[Sun, 24 Jan 16 09:49:14 +0000][INFO] SELECT `hq_post`.`hp_id`, `hq_post`.`hp_title`, `hq_post`.`hp_spin_1`, `hq_post`.`hp_image_1`, `hq_post`.`hp_spin_2`, `hq_post`.`hp_image_2`, `hq_post`.`hp_spin_3`, `hq_post`.`hp_created_date`, `hq_post`.`hp_number_post` FROM `hq_post` WHERE `hq_post`.`hp_spin_1` = :group_1
[Sun, 24 Jan 16 09:51:38 +0000][INFO] SELECT IF(COUNT(*) > 0, 1, 0) FROM `INFORMATION_SCHEMA`.`TABLES` WHERE `TABLE_NAME` = 'hq_post' AND `TABLE_SCHEMA` = DATABASE()
[Sun, 24 Jan 16 09:51:38 +0000][INFO] DESCRIBE `hq_post`
[Sun, 24 Jan 16 09:51:38 +0000][INFO] SELECT `hq_post`.`hp_id`, `hq_post`.`hp_title`, `hq_post`.`hp_spin_1`, `hq_post`.`hp_image_1`, `hq_post`.`hp_spin_2`, `hq_post`.`hp_image_2`, `hq_post`.`hp_spin_3`, `hq_post`.`hp_created_date`, `hq_post`.`hp_number_post` FROM `hq_post` WHERE `hq_post`.`hp_spin_1` = :group_1
[Sun, 24 Jan 16 09:51:41 +0000][INFO] SELECT IF(COUNT(*) > 0, 1, 0) FROM `INFORMATION_SCHEMA`.`TABLES` WHERE `TABLE_NAME` = 'hq_post' AND `TABLE_SCHEMA` = DATABASE()
[Sun, 24 Jan 16 09:51:41 +0000][INFO] DESCRIBE `hq_post`
[Sun, 24 Jan 16 09:51:41 +0000][INFO] SELECT `hq_post`.`hp_id`, `hq_post`.`hp_title`, `hq_post`.`hp_spin_1`, `hq_post`.`hp_image_1`, `hq_post`.`hp_spin_2`, `hq_post`.`hp_image_2`, `hq_post`.`hp_spin_3`, `hq_post`.`hp_created_date`, `hq_post`.`hp_number_post` FROM `hq_post` WHERE `hq_post`.`hp_id` = :id LIMIT :APL0
[Sun, 24 Jan 16 09:51:41 +0000][INFO] SELECT IF(COUNT(*) > 0, 1, 0) FROM `INFORMATION_SCHEMA`.`TABLES` WHERE `TABLE_NAME` = 'hq_content_group' AND `TABLE_SCHEMA` = DATABASE()
[Sun, 24 Jan 16 09:51:41 +0000][INFO] DESCRIBE `hq_content_group`
[Sun, 24 Jan 16 09:51:41 +0000][INFO] SELECT `hq_content_group`.`hcg_id`, `hq_content_group`.`hcg_key`, `hq_content_group`.`hcg_main`, `hq_content_group`.`hcg_created_date`, `hq_content_group`.`hcg_position` FROM `hq_content_group` WHERE `hq_content_group`.`hcg_position` = 1 ORDER BY `hq_content_group`.`hcg_id` DESC
[Sun, 24 Jan 16 09:51:41 +0000][INFO] SELECT `hq_content_group`.`hcg_id`, `hq_content_group`.`hcg_key`, `hq_content_group`.`hcg_main`, `hq_content_group`.`hcg_created_date`, `hq_content_group`.`hcg_position` FROM `hq_content_group` WHERE `hq_content_group`.`hcg_position` = 2 ORDER BY `hq_content_group`.`hcg_id` DESC
[Sun, 24 Jan 16 09:51:41 +0000][INFO] SELECT `hq_content_group`.`hcg_id`, `hq_content_group`.`hcg_key`, `hq_content_group`.`hcg_main`, `hq_content_group`.`hcg_created_date`, `hq_content_group`.`hcg_position` FROM `hq_content_group` WHERE `hq_content_group`.`hcg_position` = 3 ORDER BY `hq_content_group`.`hcg_id` DESC
[Sun, 24 Jan 16 09:51:44 +0000][INFO] SELECT IF(COUNT(*) > 0, 1, 0) FROM `INFORMATION_SCHEMA`.`TABLES` WHERE `TABLE_NAME` = 'hq_content' AND `TABLE_SCHEMA` = DATABASE()
[Sun, 24 Jan 16 09:51:44 +0000][INFO] DESCRIBE `hq_content`
[Sun, 24 Jan 16 09:51:44 +0000][INFO] SELECT `hq_content`.`hc_id`, `hq_content`.`hc_hcg_id`, `hq_content`.`hc_hcg_key`, `hq_content`.`hc_description`, `hq_content`.`hc_title`, `hq_content`.`hc_created_date` FROM `hq_content` WHERE `hq_content`.`hc_hcg_id` = :id
[Sun, 24 Jan 16 09:51:44 +0000][INFO] SELECT `hq_content`.`hc_id`, `hq_content`.`hc_hcg_id`, `hq_content`.`hc_hcg_key`, `hq_content`.`hc_description`, `hq_content`.`hc_title`, `hq_content`.`hc_created_date` FROM `hq_content` WHERE `hq_content`.`hc_hcg_id` = :id
[Sun, 24 Jan 16 09:51:44 +0000][INFO] SELECT `hq_content`.`hc_id`, `hq_content`.`hc_hcg_id`, `hq_content`.`hc_hcg_key`, `hq_content`.`hc_description`, `hq_content`.`hc_title`, `hq_content`.`hc_created_date` FROM `hq_content` WHERE `hq_content`.`hc_hcg_id` = :id
[Sun, 24 Jan 16 09:51:44 +0000][INFO] UPDATE `hq_post` SET `hp_title` = ?, `hp_spin_1` = ?, `hp_image_1` = ?, `hp_spin_2` = ?, `hp_image_2` = ?, `hp_spin_3` = ?, `hp_number_post` = ? WHERE hp_id='1'
[Sun, 24 Jan 16 09:52:18 +0000][INFO] SELECT IF(COUNT(*) > 0, 1, 0) FROM `INFORMATION_SCHEMA`.`TABLES` WHERE `TABLE_NAME` = 'hq_post' AND `TABLE_SCHEMA` = DATABASE()
[Sun, 24 Jan 16 09:52:18 +0000][INFO] DESCRIBE `hq_post`
[Sun, 24 Jan 16 09:52:18 +0000][INFO] SELECT `hq_post`.`hp_id`, `hq_post`.`hp_title`, `hq_post`.`hp_spin_1`, `hq_post`.`hp_image_1`, `hq_post`.`hp_spin_2`, `hq_post`.`hp_image_2`, `hq_post`.`hp_spin_3`, `hq_post`.`hp_created_date`, `hq_post`.`hp_number_post` FROM `hq_post` WHERE `hq_post`.`hp_id` = :id LIMIT :APL0
[Sun, 24 Jan 16 09:52:18 +0000][INFO] SELECT IF(COUNT(*) > 0, 1, 0) FROM `INFORMATION_SCHEMA`.`TABLES` WHERE `TABLE_NAME` = 'hq_content_group' AND `TABLE_SCHEMA` = DATABASE()
[Sun, 24 Jan 16 09:52:18 +0000][INFO] DESCRIBE `hq_content_group`
[Sun, 24 Jan 16 09:52:18 +0000][INFO] SELECT `hq_content_group`.`hcg_id`, `hq_content_group`.`hcg_key`, `hq_content_group`.`hcg_main`, `hq_content_group`.`hcg_created_date`, `hq_content_group`.`hcg_position` FROM `hq_content_group` WHERE `hq_content_group`.`hcg_position` = 1 ORDER BY `hq_content_group`.`hcg_id` DESC
[Sun, 24 Jan 16 09:52:18 +0000][INFO] SELECT `hq_content_group`.`hcg_id`, `hq_content_group`.`hcg_key`, `hq_content_group`.`hcg_main`, `hq_content_group`.`hcg_created_date`, `hq_content_group`.`hcg_position` FROM `hq_content_group` WHERE `hq_content_group`.`hcg_position` = 2 ORDER BY `hq_content_group`.`hcg_id` DESC
[Sun, 24 Jan 16 09:52:18 +0000][INFO] SELECT `hq_content_group`.`hcg_id`, `hq_content_group`.`hcg_key`, `hq_content_group`.`hcg_main`, `hq_content_group`.`hcg_created_date`, `hq_content_group`.`hcg_position` FROM `hq_content_group` WHERE `hq_content_group`.`hcg_position` = 3 ORDER BY `hq_content_group`.`hcg_id` DESC
[Sun, 24 Jan 16 09:52:20 +0000][INFO] SELECT IF(COUNT(*) > 0, 1, 0) FROM `INFORMATION_SCHEMA`.`TABLES` WHERE `TABLE_NAME` = 'hq_content' AND `TABLE_SCHEMA` = DATABASE()
[Sun, 24 Jan 16 09:52:20 +0000][INFO] DESCRIBE `hq_content`
[Sun, 24 Jan 16 09:52:20 +0000][INFO] SELECT `hq_content`.`hc_id`, `hq_content`.`hc_hcg_id`, `hq_content`.`hc_hcg_key`, `hq_content`.`hc_description`, `hq_content`.`hc_title`, `hq_content`.`hc_created_date` FROM `hq_content` WHERE `hq_content`.`hc_hcg_id` = :id
[Sun, 24 Jan 16 09:52:20 +0000][INFO] SELECT `hq_content`.`hc_id`, `hq_content`.`hc_hcg_id`, `hq_content`.`hc_hcg_key`, `hq_content`.`hc_description`, `hq_content`.`hc_title`, `hq_content`.`hc_created_date` FROM `hq_content` WHERE `hq_content`.`hc_hcg_id` = :id
[Sun, 24 Jan 16 09:52:20 +0000][INFO] SELECT `hq_content`.`hc_id`, `hq_content`.`hc_hcg_id`, `hq_content`.`hc_hcg_key`, `hq_content`.`hc_description`, `hq_content`.`hc_title`, `hq_content`.`hc_created_date` FROM `hq_content` WHERE `hq_content`.`hc_hcg_id` = :id
[Sun, 24 Jan 16 09:52:20 +0000][INFO] UPDATE `hq_post` SET `hp_title` = ?, `hp_spin_1` = ?, `hp_image_1` = ?, `hp_spin_2` = ?, `hp_image_2` = ?, `hp_spin_3` = ?, `hp_number_post` = ? WHERE hp_id='1'
[Sun, 24 Jan 16 09:52:22 +0000][INFO] SELECT IF(COUNT(*) > 0, 1, 0) FROM `INFORMATION_SCHEMA`.`TABLES` WHERE `TABLE_NAME` = 'hq_content_group' AND `TABLE_SCHEMA` = DATABASE()
[Sun, 24 Jan 16 09:52:22 +0000][INFO] DESCRIBE `hq_content_group`
[Sun, 24 Jan 16 09:52:22 +0000][INFO] SELECT `hq_content_group`.`hcg_id`, `hq_content_group`.`hcg_key`, `hq_content_group`.`hcg_main`, `hq_content_group`.`hcg_created_date`, `hq_content_group`.`hcg_position` FROM `hq_content_group` WHERE `hq_content_group`.`hcg_position` = 1 ORDER BY `hq_content_group`.`hcg_id` DESC
[Sun, 24 Jan 16 09:52:22 +0000][INFO] SELECT `hq_content_group`.`hcg_id`, `hq_content_group`.`hcg_key`, `hq_content_group`.`hcg_main`, `hq_content_group`.`hcg_created_date`, `hq_content_group`.`hcg_position` FROM `hq_content_group` WHERE `hq_content_group`.`hcg_position` = 2 ORDER BY `hq_content_group`.`hcg_id` DESC
[Sun, 24 Jan 16 09:52:22 +0000][INFO] SELECT `hq_content_group`.`hcg_id`, `hq_content_group`.`hcg_key`, `hq_content_group`.`hcg_main`, `hq_content_group`.`hcg_created_date`, `hq_content_group`.`hcg_position` FROM `hq_content_group` WHERE `hq_content_group`.`hcg_position` = 3 ORDER BY `hq_content_group`.`hcg_id` DESC
[Sun, 24 Jan 16 09:52:26 +0000][INFO] SELECT IF(COUNT(*) > 0, 1, 0) FROM `INFORMATION_SCHEMA`.`TABLES` WHERE `TABLE_NAME` = 'hq_post' AND `TABLE_SCHEMA` = DATABASE()
[Sun, 24 Jan 16 09:52:26 +0000][INFO] DESCRIBE `hq_post`
[Sun, 24 Jan 16 09:52:26 +0000][INFO] SELECT `hq_post`.`hp_id`, `hq_post`.`hp_title`, `hq_post`.`hp_spin_1`, `hq_post`.`hp_image_1`, `hq_post`.`hp_spin_2`, `hq_post`.`hp_image_2`, `hq_post`.`hp_spin_3`, `hq_post`.`hp_created_date`, `hq_post`.`hp_number_post` FROM `hq_post` WHERE `hq_post`.`hp_spin_1` = :group_1
