[Sat, 16 Apr 16 17:02:03 +0200][INFO] SELECT IF(COUNT(*) > 0, 1, 0) FROM `INFORMATION_SCHEMA`.`TABLES` WHERE `TABLE_NAME` = 'hq_admin_role' AND `TABLE_SCHEMA` = DATABASE()
[Sat, 16 Apr 16 17:02:03 +0200][INFO] DESCRIBE `hq_admin_role`
[Sat, 16 Apr 16 17:02:03 +0200][INFO] SELECT IF(COUNT(*) > 0, 1, 0) FROM `INFORMATION_SCHEMA`.`TABLES` WHERE `TABLE_NAME` = 'hq_admin_role' AND `TABLE_SCHEMA` = DATABASE()
[Sat, 16 Apr 16 17:02:03 +0200][INFO] DESCRIBE `hq_admin_role`
[Sat, 16 Apr 16 17:02:03 +0200][INFO] SELECT IF(COUNT(*) > 0, 1, 0) FROM `INFORMATION_SCHEMA`.`TABLES` WHERE `TABLE_NAME` = 'hq_admin_role' AND `TABLE_SCHEMA` = DATABASE()
[Sat, 16 Apr 16 17:02:03 +0200][INFO] DESCRIBE `hq_admin_role`
[Sat, 16 Apr 16 17:02:03 +0200][INFO] SELECT `hq_admin_role`.`role_name` AS `role_name`, `hq_admin_role`.`role_ar_user` AS `role_ar_user` FROM `hq_admin_role`
[Sat, 16 Apr 16 17:02:07 +0200][INFO] SELECT IF(COUNT(*) > 0, 1, 0) FROM `INFORMATION_SCHEMA`.`TABLES` WHERE `TABLE_NAME` = 'hq_admin_role' AND `TABLE_SCHEMA` = DATABASE()
[Sat, 16 Apr 16 17:02:07 +0200][INFO] DESCRIBE `hq_admin_role`
[Sat, 16 Apr 16 17:02:07 +0200][INFO] SELECT IF(COUNT(*) > 0, 1, 0) FROM `INFORMATION_SCHEMA`.`TABLES` WHERE `TABLE_NAME` = 'hq_admin_role' AND `TABLE_SCHEMA` = DATABASE()
[Sat, 16 Apr 16 17:02:07 +0200][INFO] DESCRIBE `hq_admin_role`
[Sat, 16 Apr 16 17:02:07 +0200][INFO] SELECT IF(COUNT(*) > 0, 1, 0) FROM `INFORMATION_SCHEMA`.`TABLES` WHERE `TABLE_NAME` = 'hq_admin_role' AND `TABLE_SCHEMA` = DATABASE()
[Sat, 16 Apr 16 17:02:07 +0200][INFO] DESCRIBE `hq_admin_role`
[Sat, 16 Apr 16 17:02:07 +0200][INFO] SELECT `hq_admin_role`.`role_name` AS `role_name`, `hq_admin_role`.`role_ar_user` AS `role_ar_user` FROM `hq_admin_role`
[Sat, 16 Apr 16 17:02:08 +0200][INFO] SELECT IF(COUNT(*) > 0, 1, 0) FROM `INFORMATION_SCHEMA`.`TABLES` WHERE `TABLE_NAME` = 'hq_user_admin' AND `TABLE_SCHEMA` = DATABASE()
[Sat, 16 Apr 16 17:02:08 +0200][INFO] DESCRIBE `hq_user_admin`
[Sat, 16 Apr 16 17:02:08 +0200][INFO] SELECT IF(COUNT(*) > 0, 1, 0) FROM `INFORMATION_SCHEMA`.`TABLES` WHERE `TABLE_NAME` = 'hq_user_admin' AND `TABLE_SCHEMA` = DATABASE()
[Sat, 16 Apr 16 17:02:08 +0200][INFO] DESCRIBE `hq_user_admin`
[Sat, 16 Apr 16 17:02:08 +0200][INFO] SELECT IF(COUNT(*) > 0, 1, 0) FROM `INFORMATION_SCHEMA`.`TABLES` WHERE `TABLE_NAME` = 'hq_user_admin' AND `TABLE_SCHEMA` = DATABASE()
[Sat, 16 Apr 16 17:02:08 +0200][INFO] DESCRIBE `hq_user_admin`
[Sat, 16 Apr 16 17:02:08 +0200][INFO] SELECT `hq_user_admin`.`usa_id`, `hq_user_admin`.`usa_username`, `hq_user_admin`.`usa_email`, `hq_user_admin`.`usa_password`, `hq_user_admin`.`usa_last_login`, `hq_user_admin`.`usa_create_date` FROM `hq_user_admin` WHERE `hq_user_admin`.`usa_username` = :userEmail AND `hq_user_admin`.`usa_password` = :userPassword LIMIT :APL0
[Sat, 16 Apr 16 17:02:08 +0200][INFO] UPDATE `hq_user_admin` SET `usa_username` = ?, `usa_email` = ?, `usa_password` = ?, `usa_last_login` = ?, `usa_create_date` = ? WHERE `usa_id` = ?
[Sat, 16 Apr 16 17:02:09 +0200][INFO] SELECT IF(COUNT(*) > 0, 1, 0) FROM `INFORMATION_SCHEMA`.`TABLES` WHERE `TABLE_NAME` = 'hq_admin_role' AND `TABLE_SCHEMA` = DATABASE()
[Sat, 16 Apr 16 17:02:09 +0200][INFO] DESCRIBE `hq_admin_role`
[Sat, 16 Apr 16 17:02:09 +0200][INFO] SELECT IF(COUNT(*) > 0, 1, 0) FROM `INFORMATION_SCHEMA`.`TABLES` WHERE `TABLE_NAME` = 'hq_admin_role' AND `TABLE_SCHEMA` = DATABASE()
[Sat, 16 Apr 16 17:02:09 +0200][INFO] DESCRIBE `hq_admin_role`
[Sat, 16 Apr 16 17:02:09 +0200][INFO] SELECT IF(COUNT(*) > 0, 1, 0) FROM `INFORMATION_SCHEMA`.`TABLES` WHERE `TABLE_NAME` = 'hq_admin_role' AND `TABLE_SCHEMA` = DATABASE()
[Sat, 16 Apr 16 17:02:09 +0200][INFO] DESCRIBE `hq_admin_role`
[Sat, 16 Apr 16 17:02:09 +0200][INFO] SELECT `hq_admin_role`.`role_name` AS `role_name`, `hq_admin_role`.`role_ar_user` AS `role_ar_user` FROM `hq_admin_role`
[Sat, 16 Apr 16 17:02:09 +0200][INFO] SELECT IF(COUNT(*) > 0, 1, 0) FROM `INFORMATION_SCHEMA`.`TABLES` WHERE `TABLE_NAME` = 'hq_order' AND `TABLE_SCHEMA` = DATABASE()
[Sat, 16 Apr 16 17:02:09 +0200][INFO] DESCRIBE `hq_order`
[Sat, 16 Apr 16 17:02:09 +0200][INFO] SELECT IF(COUNT(*) > 0, 1, 0) FROM `INFORMATION_SCHEMA`.`TABLES` WHERE `TABLE_NAME` = 'hq_order' AND `TABLE_SCHEMA` = DATABASE()
[Sat, 16 Apr 16 17:02:09 +0200][INFO] DESCRIBE `hq_order`
[Sat, 16 Apr 16 17:02:09 +0200][INFO] SELECT IF(COUNT(*) > 0, 1, 0) FROM `INFORMATION_SCHEMA`.`TABLES` WHERE `TABLE_NAME` = 'hq_order' AND `TABLE_SCHEMA` = DATABASE()
[Sat, 16 Apr 16 17:02:09 +0200][INFO] DESCRIBE `hq_order`
[Sat, 16 Apr 16 17:02:09 +0200][INFO] SELECT DISTINCT (YEAR(`hq_order`.`or_create_date`)) AS `time` FROM `hq_order`
[Sat, 16 Apr 16 17:02:10 +0200][INFO] SELECT IF(COUNT(*) > 0, 1, 0) FROM `INFORMATION_SCHEMA`.`TABLES` WHERE `TABLE_NAME` = 'hq_admin_role' AND `TABLE_SCHEMA` = DATABASE()
[Sat, 16 Apr 16 17:02:10 +0200][INFO] DESCRIBE `hq_admin_role`
[Sat, 16 Apr 16 17:02:10 +0200][INFO] SELECT IF(COUNT(*) > 0, 1, 0) FROM `INFORMATION_SCHEMA`.`TABLES` WHERE `TABLE_NAME` = 'hq_admin_role' AND `TABLE_SCHEMA` = DATABASE()
[Sat, 16 Apr 16 17:02:10 +0200][INFO] DESCRIBE `hq_admin_role`
[Sat, 16 Apr 16 17:02:10 +0200][INFO] SELECT IF(COUNT(*) > 0, 1, 0) FROM `INFORMATION_SCHEMA`.`TABLES` WHERE `TABLE_NAME` = 'hq_admin_role' AND `TABLE_SCHEMA` = DATABASE()
[Sat, 16 Apr 16 17:02:10 +0200][INFO] DESCRIBE `hq_admin_role`
[Sat, 16 Apr 16 17:02:10 +0200][INFO] SELECT `hq_admin_role`.`role_name` AS `role_name`, `hq_admin_role`.`role_ar_user` AS `role_ar_user` FROM `hq_admin_role`
[Sat, 16 Apr 16 17:02:10 +0200][INFO] SELECT IF(COUNT(*) > 0, 1, 0) FROM `INFORMATION_SCHEMA`.`TABLES` WHERE `TABLE_NAME` = 'hq_order' AND `TABLE_SCHEMA` = DATABASE()
[Sat, 16 Apr 16 17:02:10 +0200][INFO] DESCRIBE `hq_order`
[Sat, 16 Apr 16 17:02:10 +0200][INFO] SELECT IF(COUNT(*) > 0, 1, 0) FROM `INFORMATION_SCHEMA`.`TABLES` WHERE `TABLE_NAME` = 'hq_user' AND `TABLE_SCHEMA` = DATABASE()
[Sat, 16 Apr 16 17:02:10 +0200][INFO] DESCRIBE `hq_user`
[Sat, 16 Apr 16 17:02:10 +0200][INFO] SELECT IF(COUNT(*) > 0, 1, 0) FROM `INFORMATION_SCHEMA`.`TABLES` WHERE `TABLE_NAME` = 'hq_order' AND `TABLE_SCHEMA` = DATABASE()
[Sat, 16 Apr 16 17:02:10 +0200][INFO] DESCRIBE `hq_order`
[Sat, 16 Apr 16 17:02:10 +0200][INFO] SELECT IF(COUNT(*) > 0, 1, 0) FROM `INFORMATION_SCHEMA`.`TABLES` WHERE `TABLE_NAME` = 'hq_order' AND `TABLE_SCHEMA` = DATABASE()
[Sat, 16 Apr 16 17:02:10 +0200][INFO] DESCRIBE `hq_order`
[Sat, 16 Apr 16 17:02:10 +0200][INFO] SELECT `hq_order`.`or_id`, `hq_order`.`or_public_id`, `hq_order`.`us_id`, `hq_order`.`or_name`, `hq_order`.`or_email`, `hq_order`.`or_phone`, `hq_order`.`or_address`, `hq_order`.`zp_id`, `hq_order`.`zd_id`, `hq_order`.`zw_id`, `hq_order`.`or_total`, `hq_order`.`os_id`, `hq_order`.`or_edit_date`, `hq_order`.`or_create_date` FROM `hq_order` WHERE date(`hq_order`.`or_create_date`) = '2016-04-16'
[Sat, 16 Apr 16 17:02:10 +0200][INFO] SELECT IF(COUNT(*) > 0, 1, 0) FROM `INFORMATION_SCHEMA`.`TABLES` WHERE `TABLE_NAME` = 'hq_order' AND `TABLE_SCHEMA` = DATABASE()
[Sat, 16 Apr 16 17:02:10 +0200][INFO] DESCRIBE `hq_order`
[Sat, 16 Apr 16 17:02:10 +0200][INFO] SELECT `hq_order`.`or_id`, `hq_order`.`or_public_id`, `hq_order`.`us_id`, `hq_order`.`or_name`, `hq_order`.`or_email`, `hq_order`.`or_phone`, `hq_order`.`or_address`, `hq_order`.`zp_id`, `hq_order`.`zd_id`, `hq_order`.`zw_id`, `hq_order`.`or_total`, `hq_order`.`os_id`, `hq_order`.`or_edit_date`, `hq_order`.`or_create_date` FROM `hq_order` WHERE date(`hq_order`.`or_create_date`) = '2016-04-16' AND `hq_order`.`os_id` = '7'
[Sat, 16 Apr 16 17:02:10 +0200][INFO] SELECT IF(COUNT(*) > 0, 1, 0) FROM `INFORMATION_SCHEMA`.`TABLES` WHERE `TABLE_NAME` = 'hq_order' AND `TABLE_SCHEMA` = DATABASE()
[Sat, 16 Apr 16 17:02:10 +0200][INFO] DESCRIBE `hq_order`
[Sat, 16 Apr 16 17:02:10 +0200][INFO] SELECT SUM(`hq_order`.`or_total`) AS `total` FROM `hq_order` WHERE date(`hq_order`.`or_create_date`) = '2016-04-16' AND `hq_order`.`os_id` = '2' LIMIT :APL0
[Sat, 16 Apr 16 17:02:10 +0200][INFO] SELECT IF(COUNT(*) > 0, 1, 0) FROM `INFORMATION_SCHEMA`.`TABLES` WHERE `TABLE_NAME` = 'hq_user' AND `TABLE_SCHEMA` = DATABASE()
[Sat, 16 Apr 16 17:02:10 +0200][INFO] DESCRIBE `hq_user`
[Sat, 16 Apr 16 17:02:10 +0200][INFO] SELECT IF(COUNT(*) > 0, 1, 0) FROM `INFORMATION_SCHEMA`.`TABLES` WHERE `TABLE_NAME` = 'hq_user' AND `TABLE_SCHEMA` = DATABASE()
[Sat, 16 Apr 16 17:02:10 +0200][INFO] DESCRIBE `hq_user`
[Sat, 16 Apr 16 17:02:10 +0200][INFO] SELECT `hq_user`.`us_id`, `hq_user`.`us_name`, `hq_user`.`us_password`, `hq_user`.`us_full_name`, `hq_user`.`us_phone`, `hq_user`.`us_address`, `hq_user`.`us_birthday`, `hq_user`.`us_email`, `hq_user`.`us_from`, `hq_user`.`us_create_time`, `hq_user`.`us_expired_time`, `hq_user`.`us_social`, `hq_user`.`us_social_id`, `hq_user`.`us_newsletter`, `hq_user`.`us_status` FROM `hq_user` WHERE date(`hq_user`.`us_create_time`) = '2016-04-16'
[Sat, 16 Apr 16 17:02:10 +0200][INFO] SELECT IF(COUNT(*) > 0, 1, 0) FROM `INFORMATION_SCHEMA`.`TABLES` WHERE `TABLE_NAME` = 'hq_admin_role' AND `TABLE_SCHEMA` = DATABASE()
[Sat, 16 Apr 16 17:02:10 +0200][INFO] DESCRIBE `hq_admin_role`
[Sat, 16 Apr 16 17:02:10 +0200][INFO] SELECT IF(COUNT(*) > 0, 1, 0) FROM `INFORMATION_SCHEMA`.`TABLES` WHERE `TABLE_NAME` = 'hq_admin_role' AND `TABLE_SCHEMA` = DATABASE()
[Sat, 16 Apr 16 17:02:10 +0200][INFO] DESCRIBE `hq_admin_role`
[Sat, 16 Apr 16 17:02:10 +0200][INFO] SELECT IF(COUNT(*) > 0, 1, 0) FROM `INFORMATION_SCHEMA`.`TABLES` WHERE `TABLE_NAME` = 'hq_admin_role' AND `TABLE_SCHEMA` = DATABASE()
[Sat, 16 Apr 16 17:02:10 +0200][INFO] DESCRIBE `hq_admin_role`
[Sat, 16 Apr 16 17:02:10 +0200][INFO] SELECT `hq_admin_role`.`role_name` AS `role_name`, `hq_admin_role`.`role_ar_user` AS `role_ar_user` FROM `hq_admin_role`
[Sat, 16 Apr 16 17:02:10 +0200][INFO] SELECT IF(COUNT(*) > 0, 1, 0) FROM `INFORMATION_SCHEMA`.`TABLES` WHERE `TABLE_NAME` = 'hq_order' AND `TABLE_SCHEMA` = DATABASE()
[Sat, 16 Apr 16 17:02:10 +0200][INFO] DESCRIBE `hq_order`
[Sat, 16 Apr 16 17:02:10 +0200][INFO] SELECT IF(COUNT(*) > 0, 1, 0) FROM `INFORMATION_SCHEMA`.`TABLES` WHERE `TABLE_NAME` = 'hq_order' AND `TABLE_SCHEMA` = DATABASE()
[Sat, 16 Apr 16 17:02:10 +0200][INFO] DESCRIBE `hq_order`
[Sat, 16 Apr 16 17:02:10 +0200][INFO] SELECT IF(COUNT(*) > 0, 1, 0) FROM `INFORMATION_SCHEMA`.`TABLES` WHERE `TABLE_NAME` = 'hq_order' AND `TABLE_SCHEMA` = DATABASE()
[Sat, 16 Apr 16 17:02:10 +0200][INFO] DESCRIBE `hq_order`
[Sat, 16 Apr 16 17:02:10 +0200][INFO] SELECT count(`hq_order`.`or_id`) AS `value`, date(`hq_order`.`or_create_date`) AS `time` FROM `hq_order` WHERE YEAR(`hq_order`.`or_create_date`) = '2016' AND MONTH(`hq_order`.`or_create_date`) = '4' GROUP BY date(`hq_order`.`or_create_date`)
[Sat, 16 Apr 16 17:02:10 +0200][INFO] SELECT IF(COUNT(*) > 0, 1, 0) FROM `INFORMATION_SCHEMA`.`TABLES` WHERE `TABLE_NAME` = 'hq_admin_role' AND `TABLE_SCHEMA` = DATABASE()
[Sat, 16 Apr 16 17:02:10 +0200][INFO] DESCRIBE `hq_admin_role`
[Sat, 16 Apr 16 17:02:10 +0200][INFO] SELECT IF(COUNT(*) > 0, 1, 0) FROM `INFORMATION_SCHEMA`.`TABLES` WHERE `TABLE_NAME` = 'hq_admin_role' AND `TABLE_SCHEMA` = DATABASE()
[Sat, 16 Apr 16 17:02:10 +0200][INFO] DESCRIBE `hq_admin_role`
[Sat, 16 Apr 16 17:02:10 +0200][INFO] SELECT IF(COUNT(*) > 0, 1, 0) FROM `INFORMATION_SCHEMA`.`TABLES` WHERE `TABLE_NAME` = 'hq_admin_role' AND `TABLE_SCHEMA` = DATABASE()
[Sat, 16 Apr 16 17:02:10 +0200][INFO] DESCRIBE `hq_admin_role`
[Sat, 16 Apr 16 17:02:10 +0200][INFO] SELECT `hq_admin_role`.`role_name` AS `role_name`, `hq_admin_role`.`role_ar_user` AS `role_ar_user` FROM `hq_admin_role`
[Sat, 16 Apr 16 17:02:10 +0200][INFO] SELECT IF(COUNT(*) > 0, 1, 0) FROM `INFORMATION_SCHEMA`.`TABLES` WHERE `TABLE_NAME` = 'hq_order' AND `TABLE_SCHEMA` = DATABASE()
[Sat, 16 Apr 16 17:02:10 +0200][INFO] DESCRIBE `hq_order`
[Sat, 16 Apr 16 17:02:10 +0200][INFO] SELECT IF(COUNT(*) > 0, 1, 0) FROM `INFORMATION_SCHEMA`.`TABLES` WHERE `TABLE_NAME` = 'hq_order' AND `TABLE_SCHEMA` = DATABASE()
[Sat, 16 Apr 16 17:02:10 +0200][INFO] DESCRIBE `hq_order`
[Sat, 16 Apr 16 17:02:10 +0200][INFO] SELECT IF(COUNT(*) > 0, 1, 0) FROM `INFORMATION_SCHEMA`.`TABLES` WHERE `TABLE_NAME` = 'hq_order' AND `TABLE_SCHEMA` = DATABASE()
[Sat, 16 Apr 16 17:02:10 +0200][INFO] DESCRIBE `hq_order`
[Sat, 16 Apr 16 17:02:10 +0200][INFO] SELECT sum(`hq_order`.`or_total`) AS `value`, date(`hq_order`.`or_create_date`) AS `time` FROM `hq_order` WHERE YEAR(`hq_order`.`or_create_date`) = '2016' AND MONTH(`hq_order`.`or_create_date`) = '4' GROUP BY date(`hq_order`.`or_create_date`)
[Sat, 16 Apr 16 17:02:10 +0200][INFO] SELECT IF(COUNT(*) > 0, 1, 0) FROM `INFORMATION_SCHEMA`.`TABLES` WHERE `TABLE_NAME` = 'hq_admin_role' AND `TABLE_SCHEMA` = DATABASE()
[Sat, 16 Apr 16 17:02:10 +0200][INFO] DESCRIBE `hq_admin_role`
[Sat, 16 Apr 16 17:02:10 +0200][INFO] SELECT IF(COUNT(*) > 0, 1, 0) FROM `INFORMATION_SCHEMA`.`TABLES` WHERE `TABLE_NAME` = 'hq_admin_role' AND `TABLE_SCHEMA` = DATABASE()
[Sat, 16 Apr 16 17:02:10 +0200][INFO] DESCRIBE `hq_admin_role`
[Sat, 16 Apr 16 17:02:10 +0200][INFO] SELECT IF(COUNT(*) > 0, 1, 0) FROM `INFORMATION_SCHEMA`.`TABLES` WHERE `TABLE_NAME` = 'hq_admin_role' AND `TABLE_SCHEMA` = DATABASE()
[Sat, 16 Apr 16 17:02:10 +0200][INFO] DESCRIBE `hq_admin_role`
[Sat, 16 Apr 16 17:02:10 +0200][INFO] SELECT `hq_admin_role`.`role_name` AS `role_name`, `hq_admin_role`.`role_ar_user` AS `role_ar_user` FROM `hq_admin_role`
[Sat, 16 Apr 16 17:02:10 +0200][INFO] SELECT IF(COUNT(*) > 0, 1, 0) FROM `INFORMATION_SCHEMA`.`TABLES` WHERE `TABLE_NAME` = 'hq_user' AND `TABLE_SCHEMA` = DATABASE()
[Sat, 16 Apr 16 17:02:10 +0200][INFO] DESCRIBE `hq_user`
[Sat, 16 Apr 16 17:02:10 +0200][INFO] SELECT IF(COUNT(*) > 0, 1, 0) FROM `INFORMATION_SCHEMA`.`TABLES` WHERE `TABLE_NAME` = 'hq_user' AND `TABLE_SCHEMA` = DATABASE()
[Sat, 16 Apr 16 17:02:10 +0200][INFO] DESCRIBE `hq_user`
[Sat, 16 Apr 16 17:02:10 +0200][INFO] SELECT IF(COUNT(*) > 0, 1, 0) FROM `INFORMATION_SCHEMA`.`TABLES` WHERE `TABLE_NAME` = 'hq_user' AND `TABLE_SCHEMA` = DATABASE()
[Sat, 16 Apr 16 17:02:10 +0200][INFO] DESCRIBE `hq_user`
[Sat, 16 Apr 16 17:02:10 +0200][INFO] SELECT count(`hq_user`.`us_id`) AS `value`, date(`hq_user`.`us_create_time`) AS `time` FROM `hq_user` WHERE YEAR(`hq_user`.`us_create_time`) = '2016' AND MONTH(`hq_user`.`us_create_time`) = '4' GROUP BY date(`hq_user`.`us_create_time`)
[Sat, 16 Apr 16 17:02:15 +0200][INFO] SELECT IF(COUNT(*) > 0, 1, 0) FROM `INFORMATION_SCHEMA`.`TABLES` WHERE `TABLE_NAME` = 'hq_admin_role' AND `TABLE_SCHEMA` = DATABASE()
[Sat, 16 Apr 16 17:02:15 +0200][INFO] DESCRIBE `hq_admin_role`
[Sat, 16 Apr 16 17:02:15 +0200][INFO] SELECT IF(COUNT(*) > 0, 1, 0) FROM `INFORMATION_SCHEMA`.`TABLES` WHERE `TABLE_NAME` = 'hq_admin_role' AND `TABLE_SCHEMA` = DATABASE()
[Sat, 16 Apr 16 17:02:15 +0200][INFO] DESCRIBE `hq_admin_role`
[Sat, 16 Apr 16 17:02:15 +0200][INFO] SELECT IF(COUNT(*) > 0, 1, 0) FROM `INFORMATION_SCHEMA`.`TABLES` WHERE `TABLE_NAME` = 'hq_admin_role' AND `TABLE_SCHEMA` = DATABASE()
[Sat, 16 Apr 16 17:02:15 +0200][INFO] DESCRIBE `hq_admin_role`
[Sat, 16 Apr 16 17:02:15 +0200][INFO] SELECT `hq_admin_role`.`role_name` AS `role_name`, `hq_admin_role`.`role_ar_user` AS `role_ar_user` FROM `hq_admin_role`
[Sat, 16 Apr 16 17:02:15 +0200][INFO] SELECT IF(COUNT(*) > 0, 1, 0) FROM `INFORMATION_SCHEMA`.`TABLES` WHERE `TABLE_NAME` = 'hq_product' AND `TABLE_SCHEMA` = DATABASE()
[Sat, 16 Apr 16 17:02:15 +0200][INFO] DESCRIBE `hq_product`
[Sat, 16 Apr 16 17:02:15 +0200][INFO] SELECT IF(COUNT(*) > 0, 1, 0) FROM `INFORMATION_SCHEMA`.`TABLES` WHERE `TABLE_NAME` = 'hq_product' AND `TABLE_SCHEMA` = DATABASE()
[Sat, 16 Apr 16 17:02:15 +0200][INFO] DESCRIBE `hq_product`
[Sat, 16 Apr 16 17:02:15 +0200][INFO] SELECT IF(COUNT(*) > 0, 1, 0) FROM `INFORMATION_SCHEMA`.`TABLES` WHERE `TABLE_NAME` = 'hq_product' AND `TABLE_SCHEMA` = DATABASE()
[Sat, 16 Apr 16 17:02:15 +0200][INFO] DESCRIBE `hq_product`
[Sat, 16 Apr 16 17:02:15 +0200][INFO] SELECT `hq_product`.`pr_id`, `hq_product`.`pr_public_id`, `hq_product`.`ct_id`, `hq_product`.`pr_name`, `hq_product`.`pr_decription`, `hq_product`.`pr_price`, `hq_product`.`pr_price_promotion`, `hq_product`.`pr_quantity`, `hq_product`.`pr_seo_link`, `hq_product`.`pr_create_date`, `hq_product`.`product_status`, `hq_product`.`pr_status` FROM `hq_product` ORDER BY `hq_product`.`pr_id` DESC
[Sat, 16 Apr 16 17:02:15 +0200][INFO] SELECT IF(COUNT(*) > 0, 1, 0) FROM `INFORMATION_SCHEMA`.`TABLES` WHERE `TABLE_NAME` = 'hq_category' AND `TABLE_SCHEMA` = DATABASE()
[Sat, 16 Apr 16 17:02:15 +0200][INFO] DESCRIBE `hq_category`
[Sat, 16 Apr 16 17:02:15 +0200][INFO] SELECT IF(COUNT(*) > 0, 1, 0) FROM `INFORMATION_SCHEMA`.`TABLES` WHERE `TABLE_NAME` = 'hq_category' AND `TABLE_SCHEMA` = DATABASE()
[Sat, 16 Apr 16 17:02:15 +0200][INFO] DESCRIBE `hq_category`
[Sat, 16 Apr 16 17:02:15 +0200][INFO] SELECT IF(COUNT(*) > 0, 1, 0) FROM `INFORMATION_SCHEMA`.`TABLES` WHERE `TABLE_NAME` = 'hq_category' AND `TABLE_SCHEMA` = DATABASE()
[Sat, 16 Apr 16 17:02:15 +0200][INFO] DESCRIBE `hq_category`
[Sat, 16 Apr 16 17:02:15 +0200][INFO] SELECT `hq_category`.`ct_id`, `hq_category`.`ma_id`, `hq_category`.`ct_name`, `hq_category`.`ct_parent_id`, `hq_category`.`ct_image`, `hq_category`.`ct_description`, `hq_category`.`ct_sort`, `hq_category`.`ct_seo_link`, `hq_category`.`ct_status` FROM `hq_category` WHERE `hq_category`.`ct_id` = :APR0 LIMIT :APL0
[Sat, 16 Apr 16 17:02:15 +0200][INFO] SELECT IF(COUNT(*) > 0, 1, 0) FROM `INFORMATION_SCHEMA`.`TABLES` WHERE `TABLE_NAME` = 'hq_product_avatar' AND `TABLE_SCHEMA` = DATABASE()
[Sat, 16 Apr 16 17:02:15 +0200][INFO] DESCRIBE `hq_product_avatar`
[Sat, 16 Apr 16 17:02:15 +0200][INFO] SELECT IF(COUNT(*) > 0, 1, 0) FROM `INFORMATION_SCHEMA`.`TABLES` WHERE `TABLE_NAME` = 'hq_product_avatar' AND `TABLE_SCHEMA` = DATABASE()
[Sat, 16 Apr 16 17:02:15 +0200][INFO] DESCRIBE `hq_product_avatar`
[Sat, 16 Apr 16 17:02:15 +0200][INFO] SELECT IF(COUNT(*) > 0, 1, 0) FROM `INFORMATION_SCHEMA`.`TABLES` WHERE `TABLE_NAME` = 'hq_product_avatar' AND `TABLE_SCHEMA` = DATABASE()
[Sat, 16 Apr 16 17:02:15 +0200][INFO] DESCRIBE `hq_product_avatar`
[Sat, 16 Apr 16 17:02:15 +0200][INFO] SELECT `hq_product_avatar`.`pa_id`, `hq_product_avatar`.`pr_id`, `hq_product_avatar`.`la_id`, `hq_product_avatar`.`pa_image_link`, `hq_product_avatar`.`pa_type` FROM `hq_product_avatar` WHERE `hq_product_avatar`.`pr_id` = :APR0
[Sat, 16 Apr 16 17:02:15 +0200][INFO] SELECT IF(COUNT(*) > 0, 1, 0) FROM `INFORMATION_SCHEMA`.`TABLES` WHERE `TABLE_NAME` = 'hq_category' AND `TABLE_SCHEMA` = DATABASE()
[Sat, 16 Apr 16 17:02:15 +0200][INFO] DESCRIBE `hq_category`
[Sat, 16 Apr 16 17:02:15 +0200][INFO] SELECT IF(COUNT(*) > 0, 1, 0) FROM `INFORMATION_SCHEMA`.`TABLES` WHERE `TABLE_NAME` = 'hq_category' AND `TABLE_SCHEMA` = DATABASE()
[Sat, 16 Apr 16 17:02:15 +0200][INFO] DESCRIBE `hq_category`
[Sat, 16 Apr 16 17:02:15 +0200][INFO] SELECT `hq_category`.`ct_id`, `hq_category`.`ma_id`, `hq_category`.`ct_name`, `hq_category`.`ct_parent_id`, `hq_category`.`ct_image`, `hq_category`.`ct_description`, `hq_category`.`ct_sort`, `hq_category`.`ct_seo_link`, `hq_category`.`ct_status` FROM `hq_category` WHERE `hq_category`.`ct_id` = :APR0 LIMIT :APL0
[Sat, 16 Apr 16 17:02:15 +0200][INFO] SELECT IF(COUNT(*) > 0, 1, 0) FROM `INFORMATION_SCHEMA`.`TABLES` WHERE `TABLE_NAME` = 'hq_product_avatar' AND `TABLE_SCHEMA` = DATABASE()
[Sat, 16 Apr 16 17:02:15 +0200][INFO] DESCRIBE `hq_product_avatar`
[Sat, 16 Apr 16 17:02:15 +0200][INFO] SELECT IF(COUNT(*) > 0, 1, 0) FROM `INFORMATION_SCHEMA`.`TABLES` WHERE `TABLE_NAME` = 'hq_product_avatar' AND `TABLE_SCHEMA` = DATABASE()
[Sat, 16 Apr 16 17:02:15 +0200][INFO] DESCRIBE `hq_product_avatar`
[Sat, 16 Apr 16 17:02:15 +0200][INFO] SELECT `hq_product_avatar`.`pa_id`, `hq_product_avatar`.`pr_id`, `hq_product_avatar`.`la_id`, `hq_product_avatar`.`pa_image_link`, `hq_product_avatar`.`pa_type` FROM `hq_product_avatar` WHERE `hq_product_avatar`.`pr_id` = :APR0
[Sat, 16 Apr 16 17:02:18 +0200][INFO] SELECT IF(COUNT(*) > 0, 1, 0) FROM `INFORMATION_SCHEMA`.`TABLES` WHERE `TABLE_NAME` = 'hq_admin_role' AND `TABLE_SCHEMA` = DATABASE()
[Sat, 16 Apr 16 17:02:18 +0200][INFO] DESCRIBE `hq_admin_role`
[Sat, 16 Apr 16 17:02:18 +0200][INFO] SELECT IF(COUNT(*) > 0, 1, 0) FROM `INFORMATION_SCHEMA`.`TABLES` WHERE `TABLE_NAME` = 'hq_admin_role' AND `TABLE_SCHEMA` = DATABASE()
[Sat, 16 Apr 16 17:02:18 +0200][INFO] DESCRIBE `hq_admin_role`
[Sat, 16 Apr 16 17:02:18 +0200][INFO] SELECT IF(COUNT(*) > 0, 1, 0) FROM `INFORMATION_SCHEMA`.`TABLES` WHERE `TABLE_NAME` = 'hq_admin_role' AND `TABLE_SCHEMA` = DATABASE()
[Sat, 16 Apr 16 17:02:18 +0200][INFO] DESCRIBE `hq_admin_role`
[Sat, 16 Apr 16 17:02:18 +0200][INFO] SELECT `hq_admin_role`.`role_name` AS `role_name`, `hq_admin_role`.`role_ar_user` AS `role_ar_user` FROM `hq_admin_role`
[Sat, 16 Apr 16 17:02:18 +0200][INFO] SELECT IF(COUNT(*) > 0, 1, 0) FROM `INFORMATION_SCHEMA`.`TABLES` WHERE `TABLE_NAME` = 'hq_product' AND `TABLE_SCHEMA` = DATABASE()
[Sat, 16 Apr 16 17:02:18 +0200][INFO] DESCRIBE `hq_product`
[Sat, 16 Apr 16 17:02:18 +0200][INFO] SELECT IF(COUNT(*) > 0, 1, 0) FROM `INFORMATION_SCHEMA`.`TABLES` WHERE `TABLE_NAME` = 'hq_category' AND `TABLE_SCHEMA` = DATABASE()
[Sat, 16 Apr 16 17:02:18 +0200][INFO] DESCRIBE `hq_category`
[Sat, 16 Apr 16 17:02:18 +0200][INFO] SELECT IF(COUNT(*) > 0, 1, 0) FROM `INFORMATION_SCHEMA`.`TABLES` WHERE `TABLE_NAME` = 'hq_list_type_image' AND `TABLE_SCHEMA` = DATABASE()
[Sat, 16 Apr 16 17:02:18 +0200][INFO] DESCRIBE `hq_list_type_image`
[Sat, 16 Apr 16 17:02:18 +0200][INFO] SELECT IF(COUNT(*) > 0, 1, 0) FROM `INFORMATION_SCHEMA`.`TABLES` WHERE `TABLE_NAME` = 'hq_product_option' AND `TABLE_SCHEMA` = DATABASE()
[Sat, 16 Apr 16 17:02:18 +0200][INFO] DESCRIBE `hq_product_option`
[Sat, 16 Apr 16 17:02:18 +0200][INFO] SELECT IF(COUNT(*) > 0, 1, 0) FROM `INFORMATION_SCHEMA`.`TABLES` WHERE `TABLE_NAME` = 'hq_product_avatar' AND `TABLE_SCHEMA` = DATABASE()
[Sat, 16 Apr 16 17:02:18 +0200][INFO] DESCRIBE `hq_product_avatar`
[Sat, 16 Apr 16 17:02:18 +0200][INFO] SELECT IF(COUNT(*) > 0, 1, 0) FROM `INFORMATION_SCHEMA`.`TABLES` WHERE `TABLE_NAME` = 'hq_category' AND `TABLE_SCHEMA` = DATABASE()
[Sat, 16 Apr 16 17:02:18 +0200][INFO] DESCRIBE `hq_category`
[Sat, 16 Apr 16 17:02:18 +0200][INFO] SELECT IF(COUNT(*) > 0, 1, 0) FROM `INFORMATION_SCHEMA`.`TABLES` WHERE `TABLE_NAME` = 'hq_category' AND `TABLE_SCHEMA` = DATABASE()
[Sat, 16 Apr 16 17:02:18 +0200][INFO] DESCRIBE `hq_category`
[Sat, 16 Apr 16 17:02:18 +0200][INFO] SELECT `hq_category`.`ct_id`, `hq_category`.`ma_id`, `hq_category`.`ct_name`, `hq_category`.`ct_parent_id`, `hq_category`.`ct_image`, `hq_category`.`ct_description`, `hq_category`.`ct_sort`, `hq_category`.`ct_seo_link`, `hq_category`.`ct_status` FROM `hq_category`
[Sat, 16 Apr 16 17:02:18 +0200][INFO] SELECT IF(COUNT(*) > 0, 1, 0) FROM `INFORMATION_SCHEMA`.`TABLES` WHERE `TABLE_NAME` = 'hq_list_type_image' AND `TABLE_SCHEMA` = DATABASE()
[Sat, 16 Apr 16 17:02:18 +0200][INFO] DESCRIBE `hq_list_type_image`
[Sat, 16 Apr 16 17:02:18 +0200][INFO] SELECT IF(COUNT(*) > 0, 1, 0) FROM `INFORMATION_SCHEMA`.`TABLES` WHERE `TABLE_NAME` = 'hq_list_type_image' AND `TABLE_SCHEMA` = DATABASE()
[Sat, 16 Apr 16 17:02:18 +0200][INFO] DESCRIBE `hq_list_type_image`
[Sat, 16 Apr 16 17:02:18 +0200][INFO] SELECT `hq_list_type_image`.`la_id`, `hq_list_type_image`.`la_name`, `hq_list_type_image`.`la_description` FROM `hq_list_type_image`
[Sat, 16 Apr 16 17:02:18 +0200][INFO] SELECT IF(COUNT(*) > 0, 1, 0) FROM `INFORMATION_SCHEMA`.`TABLES` WHERE `TABLE_NAME` = 'hq_product_option' AND `TABLE_SCHEMA` = DATABASE()
[Sat, 16 Apr 16 17:02:18 +0200][INFO] DESCRIBE `hq_product_option`
[Sat, 16 Apr 16 17:02:18 +0200][INFO] SELECT IF(COUNT(*) > 0, 1, 0) FROM `INFORMATION_SCHEMA`.`TABLES` WHERE `TABLE_NAME` = 'hq_product_option' AND `TABLE_SCHEMA` = DATABASE()
[Sat, 16 Apr 16 17:02:18 +0200][INFO] DESCRIBE `hq_product_option`
[Sat, 16 Apr 16 17:02:18 +0200][INFO] SELECT `hq_product_option`.`po_id`, `hq_product_option`.`po_name`, `hq_product_option`.`po_description` FROM `hq_product_option`
[Sat, 16 Apr 16 17:08:36 +0200][INFO] SELECT IF(COUNT(*) > 0, 1, 0) FROM `INFORMATION_SCHEMA`.`TABLES` WHERE `TABLE_NAME` = 'hq_admin_role' AND `TABLE_SCHEMA` = DATABASE()
[Sat, 16 Apr 16 17:08:36 +0200][INFO] DESCRIBE `hq_admin_role`
[Sat, 16 Apr 16 17:08:36 +0200][INFO] SELECT IF(COUNT(*) > 0, 1, 0) FROM `INFORMATION_SCHEMA`.`TABLES` WHERE `TABLE_NAME` = 'hq_admin_role' AND `TABLE_SCHEMA` = DATABASE()
[Sat, 16 Apr 16 17:08:36 +0200][INFO] DESCRIBE `hq_admin_role`
[Sat, 16 Apr 16 17:08:36 +0200][INFO] SELECT IF(COUNT(*) > 0, 1, 0) FROM `INFORMATION_SCHEMA`.`TABLES` WHERE `TABLE_NAME` = 'hq_admin_role' AND `TABLE_SCHEMA` = DATABASE()
[Sat, 16 Apr 16 17:08:36 +0200][INFO] DESCRIBE `hq_admin_role`
[Sat, 16 Apr 16 17:08:36 +0200][INFO] SELECT `hq_admin_role`.`role_name` AS `role_name`, `hq_admin_role`.`role_ar_user` AS `role_ar_user` FROM `hq_admin_role`
[Sat, 16 Apr 16 17:08:36 +0200][INFO] SELECT IF(COUNT(*) > 0, 1, 0) FROM `INFORMATION_SCHEMA`.`TABLES` WHERE `TABLE_NAME` = 'hq_product' AND `TABLE_SCHEMA` = DATABASE()
[Sat, 16 Apr 16 17:08:36 +0200][INFO] DESCRIBE `hq_product`
[Sat, 16 Apr 16 17:08:36 +0200][INFO] SELECT IF(COUNT(*) > 0, 1, 0) FROM `INFORMATION_SCHEMA`.`TABLES` WHERE `TABLE_NAME` = 'hq_category' AND `TABLE_SCHEMA` = DATABASE()
[Sat, 16 Apr 16 17:08:36 +0200][INFO] DESCRIBE `hq_category`
[Sat, 16 Apr 16 17:08:36 +0200][INFO] SELECT IF(COUNT(*) > 0, 1, 0) FROM `INFORMATION_SCHEMA`.`TABLES` WHERE `TABLE_NAME` = 'hq_list_type_image' AND `TABLE_SCHEMA` = DATABASE()
[Sat, 16 Apr 16 17:08:36 +0200][INFO] DESCRIBE `hq_list_type_image`
[Sat, 16 Apr 16 17:08:36 +0200][INFO] SELECT IF(COUNT(*) > 0, 1, 0) FROM `INFORMATION_SCHEMA`.`TABLES` WHERE `TABLE_NAME` = 'hq_product_option' AND `TABLE_SCHEMA` = DATABASE()
[Sat, 16 Apr 16 17:08:36 +0200][INFO] DESCRIBE `hq_product_option`
[Sat, 16 Apr 16 17:08:36 +0200][INFO] SELECT IF(COUNT(*) > 0, 1, 0) FROM `INFORMATION_SCHEMA`.`TABLES` WHERE `TABLE_NAME` = 'hq_product_avatar' AND `TABLE_SCHEMA` = DATABASE()
[Sat, 16 Apr 16 17:08:36 +0200][INFO] DESCRIBE `hq_product_avatar`
[Sat, 16 Apr 16 17:08:36 +0200][INFO] SELECT IF(COUNT(*) > 0, 1, 0) FROM `INFORMATION_SCHEMA`.`TABLES` WHERE `TABLE_NAME` = 'hq_category' AND `TABLE_SCHEMA` = DATABASE()
[Sat, 16 Apr 16 17:08:36 +0200][INFO] DESCRIBE `hq_category`
[Sat, 16 Apr 16 17:08:36 +0200][INFO] SELECT IF(COUNT(*) > 0, 1, 0) FROM `INFORMATION_SCHEMA`.`TABLES` WHERE `TABLE_NAME` = 'hq_category' AND `TABLE_SCHEMA` = DATABASE()
[Sat, 16 Apr 16 17:08:36 +0200][INFO] DESCRIBE `hq_category`
[Sat, 16 Apr 16 17:08:36 +0200][INFO] SELECT `hq_category`.`ct_id`, `hq_category`.`ma_id`, `hq_category`.`ct_name`, `hq_category`.`ct_parent_id`, `hq_category`.`ct_image`, `hq_category`.`ct_description`, `hq_category`.`ct_sort`, `hq_category`.`ct_seo_link`, `hq_category`.`ct_status` FROM `hq_category`
[Sat, 16 Apr 16 17:08:36 +0200][INFO] SELECT IF(COUNT(*) > 0, 1, 0) FROM `INFORMATION_SCHEMA`.`TABLES` WHERE `TABLE_NAME` = 'hq_list_type_image' AND `TABLE_SCHEMA` = DATABASE()
[Sat, 16 Apr 16 17:08:36 +0200][INFO] DESCRIBE `hq_list_type_image`
[Sat, 16 Apr 16 17:08:36 +0200][INFO] SELECT IF(COUNT(*) > 0, 1, 0) FROM `INFORMATION_SCHEMA`.`TABLES` WHERE `TABLE_NAME` = 'hq_list_type_image' AND `TABLE_SCHEMA` = DATABASE()
[Sat, 16 Apr 16 17:08:36 +0200][INFO] DESCRIBE `hq_list_type_image`
[Sat, 16 Apr 16 17:08:36 +0200][INFO] SELECT `hq_list_type_image`.`la_id`, `hq_list_type_image`.`la_name`, `hq_list_type_image`.`la_description` FROM `hq_list_type_image`
[Sat, 16 Apr 16 17:08:36 +0200][INFO] SELECT IF(COUNT(*) > 0, 1, 0) FROM `INFORMATION_SCHEMA`.`TABLES` WHERE `TABLE_NAME` = 'hq_product_option' AND `TABLE_SCHEMA` = DATABASE()
[Sat, 16 Apr 16 17:08:36 +0200][INFO] DESCRIBE `hq_product_option`
[Sat, 16 Apr 16 17:08:36 +0200][INFO] SELECT IF(COUNT(*) > 0, 1, 0) FROM `INFORMATION_SCHEMA`.`TABLES` WHERE `TABLE_NAME` = 'hq_product_option' AND `TABLE_SCHEMA` = DATABASE()
[Sat, 16 Apr 16 17:08:36 +0200][INFO] DESCRIBE `hq_product_option`
[Sat, 16 Apr 16 17:08:36 +0200][INFO] SELECT `hq_product_option`.`po_id`, `hq_product_option`.`po_name`, `hq_product_option`.`po_description` FROM `hq_product_option`
[Sat, 16 Apr 16 17:14:44 +0200][INFO] SELECT IF(COUNT(*) > 0, 1, 0) FROM `INFORMATION_SCHEMA`.`TABLES` WHERE `TABLE_NAME` = 'hq_admin_role' AND `TABLE_SCHEMA` = DATABASE()
[Sat, 16 Apr 16 17:14:44 +0200][INFO] DESCRIBE `hq_admin_role`
[Sat, 16 Apr 16 17:14:44 +0200][INFO] SELECT IF(COUNT(*) > 0, 1, 0) FROM `INFORMATION_SCHEMA`.`TABLES` WHERE `TABLE_NAME` = 'hq_admin_role' AND `TABLE_SCHEMA` = DATABASE()
[Sat, 16 Apr 16 17:14:44 +0200][INFO] DESCRIBE `hq_admin_role`
[Sat, 16 Apr 16 17:14:44 +0200][INFO] SELECT IF(COUNT(*) > 0, 1, 0) FROM `INFORMATION_SCHEMA`.`TABLES` WHERE `TABLE_NAME` = 'hq_admin_role' AND `TABLE_SCHEMA` = DATABASE()
[Sat, 16 Apr 16 17:14:44 +0200][INFO] DESCRIBE `hq_admin_role`
[Sat, 16 Apr 16 17:14:44 +0200][INFO] SELECT `hq_admin_role`.`role_name` AS `role_name`, `hq_admin_role`.`role_ar_user` AS `role_ar_user` FROM `hq_admin_role`
[Sat, 16 Apr 16 17:14:44 +0200][INFO] SELECT IF(COUNT(*) > 0, 1, 0) FROM `INFORMATION_SCHEMA`.`TABLES` WHERE `TABLE_NAME` = 'hq_product' AND `TABLE_SCHEMA` = DATABASE()
[Sat, 16 Apr 16 17:14:44 +0200][INFO] DESCRIBE `hq_product`
[Sat, 16 Apr 16 17:14:44 +0200][INFO] SELECT IF(COUNT(*) > 0, 1, 0) FROM `INFORMATION_SCHEMA`.`TABLES` WHERE `TABLE_NAME` = 'hq_category' AND `TABLE_SCHEMA` = DATABASE()
[Sat, 16 Apr 16 17:14:44 +0200][INFO] DESCRIBE `hq_category`
[Sat, 16 Apr 16 17:14:44 +0200][INFO] SELECT IF(COUNT(*) > 0, 1, 0) FROM `INFORMATION_SCHEMA`.`TABLES` WHERE `TABLE_NAME` = 'hq_list_type_image' AND `TABLE_SCHEMA` = DATABASE()
[Sat, 16 Apr 16 17:14:44 +0200][INFO] DESCRIBE `hq_list_type_image`
[Sat, 16 Apr 16 17:14:44 +0200][INFO] SELECT IF(COUNT(*) > 0, 1, 0) FROM `INFORMATION_SCHEMA`.`TABLES` WHERE `TABLE_NAME` = 'hq_product_option' AND `TABLE_SCHEMA` = DATABASE()
[Sat, 16 Apr 16 17:14:44 +0200][INFO] DESCRIBE `hq_product_option`
[Sat, 16 Apr 16 17:14:44 +0200][INFO] SELECT IF(COUNT(*) > 0, 1, 0) FROM `INFORMATION_SCHEMA`.`TABLES` WHERE `TABLE_NAME` = 'hq_product_avatar' AND `TABLE_SCHEMA` = DATABASE()
[Sat, 16 Apr 16 17:14:44 +0200][INFO] DESCRIBE `hq_product_avatar`
[Sat, 16 Apr 16 17:14:44 +0200][INFO] SELECT IF(COUNT(*) > 0, 1, 0) FROM `INFORMATION_SCHEMA`.`TABLES` WHERE `TABLE_NAME` = 'hq_category' AND `TABLE_SCHEMA` = DATABASE()
[Sat, 16 Apr 16 17:14:44 +0200][INFO] DESCRIBE `hq_category`
[Sat, 16 Apr 16 17:14:44 +0200][INFO] SELECT IF(COUNT(*) > 0, 1, 0) FROM `INFORMATION_SCHEMA`.`TABLES` WHERE `TABLE_NAME` = 'hq_category' AND `TABLE_SCHEMA` = DATABASE()
[Sat, 16 Apr 16 17:14:44 +0200][INFO] DESCRIBE `hq_category`
[Sat, 16 Apr 16 17:14:44 +0200][INFO] SELECT `hq_category`.`ct_id`, `hq_category`.`ma_id`, `hq_category`.`ct_name`, `hq_category`.`ct_parent_id`, `hq_category`.`ct_image`, `hq_category`.`ct_description`, `hq_category`.`ct_sort`, `hq_category`.`ct_seo_link`, `hq_category`.`ct_status` FROM `hq_category`
[Sat, 16 Apr 16 17:14:44 +0200][INFO] SELECT IF(COUNT(*) > 0, 1, 0) FROM `INFORMATION_SCHEMA`.`TABLES` WHERE `TABLE_NAME` = 'hq_list_type_image' AND `TABLE_SCHEMA` = DATABASE()
[Sat, 16 Apr 16 17:14:44 +0200][INFO] DESCRIBE `hq_list_type_image`
[Sat, 16 Apr 16 17:14:44 +0200][INFO] SELECT IF(COUNT(*) > 0, 1, 0) FROM `INFORMATION_SCHEMA`.`TABLES` WHERE `TABLE_NAME` = 'hq_list_type_image' AND `TABLE_SCHEMA` = DATABASE()
[Sat, 16 Apr 16 17:14:44 +0200][INFO] DESCRIBE `hq_list_type_image`
[Sat, 16 Apr 16 17:14:44 +0200][INFO] SELECT `hq_list_type_image`.`la_id`, `hq_list_type_image`.`la_name`, `hq_list_type_image`.`la_description` FROM `hq_list_type_image`
[Sat, 16 Apr 16 17:14:44 +0200][INFO] SELECT IF(COUNT(*) > 0, 1, 0) FROM `INFORMATION_SCHEMA`.`TABLES` WHERE `TABLE_NAME` = 'hq_product_option' AND `TABLE_SCHEMA` = DATABASE()
[Sat, 16 Apr 16 17:14:44 +0200][INFO] DESCRIBE `hq_product_option`
[Sat, 16 Apr 16 17:14:44 +0200][INFO] SELECT IF(COUNT(*) > 0, 1, 0) FROM `INFORMATION_SCHEMA`.`TABLES` WHERE `TABLE_NAME` = 'hq_product_option' AND `TABLE_SCHEMA` = DATABASE()
[Sat, 16 Apr 16 17:14:44 +0200][INFO] DESCRIBE `hq_product_option`
[Sat, 16 Apr 16 17:14:44 +0200][INFO] SELECT `hq_product_option`.`po_id`, `hq_product_option`.`po_name`, `hq_product_option`.`po_description` FROM `hq_product_option`
[Sat, 16 Apr 16 17:14:44 +0200][INFO] SELECT IF(COUNT(*) > 0, 1, 0) FROM `INFORMATION_SCHEMA`.`TABLES` WHERE `TABLE_NAME` = 'hq_product_list_option' AND `TABLE_SCHEMA` = DATABASE()
[Sat, 16 Apr 16 17:14:44 +0200][INFO] DESCRIBE `hq_product_list_option`
[Sat, 16 Apr 16 17:14:44 +0200][INFO] SELECT IF(COUNT(*) > 0, 1, 0) FROM `INFORMATION_SCHEMA`.`TABLES` WHERE `TABLE_NAME` = 'hq_product_list_option' AND `TABLE_SCHEMA` = DATABASE()
[Sat, 16 Apr 16 17:14:44 +0200][INFO] DESCRIBE `hq_product_list_option`
[Sat, 16 Apr 16 17:14:44 +0200][INFO] SELECT IF(COUNT(*) > 0, 1, 0) FROM `INFORMATION_SCHEMA`.`TABLES` WHERE `TABLE_NAME` = 'hq_product_list_option' AND `TABLE_SCHEMA` = DATABASE()
[Sat, 16 Apr 16 17:14:44 +0200][INFO] DESCRIBE `hq_product_list_option`
[Sat, 16 Apr 16 17:14:44 +0200][INFO] SELECT `hq_product_list_option`.`plo_id`, `hq_product_list_option`.`po_id`, `hq_product_list_option`.`plo_name`, `hq_product_list_option`.`plo_detail`, `hq_product_list_option`.`plo_description` FROM `hq_product_list_option` WHERE `hq_product_list_option`.`po_id` = :APR0
[Sat, 16 Apr 16 17:14:44 +0200][INFO] SELECT IF(COUNT(*) > 0, 1, 0) FROM `INFORMATION_SCHEMA`.`TABLES` WHERE `TABLE_NAME` = 'hq_product_list_option' AND `TABLE_SCHEMA` = DATABASE()
[Sat, 16 Apr 16 17:14:44 +0200][INFO] DESCRIBE `hq_product_list_option`
[Sat, 16 Apr 16 17:14:44 +0200][INFO] SELECT IF(COUNT(*) > 0, 1, 0) FROM `INFORMATION_SCHEMA`.`TABLES` WHERE `TABLE_NAME` = 'hq_product_list_option' AND `TABLE_SCHEMA` = DATABASE()
[Sat, 16 Apr 16 17:14:44 +0200][INFO] DESCRIBE `hq_product_list_option`
[Sat, 16 Apr 16 17:14:44 +0200][INFO] SELECT `hq_product_list_option`.`plo_id`, `hq_product_list_option`.`po_id`, `hq_product_list_option`.`plo_name`, `hq_product_list_option`.`plo_detail`, `hq_product_list_option`.`plo_description` FROM `hq_product_list_option` WHERE `hq_product_list_option`.`po_id` = :APR0
[Sat, 16 Apr 16 17:14:44 +0200][INFO] SELECT IF(COUNT(*) > 0, 1, 0) FROM `INFORMATION_SCHEMA`.`TABLES` WHERE `TABLE_NAME` = 'hq_product_list_option' AND `TABLE_SCHEMA` = DATABASE()
[Sat, 16 Apr 16 17:14:44 +0200][INFO] DESCRIBE `hq_product_list_option`
[Sat, 16 Apr 16 17:14:44 +0200][INFO] SELECT IF(COUNT(*) > 0, 1, 0) FROM `INFORMATION_SCHEMA`.`TABLES` WHERE `TABLE_NAME` = 'hq_product_list_option' AND `TABLE_SCHEMA` = DATABASE()
[Sat, 16 Apr 16 17:14:44 +0200][INFO] DESCRIBE `hq_product_list_option`
[Sat, 16 Apr 16 17:14:44 +0200][INFO] SELECT `hq_product_list_option`.`plo_id`, `hq_product_list_option`.`po_id`, `hq_product_list_option`.`plo_name`, `hq_product_list_option`.`plo_detail`, `hq_product_list_option`.`plo_description` FROM `hq_product_list_option` WHERE `hq_product_list_option`.`po_id` = :APR0
[Sat, 16 Apr 16 17:14:44 +0200][INFO] SELECT IF(COUNT(*) > 0, 1, 0) FROM `INFORMATION_SCHEMA`.`TABLES` WHERE `TABLE_NAME` = 'hq_product_list_option' AND `TABLE_SCHEMA` = DATABASE()
[Sat, 16 Apr 16 17:14:44 +0200][INFO] DESCRIBE `hq_product_list_option`
[Sat, 16 Apr 16 17:14:44 +0200][INFO] SELECT IF(COUNT(*) > 0, 1, 0) FROM `INFORMATION_SCHEMA`.`TABLES` WHERE `TABLE_NAME` = 'hq_product_list_option' AND `TABLE_SCHEMA` = DATABASE()
[Sat, 16 Apr 16 17:14:44 +0200][INFO] DESCRIBE `hq_product_list_option`
[Sat, 16 Apr 16 17:14:44 +0200][INFO] SELECT `hq_product_list_option`.`plo_id`, `hq_product_list_option`.`po_id`, `hq_product_list_option`.`plo_name`, `hq_product_list_option`.`plo_detail`, `hq_product_list_option`.`plo_description` FROM `hq_product_list_option` WHERE `hq_product_list_option`.`po_id` = :APR0
[Sat, 16 Apr 16 17:24:37 +0200][INFO] SELECT IF(COUNT(*) > 0, 1, 0) FROM `INFORMATION_SCHEMA`.`TABLES` WHERE `TABLE_NAME` = 'hq_admin_role' AND `TABLE_SCHEMA` = DATABASE()
[Sat, 16 Apr 16 17:24:37 +0200][INFO] DESCRIBE `hq_admin_role`
[Sat, 16 Apr 16 17:24:37 +0200][INFO] SELECT IF(COUNT(*) > 0, 1, 0) FROM `INFORMATION_SCHEMA`.`TABLES` WHERE `TABLE_NAME` = 'hq_admin_role' AND `TABLE_SCHEMA` = DATABASE()
[Sat, 16 Apr 16 17:24:37 +0200][INFO] DESCRIBE `hq_admin_role`
[Sat, 16 Apr 16 17:24:37 +0200][INFO] SELECT IF(COUNT(*) > 0, 1, 0) FROM `INFORMATION_SCHEMA`.`TABLES` WHERE `TABLE_NAME` = 'hq_admin_role' AND `TABLE_SCHEMA` = DATABASE()
[Sat, 16 Apr 16 17:24:37 +0200][INFO] DESCRIBE `hq_admin_role`
[Sat, 16 Apr 16 17:24:37 +0200][INFO] SELECT `hq_admin_role`.`role_name` AS `role_name`, `hq_admin_role`.`role_ar_user` AS `role_ar_user` FROM `hq_admin_role`
[Sat, 16 Apr 16 17:24:37 +0200][INFO] SELECT IF(COUNT(*) > 0, 1, 0) FROM `INFORMATION_SCHEMA`.`TABLES` WHERE `TABLE_NAME` = 'hq_product' AND `TABLE_SCHEMA` = DATABASE()
[Sat, 16 Apr 16 17:24:37 +0200][INFO] DESCRIBE `hq_product`
[Sat, 16 Apr 16 17:24:37 +0200][INFO] SELECT IF(COUNT(*) > 0, 1, 0) FROM `INFORMATION_SCHEMA`.`TABLES` WHERE `TABLE_NAME` = 'hq_product' AND `TABLE_SCHEMA` = DATABASE()
[Sat, 16 Apr 16 17:24:37 +0200][INFO] DESCRIBE `hq_product`
[Sat, 16 Apr 16 17:24:37 +0200][INFO] SELECT IF(COUNT(*) > 0, 1, 0) FROM `INFORMATION_SCHEMA`.`TABLES` WHERE `TABLE_NAME` = 'hq_product' AND `TABLE_SCHEMA` = DATABASE()
[Sat, 16 Apr 16 17:24:37 +0200][INFO] DESCRIBE `hq_product`
[Sat, 16 Apr 16 17:24:37 +0200][INFO] SELECT `hq_product`.`pr_id`, `hq_product`.`pr_public_id`, `hq_product`.`ct_id`, `hq_product`.`pr_name`, `hq_product`.`pr_decription`, `hq_product`.`pr_price`, `hq_product`.`pr_price_promotion`, `hq_product`.`pr_quantity`, `hq_product`.`pr_seo_link`, `hq_product`.`pr_create_date`, `hq_product`.`product_status`, `hq_product`.`pr_status` FROM `hq_product` ORDER BY `hq_product`.`pr_id` DESC
[Sat, 16 Apr 16 17:24:37 +0200][INFO] SELECT IF(COUNT(*) > 0, 1, 0) FROM `INFORMATION_SCHEMA`.`TABLES` WHERE `TABLE_NAME` = 'hq_category' AND `TABLE_SCHEMA` = DATABASE()
[Sat, 16 Apr 16 17:24:37 +0200][INFO] DESCRIBE `hq_category`
[Sat, 16 Apr 16 17:24:37 +0200][INFO] SELECT IF(COUNT(*) > 0, 1, 0) FROM `INFORMATION_SCHEMA`.`TABLES` WHERE `TABLE_NAME` = 'hq_category' AND `TABLE_SCHEMA` = DATABASE()
[Sat, 16 Apr 16 17:24:37 +0200][INFO] DESCRIBE `hq_category`
[Sat, 16 Apr 16 17:24:37 +0200][INFO] SELECT IF(COUNT(*) > 0, 1, 0) FROM `INFORMATION_SCHEMA`.`TABLES` WHERE `TABLE_NAME` = 'hq_category' AND `TABLE_SCHEMA` = DATABASE()
[Sat, 16 Apr 16 17:24:37 +0200][INFO] DESCRIBE `hq_category`
[Sat, 16 Apr 16 17:24:37 +0200][INFO] SELECT `hq_category`.`ct_id`, `hq_category`.`ma_id`, `hq_category`.`ct_name`, `hq_category`.`ct_parent_id`, `hq_category`.`ct_image`, `hq_category`.`ct_description`, `hq_category`.`ct_sort`, `hq_category`.`ct_seo_link`, `hq_category`.`ct_status` FROM `hq_category` WHERE `hq_category`.`ct_id` = :APR0 LIMIT :APL0
[Sat, 16 Apr 16 17:24:37 +0200][INFO] SELECT IF(COUNT(*) > 0, 1, 0) FROM `INFORMATION_SCHEMA`.`TABLES` WHERE `TABLE_NAME` = 'hq_product_avatar' AND `TABLE_SCHEMA` = DATABASE()
[Sat, 16 Apr 16 17:24:37 +0200][INFO] DESCRIBE `hq_product_avatar`
[Sat, 16 Apr 16 17:24:37 +0200][INFO] SELECT IF(COUNT(*) > 0, 1, 0) FROM `INFORMATION_SCHEMA`.`TABLES` WHERE `TABLE_NAME` = 'hq_product_avatar' AND `TABLE_SCHEMA` = DATABASE()
[Sat, 16 Apr 16 17:24:37 +0200][INFO] DESCRIBE `hq_product_avatar`
[Sat, 16 Apr 16 17:24:37 +0200][INFO] SELECT IF(COUNT(*) > 0, 1, 0) FROM `INFORMATION_SCHEMA`.`TABLES` WHERE `TABLE_NAME` = 'hq_product_avatar' AND `TABLE_SCHEMA` = DATABASE()
[Sat, 16 Apr 16 17:24:37 +0200][INFO] DESCRIBE `hq_product_avatar`
[Sat, 16 Apr 16 17:24:37 +0200][INFO] SELECT `hq_product_avatar`.`pa_id`, `hq_product_avatar`.`pr_id`, `hq_product_avatar`.`la_id`, `hq_product_avatar`.`pa_image_link`, `hq_product_avatar`.`pa_type` FROM `hq_product_avatar` WHERE `hq_product_avatar`.`pr_id` = :APR0
[Sat, 16 Apr 16 17:24:37 +0200][INFO] SELECT IF(COUNT(*) > 0, 1, 0) FROM `INFORMATION_SCHEMA`.`TABLES` WHERE `TABLE_NAME` = 'hq_category' AND `TABLE_SCHEMA` = DATABASE()
[Sat, 16 Apr 16 17:24:37 +0200][INFO] DESCRIBE `hq_category`
[Sat, 16 Apr 16 17:24:37 +0200][INFO] SELECT IF(COUNT(*) > 0, 1, 0) FROM `INFORMATION_SCHEMA`.`TABLES` WHERE `TABLE_NAME` = 'hq_category' AND `TABLE_SCHEMA` = DATABASE()
[Sat, 16 Apr 16 17:24:37 +0200][INFO] DESCRIBE `hq_category`
[Sat, 16 Apr 16 17:24:37 +0200][INFO] SELECT `hq_category`.`ct_id`, `hq_category`.`ma_id`, `hq_category`.`ct_name`, `hq_category`.`ct_parent_id`, `hq_category`.`ct_image`, `hq_category`.`ct_description`, `hq_category`.`ct_sort`, `hq_category`.`ct_seo_link`, `hq_category`.`ct_status` FROM `hq_category` WHERE `hq_category`.`ct_id` = :APR0 LIMIT :APL0
[Sat, 16 Apr 16 17:24:37 +0200][INFO] SELECT IF(COUNT(*) > 0, 1, 0) FROM `INFORMATION_SCHEMA`.`TABLES` WHERE `TABLE_NAME` = 'hq_product_avatar' AND `TABLE_SCHEMA` = DATABASE()
[Sat, 16 Apr 16 17:24:37 +0200][INFO] DESCRIBE `hq_product_avatar`
[Sat, 16 Apr 16 17:24:37 +0200][INFO] SELECT IF(COUNT(*) > 0, 1, 0) FROM `INFORMATION_SCHEMA`.`TABLES` WHERE `TABLE_NAME` = 'hq_product_avatar' AND `TABLE_SCHEMA` = DATABASE()
[Sat, 16 Apr 16 17:24:37 +0200][INFO] DESCRIBE `hq_product_avatar`
[Sat, 16 Apr 16 17:24:37 +0200][INFO] SELECT `hq_product_avatar`.`pa_id`, `hq_product_avatar`.`pr_id`, `hq_product_avatar`.`la_id`, `hq_product_avatar`.`pa_image_link`, `hq_product_avatar`.`pa_type` FROM `hq_product_avatar` WHERE `hq_product_avatar`.`pr_id` = :APR0
[Sat, 16 Apr 16 17:24:41 +0200][INFO] SELECT IF(COUNT(*) > 0, 1, 0) FROM `INFORMATION_SCHEMA`.`TABLES` WHERE `TABLE_NAME` = 'hq_admin_role' AND `TABLE_SCHEMA` = DATABASE()
[Sat, 16 Apr 16 17:24:41 +0200][INFO] DESCRIBE `hq_admin_role`
[Sat, 16 Apr 16 17:24:41 +0200][INFO] SELECT IF(COUNT(*) > 0, 1, 0) FROM `INFORMATION_SCHEMA`.`TABLES` WHERE `TABLE_NAME` = 'hq_admin_role' AND `TABLE_SCHEMA` = DATABASE()
[Sat, 16 Apr 16 17:24:41 +0200][INFO] DESCRIBE `hq_admin_role`
[Sat, 16 Apr 16 17:24:41 +0200][INFO] SELECT IF(COUNT(*) > 0, 1, 0) FROM `INFORMATION_SCHEMA`.`TABLES` WHERE `TABLE_NAME` = 'hq_admin_role' AND `TABLE_SCHEMA` = DATABASE()
[Sat, 16 Apr 16 17:24:41 +0200][INFO] DESCRIBE `hq_admin_role`
[Sat, 16 Apr 16 17:24:41 +0200][INFO] SELECT `hq_admin_role`.`role_name` AS `role_name`, `hq_admin_role`.`role_ar_user` AS `role_ar_user` FROM `hq_admin_role`
[Sat, 16 Apr 16 17:24:41 +0200][INFO] SELECT IF(COUNT(*) > 0, 1, 0) FROM `INFORMATION_SCHEMA`.`TABLES` WHERE `TABLE_NAME` = 'hq_product' AND `TABLE_SCHEMA` = DATABASE()
[Sat, 16 Apr 16 17:24:41 +0200][INFO] DESCRIBE `hq_product`
[Sat, 16 Apr 16 17:24:41 +0200][INFO] SELECT IF(COUNT(*) > 0, 1, 0) FROM `INFORMATION_SCHEMA`.`TABLES` WHERE `TABLE_NAME` = 'hq_category' AND `TABLE_SCHEMA` = DATABASE()
[Sat, 16 Apr 16 17:24:41 +0200][INFO] DESCRIBE `hq_category`
[Sat, 16 Apr 16 17:24:41 +0200][INFO] SELECT IF(COUNT(*) > 0, 1, 0) FROM `INFORMATION_SCHEMA`.`TABLES` WHERE `TABLE_NAME` = 'hq_list_type_image' AND `TABLE_SCHEMA` = DATABASE()
[Sat, 16 Apr 16 17:24:41 +0200][INFO] DESCRIBE `hq_list_type_image`
[Sat, 16 Apr 16 17:24:41 +0200][INFO] SELECT IF(COUNT(*) > 0, 1, 0) FROM `INFORMATION_SCHEMA`.`TABLES` WHERE `TABLE_NAME` = 'hq_product_option' AND `TABLE_SCHEMA` = DATABASE()
[Sat, 16 Apr 16 17:24:41 +0200][INFO] DESCRIBE `hq_product_option`
[Sat, 16 Apr 16 17:24:41 +0200][INFO] SELECT IF(COUNT(*) > 0, 1, 0) FROM `INFORMATION_SCHEMA`.`TABLES` WHERE `TABLE_NAME` = 'hq_product_avatar' AND `TABLE_SCHEMA` = DATABASE()
[Sat, 16 Apr 16 17:24:41 +0200][INFO] DESCRIBE `hq_product_avatar`
[Sat, 16 Apr 16 17:24:41 +0200][INFO] SELECT IF(COUNT(*) > 0, 1, 0) FROM `INFORMATION_SCHEMA`.`TABLES` WHERE `TABLE_NAME` = 'hq_product' AND `TABLE_SCHEMA` = DATABASE()
[Sat, 16 Apr 16 17:24:41 +0200][INFO] DESCRIBE `hq_product`
[Sat, 16 Apr 16 17:24:41 +0200][INFO] SELECT IF(COUNT(*) > 0, 1, 0) FROM `INFORMATION_SCHEMA`.`TABLES` WHERE `TABLE_NAME` = 'hq_product' AND `TABLE_SCHEMA` = DATABASE()
[Sat, 16 Apr 16 17:24:41 +0200][INFO] DESCRIBE `hq_product`
[Sat, 16 Apr 16 17:24:41 +0200][INFO] SELECT IF(COUNT(*) > 0, 1, 0) FROM `INFORMATION_SCHEMA`.`TABLES` WHERE `TABLE_NAME` = 'hq_product' AND `TABLE_SCHEMA` = DATABASE()
[Sat, 16 Apr 16 17:24:41 +0200][INFO] DESCRIBE `hq_product`
[Sat, 16 Apr 16 17:24:41 +0200][INFO] SELECT `hq_product`.`pr_id`, `hq_product`.`pr_public_id`, `hq_product`.`ct_id`, `hq_product`.`pr_name`, `hq_product`.`pr_decription`, `hq_product`.`pr_price`, `hq_product`.`pr_price_promotion`, `hq_product`.`pr_quantity`, `hq_product`.`pr_seo_link`, `hq_product`.`pr_create_date`, `hq_product`.`product_status`, `hq_product`.`pr_status` FROM `hq_product` WHERE `hq_product`.`pr_id` = 3 LIMIT :APL0
[Sat, 16 Apr 16 17:24:41 +0200][INFO] SELECT IF(COUNT(*) > 0, 1, 0) FROM `INFORMATION_SCHEMA`.`TABLES` WHERE `TABLE_NAME` = 'hq_product_avatar' AND `TABLE_SCHEMA` = DATABASE()
[Sat, 16 Apr 16 17:24:41 +0200][INFO] DESCRIBE `hq_product_avatar`
[Sat, 16 Apr 16 17:24:41 +0200][INFO] SELECT IF(COUNT(*) > 0, 1, 0) FROM `INFORMATION_SCHEMA`.`TABLES` WHERE `TABLE_NAME` = 'hq_product_avatar' AND `TABLE_SCHEMA` = DATABASE()
[Sat, 16 Apr 16 17:24:41 +0200][INFO] DESCRIBE `hq_product_avatar`
[Sat, 16 Apr 16 17:24:41 +0200][INFO] SELECT `hq_product_avatar`.`pa_id`, `hq_product_avatar`.`pr_id`, `hq_product_avatar`.`la_id`, `hq_product_avatar`.`pa_image_link`, `hq_product_avatar`.`pa_type` FROM `hq_product_avatar` WHERE `hq_product_avatar`.`pr_id` = '3' AND `hq_product_avatar`.`pa_type` = 1 LIMIT :APL0
[Sat, 16 Apr 16 17:24:41 +0200][INFO] SELECT IF(COUNT(*) > 0, 1, 0) FROM `INFORMATION_SCHEMA`.`TABLES` WHERE `TABLE_NAME` = 'hq_product_avatar' AND `TABLE_SCHEMA` = DATABASE()
[Sat, 16 Apr 16 17:24:41 +0200][INFO] DESCRIBE `hq_product_avatar`
[Sat, 16 Apr 16 17:24:41 +0200][INFO] SELECT `hq_product_avatar`.`pa_id`, `hq_product_avatar`.`pr_id`, `hq_product_avatar`.`la_id`, `hq_product_avatar`.`pa_image_link`, `hq_product_avatar`.`pa_type` FROM `hq_product_avatar` WHERE `hq_product_avatar`.`pr_id` = '3' AND `hq_product_avatar`.`pa_type` = 2 LIMIT :APL0
[Sat, 16 Apr 16 17:24:41 +0200][INFO] SELECT IF(COUNT(*) > 0, 1, 0) FROM `INFORMATION_SCHEMA`.`TABLES` WHERE `TABLE_NAME` = 'hq_category' AND `TABLE_SCHEMA` = DATABASE()
[Sat, 16 Apr 16 17:24:41 +0200][INFO] DESCRIBE `hq_category`
[Sat, 16 Apr 16 17:24:41 +0200][INFO] SELECT IF(COUNT(*) > 0, 1, 0) FROM `INFORMATION_SCHEMA`.`TABLES` WHERE `TABLE_NAME` = 'hq_category' AND `TABLE_SCHEMA` = DATABASE()
[Sat, 16 Apr 16 17:24:41 +0200][INFO] DESCRIBE `hq_category`
[Sat, 16 Apr 16 17:24:41 +0200][INFO] SELECT `hq_category`.`ct_id`, `hq_category`.`ma_id`, `hq_category`.`ct_name`, `hq_category`.`ct_parent_id`, `hq_category`.`ct_image`, `hq_category`.`ct_description`, `hq_category`.`ct_sort`, `hq_category`.`ct_seo_link`, `hq_category`.`ct_status` FROM `hq_category`
[Sat, 16 Apr 16 17:24:41 +0200][INFO] SELECT IF(COUNT(*) > 0, 1, 0) FROM `INFORMATION_SCHEMA`.`TABLES` WHERE `TABLE_NAME` = 'hq_list_type_image' AND `TABLE_SCHEMA` = DATABASE()
[Sat, 16 Apr 16 17:24:41 +0200][INFO] DESCRIBE `hq_list_type_image`
[Sat, 16 Apr 16 17:24:41 +0200][INFO] SELECT IF(COUNT(*) > 0, 1, 0) FROM `INFORMATION_SCHEMA`.`TABLES` WHERE `TABLE_NAME` = 'hq_list_type_image' AND `TABLE_SCHEMA` = DATABASE()
[Sat, 16 Apr 16 17:24:41 +0200][INFO] DESCRIBE `hq_list_type_image`
[Sat, 16 Apr 16 17:24:41 +0200][INFO] SELECT `hq_list_type_image`.`la_id`, `hq_list_type_image`.`la_name`, `hq_list_type_image`.`la_description` FROM `hq_list_type_image`
[Sat, 16 Apr 16 17:24:41 +0200][INFO] SELECT IF(COUNT(*) > 0, 1, 0) FROM `INFORMATION_SCHEMA`.`TABLES` WHERE `TABLE_NAME` = 'hq_product_option' AND `TABLE_SCHEMA` = DATABASE()
[Sat, 16 Apr 16 17:24:41 +0200][INFO] DESCRIBE `hq_product_option`
[Sat, 16 Apr 16 17:24:41 +0200][INFO] SELECT IF(COUNT(*) > 0, 1, 0) FROM `INFORMATION_SCHEMA`.`TABLES` WHERE `TABLE_NAME` = 'hq_product_option' AND `TABLE_SCHEMA` = DATABASE()
[Sat, 16 Apr 16 17:24:41 +0200][INFO] DESCRIBE `hq_product_option`
[Sat, 16 Apr 16 17:24:41 +0200][INFO] SELECT `hq_product_option`.`po_id`, `hq_product_option`.`po_name`, `hq_product_option`.`po_description` FROM `hq_product_option`
[Sat, 16 Apr 16 17:24:41 +0200][INFO] SELECT IF(COUNT(*) > 0, 1, 0) FROM `INFORMATION_SCHEMA`.`TABLES` WHERE `TABLE_NAME` = 'hq_product_list_option' AND `TABLE_SCHEMA` = DATABASE()
[Sat, 16 Apr 16 17:24:41 +0200][INFO] DESCRIBE `hq_product_list_option`
[Sat, 16 Apr 16 17:24:41 +0200][INFO] SELECT IF(COUNT(*) > 0, 1, 0) FROM `INFORMATION_SCHEMA`.`TABLES` WHERE `TABLE_NAME` = 'hq_product_list_option' AND `TABLE_SCHEMA` = DATABASE()
[Sat, 16 Apr 16 17:24:41 +0200][INFO] DESCRIBE `hq_product_list_option`
[Sat, 16 Apr 16 17:24:41 +0200][INFO] SELECT IF(COUNT(*) > 0, 1, 0) FROM `INFORMATION_SCHEMA`.`TABLES` WHERE `TABLE_NAME` = 'hq_product_list_option' AND `TABLE_SCHEMA` = DATABASE()
[Sat, 16 Apr 16 17:24:41 +0200][INFO] DESCRIBE `hq_product_list_option`
[Sat, 16 Apr 16 17:24:41 +0200][INFO] SELECT `hq_product_list_option`.`plo_id`, `hq_product_list_option`.`po_id`, `hq_product_list_option`.`plo_name`, `hq_product_list_option`.`plo_detail`, `hq_product_list_option`.`plo_description` FROM `hq_product_list_option` WHERE `hq_product_list_option`.`po_id` = :APR0
[Sat, 16 Apr 16 17:24:41 +0200][INFO] SELECT IF(COUNT(*) > 0, 1, 0) FROM `INFORMATION_SCHEMA`.`TABLES` WHERE `TABLE_NAME` = 'hq_product_list_option' AND `TABLE_SCHEMA` = DATABASE()
[Sat, 16 Apr 16 17:24:41 +0200][INFO] DESCRIBE `hq_product_list_option`
[Sat, 16 Apr 16 17:24:41 +0200][INFO] SELECT IF(COUNT(*) > 0, 1, 0) FROM `INFORMATION_SCHEMA`.`TABLES` WHERE `TABLE_NAME` = 'hq_product_list_option' AND `TABLE_SCHEMA` = DATABASE()
[Sat, 16 Apr 16 17:24:41 +0200][INFO] DESCRIBE `hq_product_list_option`
[Sat, 16 Apr 16 17:24:41 +0200][INFO] SELECT `hq_product_list_option`.`plo_id`, `hq_product_list_option`.`po_id`, `hq_product_list_option`.`plo_name`, `hq_product_list_option`.`plo_detail`, `hq_product_list_option`.`plo_description` FROM `hq_product_list_option` WHERE `hq_product_list_option`.`po_id` = :APR0
[Sat, 16 Apr 16 17:24:41 +0200][INFO] SELECT IF(COUNT(*) > 0, 1, 0) FROM `INFORMATION_SCHEMA`.`TABLES` WHERE `TABLE_NAME` = 'hq_product_option_detail' AND `TABLE_SCHEMA` = DATABASE()
[Sat, 16 Apr 16 17:24:41 +0200][INFO] DESCRIBE `hq_product_option_detail`
[Sat, 16 Apr 16 17:24:41 +0200][INFO] SELECT IF(COUNT(*) > 0, 1, 0) FROM `INFORMATION_SCHEMA`.`TABLES` WHERE `TABLE_NAME` = 'hq_product_option_detail' AND `TABLE_SCHEMA` = DATABASE()
[Sat, 16 Apr 16 17:24:41 +0200][INFO] DESCRIBE `hq_product_option_detail`
[Sat, 16 Apr 16 17:24:41 +0200][INFO] SELECT IF(COUNT(*) > 0, 1, 0) FROM `INFORMATION_SCHEMA`.`TABLES` WHERE `TABLE_NAME` = 'hq_product_option_detail' AND `TABLE_SCHEMA` = DATABASE()
[Sat, 16 Apr 16 17:24:41 +0200][INFO] DESCRIBE `hq_product_option_detail`
[Sat, 16 Apr 16 17:24:41 +0200][INFO] SELECT `hq_product_option_detail`.`pod_id`, `hq_product_option_detail`.`pr_id`, `hq_product_option_detail`.`plo_id`, `hq_product_option_detail`.`product_status` FROM `hq_product_option_detail` WHERE `hq_product_option_detail`.`pr_id` = :APR0
[Sat, 16 Apr 16 17:24:41 +0200][INFO] SELECT IF(COUNT(*) > 0, 1, 0) FROM `INFORMATION_SCHEMA`.`TABLES` WHERE `TABLE_NAME` = 'hq_product_option_detail' AND `TABLE_SCHEMA` = DATABASE()
[Sat, 16 Apr 16 17:24:41 +0200][INFO] DESCRIBE `hq_product_option_detail`
[Sat, 16 Apr 16 17:24:41 +0200][INFO] SELECT IF(COUNT(*) > 0, 1, 0) FROM `INFORMATION_SCHEMA`.`TABLES` WHERE `TABLE_NAME` = 'hq_product_option_detail' AND `TABLE_SCHEMA` = DATABASE()
[Sat, 16 Apr 16 17:24:41 +0200][INFO] DESCRIBE `hq_product_option_detail`
[Sat, 16 Apr 16 17:24:41 +0200][INFO] SELECT `hq_product_option_detail`.`pod_id`, `hq_product_option_detail`.`pr_id`, `hq_product_option_detail`.`plo_id`, `hq_product_option_detail`.`product_status` FROM `hq_product_option_detail` WHERE `hq_product_option_detail`.`pr_id` = :APR0
[Sat, 16 Apr 16 17:24:41 +0200][INFO] SELECT IF(COUNT(*) > 0, 1, 0) FROM `INFORMATION_SCHEMA`.`TABLES` WHERE `TABLE_NAME` = 'hq_product_option_detail' AND `TABLE_SCHEMA` = DATABASE()
[Sat, 16 Apr 16 17:24:41 +0200][INFO] DESCRIBE `hq_product_option_detail`
[Sat, 16 Apr 16 17:24:41 +0200][INFO] SELECT IF(COUNT(*) > 0, 1, 0) FROM `INFORMATION_SCHEMA`.`TABLES` WHERE `TABLE_NAME` = 'hq_product_option_detail' AND `TABLE_SCHEMA` = DATABASE()
[Sat, 16 Apr 16 17:24:41 +0200][INFO] DESCRIBE `hq_product_option_detail`
[Sat, 16 Apr 16 17:24:41 +0200][INFO] SELECT `hq_product_option_detail`.`pod_id`, `hq_product_option_detail`.`pr_id`, `hq_product_option_detail`.`plo_id`, `hq_product_option_detail`.`product_status` FROM `hq_product_option_detail` WHERE `hq_product_option_detail`.`pr_id` = :APR0
[Sat, 16 Apr 16 17:24:41 +0200][INFO] SELECT IF(COUNT(*) > 0, 1, 0) FROM `INFORMATION_SCHEMA`.`TABLES` WHERE `TABLE_NAME` = 'hq_product_option_detail' AND `TABLE_SCHEMA` = DATABASE()
[Sat, 16 Apr 16 17:24:41 +0200][INFO] DESCRIBE `hq_product_option_detail`
[Sat, 16 Apr 16 17:24:41 +0200][INFO] SELECT IF(COUNT(*) > 0, 1, 0) FROM `INFORMATION_SCHEMA`.`TABLES` WHERE `TABLE_NAME` = 'hq_product_option_detail' AND `TABLE_SCHEMA` = DATABASE()
[Sat, 16 Apr 16 17:24:41 +0200][INFO] DESCRIBE `hq_product_option_detail`
[Sat, 16 Apr 16 17:24:41 +0200][INFO] SELECT `hq_product_option_detail`.`pod_id`, `hq_product_option_detail`.`pr_id`, `hq_product_option_detail`.`plo_id`, `hq_product_option_detail`.`product_status` FROM `hq_product_option_detail` WHERE `hq_product_option_detail`.`pr_id` = :APR0
[Sat, 16 Apr 16 17:24:41 +0200][INFO] SELECT IF(COUNT(*) > 0, 1, 0) FROM `INFORMATION_SCHEMA`.`TABLES` WHERE `TABLE_NAME` = 'hq_product_list_option' AND `TABLE_SCHEMA` = DATABASE()
[Sat, 16 Apr 16 17:24:41 +0200][INFO] DESCRIBE `hq_product_list_option`
[Sat, 16 Apr 16 17:24:41 +0200][INFO] SELECT IF(COUNT(*) > 0, 1, 0) FROM `INFORMATION_SCHEMA`.`TABLES` WHERE `TABLE_NAME` = 'hq_product_list_option' AND `TABLE_SCHEMA` = DATABASE()
[Sat, 16 Apr 16 17:24:41 +0200][INFO] DESCRIBE `hq_product_list_option`
[Sat, 16 Apr 16 17:24:41 +0200][INFO] SELECT `hq_product_list_option`.`plo_id`, `hq_product_list_option`.`po_id`, `hq_product_list_option`.`plo_name`, `hq_product_list_option`.`plo_detail`, `hq_product_list_option`.`plo_description` FROM `hq_product_list_option` WHERE `hq_product_list_option`.`po_id` = :APR0
[Sat, 16 Apr 16 17:24:41 +0200][INFO] SELECT IF(COUNT(*) > 0, 1, 0) FROM `INFORMATION_SCHEMA`.`TABLES` WHERE `TABLE_NAME` = 'hq_product_list_option' AND `TABLE_SCHEMA` = DATABASE()
[Sat, 16 Apr 16 17:24:41 +0200][INFO] DESCRIBE `hq_product_list_option`
[Sat, 16 Apr 16 17:24:41 +0200][INFO] SELECT IF(COUNT(*) > 0, 1, 0) FROM `INFORMATION_SCHEMA`.`TABLES` WHERE `TABLE_NAME` = 'hq_product_list_option' AND `TABLE_SCHEMA` = DATABASE()
[Sat, 16 Apr 16 17:24:41 +0200][INFO] DESCRIBE `hq_product_list_option`
[Sat, 16 Apr 16 17:24:41 +0200][INFO] SELECT `hq_product_list_option`.`plo_id`, `hq_product_list_option`.`po_id`, `hq_product_list_option`.`plo_name`, `hq_product_list_option`.`plo_detail`, `hq_product_list_option`.`plo_description` FROM `hq_product_list_option` WHERE `hq_product_list_option`.`po_id` = :APR0
[Sat, 16 Apr 16 17:24:41 +0200][INFO] SELECT IF(COUNT(*) > 0, 1, 0) FROM `INFORMATION_SCHEMA`.`TABLES` WHERE `TABLE_NAME` = 'hq_product_option_detail' AND `TABLE_SCHEMA` = DATABASE()
[Sat, 16 Apr 16 17:24:41 +0200][INFO] DESCRIBE `hq_product_option_detail`
[Sat, 16 Apr 16 17:24:41 +0200][INFO] SELECT IF(COUNT(*) > 0, 1, 0) FROM `INFORMATION_SCHEMA`.`TABLES` WHERE `TABLE_NAME` = 'hq_product_option_detail' AND `TABLE_SCHEMA` = DATABASE()
[Sat, 16 Apr 16 17:24:41 +0200][INFO] DESCRIBE `hq_product_option_detail`
[Sat, 16 Apr 16 17:24:41 +0200][INFO] SELECT `hq_product_option_detail`.`pod_id`, `hq_product_option_detail`.`pr_id`, `hq_product_option_detail`.`plo_id`, `hq_product_option_detail`.`product_status` FROM `hq_product_option_detail` WHERE `hq_product_option_detail`.`pr_id` = :APR0
[Sat, 16 Apr 16 17:24:41 +0200][INFO] SELECT IF(COUNT(*) > 0, 1, 0) FROM `INFORMATION_SCHEMA`.`TABLES` WHERE `TABLE_NAME` = 'hq_product_option_detail' AND `TABLE_SCHEMA` = DATABASE()
[Sat, 16 Apr 16 17:24:41 +0200][INFO] DESCRIBE `hq_product_option_detail`
[Sat, 16 Apr 16 17:24:41 +0200][INFO] SELECT IF(COUNT(*) > 0, 1, 0) FROM `INFORMATION_SCHEMA`.`TABLES` WHERE `TABLE_NAME` = 'hq_product_option_detail' AND `TABLE_SCHEMA` = DATABASE()
[Sat, 16 Apr 16 17:24:41 +0200][INFO] DESCRIBE `hq_product_option_detail`
[Sat, 16 Apr 16 17:24:41 +0200][INFO] SELECT `hq_product_option_detail`.`pod_id`, `hq_product_option_detail`.`pr_id`, `hq_product_option_detail`.`plo_id`, `hq_product_option_detail`.`product_status` FROM `hq_product_option_detail` WHERE `hq_product_option_detail`.`pr_id` = :APR0
[Sat, 16 Apr 16 17:24:41 +0200][INFO] SELECT IF(COUNT(*) > 0, 1, 0) FROM `INFORMATION_SCHEMA`.`TABLES` WHERE `TABLE_NAME` = 'hq_product_option_detail' AND `TABLE_SCHEMA` = DATABASE()
[Sat, 16 Apr 16 17:24:41 +0200][INFO] DESCRIBE `hq_product_option_detail`
[Sat, 16 Apr 16 17:24:41 +0200][INFO] SELECT IF(COUNT(*) > 0, 1, 0) FROM `INFORMATION_SCHEMA`.`TABLES` WHERE `TABLE_NAME` = 'hq_product_option_detail' AND `TABLE_SCHEMA` = DATABASE()
[Sat, 16 Apr 16 17:24:41 +0200][INFO] DESCRIBE `hq_product_option_detail`
[Sat, 16 Apr 16 17:24:41 +0200][INFO] SELECT `hq_product_option_detail`.`pod_id`, `hq_product_option_detail`.`pr_id`, `hq_product_option_detail`.`plo_id`, `hq_product_option_detail`.`product_status` FROM `hq_product_option_detail` WHERE `hq_product_option_detail`.`pr_id` = :APR0
[Sat, 16 Apr 16 17:24:41 +0200][INFO] SELECT IF(COUNT(*) > 0, 1, 0) FROM `INFORMATION_SCHEMA`.`TABLES` WHERE `TABLE_NAME` = 'hq_product_option_detail' AND `TABLE_SCHEMA` = DATABASE()
[Sat, 16 Apr 16 17:24:41 +0200][INFO] DESCRIBE `hq_product_option_detail`
[Sat, 16 Apr 16 17:24:41 +0200][INFO] SELECT IF(COUNT(*) > 0, 1, 0) FROM `INFORMATION_SCHEMA`.`TABLES` WHERE `TABLE_NAME` = 'hq_product_option_detail' AND `TABLE_SCHEMA` = DATABASE()
[Sat, 16 Apr 16 17:24:41 +0200][INFO] DESCRIBE `hq_product_option_detail`
[Sat, 16 Apr 16 17:24:41 +0200][INFO] SELECT `hq_product_option_detail`.`pod_id`, `hq_product_option_detail`.`pr_id`, `hq_product_option_detail`.`plo_id`, `hq_product_option_detail`.`product_status` FROM `hq_product_option_detail` WHERE `hq_product_option_detail`.`pr_id` = :APR0
[Sat, 16 Apr 16 17:24:41 +0200][INFO] SELECT IF(COUNT(*) > 0, 1, 0) FROM `INFORMATION_SCHEMA`.`TABLES` WHERE `TABLE_NAME` = 'hq_product_option_detail' AND `TABLE_SCHEMA` = DATABASE()
[Sat, 16 Apr 16 17:24:41 +0200][INFO] DESCRIBE `hq_product_option_detail`
[Sat, 16 Apr 16 17:24:41 +0200][INFO] SELECT IF(COUNT(*) > 0, 1, 0) FROM `INFORMATION_SCHEMA`.`TABLES` WHERE `TABLE_NAME` = 'hq_product_option_detail' AND `TABLE_SCHEMA` = DATABASE()
[Sat, 16 Apr 16 17:24:41 +0200][INFO] DESCRIBE `hq_product_option_detail`
[Sat, 16 Apr 16 17:24:41 +0200][INFO] SELECT `hq_product_option_detail`.`pod_id`, `hq_product_option_detail`.`pr_id`, `hq_product_option_detail`.`plo_id`, `hq_product_option_detail`.`product_status` FROM `hq_product_option_detail` WHERE `hq_product_option_detail`.`pr_id` = :APR0
[Sat, 16 Apr 16 17:24:41 +0200][INFO] SELECT IF(COUNT(*) > 0, 1, 0) FROM `INFORMATION_SCHEMA`.`TABLES` WHERE `TABLE_NAME` = 'hq_product_option_detail' AND `TABLE_SCHEMA` = DATABASE()
[Sat, 16 Apr 16 17:24:41 +0200][INFO] DESCRIBE `hq_product_option_detail`
[Sat, 16 Apr 16 17:24:41 +0200][INFO] SELECT IF(COUNT(*) > 0, 1, 0) FROM `INFORMATION_SCHEMA`.`TABLES` WHERE `TABLE_NAME` = 'hq_product_option_detail' AND `TABLE_SCHEMA` = DATABASE()
[Sat, 16 Apr 16 17:24:41 +0200][INFO] DESCRIBE `hq_product_option_detail`
[Sat, 16 Apr 16 17:24:41 +0200][INFO] SELECT `hq_product_option_detail`.`pod_id`, `hq_product_option_detail`.`pr_id`, `hq_product_option_detail`.`plo_id`, `hq_product_option_detail`.`product_status` FROM `hq_product_option_detail` WHERE `hq_product_option_detail`.`pr_id` = :APR0
[Sat, 16 Apr 16 17:24:41 +0200][INFO] SELECT IF(COUNT(*) > 0, 1, 0) FROM `INFORMATION_SCHEMA`.`TABLES` WHERE `TABLE_NAME` = 'hq_product_option_detail' AND `TABLE_SCHEMA` = DATABASE()
[Sat, 16 Apr 16 17:24:41 +0200][INFO] DESCRIBE `hq_product_option_detail`
[Sat, 16 Apr 16 17:24:41 +0200][INFO] SELECT IF(COUNT(*) > 0, 1, 0) FROM `INFORMATION_SCHEMA`.`TABLES` WHERE `TABLE_NAME` = 'hq_product_option_detail' AND `TABLE_SCHEMA` = DATABASE()
[Sat, 16 Apr 16 17:24:41 +0200][INFO] DESCRIBE `hq_product_option_detail`
[Sat, 16 Apr 16 17:24:41 +0200][INFO] SELECT `hq_product_option_detail`.`pod_id`, `hq_product_option_detail`.`pr_id`, `hq_product_option_detail`.`plo_id`, `hq_product_option_detail`.`product_status` FROM `hq_product_option_detail` WHERE `hq_product_option_detail`.`pr_id` = :APR0
[Sat, 16 Apr 16 17:24:41 +0200][INFO] SELECT IF(COUNT(*) > 0, 1, 0) FROM `INFORMATION_SCHEMA`.`TABLES` WHERE `TABLE_NAME` = 'hq_product_option_detail' AND `TABLE_SCHEMA` = DATABASE()
[Sat, 16 Apr 16 17:24:41 +0200][INFO] DESCRIBE `hq_product_option_detail`
[Sat, 16 Apr 16 17:24:41 +0200][INFO] SELECT IF(COUNT(*) > 0, 1, 0) FROM `INFORMATION_SCHEMA`.`TABLES` WHERE `TABLE_NAME` = 'hq_product_option_detail' AND `TABLE_SCHEMA` = DATABASE()
[Sat, 16 Apr 16 17:24:41 +0200][INFO] DESCRIBE `hq_product_option_detail`
[Sat, 16 Apr 16 17:24:41 +0200][INFO] SELECT `hq_product_option_detail`.`pod_id`, `hq_product_option_detail`.`pr_id`, `hq_product_option_detail`.`plo_id`, `hq_product_option_detail`.`product_status` FROM `hq_product_option_detail` WHERE `hq_product_option_detail`.`pr_id` = :APR0
[Sat, 16 Apr 16 17:24:41 +0200][INFO] SELECT IF(COUNT(*) > 0, 1, 0) FROM `INFORMATION_SCHEMA`.`TABLES` WHERE `TABLE_NAME` = 'hq_product_attribute' AND `TABLE_SCHEMA` = DATABASE()
[Sat, 16 Apr 16 17:24:41 +0200][INFO] DESCRIBE `hq_product_attribute`
[Sat, 16 Apr 16 17:24:41 +0200][INFO] SELECT IF(COUNT(*) > 0, 1, 0) FROM `INFORMATION_SCHEMA`.`TABLES` WHERE `TABLE_NAME` = 'hq_product_attribute' AND `TABLE_SCHEMA` = DATABASE()
[Sat, 16 Apr 16 17:24:41 +0200][INFO] DESCRIBE `hq_product_attribute`
[Sat, 16 Apr 16 17:24:41 +0200][INFO] SELECT IF(COUNT(*) > 0, 1, 0) FROM `INFORMATION_SCHEMA`.`TABLES` WHERE `TABLE_NAME` = 'hq_product_attribute' AND `TABLE_SCHEMA` = DATABASE()
[Sat, 16 Apr 16 17:24:41 +0200][INFO] DESCRIBE `hq_product_attribute`
[Sat, 16 Apr 16 17:24:41 +0200][INFO] SELECT `hq_product_attribute`.`hpa_id`, `hq_product_attribute`.`pr_id`, `hq_product_attribute`.`hpa_name`, `hq_product_attribute`.`hpa_description` FROM `hq_product_attribute` WHERE `hq_product_attribute`.`pr_id` = :APR0
[Sat, 16 Apr 16 17:24:41 +0200][INFO] SELECT IF(COUNT(*) > 0, 1, 0) FROM `INFORMATION_SCHEMA`.`TABLES` WHERE `TABLE_NAME` = 'hq_product_attribute' AND `TABLE_SCHEMA` = DATABASE()
[Sat, 16 Apr 16 17:24:41 +0200][INFO] DESCRIBE `hq_product_attribute`
[Sat, 16 Apr 16 17:24:41 +0200][INFO] SELECT IF(COUNT(*) > 0, 1, 0) FROM `INFORMATION_SCHEMA`.`TABLES` WHERE `TABLE_NAME` = 'hq_product_attribute' AND `TABLE_SCHEMA` = DATABASE()
[Sat, 16 Apr 16 17:24:41 +0200][INFO] DESCRIBE `hq_product_attribute`
[Sat, 16 Apr 16 17:24:41 +0200][INFO] SELECT `hq_product_attribute`.`hpa_id`, `hq_product_attribute`.`pr_id`, `hq_product_attribute`.`hpa_name`, `hq_product_attribute`.`hpa_description` FROM `hq_product_attribute` WHERE `hq_product_attribute`.`pr_id` = :APR0
[Sat, 16 Apr 16 17:24:41 +0200][INFO] SELECT IF(COUNT(*) > 0, 1, 0) FROM `INFORMATION_SCHEMA`.`TABLES` WHERE `TABLE_NAME` = 'hq_product_attribute' AND `TABLE_SCHEMA` = DATABASE()
[Sat, 16 Apr 16 17:24:41 +0200][INFO] DESCRIBE `hq_product_attribute`
[Sat, 16 Apr 16 17:24:41 +0200][INFO] SELECT IF(COUNT(*) > 0, 1, 0) FROM `INFORMATION_SCHEMA`.`TABLES` WHERE `TABLE_NAME` = 'hq_product_attribute' AND `TABLE_SCHEMA` = DATABASE()
[Sat, 16 Apr 16 17:24:41 +0200][INFO] DESCRIBE `hq_product_attribute`
[Sat, 16 Apr 16 17:24:41 +0200][INFO] SELECT `hq_product_attribute`.`hpa_id`, `hq_product_attribute`.`pr_id`, `hq_product_attribute`.`hpa_name`, `hq_product_attribute`.`hpa_description` FROM `hq_product_attribute` WHERE `hq_product_attribute`.`pr_id` = :APR0
[Sat, 16 Apr 16 17:25:00 +0200][INFO] SELECT IF(COUNT(*) > 0, 1, 0) FROM `INFORMATION_SCHEMA`.`TABLES` WHERE `TABLE_NAME` = 'hq_admin_role' AND `TABLE_SCHEMA` = DATABASE()
[Sat, 16 Apr 16 17:25:00 +0200][INFO] DESCRIBE `hq_admin_role`
[Sat, 16 Apr 16 17:25:00 +0200][INFO] SELECT IF(COUNT(*) > 0, 1, 0) FROM `INFORMATION_SCHEMA`.`TABLES` WHERE `TABLE_NAME` = 'hq_admin_role' AND `TABLE_SCHEMA` = DATABASE()
[Sat, 16 Apr 16 17:25:00 +0200][INFO] DESCRIBE `hq_admin_role`
[Sat, 16 Apr 16 17:25:00 +0200][INFO] SELECT IF(COUNT(*) > 0, 1, 0) FROM `INFORMATION_SCHEMA`.`TABLES` WHERE `TABLE_NAME` = 'hq_admin_role' AND `TABLE_SCHEMA` = DATABASE()
[Sat, 16 Apr 16 17:25:00 +0200][INFO] DESCRIBE `hq_admin_role`
[Sat, 16 Apr 16 17:25:00 +0200][INFO] SELECT `hq_admin_role`.`role_name` AS `role_name`, `hq_admin_role`.`role_ar_user` AS `role_ar_user` FROM `hq_admin_role`
[Sat, 16 Apr 16 17:25:00 +0200][INFO] SELECT IF(COUNT(*) > 0, 1, 0) FROM `INFORMATION_SCHEMA`.`TABLES` WHERE `TABLE_NAME` = 'hq_product' AND `TABLE_SCHEMA` = DATABASE()
[Sat, 16 Apr 16 17:25:00 +0200][INFO] DESCRIBE `hq_product`
[Sat, 16 Apr 16 17:25:00 +0200][INFO] SELECT IF(COUNT(*) > 0, 1, 0) FROM `INFORMATION_SCHEMA`.`TABLES` WHERE `TABLE_NAME` = 'hq_category' AND `TABLE_SCHEMA` = DATABASE()
[Sat, 16 Apr 16 17:25:00 +0200][INFO] DESCRIBE `hq_category`
[Sat, 16 Apr 16 17:25:00 +0200][INFO] SELECT IF(COUNT(*) > 0, 1, 0) FROM `INFORMATION_SCHEMA`.`TABLES` WHERE `TABLE_NAME` = 'hq_list_type_image' AND `TABLE_SCHEMA` = DATABASE()
[Sat, 16 Apr 16 17:25:00 +0200][INFO] DESCRIBE `hq_list_type_image`
[Sat, 16 Apr 16 17:25:00 +0200][INFO] SELECT IF(COUNT(*) > 0, 1, 0) FROM `INFORMATION_SCHEMA`.`TABLES` WHERE `TABLE_NAME` = 'hq_product_option' AND `TABLE_SCHEMA` = DATABASE()
[Sat, 16 Apr 16 17:25:00 +0200][INFO] DESCRIBE `hq_product_option`
[Sat, 16 Apr 16 17:25:00 +0200][INFO] SELECT IF(COUNT(*) > 0, 1, 0) FROM `INFORMATION_SCHEMA`.`TABLES` WHERE `TABLE_NAME` = 'hq_product_avatar' AND `TABLE_SCHEMA` = DATABASE()
[Sat, 16 Apr 16 17:25:00 +0200][INFO] DESCRIBE `hq_product_avatar`
[Sat, 16 Apr 16 17:25:00 +0200][INFO] SELECT IF(COUNT(*) > 0, 1, 0) FROM `INFORMATION_SCHEMA`.`TABLES` WHERE `TABLE_NAME` = 'hq_product' AND `TABLE_SCHEMA` = DATABASE()
[Sat, 16 Apr 16 17:25:00 +0200][INFO] DESCRIBE `hq_product`
[Sat, 16 Apr 16 17:25:00 +0200][INFO] SELECT IF(COUNT(*) > 0, 1, 0) FROM `INFORMATION_SCHEMA`.`TABLES` WHERE `TABLE_NAME` = 'hq_product' AND `TABLE_SCHEMA` = DATABASE()
[Sat, 16 Apr 16 17:25:00 +0200][INFO] DESCRIBE `hq_product`
[Sat, 16 Apr 16 17:25:00 +0200][INFO] SELECT IF(COUNT(*) > 0, 1, 0) FROM `INFORMATION_SCHEMA`.`TABLES` WHERE `TABLE_NAME` = 'hq_product' AND `TABLE_SCHEMA` = DATABASE()
[Sat, 16 Apr 16 17:25:00 +0200][INFO] DESCRIBE `hq_product`
[Sat, 16 Apr 16 17:25:00 +0200][INFO] SELECT `hq_product`.`pr_id`, `hq_product`.`pr_public_id`, `hq_product`.`ct_id`, `hq_product`.`pr_name`, `hq_product`.`pr_decription`, `hq_product`.`pr_price`, `hq_product`.`pr_price_promotion`, `hq_product`.`pr_quantity`, `hq_product`.`pr_seo_link`, `hq_product`.`pr_create_date`, `hq_product`.`product_status`, `hq_product`.`pr_status` FROM `hq_product` WHERE `hq_product`.`pr_id` = 1 LIMIT :APL0
[Sat, 16 Apr 16 17:25:00 +0200][INFO] SELECT IF(COUNT(*) > 0, 1, 0) FROM `INFORMATION_SCHEMA`.`TABLES` WHERE `TABLE_NAME` = 'hq_product_avatar' AND `TABLE_SCHEMA` = DATABASE()
[Sat, 16 Apr 16 17:25:00 +0200][INFO] DESCRIBE `hq_product_avatar`
[Sat, 16 Apr 16 17:25:00 +0200][INFO] SELECT IF(COUNT(*) > 0, 1, 0) FROM `INFORMATION_SCHEMA`.`TABLES` WHERE `TABLE_NAME` = 'hq_product_avatar' AND `TABLE_SCHEMA` = DATABASE()
[Sat, 16 Apr 16 17:25:00 +0200][INFO] DESCRIBE `hq_product_avatar`
[Sat, 16 Apr 16 17:25:00 +0200][INFO] SELECT `hq_product_avatar`.`pa_id`, `hq_product_avatar`.`pr_id`, `hq_product_avatar`.`la_id`, `hq_product_avatar`.`pa_image_link`, `hq_product_avatar`.`pa_type` FROM `hq_product_avatar` WHERE `hq_product_avatar`.`pr_id` = '1' AND `hq_product_avatar`.`pa_type` = 1 LIMIT :APL0
[Sat, 16 Apr 16 17:25:00 +0200][INFO] SELECT IF(COUNT(*) > 0, 1, 0) FROM `INFORMATION_SCHEMA`.`TABLES` WHERE `TABLE_NAME` = 'hq_product_avatar' AND `TABLE_SCHEMA` = DATABASE()
[Sat, 16 Apr 16 17:25:00 +0200][INFO] DESCRIBE `hq_product_avatar`
[Sat, 16 Apr 16 17:25:00 +0200][INFO] SELECT `hq_product_avatar`.`pa_id`, `hq_product_avatar`.`pr_id`, `hq_product_avatar`.`la_id`, `hq_product_avatar`.`pa_image_link`, `hq_product_avatar`.`pa_type` FROM `hq_product_avatar` WHERE `hq_product_avatar`.`pr_id` = '1' AND `hq_product_avatar`.`pa_type` = 2 LIMIT :APL0
[Sat, 16 Apr 16 17:25:00 +0200][INFO] SELECT IF(COUNT(*) > 0, 1, 0) FROM `INFORMATION_SCHEMA`.`TABLES` WHERE `TABLE_NAME` = 'hq_category' AND `TABLE_SCHEMA` = DATABASE()
[Sat, 16 Apr 16 17:25:00 +0200][INFO] DESCRIBE `hq_category`
[Sat, 16 Apr 16 17:25:00 +0200][INFO] SELECT IF(COUNT(*) > 0, 1, 0) FROM `INFORMATION_SCHEMA`.`TABLES` WHERE `TABLE_NAME` = 'hq_category' AND `TABLE_SCHEMA` = DATABASE()
[Sat, 16 Apr 16 17:25:00 +0200][INFO] DESCRIBE `hq_category`
[Sat, 16 Apr 16 17:25:00 +0200][INFO] SELECT `hq_category`.`ct_id`, `hq_category`.`ma_id`, `hq_category`.`ct_name`, `hq_category`.`ct_parent_id`, `hq_category`.`ct_image`, `hq_category`.`ct_description`, `hq_category`.`ct_sort`, `hq_category`.`ct_seo_link`, `hq_category`.`ct_status` FROM `hq_category`
[Sat, 16 Apr 16 17:25:00 +0200][INFO] SELECT IF(COUNT(*) > 0, 1, 0) FROM `INFORMATION_SCHEMA`.`TABLES` WHERE `TABLE_NAME` = 'hq_list_type_image' AND `TABLE_SCHEMA` = DATABASE()
[Sat, 16 Apr 16 17:25:00 +0200][INFO] DESCRIBE `hq_list_type_image`
[Sat, 16 Apr 16 17:25:00 +0200][INFO] SELECT IF(COUNT(*) > 0, 1, 0) FROM `INFORMATION_SCHEMA`.`TABLES` WHERE `TABLE_NAME` = 'hq_list_type_image' AND `TABLE_SCHEMA` = DATABASE()
[Sat, 16 Apr 16 17:25:00 +0200][INFO] DESCRIBE `hq_list_type_image`
[Sat, 16 Apr 16 17:25:00 +0200][INFO] SELECT `hq_list_type_image`.`la_id`, `hq_list_type_image`.`la_name`, `hq_list_type_image`.`la_description` FROM `hq_list_type_image`
[Sat, 16 Apr 16 17:25:00 +0200][INFO] SELECT IF(COUNT(*) > 0, 1, 0) FROM `INFORMATION_SCHEMA`.`TABLES` WHERE `TABLE_NAME` = 'hq_product_option' AND `TABLE_SCHEMA` = DATABASE()
[Sat, 16 Apr 16 17:25:00 +0200][INFO] DESCRIBE `hq_product_option`
[Sat, 16 Apr 16 17:25:00 +0200][INFO] SELECT IF(COUNT(*) > 0, 1, 0) FROM `INFORMATION_SCHEMA`.`TABLES` WHERE `TABLE_NAME` = 'hq_product_option' AND `TABLE_SCHEMA` = DATABASE()
[Sat, 16 Apr 16 17:25:00 +0200][INFO] DESCRIBE `hq_product_option`
[Sat, 16 Apr 16 17:25:00 +0200][INFO] SELECT `hq_product_option`.`po_id`, `hq_product_option`.`po_name`, `hq_product_option`.`po_description` FROM `hq_product_option`
[Sat, 16 Apr 16 17:25:00 +0200][INFO] SELECT IF(COUNT(*) > 0, 1, 0) FROM `INFORMATION_SCHEMA`.`TABLES` WHERE `TABLE_NAME` = 'hq_product_list_option' AND `TABLE_SCHEMA` = DATABASE()
[Sat, 16 Apr 16 17:25:00 +0200][INFO] DESCRIBE `hq_product_list_option`
[Sat, 16 Apr 16 17:25:00 +0200][INFO] SELECT IF(COUNT(*) > 0, 1, 0) FROM `INFORMATION_SCHEMA`.`TABLES` WHERE `TABLE_NAME` = 'hq_product_list_option' AND `TABLE_SCHEMA` = DATABASE()
[Sat, 16 Apr 16 17:25:00 +0200][INFO] DESCRIBE `hq_product_list_option`
[Sat, 16 Apr 16 17:25:00 +0200][INFO] SELECT IF(COUNT(*) > 0, 1, 0) FROM `INFORMATION_SCHEMA`.`TABLES` WHERE `TABLE_NAME` = 'hq_product_list_option' AND `TABLE_SCHEMA` = DATABASE()
[Sat, 16 Apr 16 17:25:00 +0200][INFO] DESCRIBE `hq_product_list_option`
[Sat, 16 Apr 16 17:25:00 +0200][INFO] SELECT `hq_product_list_option`.`plo_id`, `hq_product_list_option`.`po_id`, `hq_product_list_option`.`plo_name`, `hq_product_list_option`.`plo_detail`, `hq_product_list_option`.`plo_description` FROM `hq_product_list_option` WHERE `hq_product_list_option`.`po_id` = :APR0
[Sat, 16 Apr 16 17:25:00 +0200][INFO] SELECT IF(COUNT(*) > 0, 1, 0) FROM `INFORMATION_SCHEMA`.`TABLES` WHERE `TABLE_NAME` = 'hq_product_list_option' AND `TABLE_SCHEMA` = DATABASE()
[Sat, 16 Apr 16 17:25:00 +0200][INFO] DESCRIBE `hq_product_list_option`
[Sat, 16 Apr 16 17:25:00 +0200][INFO] SELECT IF(COUNT(*) > 0, 1, 0) FROM `INFORMATION_SCHEMA`.`TABLES` WHERE `TABLE_NAME` = 'hq_product_list_option' AND `TABLE_SCHEMA` = DATABASE()
[Sat, 16 Apr 16 17:25:00 +0200][INFO] DESCRIBE `hq_product_list_option`
[Sat, 16 Apr 16 17:25:00 +0200][INFO] SELECT `hq_product_list_option`.`plo_id`, `hq_product_list_option`.`po_id`, `hq_product_list_option`.`plo_name`, `hq_product_list_option`.`plo_detail`, `hq_product_list_option`.`plo_description` FROM `hq_product_list_option` WHERE `hq_product_list_option`.`po_id` = :APR0
[Sat, 16 Apr 16 17:25:00 +0200][INFO] SELECT IF(COUNT(*) > 0, 1, 0) FROM `INFORMATION_SCHEMA`.`TABLES` WHERE `TABLE_NAME` = 'hq_product_option_detail' AND `TABLE_SCHEMA` = DATABASE()
[Sat, 16 Apr 16 17:25:00 +0200][INFO] DESCRIBE `hq_product_option_detail`
[Sat, 16 Apr 16 17:25:00 +0200][INFO] SELECT IF(COUNT(*) > 0, 1, 0) FROM `INFORMATION_SCHEMA`.`TABLES` WHERE `TABLE_NAME` = 'hq_product_option_detail' AND `TABLE_SCHEMA` = DATABASE()
[Sat, 16 Apr 16 17:25:00 +0200][INFO] DESCRIBE `hq_product_option_detail`
[Sat, 16 Apr 16 17:25:00 +0200][INFO] SELECT IF(COUNT(*) > 0, 1, 0) FROM `INFORMATION_SCHEMA`.`TABLES` WHERE `TABLE_NAME` = 'hq_product_option_detail' AND `TABLE_SCHEMA` = DATABASE()
[Sat, 16 Apr 16 17:25:00 +0200][INFO] DESCRIBE `hq_product_option_detail`
[Sat, 16 Apr 16 17:25:00 +0200][INFO] SELECT `hq_product_option_detail`.`pod_id`, `hq_product_option_detail`.`pr_id`, `hq_product_option_detail`.`plo_id`, `hq_product_option_detail`.`product_status` FROM `hq_product_option_detail` WHERE `hq_product_option_detail`.`pr_id` = :APR0
[Sat, 16 Apr 16 17:25:00 +0200][INFO] SELECT IF(COUNT(*) > 0, 1, 0) FROM `INFORMATION_SCHEMA`.`TABLES` WHERE `TABLE_NAME` = 'hq_product_option_detail' AND `TABLE_SCHEMA` = DATABASE()
[Sat, 16 Apr 16 17:25:00 +0200][INFO] DESCRIBE `hq_product_option_detail`
[Sat, 16 Apr 16 17:25:00 +0200][INFO] SELECT IF(COUNT(*) > 0, 1, 0) FROM `INFORMATION_SCHEMA`.`TABLES` WHERE `TABLE_NAME` = 'hq_product_option_detail' AND `TABLE_SCHEMA` = DATABASE()
[Sat, 16 Apr 16 17:25:00 +0200][INFO] DESCRIBE `hq_product_option_detail`
[Sat, 16 Apr 16 17:25:00 +0200][INFO] SELECT `hq_product_option_detail`.`pod_id`, `hq_product_option_detail`.`pr_id`, `hq_product_option_detail`.`plo_id`, `hq_product_option_detail`.`product_status` FROM `hq_product_option_detail` WHERE `hq_product_option_detail`.`pr_id` = :APR0
[Sat, 16 Apr 16 17:25:00 +0200][INFO] SELECT IF(COUNT(*) > 0, 1, 0) FROM `INFORMATION_SCHEMA`.`TABLES` WHERE `TABLE_NAME` = 'hq_product_option_detail' AND `TABLE_SCHEMA` = DATABASE()
[Sat, 16 Apr 16 17:25:00 +0200][INFO] DESCRIBE `hq_product_option_detail`
[Sat, 16 Apr 16 17:25:00 +0200][INFO] SELECT IF(COUNT(*) > 0, 1, 0) FROM `INFORMATION_SCHEMA`.`TABLES` WHERE `TABLE_NAME` = 'hq_product_option_detail' AND `TABLE_SCHEMA` = DATABASE()
[Sat, 16 Apr 16 17:25:00 +0200][INFO] DESCRIBE `hq_product_option_detail`
[Sat, 16 Apr 16 17:25:00 +0200][INFO] SELECT `hq_product_option_detail`.`pod_id`, `hq_product_option_detail`.`pr_id`, `hq_product_option_detail`.`plo_id`, `hq_product_option_detail`.`product_status` FROM `hq_product_option_detail` WHERE `hq_product_option_detail`.`pr_id` = :APR0
[Sat, 16 Apr 16 17:25:00 +0200][INFO] SELECT IF(COUNT(*) > 0, 1, 0) FROM `INFORMATION_SCHEMA`.`TABLES` WHERE `TABLE_NAME` = 'hq_product_option_detail' AND `TABLE_SCHEMA` = DATABASE()
[Sat, 16 Apr 16 17:25:00 +0200][INFO] DESCRIBE `hq_product_option_detail`
[Sat, 16 Apr 16 17:25:00 +0200][INFO] SELECT IF(COUNT(*) > 0, 1, 0) FROM `INFORMATION_SCHEMA`.`TABLES` WHERE `TABLE_NAME` = 'hq_product_option_detail' AND `TABLE_SCHEMA` = DATABASE()
[Sat, 16 Apr 16 17:25:00 +0200][INFO] DESCRIBE `hq_product_option_detail`
[Sat, 16 Apr 16 17:25:00 +0200][INFO] SELECT `hq_product_option_detail`.`pod_id`, `hq_product_option_detail`.`pr_id`, `hq_product_option_detail`.`plo_id`, `hq_product_option_detail`.`product_status` FROM `hq_product_option_detail` WHERE `hq_product_option_detail`.`pr_id` = :APR0
[Sat, 16 Apr 16 17:25:00 +0200][INFO] SELECT IF(COUNT(*) > 0, 1, 0) FROM `INFORMATION_SCHEMA`.`TABLES` WHERE `TABLE_NAME` = 'hq_product_list_option' AND `TABLE_SCHEMA` = DATABASE()
[Sat, 16 Apr 16 17:25:00 +0200][INFO] DESCRIBE `hq_product_list_option`
[Sat, 16 Apr 16 17:25:00 +0200][INFO] SELECT IF(COUNT(*) > 0, 1, 0) FROM `INFORMATION_SCHEMA`.`TABLES` WHERE `TABLE_NAME` = 'hq_product_list_option' AND `TABLE_SCHEMA` = DATABASE()
[Sat, 16 Apr 16 17:25:00 +0200][INFO] DESCRIBE `hq_product_list_option`
[Sat, 16 Apr 16 17:25:00 +0200][INFO] SELECT `hq_product_list_option`.`plo_id`, `hq_product_list_option`.`po_id`, `hq_product_list_option`.`plo_name`, `hq_product_list_option`.`plo_detail`, `hq_product_list_option`.`plo_description` FROM `hq_product_list_option` WHERE `hq_product_list_option`.`po_id` = :APR0
[Sat, 16 Apr 16 17:25:00 +0200][INFO] SELECT IF(COUNT(*) > 0, 1, 0) FROM `INFORMATION_SCHEMA`.`TABLES` WHERE `TABLE_NAME` = 'hq_product_list_option' AND `TABLE_SCHEMA` = DATABASE()
[Sat, 16 Apr 16 17:25:00 +0200][INFO] DESCRIBE `hq_product_list_option`
[Sat, 16 Apr 16 17:25:00 +0200][INFO] SELECT IF(COUNT(*) > 0, 1, 0) FROM `INFORMATION_SCHEMA`.`TABLES` WHERE `TABLE_NAME` = 'hq_product_list_option' AND `TABLE_SCHEMA` = DATABASE()
[Sat, 16 Apr 16 17:25:00 +0200][INFO] DESCRIBE `hq_product_list_option`
[Sat, 16 Apr 16 17:25:00 +0200][INFO] SELECT `hq_product_list_option`.`plo_id`, `hq_product_list_option`.`po_id`, `hq_product_list_option`.`plo_name`, `hq_product_list_option`.`plo_detail`, `hq_product_list_option`.`plo_description` FROM `hq_product_list_option` WHERE `hq_product_list_option`.`po_id` = :APR0
[Sat, 16 Apr 16 17:25:00 +0200][INFO] SELECT IF(COUNT(*) > 0, 1, 0) FROM `INFORMATION_SCHEMA`.`TABLES` WHERE `TABLE_NAME` = 'hq_product_option_detail' AND `TABLE_SCHEMA` = DATABASE()
[Sat, 16 Apr 16 17:25:00 +0200][INFO] DESCRIBE `hq_product_option_detail`
[Sat, 16 Apr 16 17:25:00 +0200][INFO] SELECT IF(COUNT(*) > 0, 1, 0) FROM `INFORMATION_SCHEMA`.`TABLES` WHERE `TABLE_NAME` = 'hq_product_option_detail' AND `TABLE_SCHEMA` = DATABASE()
[Sat, 16 Apr 16 17:25:00 +0200][INFO] DESCRIBE `hq_product_option_detail`
[Sat, 16 Apr 16 17:25:00 +0200][INFO] SELECT `hq_product_option_detail`.`pod_id`, `hq_product_option_detail`.`pr_id`, `hq_product_option_detail`.`plo_id`, `hq_product_option_detail`.`product_status` FROM `hq_product_option_detail` WHERE `hq_product_option_detail`.`pr_id` = :APR0
[Sat, 16 Apr 16 17:25:00 +0200][INFO] SELECT IF(COUNT(*) > 0, 1, 0) FROM `INFORMATION_SCHEMA`.`TABLES` WHERE `TABLE_NAME` = 'hq_product_option_detail' AND `TABLE_SCHEMA` = DATABASE()
[Sat, 16 Apr 16 17:25:00 +0200][INFO] DESCRIBE `hq_product_option_detail`
[Sat, 16 Apr 16 17:25:00 +0200][INFO] SELECT IF(COUNT(*) > 0, 1, 0) FROM `INFORMATION_SCHEMA`.`TABLES` WHERE `TABLE_NAME` = 'hq_product_option_detail' AND `TABLE_SCHEMA` = DATABASE()
[Sat, 16 Apr 16 17:25:00 +0200][INFO] DESCRIBE `hq_product_option_detail`
[Sat, 16 Apr 16 17:25:00 +0200][INFO] SELECT `hq_product_option_detail`.`pod_id`, `hq_product_option_detail`.`pr_id`, `hq_product_option_detail`.`plo_id`, `hq_product_option_detail`.`product_status` FROM `hq_product_option_detail` WHERE `hq_product_option_detail`.`pr_id` = :APR0
[Sat, 16 Apr 16 17:25:00 +0200][INFO] SELECT IF(COUNT(*) > 0, 1, 0) FROM `INFORMATION_SCHEMA`.`TABLES` WHERE `TABLE_NAME` = 'hq_product_option_detail' AND `TABLE_SCHEMA` = DATABASE()
[Sat, 16 Apr 16 17:25:00 +0200][INFO] DESCRIBE `hq_product_option_detail`
[Sat, 16 Apr 16 17:25:00 +0200][INFO] SELECT IF(COUNT(*) > 0, 1, 0) FROM `INFORMATION_SCHEMA`.`TABLES` WHERE `TABLE_NAME` = 'hq_product_option_detail' AND `TABLE_SCHEMA` = DATABASE()
[Sat, 16 Apr 16 17:25:00 +0200][INFO] DESCRIBE `hq_product_option_detail`
[Sat, 16 Apr 16 17:25:00 +0200][INFO] SELECT `hq_product_option_detail`.`pod_id`, `hq_product_option_detail`.`pr_id`, `hq_product_option_detail`.`plo_id`, `hq_product_option_detail`.`product_status` FROM `hq_product_option_detail` WHERE `hq_product_option_detail`.`pr_id` = :APR0
[Sat, 16 Apr 16 17:25:00 +0200][INFO] SELECT IF(COUNT(*) > 0, 1, 0) FROM `INFORMATION_SCHEMA`.`TABLES` WHERE `TABLE_NAME` = 'hq_product_option_detail' AND `TABLE_SCHEMA` = DATABASE()
[Sat, 16 Apr 16 17:25:00 +0200][INFO] DESCRIBE `hq_product_option_detail`
[Sat, 16 Apr 16 17:25:00 +0200][INFO] SELECT IF(COUNT(*) > 0, 1, 0) FROM `INFORMATION_SCHEMA`.`TABLES` WHERE `TABLE_NAME` = 'hq_product_option_detail' AND `TABLE_SCHEMA` = DATABASE()
[Sat, 16 Apr 16 17:25:00 +0200][INFO] DESCRIBE `hq_product_option_detail`
[Sat, 16 Apr 16 17:25:00 +0200][INFO] SELECT `hq_product_option_detail`.`pod_id`, `hq_product_option_detail`.`pr_id`, `hq_product_option_detail`.`plo_id`, `hq_product_option_detail`.`product_status` FROM `hq_product_option_detail` WHERE `hq_product_option_detail`.`pr_id` = :APR0
[Sat, 16 Apr 16 17:25:00 +0200][INFO] SELECT IF(COUNT(*) > 0, 1, 0) FROM `INFORMATION_SCHEMA`.`TABLES` WHERE `TABLE_NAME` = 'hq_product_option_detail' AND `TABLE_SCHEMA` = DATABASE()
[Sat, 16 Apr 16 17:25:00 +0200][INFO] DESCRIBE `hq_product_option_detail`
[Sat, 16 Apr 16 17:25:00 +0200][INFO] SELECT IF(COUNT(*) > 0, 1, 0) FROM `INFORMATION_SCHEMA`.`TABLES` WHERE `TABLE_NAME` = 'hq_product_option_detail' AND `TABLE_SCHEMA` = DATABASE()
[Sat, 16 Apr 16 17:25:00 +0200][INFO] DESCRIBE `hq_product_option_detail`
[Sat, 16 Apr 16 17:25:00 +0200][INFO] SELECT `hq_product_option_detail`.`pod_id`, `hq_product_option_detail`.`pr_id`, `hq_product_option_detail`.`plo_id`, `hq_product_option_detail`.`product_status` FROM `hq_product_option_detail` WHERE `hq_product_option_detail`.`pr_id` = :APR0
[Sat, 16 Apr 16 17:25:00 +0200][INFO] SELECT IF(COUNT(*) > 0, 1, 0) FROM `INFORMATION_SCHEMA`.`TABLES` WHERE `TABLE_NAME` = 'hq_product_option_detail' AND `TABLE_SCHEMA` = DATABASE()
[Sat, 16 Apr 16 17:25:00 +0200][INFO] DESCRIBE `hq_product_option_detail`
[Sat, 16 Apr 16 17:25:00 +0200][INFO] SELECT IF(COUNT(*) > 0, 1, 0) FROM `INFORMATION_SCHEMA`.`TABLES` WHERE `TABLE_NAME` = 'hq_product_option_detail' AND `TABLE_SCHEMA` = DATABASE()
[Sat, 16 Apr 16 17:25:00 +0200][INFO] DESCRIBE `hq_product_option_detail`
[Sat, 16 Apr 16 17:25:00 +0200][INFO] SELECT `hq_product_option_detail`.`pod_id`, `hq_product_option_detail`.`pr_id`, `hq_product_option_detail`.`plo_id`, `hq_product_option_detail`.`product_status` FROM `hq_product_option_detail` WHERE `hq_product_option_detail`.`pr_id` = :APR0
[Sat, 16 Apr 16 17:25:00 +0200][INFO] SELECT IF(COUNT(*) > 0, 1, 0) FROM `INFORMATION_SCHEMA`.`TABLES` WHERE `TABLE_NAME` = 'hq_product_option_detail' AND `TABLE_SCHEMA` = DATABASE()
[Sat, 16 Apr 16 17:25:00 +0200][INFO] DESCRIBE `hq_product_option_detail`
[Sat, 16 Apr 16 17:25:00 +0200][INFO] SELECT IF(COUNT(*) > 0, 1, 0) FROM `INFORMATION_SCHEMA`.`TABLES` WHERE `TABLE_NAME` = 'hq_product_option_detail' AND `TABLE_SCHEMA` = DATABASE()
[Sat, 16 Apr 16 17:25:00 +0200][INFO] DESCRIBE `hq_product_option_detail`
[Sat, 16 Apr 16 17:25:00 +0200][INFO] SELECT `hq_product_option_detail`.`pod_id`, `hq_product_option_detail`.`pr_id`, `hq_product_option_detail`.`plo_id`, `hq_product_option_detail`.`product_status` FROM `hq_product_option_detail` WHERE `hq_product_option_detail`.`pr_id` = :APR0
[Sat, 16 Apr 16 17:25:00 +0200][INFO] SELECT IF(COUNT(*) > 0, 1, 0) FROM `INFORMATION_SCHEMA`.`TABLES` WHERE `TABLE_NAME` = 'hq_product_option_detail' AND `TABLE_SCHEMA` = DATABASE()
[Sat, 16 Apr 16 17:25:00 +0200][INFO] DESCRIBE `hq_product_option_detail`
[Sat, 16 Apr 16 17:25:00 +0200][INFO] SELECT IF(COUNT(*) > 0, 1, 0) FROM `INFORMATION_SCHEMA`.`TABLES` WHERE `TABLE_NAME` = 'hq_product_option_detail' AND `TABLE_SCHEMA` = DATABASE()
[Sat, 16 Apr 16 17:25:00 +0200][INFO] DESCRIBE `hq_product_option_detail`
[Sat, 16 Apr 16 17:25:00 +0200][INFO] SELECT `hq_product_option_detail`.`pod_id`, `hq_product_option_detail`.`pr_id`, `hq_product_option_detail`.`plo_id`, `hq_product_option_detail`.`product_status` FROM `hq_product_option_detail` WHERE `hq_product_option_detail`.`pr_id` = :APR0
[Sat, 16 Apr 16 17:25:00 +0200][INFO] SELECT IF(COUNT(*) > 0, 1, 0) FROM `INFORMATION_SCHEMA`.`TABLES` WHERE `TABLE_NAME` = 'hq_product_attribute' AND `TABLE_SCHEMA` = DATABASE()
[Sat, 16 Apr 16 17:25:00 +0200][INFO] DESCRIBE `hq_product_attribute`
[Sat, 16 Apr 16 17:25:00 +0200][INFO] SELECT IF(COUNT(*) > 0, 1, 0) FROM `INFORMATION_SCHEMA`.`TABLES` WHERE `TABLE_NAME` = 'hq_product_attribute' AND `TABLE_SCHEMA` = DATABASE()
[Sat, 16 Apr 16 17:25:00 +0200][INFO] DESCRIBE `hq_product_attribute`
[Sat, 16 Apr 16 17:25:00 +0200][INFO] SELECT IF(COUNT(*) > 0, 1, 0) FROM `INFORMATION_SCHEMA`.`TABLES` WHERE `TABLE_NAME` = 'hq_product_attribute' AND `TABLE_SCHEMA` = DATABASE()
[Sat, 16 Apr 16 17:25:00 +0200][INFO] DESCRIBE `hq_product_attribute`
[Sat, 16 Apr 16 17:25:00 +0200][INFO] SELECT `hq_product_attribute`.`hpa_id`, `hq_product_attribute`.`pr_id`, `hq_product_attribute`.`hpa_name`, `hq_product_attribute`.`hpa_description` FROM `hq_product_attribute` WHERE `hq_product_attribute`.`pr_id` = :APR0
[Sat, 16 Apr 16 17:25:00 +0200][INFO] SELECT IF(COUNT(*) > 0, 1, 0) FROM `INFORMATION_SCHEMA`.`TABLES` WHERE `TABLE_NAME` = 'hq_product_attribute' AND `TABLE_SCHEMA` = DATABASE()
[Sat, 16 Apr 16 17:25:00 +0200][INFO] DESCRIBE `hq_product_attribute`
[Sat, 16 Apr 16 17:25:00 +0200][INFO] SELECT IF(COUNT(*) > 0, 1, 0) FROM `INFORMATION_SCHEMA`.`TABLES` WHERE `TABLE_NAME` = 'hq_product_attribute' AND `TABLE_SCHEMA` = DATABASE()
[Sat, 16 Apr 16 17:25:00 +0200][INFO] DESCRIBE `hq_product_attribute`
[Sat, 16 Apr 16 17:25:00 +0200][INFO] SELECT `hq_product_attribute`.`hpa_id`, `hq_product_attribute`.`pr_id`, `hq_product_attribute`.`hpa_name`, `hq_product_attribute`.`hpa_description` FROM `hq_product_attribute` WHERE `hq_product_attribute`.`pr_id` = :APR0
[Sat, 16 Apr 16 17:25:00 +0200][INFO] SELECT IF(COUNT(*) > 0, 1, 0) FROM `INFORMATION_SCHEMA`.`TABLES` WHERE `TABLE_NAME` = 'hq_product_attribute' AND `TABLE_SCHEMA` = DATABASE()
[Sat, 16 Apr 16 17:25:00 +0200][INFO] DESCRIBE `hq_product_attribute`
[Sat, 16 Apr 16 17:25:00 +0200][INFO] SELECT IF(COUNT(*) > 0, 1, 0) FROM `INFORMATION_SCHEMA`.`TABLES` WHERE `TABLE_NAME` = 'hq_product_attribute' AND `TABLE_SCHEMA` = DATABASE()
[Sat, 16 Apr 16 17:25:00 +0200][INFO] DESCRIBE `hq_product_attribute`
[Sat, 16 Apr 16 17:25:00 +0200][INFO] SELECT `hq_product_attribute`.`hpa_id`, `hq_product_attribute`.`pr_id`, `hq_product_attribute`.`hpa_name`, `hq_product_attribute`.`hpa_description` FROM `hq_product_attribute` WHERE `hq_product_attribute`.`pr_id` = :APR0
